2025/06/17 23:38:36 Database connection established successfully

2025/06/17 23:38:36 [32m/opt/dev/go-barcode-webapp/cmd/server/main.go:77
[0m[33m[11.331ms] [34;1m[rows:-][0m SELECT DATABASE()

2025/06/17 23:38:36 [32m/opt/dev/go-barcode-webapp/cmd/server/main.go:77
[0m[33m[24.505ms] [34;1m[rows:1][0m SELECT SCHEMA_NAME from Information_schema.SCHEMATA where SCHEMA_NAME LIKE 'TS-Lager%' ORDER BY SCHEMA_NAME='TS-Lager' DESC,SCHEMA_NAME limit 1

2025/06/17 23:38:36 [32m/opt/dev/go-barcode-webapp/cmd/server/main.go:77
[0m[33m[24.848ms] [34;1m[rows:-][0m SELECT count(*) FROM information_schema.tables WHERE table_schema = 'TS-Lager' AND table_name = 'users' AND table_type = 'BASE TABLE'

2025/06/17 23:38:36 [32m/opt/dev/go-barcode-webapp/cmd/server/main.go:77
[0m[33m[11.529ms] [34;1m[rows:-][0m SELECT DATABASE()

2025/06/17 23:38:36 [32m/opt/dev/go-barcode-webapp/cmd/server/main.go:77
[0m[33m[23.938ms] [34;1m[rows:1][0m SELECT SCHEMA_NAME from Information_schema.SCHEMATA where SCHEMA_NAME LIKE 'TS-Lager%' ORDER BY SCHEMA_NAME='TS-Lager' DESC,SCHEMA_NAME limit 1

2025/06/17 23:38:36 [32m/opt/dev/go-barcode-webapp/cmd/server/main.go:77
[0m[33m[11.675ms] [34;1m[rows:-][0m SELECT * FROM `users` LIMIT 1

2025/06/17 23:38:36 [32m/opt/dev/go-barcode-webapp/cmd/server/main.go:77
[0m[33m[24.274ms] [34;1m[rows:-][0m SELECT column_name, column_default, is_nullable = 'YES', data_type, character_maximum_length, column_type, column_key, extra, column_comment, numeric_precision, numeric_scale , datetime_precision FROM information_schema.columns WHERE table_schema = 'TS-Lager' AND table_name = 'users' ORDER BY ORDINAL_POSITION

2025/06/17 23:38:36 [32m/opt/dev/go-barcode-webapp/cmd/server/main.go:77
[0m[33m[36.190ms] [34;1m[rows:0][0m ALTER TABLE `users` MODIFY COLUMN `is_active` boolean DEFAULT true

2025/06/17 23:38:36 [32m/opt/dev/go-barcode-webapp/cmd/server/main.go:81
[0m[33m[11.668ms] [34;1m[rows:-][0m SELECT DATABASE()

2025/06/17 23:38:36 [32m/opt/dev/go-barcode-webapp/cmd/server/main.go:81
[0m[33m[23.509ms] [34;1m[rows:1][0m SELECT SCHEMA_NAME from Information_schema.SCHEMATA where SCHEMA_NAME LIKE 'TS-Lager%' ORDER BY SCHEMA_NAME='TS-Lager' DESC,SCHEMA_NAME limit 1

2025/06/17 23:38:36 [32m/opt/dev/go-barcode-webapp/cmd/server/main.go:81
[0m[33m[22.355ms] [34;1m[rows:-][0m SELECT count(*) FROM information_schema.tables WHERE table_schema = 'TS-Lager' AND table_name = 'sessions' AND table_type = 'BASE TABLE'

2025/06/17 23:38:36 [32m/opt/dev/go-barcode-webapp/cmd/server/main.go:81
[0m[33m[11.243ms] [34;1m[rows:-][0m SELECT DATABASE()

2025/06/17 23:38:36 [32m/opt/dev/go-barcode-webapp/cmd/server/main.go:81
[0m[33m[22.122ms] [34;1m[rows:1][0m SELECT SCHEMA_NAME from Information_schema.SCHEMATA where SCHEMA_NAME LIKE 'TS-Lager%' ORDER BY SCHEMA_NAME='TS-Lager' DESC,SCHEMA_NAME limit 1

2025/06/17 23:38:36 [32m/opt/dev/go-barcode-webapp/cmd/server/main.go:81
[0m[33m[11.272ms] [34;1m[rows:-][0m SELECT * FROM `sessions` LIMIT 1

2025/06/17 23:38:36 [32m/opt/dev/go-barcode-webapp/cmd/server/main.go:81
[0m[33m[23.108ms] [34;1m[rows:-][0m SELECT column_name, column_default, is_nullable = 'YES', data_type, character_maximum_length, column_type, column_key, extra, column_comment, numeric_precision, numeric_scale , datetime_precision FROM information_schema.columns WHERE table_schema = 'TS-Lager' AND table_name = 'sessions' ORDER BY ORDINAL_POSITION

2025/06/17 23:38:36 [32m/opt/dev/go-barcode-webapp/cmd/server/main.go:85
[0m[33m[10.927ms] [34;1m[rows:-][0m SELECT DATABASE()

2025/06/17 23:38:36 [32m/opt/dev/go-barcode-webapp/cmd/server/main.go:85
[0m[33m[22.903ms] [34;1m[rows:1][0m SELECT SCHEMA_NAME from Information_schema.SCHEMATA where SCHEMA_NAME LIKE 'TS-Lager%' ORDER BY SCHEMA_NAME='TS-Lager' DESC,SCHEMA_NAME limit 1

2025/06/17 23:38:36 [32m/opt/dev/go-barcode-webapp/cmd/server/main.go:85
[0m[33m[23.493ms] [34;1m[rows:-][0m SELECT count(*) FROM information_schema.tables WHERE table_schema = 'TS-Lager' AND table_name = 'sessions' AND table_type = 'BASE TABLE'

2025/06/17 23:38:36 [32m/opt/dev/go-barcode-webapp/cmd/server/main.go:85
[0m[33m[11.344ms] [34;1m[rows:-][0m SELECT DATABASE()

2025/06/17 23:38:36 [32m/opt/dev/go-barcode-webapp/cmd/server/main.go:85
[0m[33m[22.986ms] [34;1m[rows:1][0m SELECT SCHEMA_NAME from Information_schema.SCHEMATA where SCHEMA_NAME LIKE 'TS-Lager%' ORDER BY SCHEMA_NAME='TS-Lager' DESC,SCHEMA_NAME limit 1

2025/06/17 23:38:36 [32m/opt/dev/go-barcode-webapp/cmd/server/main.go:85
[0m[33m[11.511ms] [34;1m[rows:-][0m SELECT * FROM `sessions` LIMIT 1

2025/06/17 23:38:36 [32m/opt/dev/go-barcode-webapp/cmd/server/main.go:85
[0m[33m[23.911ms] [34;1m[rows:-][0m SELECT column_name, column_default, is_nullable = 'YES', data_type, character_maximum_length, column_type, column_key, extra, column_comment, numeric_precision, numeric_scale , datetime_precision FROM information_schema.columns WHERE table_schema = 'TS-Lager' AND table_name = 'sessions' ORDER BY ORDINAL_POSITION

2025/06/17 23:38:36 [32m/opt/dev/go-barcode-webapp/cmd/server/main.go:85
[0m[33m[11.722ms] [34;1m[rows:-][0m SELECT DATABASE()

2025/06/17 23:38:36 [32m/opt/dev/go-barcode-webapp/cmd/server/main.go:85
[0m[33m[22.286ms] [34;1m[rows:1][0m SELECT SCHEMA_NAME from Information_schema.SCHEMATA where SCHEMA_NAME LIKE 'TS-Lager%' ORDER BY SCHEMA_NAME='TS-Lager' DESC,SCHEMA_NAME limit 1

2025/06/17 23:38:36 [32m/opt/dev/go-barcode-webapp/cmd/server/main.go:85
[0m[33m[22.815ms] [34;1m[rows:-][0m SELECT count(*) FROM information_schema.tables WHERE table_schema = 'TS-Lager' AND table_name = 'users' AND table_type = 'BASE TABLE'

2025/06/17 23:38:36 [32m/opt/dev/go-barcode-webapp/cmd/server/main.go:85
[0m[33m[10.923ms] [34;1m[rows:-][0m SELECT DATABASE()

2025/06/17 23:38:36 [32m/opt/dev/go-barcode-webapp/cmd/server/main.go:85
[0m[33m[22.546ms] [34;1m[rows:1][0m SELECT SCHEMA_NAME from Information_schema.SCHEMATA where SCHEMA_NAME LIKE 'TS-Lager%' ORDER BY SCHEMA_NAME='TS-Lager' DESC,SCHEMA_NAME limit 1

2025/06/17 23:38:36 [32m/opt/dev/go-barcode-webapp/cmd/server/main.go:85
[0m[33m[11.387ms] [34;1m[rows:-][0m SELECT * FROM `users` LIMIT 1

2025/06/17 23:38:36 [32m/opt/dev/go-barcode-webapp/cmd/server/main.go:85
[0m[33m[23.008ms] [34;1m[rows:-][0m SELECT column_name, column_default, is_nullable = 'YES', data_type, character_maximum_length, column_type, column_key, extra, column_comment, numeric_precision, numeric_scale , datetime_precision FROM information_schema.columns WHERE table_schema = 'TS-Lager' AND table_name = 'users' ORDER BY ORDINAL_POSITION

2025/06/17 23:38:36 [32m/opt/dev/go-barcode-webapp/cmd/server/main.go:85
[0m[33m[33.619ms] [34;1m[rows:0][0m ALTER TABLE `users` MODIFY COLUMN `is_active` boolean DEFAULT true

2025/06/17 23:38:36 [32m/opt/dev/go-barcode-webapp/cmd/server/main.go:85
[0m[33m[11.449ms] [34;1m[rows:-][0m SELECT DATABASE()

2025/06/17 23:38:36 [32m/opt/dev/go-barcode-webapp/cmd/server/main.go:85
[0m[33m[22.938ms] [34;1m[rows:1][0m SELECT SCHEMA_NAME from Information_schema.SCHEMATA where SCHEMA_NAME LIKE 'TS-Lager%' ORDER BY SCHEMA_NAME='TS-Lager' DESC,SCHEMA_NAME limit 1

2025/06/17 23:38:36 [32m/opt/dev/go-barcode-webapp/cmd/server/main.go:85
[0m[33m[22.419ms] [34;1m[rows:-][0m SELECT count(*) FROM INFORMATION_SCHEMA.table_constraints WHERE constraint_schema = 'TS-Lager' AND table_name = 'users' AND constraint_name = 'fk_sessions_user'

2025/06/17 23:38:36 [31;1m/opt/dev/go-barcode-webapp/cmd/server/main.go:85 [35;1mError 1142 (42000): REFERENCES command denied to user 'tsweb'@'91.9.39.124' for table 'TS-Lager.sessions'
[0m[33m[11.026ms] [34;1m[rows:0][0m ALTER TABLE `users` ADD CONSTRAINT `fk_sessions_user` FOREIGN KEY (`userID`) REFERENCES `sessions`(`user_id`)
2025/06/17 23:38:36 Failed to auto-migrate equipment_packages table: Error 1142 (42000): REFERENCES command denied to user 'tsweb'@'91.9.39.124' for table 'TS-Lager.sessions'
[GIN-debug] [WARNING] Running in "debug" mode. Switch to "release" mode in production.
 - using env:	export GIN_MODE=release
 - using code:	gin.SetMode(gin.ReleaseMode)

[GIN-debug] Loaded HTML Templates (59): 
	- home_new.html.backup
	- content
	- customers.html
	- devices_standalone.html
	- invoice_templates_list.html
	- job_form.html
	- case_detail.html
	- invoice_template_designer_advanced.html
	- financial_dashboard.html
	- invoice_settings_form.html
	- invoices_list.html
	- job_templates_list.html
	- signature_form.html
	- transaction_detail.html
	- bulk_operations.html
	- cases_list.html
	- devices.html
	- equipment_package_form.html
	- login.html
	- error.html
	- invoice_form.html
	- transactions_list.html
	- company_settings_form.html
	- financial_reports.html
	- invoice_detail.html
	- invoice_preview.html
	- search_results.html
	- transaction_form.html
	- equipment_packages_list.html
	- invoice_template_designer.html
	- analytics_dashboard.html
	- equipment_package_detail.html
	- scan_select_job.html
	- security_audit.html
	- security_roles.html
	- job_template_detail.html
	- scan_job.html
	- user_form.html
	- base.html
	- case_form.html
	- invoice_template_designer_simple.html
	- mobile_scanner.html
	- mobile_scanner_enhanced.html
	- 
	- customer_detail.html
	- device_detail.html
	- home.html
	- invoice_template_designer_new.html
	- job_detail.html
	- user_detail.html
	- customer_form.html
	- job_template_form.html
	- users_list.html
	- case_device_mapping.html
	- device_form.html
	- document_upload_form.html
	- documents_list.html
	- equipment_package_form_enhanced.html
	- jobs.html

[GIN-debug] GET    /static/*filepath         --> github.com/gin-gonic/gin.(*RouterGroup).createStaticHandler.func1 (3 handlers)
[GIN-debug] HEAD   /static/*filepath         --> github.com/gin-gonic/gin.(*RouterGroup).createStaticHandler.func1 (3 handlers)
[GIN-debug] GET    /sw.js                    --> main.main.func17 (4 handlers)
[GIN-debug] GET    /manifest.json            --> main.main.func18 (4 handlers)

2025/06/17 23:38:36 [32m/opt/dev/go-barcode-webapp/internal/handlers/security_handler.go:867
[0m[33m[22.320ms] [34;1m[rows:1][0m SELECT * FROM `roles` WHERE name = 'admin' ORDER BY `roles`.`roleID` LIMIT 1

2025/06/17 23:38:36 [32m/opt/dev/go-barcode-webapp/internal/handlers/security_handler.go:867
[0m[33m[23.078ms] [34;1m[rows:1][0m SELECT * FROM `roles` WHERE name = 'manager' ORDER BY `roles`.`roleID` LIMIT 1

2025/06/17 23:38:36 [32m/opt/dev/go-barcode-webapp/internal/handlers/security_handler.go:867
[0m[33m[23.565ms] [34;1m[rows:1][0m SELECT * FROM `roles` WHERE name = 'employee' ORDER BY `roles`.`roleID` LIMIT 1

2025/06/17 23:38:36 [32m/opt/dev/go-barcode-webapp/internal/handlers/security_handler.go:867
[0m[33m[22.948ms] [34;1m[rows:1][0m SELECT * FROM `roles` WHERE name = 'viewer' ORDER BY `roles`.`roleID` LIMIT 1
[GIN-debug] GET    /login                    --> go-barcode-webapp/internal/handlers.(*AuthHandler).LoginForm-fm (4 handlers)
[GIN-debug] POST   /login                    --> go-barcode-webapp/internal/handlers.(*AuthHandler).Login-fm (4 handlers)
[GIN-debug] GET    /logout                   --> go-barcode-webapp/internal/handlers.(*AuthHandler).Logout-fm (4 handlers)
[GIN-debug] GET    /debug/invoice-test       --> main.setupRoutes.func1 (4 handlers)
[GIN-debug] GET    /                         --> go-barcode-webapp/internal/handlers.(*HomeHandler).Dashboard-fm (5 handlers)
[GIN-debug] GET    /jobs                     --> go-barcode-webapp/internal/handlers.(*JobHandler).ListJobs-fm (5 handlers)
[GIN-debug] GET    /jobs/new                 --> go-barcode-webapp/internal/handlers.(*JobHandler).NewJobForm-fm (5 handlers)
[GIN-debug] POST   /jobs                     --> go-barcode-webapp/internal/handlers.(*JobHandler).CreateJob-fm (5 handlers)
[GIN-debug] GET    /jobs/:id                 --> go-barcode-webapp/internal/handlers.(*JobHandler).GetJob-fm (5 handlers)
[GIN-debug] GET    /jobs/:id/edit            --> go-barcode-webapp/internal/handlers.(*JobHandler).EditJobForm-fm (5 handlers)
[GIN-debug] PUT    /jobs/:id                 --> go-barcode-webapp/internal/handlers.(*JobHandler).UpdateJob-fm (5 handlers)
[GIN-debug] DELETE /jobs/:id                 --> go-barcode-webapp/internal/handlers.(*JobHandler).DeleteJob-fm (5 handlers)
[GIN-debug] GET    /jobs/:id/devices         --> go-barcode-webapp/internal/handlers.(*JobHandler).GetJobDevices-fm (5 handlers)
[GIN-debug] POST   /jobs/:id/devices         --> go-barcode-webapp/internal/handlers.(*JobHandler).AssignDevice-fm (5 handlers)
[GIN-debug] DELETE /jobs/:id/devices/:deviceId --> go-barcode-webapp/internal/handlers.(*JobHandler).RemoveDevice-fm (5 handlers)
[GIN-debug] POST   /jobs/:id/bulk-scan       --> go-barcode-webapp/internal/handlers.(*JobHandler).BulkScanDevices-fm (5 handlers)
[GIN-debug] GET    /devices                  --> go-barcode-webapp/internal/handlers.(*DeviceHandler).ListDevices-fm (5 handlers)
[GIN-debug] GET    /devices/new              --> go-barcode-webapp/internal/handlers.(*DeviceHandler).NewDeviceForm-fm (5 handlers)
[GIN-debug] POST   /devices                  --> go-barcode-webapp/internal/handlers.(*DeviceHandler).CreateDevice-fm (5 handlers)
[GIN-debug] GET    /devices/:id              --> go-barcode-webapp/internal/handlers.(*DeviceHandler).GetDevice-fm (5 handlers)
[GIN-debug] GET    /devices/:id/edit         --> go-barcode-webapp/internal/handlers.(*DeviceHandler).EditDeviceForm-fm (5 handlers)
[GIN-debug] PUT    /devices/:id              --> go-barcode-webapp/internal/handlers.(*DeviceHandler).UpdateDevice-fm (5 handlers)
[GIN-debug] DELETE /devices/:id              --> go-barcode-webapp/internal/handlers.(*DeviceHandler).DeleteDevice-fm (5 handlers)
[GIN-debug] GET    /devices/:id/qr           --> go-barcode-webapp/internal/handlers.(*DeviceHandler).GetDeviceQR-fm (5 handlers)
[GIN-debug] GET    /devices/:id/barcode      --> go-barcode-webapp/internal/handlers.(*DeviceHandler).GetDeviceBarcode-fm (5 handlers)
[GIN-debug] GET    /devices/available        --> go-barcode-webapp/internal/handlers.(*DeviceHandler).GetAvailableDevices-fm (5 handlers)
[GIN-debug] GET    /customers                --> go-barcode-webapp/internal/handlers.(*CustomerHandler).ListCustomers-fm (5 handlers)
[GIN-debug] GET    /customers/new            --> go-barcode-webapp/internal/handlers.(*CustomerHandler).NewCustomerForm-fm (5 handlers)
[GIN-debug] POST   /customers                --> go-barcode-webapp/internal/handlers.(*CustomerHandler).CreateCustomer-fm (5 handlers)
[GIN-debug] GET    /customers/:id            --> go-barcode-webapp/internal/handlers.(*CustomerHandler).GetCustomer-fm (5 handlers)
[GIN-debug] GET    /customers/:id/edit       --> go-barcode-webapp/internal/handlers.(*CustomerHandler).EditCustomerForm-fm (5 handlers)
[GIN-debug] PUT    /customers/:id            --> go-barcode-webapp/internal/handlers.(*CustomerHandler).UpdateCustomer-fm (5 handlers)
[GIN-debug] DELETE /customers/:id            --> go-barcode-webapp/internal/handlers.(*CustomerHandler).DeleteCustomer-fm (5 handlers)
[GIN-debug] GET    /statuses                 --> go-barcode-webapp/internal/handlers.(*StatusHandler).ListStatuses-fm (5 handlers)
[GIN-debug] GET    /products                 --> go-barcode-webapp/internal/handlers.(*ProductHandler).ListProducts-fm (5 handlers)
[GIN-debug] GET    /cases                    --> go-barcode-webapp/internal/handlers.(*CaseHandler).ListCases-fm (5 handlers)
[GIN-debug] GET    /cases/new                --> go-barcode-webapp/internal/handlers.(*CaseHandler).NewCaseForm-fm (5 handlers)
[GIN-debug] POST   /cases                    --> go-barcode-webapp/internal/handlers.(*CaseHandler).CreateCase-fm (5 handlers)
[GIN-debug] GET    /cases/:id                --> go-barcode-webapp/internal/handlers.(*CaseHandler).GetCase-fm (5 handlers)
[GIN-debug] GET    /cases/:id/edit           --> go-barcode-webapp/internal/handlers.(*CaseHandler).EditCaseForm-fm (5 handlers)
[GIN-debug] PUT    /cases/:id                --> go-barcode-webapp/internal/handlers.(*CaseHandler).UpdateCase-fm (5 handlers)
[GIN-debug] DELETE /cases/:id                --> go-barcode-webapp/internal/handlers.(*CaseHandler).DeleteCase-fm (5 handlers)
[GIN-debug] GET    /cases/:id/devices        --> go-barcode-webapp/internal/handlers.(*CaseHandler).CaseDeviceMapping-fm (5 handlers)
[GIN-debug] POST   /cases/:id/devices        --> go-barcode-webapp/internal/handlers.(*CaseHandler).ScanDeviceToCase-fm (5 handlers)
[GIN-debug] DELETE /cases/:id/devices/:deviceId --> go-barcode-webapp/internal/handlers.(*CaseHandler).RemoveDeviceFromCase-fm (5 handlers)
[GIN-debug] GET    /barcodes/device/:serialNo/qr --> go-barcode-webapp/internal/handlers.(*BarcodeHandler).GenerateDeviceQR-fm (5 handlers)
[GIN-debug] GET    /barcodes/device/:serialNo/barcode --> go-barcode-webapp/internal/handlers.(*BarcodeHandler).GenerateDeviceBarcode-fm (5 handlers)
[GIN-debug] GET    /scan/select              --> go-barcode-webapp/internal/handlers.(*ScannerHandler).ScanJobSelection-fm (5 handlers)
[GIN-debug] GET    /scan/:jobId              --> go-barcode-webapp/internal/handlers.(*ScannerHandler).ScanJob-fm (5 handlers)
[GIN-debug] POST   /scan/:jobId/assign       --> go-barcode-webapp/internal/handlers.(*ScannerHandler).ScanDevice-fm (5 handlers)
[GIN-debug] DELETE /scan/:jobId/devices/:deviceId --> go-barcode-webapp/internal/handlers.(*ScannerHandler).RemoveDevice-fm (5 handlers)
[GIN-debug] GET    /analytics                --> go-barcode-webapp/internal/handlers.(*AnalyticsHandler).Dashboard-fm (5 handlers)
[GIN-debug] GET    /analytics/revenue        --> go-barcode-webapp/internal/handlers.(*AnalyticsHandler).GetRevenueAPI-fm (5 handlers)
[GIN-debug] GET    /analytics/equipment      --> go-barcode-webapp/internal/handlers.(*AnalyticsHandler).GetEquipmentAPI-fm (5 handlers)
[GIN-debug] GET    /analytics/export         --> go-barcode-webapp/internal/handlers.(*AnalyticsHandler).ExportAnalytics-fm (5 handlers)
[GIN-debug] GET    /search/global            --> go-barcode-webapp/internal/handlers.(*SearchHandler).GlobalSearch-fm (5 handlers)
[GIN-debug] POST   /search/advanced          --> go-barcode-webapp/internal/handlers.(*SearchHandler).AdvancedSearch-fm (5 handlers)
[GIN-debug] GET    /search/suggestions       --> go-barcode-webapp/internal/handlers.(*SearchHandler).SearchSuggestions-fm (5 handlers)
[GIN-debug] GET    /search/saved             --> go-barcode-webapp/internal/handlers.(*SearchHandler).SavedSearches-fm (5 handlers)
[GIN-debug] DELETE /search/saved/:id         --> go-barcode-webapp/internal/handlers.(*SearchHandler).DeleteSavedSearch-fm (5 handlers)
[GIN-debug] POST   /pwa/subscribe            --> go-barcode-webapp/internal/handlers.(*PWAHandler).SubscribePush-fm (5 handlers)
[GIN-debug] POST   /pwa/unsubscribe          --> go-barcode-webapp/internal/handlers.(*PWAHandler).UnsubscribePush-fm (5 handlers)
[GIN-debug] POST   /pwa/sync                 --> go-barcode-webapp/internal/handlers.(*PWAHandler).SyncOfflineData-fm (5 handlers)
[GIN-debug] GET    /pwa/manifest             --> go-barcode-webapp/internal/handlers.(*PWAHandler).GetOfflineManifest-fm (5 handlers)
[GIN-debug] GET    /pwa/install              --> go-barcode-webapp/internal/handlers.(*PWAHandler).InstallPrompt-fm (5 handlers)
[GIN-debug] GET    /pwa/status               --> go-barcode-webapp/internal/handlers.(*PWAHandler).GetConnectionStatus-fm (5 handlers)
[GIN-debug] GET    /workflow/templates       --> go-barcode-webapp/internal/handlers.(*WorkflowHandler).ListJobTemplates-fm (5 handlers)
[GIN-debug] GET    /workflow/templates/new   --> go-barcode-webapp/internal/handlers.(*WorkflowHandler).NewJobTemplateForm-fm (5 handlers)
[GIN-debug] POST   /workflow/templates       --> go-barcode-webapp/internal/handlers.(*WorkflowHandler).CreateJobTemplate-fm (5 handlers)
[GIN-debug] GET    /workflow/templates/:id   --> go-barcode-webapp/internal/handlers.(*WorkflowHandler).GetJobTemplate-fm (5 handlers)
[GIN-debug] GET    /workflow/templates/:id/edit --> go-barcode-webapp/internal/handlers.(*WorkflowHandler).EditJobTemplateForm-fm (5 handlers)
[GIN-debug] PUT    /workflow/templates/:id   --> go-barcode-webapp/internal/handlers.(*WorkflowHandler).UpdateJobTemplate-fm (5 handlers)
[GIN-debug] DELETE /workflow/templates/:id   --> go-barcode-webapp/internal/handlers.(*WorkflowHandler).DeleteJobTemplate-fm (5 handlers)
[GIN-debug] POST   /workflow/templates/:id/create-job --> go-barcode-webapp/internal/handlers.(*WorkflowHandler).CreateJobFromTemplate-fm (5 handlers)
[GIN-debug] GET    /workflow/packages        --> go-barcode-webapp/internal/handlers.(*WorkflowHandler).ListEquipmentPackages-fm (5 handlers)
[GIN-debug] GET    /workflow/packages/new    --> go-barcode-webapp/internal/handlers.(*WorkflowHandler).NewEquipmentPackageForm-fm (5 handlers)
[GIN-debug] GET    /workflow/packages/debug  --> go-barcode-webapp/internal/handlers.(*WorkflowHandler).DebugPackageForm-fm (5 handlers)
[GIN-debug] POST   /workflow/packages        --> go-barcode-webapp/internal/handlers.(*WorkflowHandler).CreateEquipmentPackage-fm (5 handlers)
[GIN-debug] GET    /workflow/packages/:id    --> go-barcode-webapp/internal/handlers.(*WorkflowHandler).GetEquipmentPackage-fm (5 handlers)
[GIN-debug] GET    /workflow/bulk            --> go-barcode-webapp/internal/handlers.(*WorkflowHandler).BulkOperationsForm-fm (5 handlers)
[GIN-debug] POST   /workflow/bulk/update-status --> go-barcode-webapp/internal/handlers.(*WorkflowHandler).BulkUpdateDeviceStatus-fm (5 handlers)
[GIN-debug] POST   /workflow/bulk/assign-job --> go-barcode-webapp/internal/handlers.(*WorkflowHandler).BulkAssignToJob-fm (5 handlers)
[GIN-debug] POST   /workflow/bulk/generate-qr --> go-barcode-webapp/internal/handlers.(*WorkflowHandler).BulkGenerateQRCodes-fm (5 handlers)
[GIN-debug] GET    /workflow/stats           --> go-barcode-webapp/internal/handlers.(*WorkflowHandler).GetWorkflowStats-fm (5 handlers)
[GIN-debug] GET    /documents                --> go-barcode-webapp/internal/handlers.(*DocumentHandler).ListDocuments-fm (5 handlers)
[GIN-debug] GET    /documents/upload         --> go-barcode-webapp/internal/handlers.(*DocumentHandler).UploadDocumentForm-fm (5 handlers)
[GIN-debug] POST   /documents/upload         --> go-barcode-webapp/internal/handlers.(*DocumentHandler).UploadDocument-fm (5 handlers)
[GIN-debug] GET    /documents/:id            --> go-barcode-webapp/internal/handlers.(*DocumentHandler).GetDocument-fm (5 handlers)
[GIN-debug] GET    /documents/:id/view       --> go-barcode-webapp/internal/handlers.(*DocumentHandler).ViewDocument-fm (5 handlers)
[GIN-debug] GET    /documents/:id/download   --> go-barcode-webapp/internal/handlers.(*DocumentHandler).DownloadDocument-fm (5 handlers)
[GIN-debug] DELETE /documents/:id            --> go-barcode-webapp/internal/handlers.(*DocumentHandler).DeleteDocument-fm (5 handlers)
[GIN-debug] GET    /documents/:id/sign       --> go-barcode-webapp/internal/handlers.(*DocumentHandler).SignatureForm-fm (5 handlers)
[GIN-debug] POST   /documents/:id/sign       --> go-barcode-webapp/internal/handlers.(*DocumentHandler).AddSignature-fm (5 handlers)
[GIN-debug] GET    /documents/signatures/:id/verify --> go-barcode-webapp/internal/handlers.(*DocumentHandler).VerifySignature-fm (5 handlers)
[GIN-debug] GET    /financial                --> go-barcode-webapp/internal/handlers.(*FinancialHandler).FinancialDashboard-fm (5 handlers)
[GIN-debug] GET    /financial/transactions   --> go-barcode-webapp/internal/handlers.(*FinancialHandler).ListTransactions-fm (5 handlers)
[GIN-debug] GET    /financial/transactions/new --> go-barcode-webapp/internal/handlers.(*FinancialHandler).NewTransactionForm-fm (5 handlers)
[GIN-debug] POST   /financial/transactions   --> go-barcode-webapp/internal/handlers.(*FinancialHandler).CreateTransaction-fm (5 handlers)
[GIN-debug] GET    /financial/transactions/:id --> go-barcode-webapp/internal/handlers.(*FinancialHandler).GetTransaction-fm (5 handlers)
[GIN-debug] PUT    /financial/transactions/:id/status --> go-barcode-webapp/internal/handlers.(*FinancialHandler).UpdateTransactionStatus-fm (5 handlers)
[GIN-debug] POST   /financial/jobs/:jobId/invoice --> go-barcode-webapp/internal/handlers.(*FinancialHandler).GenerateInvoice-fm (5 handlers)
[GIN-debug] GET    /financial/reports        --> go-barcode-webapp/internal/handlers.(*FinancialHandler).FinancialReports-fm (5 handlers)
[GIN-debug] GET    /financial/api/revenue-report --> go-barcode-webapp/internal/handlers.(*FinancialHandler).GetRevenueReport-fm (5 handlers)
[GIN-debug] GET    /financial/api/payment-report --> go-barcode-webapp/internal/handlers.(*FinancialHandler).GetPaymentReport-fm (5 handlers)
[GIN-debug] GET    /financial/api/export/transactions --> go-barcode-webapp/internal/handlers.(*FinancialHandler).ExportTransactions-fm (5 handlers)
[GIN-debug] GET    /financial/api/export/revenue --> go-barcode-webapp/internal/handlers.(*FinancialHandler).ExportRevenue-fm (5 handlers)
[GIN-debug] GET    /financial/api/export/tax-report --> go-barcode-webapp/internal/handlers.(*FinancialHandler).ExportTaxReportCSV-fm (5 handlers)
[GIN-debug] GET    /invoices                 --> go-barcode-webapp/internal/handlers.(*InvoiceHandler).ListInvoices-fm (5 handlers)
[GIN-debug] GET    /invoices/new             --> go-barcode-webapp/internal/handlers.(*InvoiceHandler).NewInvoiceForm-fm (5 handlers)
[GIN-debug] GET    /invoices/preview         --> go-barcode-webapp/internal/handlers.(*InvoiceHandler).PreviewInvoice-fm (5 handlers)
[GIN-debug] POST   /invoices                 --> go-barcode-webapp/internal/handlers.(*InvoiceHandler).CreateInvoice-fm (5 handlers)
[GIN-debug] GET    /invoices/:id             --> go-barcode-webapp/internal/handlers.(*InvoiceHandler).GetInvoice-fm (5 handlers)
[GIN-debug] GET    /invoices/:id/edit        --> go-barcode-webapp/internal/handlers.(*InvoiceHandler).EditInvoiceForm-fm (5 handlers)
[GIN-debug] PUT    /invoices/:id             --> go-barcode-webapp/internal/handlers.(*InvoiceHandler).UpdateInvoice-fm (5 handlers)
[GIN-debug] DELETE /invoices/:id             --> go-barcode-webapp/internal/handlers.(*InvoiceHandler).DeleteInvoice-fm (5 handlers)
[GIN-debug] PUT    /invoices/:id/status      --> go-barcode-webapp/internal/handlers.(*InvoiceHandler).UpdateInvoiceStatus-fm (5 handlers)
[GIN-debug] GET    /invoices/:id/pdf         --> go-barcode-webapp/internal/handlers.(*InvoiceHandler).GenerateInvoicePDF-fm (5 handlers)
[GIN-debug] GET    /invoices/:id/preview     --> go-barcode-webapp/internal/handlers.(*InvoiceHandler).PreviewInvoicePDF-fm (5 handlers)
[GIN-debug] POST   /invoices/:id/email       --> go-barcode-webapp/internal/handlers.(*InvoiceHandler).EmailInvoice-fm (5 handlers)
[GIN-debug] GET    /invoice-templates        --> go-barcode-webapp/internal/handlers.(*InvoiceHandler).ListInvoiceTemplates-fm (5 handlers)
[GIN-debug] GET    /invoice-templates/new    --> go-barcode-webapp/internal/handlers.(*InvoiceHandler).NewInvoiceTemplateForm-fm (5 handlers)
[GIN-debug] POST   /invoice-templates        --> go-barcode-webapp/internal/handlers.(*InvoiceHandler).CreateInvoiceTemplate-fm (5 handlers)
[GIN-debug] GET    /invoice-templates/:id    --> go-barcode-webapp/internal/handlers.(*InvoiceHandler).GetInvoiceTemplate-fm (5 handlers)
[GIN-debug] GET    /invoice-templates/:id/edit --> go-barcode-webapp/internal/handlers.(*InvoiceHandler).EditInvoiceTemplateForm-fm (5 handlers)
[GIN-debug] GET    /invoice-templates/:id/preview --> go-barcode-webapp/internal/handlers.(*InvoiceHandler).PreviewInvoiceTemplate-fm (5 handlers)
[GIN-debug] PUT    /invoice-templates/:id    --> go-barcode-webapp/internal/handlers.(*InvoiceHandler).UpdateInvoiceTemplate-fm (5 handlers)
[GIN-debug] DELETE /invoice-templates/:id    --> go-barcode-webapp/internal/handlers.(*InvoiceHandler).DeleteInvoiceTemplate-fm (5 handlers)
[GIN-debug] GET    /settings/company         --> go-barcode-webapp/internal/handlers.(*InvoiceHandler).CompanySettingsForm-fm (5 handlers)
[GIN-debug] PUT    /settings/company         --> go-barcode-webapp/internal/handlers.(*InvoiceHandler).UpdateCompanySettings-fm (5 handlers)
[GIN-debug] GET    /settings/invoices        --> go-barcode-webapp/internal/handlers.(*InvoiceHandler).InvoiceSettingsForm-fm (5 handlers)
[GIN-debug] PUT    /settings/invoices        --> go-barcode-webapp/internal/handlers.(*InvoiceHandler).UpdateInvoiceSettings-fm (5 handlers)
[GIN-debug] GET    /security/roles           --> main.setupRoutes.func2 (5 handlers)
[GIN-debug] GET    /security/audit           --> main.setupRoutes.func3 (5 handlers)
[GIN-debug] GET    /security/api/roles       --> go-barcode-webapp/internal/handlers.(*SecurityHandler).GetRoles-fm (5 handlers)
[GIN-debug] GET    /security/api/roles/:id   --> go-barcode-webapp/internal/handlers.(*SecurityHandler).GetRole-fm (5 handlers)
[GIN-debug] POST   /security/api/roles       --> go-barcode-webapp/internal/handlers.(*SecurityHandler).CreateRole-fm (5 handlers)
[GIN-debug] PUT    /security/api/roles/:id   --> go-barcode-webapp/internal/handlers.(*SecurityHandler).UpdateRole-fm (5 handlers)
[GIN-debug] DELETE /security/api/roles/:id   --> go-barcode-webapp/internal/handlers.(*SecurityHandler).DeleteRole-fm (5 handlers)
[GIN-debug] GET    /security/api/users/:userId/roles --> go-barcode-webapp/internal/handlers.(*SecurityHandler).GetUserRoles-fm (5 handlers)
[GIN-debug] POST   /security/api/users/:userId/roles --> go-barcode-webapp/internal/handlers.(*SecurityHandler).AssignUserRole-fm (5 handlers)
[GIN-debug] DELETE /security/api/users/:userId/roles/:roleId --> go-barcode-webapp/internal/handlers.(*SecurityHandler).RevokeUserRole-fm (5 handlers)
[GIN-debug] GET    /security/api/audit       --> go-barcode-webapp/internal/handlers.(*SecurityHandler).GetAuditLogs-fm (5 handlers)
[GIN-debug] GET    /security/api/audit/:id   --> go-barcode-webapp/internal/handlers.(*SecurityHandler).GetAuditLog-fm (5 handlers)
[GIN-debug] GET    /security/api/audit/export --> go-barcode-webapp/internal/handlers.(*SecurityHandler).ExportAuditLogs-fm (5 handlers)
[GIN-debug] GET    /security/api/permissions --> go-barcode-webapp/internal/handlers.(*SecurityHandler).GetPermissions-fm (5 handlers)
[GIN-debug] GET    /security/api/permissions/definitions --> go-barcode-webapp/internal/handlers.(*SecurityHandler).GetPermissionDefinitionsAPI-fm (5 handlers)
[GIN-debug] GET    /security/api/permissions/check --> go-barcode-webapp/internal/handlers.(*SecurityHandler).CheckPermission-fm (5 handlers)
[GIN-debug] GET    /mobile/scanner/:jobId    --> main.setupRoutes.func4 (5 handlers)
[GIN-debug] GET    /mobile/scanner/:jobId/enhanced --> main.setupRoutes.func5 (5 handlers)
[GIN-debug] GET    /users                    --> go-barcode-webapp/internal/handlers.(*AuthHandler).ListUsers-fm (5 handlers)
[GIN-debug] POST   /users                    --> go-barcode-webapp/internal/handlers.(*AuthHandler).CreateUserWeb-fm (5 handlers)
[GIN-debug] GET    /user-management/new      --> go-barcode-webapp/internal/handlers.(*AuthHandler).NewUserForm-fm (5 handlers)
[GIN-debug] GET    /user-management/:id/edit --> go-barcode-webapp/internal/handlers.(*AuthHandler).EditUserForm-fm (5 handlers)
[GIN-debug] GET    /user-management/:id/view --> go-barcode-webapp/internal/handlers.(*AuthHandler).GetUser-fm (5 handlers)
[GIN-debug] PUT    /user-management/:id      --> go-barcode-webapp/internal/handlers.(*AuthHandler).UpdateUser-fm (5 handlers)
[GIN-debug] DELETE /user-management/:id      --> go-barcode-webapp/internal/handlers.(*AuthHandler).DeleteUser-fm (5 handlers)
[GIN-debug] GET    /users/new                --> main.setupRoutes.func6 (5 handlers)
[GIN-debug] GET    /api/v1/jobs              --> go-barcode-webapp/internal/handlers.(*JobHandler).ListJobsAPI-fm (5 handlers)
[GIN-debug] POST   /api/v1/jobs              --> go-barcode-webapp/internal/handlers.(*JobHandler).CreateJobAPI-fm (5 handlers)
[GIN-debug] GET    /api/v1/jobs/:id          --> go-barcode-webapp/internal/handlers.(*JobHandler).GetJobAPI-fm (5 handlers)
[GIN-debug] PUT    /api/v1/jobs/:id          --> go-barcode-webapp/internal/handlers.(*JobHandler).UpdateJobAPI-fm (5 handlers)
[GIN-debug] DELETE /api/v1/jobs/:id          --> go-barcode-webapp/internal/handlers.(*JobHandler).DeleteJobAPI-fm (5 handlers)
[GIN-debug] POST   /api/v1/jobs/:id/devices/:deviceId --> go-barcode-webapp/internal/handlers.(*JobHandler).AssignDeviceAPI-fm (5 handlers)
[GIN-debug] DELETE /api/v1/jobs/:id/devices/:deviceId --> go-barcode-webapp/internal/handlers.(*JobHandler).RemoveDeviceAPI-fm (5 handlers)
[GIN-debug] POST   /api/v1/jobs/:id/bulk-scan --> go-barcode-webapp/internal/handlers.(*JobHandler).BulkScanDevicesAPI-fm (5 handlers)
[GIN-debug] POST   /api/v1/jobs/:id/assign-device --> go-barcode-webapp/internal/handlers.(*ScannerHandler).ScanDevice-fm (5 handlers)
[GIN-debug] POST   /api/v1/jobs/:id/assign-case --> go-barcode-webapp/internal/handlers.(*ScannerHandler).ScanCase-fm (5 handlers)
[GIN-debug] GET    /api/v1/devices           --> go-barcode-webapp/internal/handlers.(*DeviceHandler).ListDevicesAPI-fm (5 handlers)
[GIN-debug] POST   /api/v1/devices           --> go-barcode-webapp/internal/handlers.(*DeviceHandler).CreateDeviceAPI-fm (5 handlers)
[GIN-debug] GET    /api/v1/devices/:id       --> go-barcode-webapp/internal/handlers.(*DeviceHandler).GetDeviceAPI-fm (5 handlers)
[GIN-debug] PUT    /api/v1/devices/:id       --> go-barcode-webapp/internal/handlers.(*DeviceHandler).UpdateDeviceAPI-fm (5 handlers)
[GIN-debug] DELETE /api/v1/devices/:id       --> go-barcode-webapp/internal/handlers.(*DeviceHandler).DeleteDeviceAPI-fm (5 handlers)
[GIN-debug] GET    /api/v1/devices/available --> go-barcode-webapp/internal/handlers.(*DeviceHandler).GetAvailableDevicesAPI-fm (5 handlers)
[GIN-debug] GET    /api/v1/customers         --> go-barcode-webapp/internal/handlers.(*CustomerHandler).ListCustomersAPI-fm (5 handlers)
[GIN-debug] POST   /api/v1/customers         --> go-barcode-webapp/internal/handlers.(*CustomerHandler).CreateCustomerAPI-fm (5 handlers)
[GIN-debug] GET    /api/v1/customers/:id     --> go-barcode-webapp/internal/handlers.(*CustomerHandler).GetCustomerAPI-fm (5 handlers)
[GIN-debug] PUT    /api/v1/customers/:id     --> go-barcode-webapp/internal/handlers.(*CustomerHandler).UpdateCustomerAPI-fm (5 handlers)
[GIN-debug] DELETE /api/v1/customers/:id     --> go-barcode-webapp/internal/handlers.(*CustomerHandler).DeleteCustomerAPI-fm (5 handlers)
[GIN-debug] GET    /api/v1/cases             --> go-barcode-webapp/internal/handlers.(*CaseHandler).ListCasesAPI-fm (5 handlers)
[GIN-debug] POST   /api/v1/cases             --> go-barcode-webapp/internal/handlers.(*CaseHandler).CreateCaseAPI-fm (5 handlers)
[GIN-debug] GET    /api/v1/cases/:id         --> go-barcode-webapp/internal/handlers.(*CaseHandler).GetCaseAPI-fm (5 handlers)
[GIN-debug] PUT    /api/v1/cases/:id         --> go-barcode-webapp/internal/handlers.(*CaseHandler).UpdateCaseAPI-fm (5 handlers)
[GIN-debug] DELETE /api/v1/cases/:id         --> go-barcode-webapp/internal/handlers.(*CaseHandler).DeleteCaseAPI-fm (5 handlers)
[GIN-debug] GET    /api/v1/cases/:id/devices --> go-barcode-webapp/internal/handlers.(*CaseHandler).GetCaseDevicesAPI-fm (5 handlers)
[GIN-debug] GET    /api/v1/workflow/templates --> go-barcode-webapp/internal/handlers.(*WorkflowHandler).ListJobTemplatesAPI-fm (5 handlers)
[GIN-debug] POST   /api/v1/workflow/templates --> go-barcode-webapp/internal/handlers.(*WorkflowHandler).CreateJobTemplate-fm (5 handlers)
[GIN-debug] GET    /api/v1/workflow/templates/most-used --> go-barcode-webapp/internal/handlers.(*WorkflowHandler).GetMostUsedTemplatesAPI-fm (5 handlers)
[GIN-debug] GET    /api/v1/workflow/templates/category/:categoryId --> go-barcode-webapp/internal/handlers.(*WorkflowHandler).GetTemplatesByCategoryAPI-fm (5 handlers)
[GIN-debug] GET    /api/v1/workflow/templates/:id --> go-barcode-webapp/internal/handlers.(*WorkflowHandler).GetJobTemplate-fm (5 handlers)
[GIN-debug] PUT    /api/v1/workflow/templates/:id --> go-barcode-webapp/internal/handlers.(*WorkflowHandler).UpdateJobTemplate-fm (5 handlers)
[GIN-debug] DELETE /api/v1/workflow/templates/:id --> go-barcode-webapp/internal/handlers.(*WorkflowHandler).DeleteJobTemplate-fm (5 handlers)
[GIN-debug] POST   /api/v1/workflow/templates/:id/create-job --> go-barcode-webapp/internal/handlers.(*WorkflowHandler).CreateJobFromTemplate-fm (5 handlers)
[GIN-debug] GET    /api/v1/documents         --> go-barcode-webapp/internal/handlers.(*DocumentHandler).ListDocumentsAPI-fm (5 handlers)
[GIN-debug] GET    /api/v1/documents/stats   --> go-barcode-webapp/internal/handlers.(*DocumentHandler).GetDocumentStats-fm (5 handlers)
[GIN-debug] GET    /api/v1/documents/:id     --> go-barcode-webapp/internal/handlers.(*DocumentHandler).GetDocument-fm (5 handlers)
[GIN-debug] DELETE /api/v1/documents/:id     --> go-barcode-webapp/internal/handlers.(*DocumentHandler).DeleteDocument-fm (5 handlers)
[GIN-debug] GET    /api/v1/financial/transactions --> go-barcode-webapp/internal/handlers.(*FinancialHandler).ListTransactionsAPI-fm (5 handlers)
[GIN-debug] GET    /api/v1/financial/stats   --> go-barcode-webapp/internal/handlers.(*FinancialHandler).GetFinancialStatsAPI-fm (5 handlers)
[GIN-debug] GET    /api/v1/financial/revenue-report --> go-barcode-webapp/internal/handlers.(*FinancialHandler).GetRevenueReport-fm (5 handlers)
[GIN-debug] GET    /api/v1/financial/payment-report --> go-barcode-webapp/internal/handlers.(*FinancialHandler).GetPaymentReport-fm (5 handlers)
[GIN-debug] GET    /api/v1/invoices          --> go-barcode-webapp/internal/handlers.(*InvoiceHandler).GetInvoicesAPI-fm (5 handlers)
[GIN-debug] POST   /api/v1/invoices          --> go-barcode-webapp/internal/handlers.(*InvoiceHandler).CreateInvoice-fm (5 handlers)
[GIN-debug] GET    /api/v1/invoices/:id      --> go-barcode-webapp/internal/handlers.(*InvoiceHandler).GetInvoice-fm (5 handlers)
[GIN-debug] PUT    /api/v1/invoices/:id      --> go-barcode-webapp/internal/handlers.(*InvoiceHandler).UpdateInvoice-fm (5 handlers)
[GIN-debug] DELETE /api/v1/invoices/:id      --> go-barcode-webapp/internal/handlers.(*InvoiceHandler).DeleteInvoice-fm (5 handlers)
[GIN-debug] PUT    /api/v1/invoices/:id/status --> go-barcode-webapp/internal/handlers.(*InvoiceHandler).UpdateInvoiceStatus-fm (5 handlers)
[GIN-debug] GET    /api/v1/invoices/stats    --> go-barcode-webapp/internal/handlers.(*InvoiceHandler).GetInvoiceStatsAPI-fm (5 handlers)
[GIN-debug] GET    /api/v1/security/audit    --> go-barcode-webapp/internal/handlers.(*SecurityHandler).GetAuditLogs-fm (5 handlers)
[GIN-debug] GET    /api/v1/security/audit/:id --> go-barcode-webapp/internal/handlers.(*SecurityHandler).GetAuditLog-fm (5 handlers)
[GIN-debug] GET    /api/v1/security/audit/export --> go-barcode-webapp/internal/handlers.(*SecurityHandler).ExportAuditLogs-fm (5 handlers)
[GIN-debug] GET    /api/v1/security/auth/users --> go-barcode-webapp/internal/handlers.(*AuthHandler).ListUsersAPI-fm (5 handlers)
[GIN-debug] GET    /api/invoices             --> go-barcode-webapp/internal/handlers.(*InvoiceHandler).GetInvoicesAPI-fm (5 handlers)
[GIN-debug] POST   /api/invoices             --> go-barcode-webapp/internal/handlers.(*InvoiceHandler).CreateInvoice-fm (5 handlers)
[GIN-debug] GET    /api/invoices/:id         --> go-barcode-webapp/internal/handlers.(*InvoiceHandler).GetInvoice-fm (5 handlers)
[GIN-debug] PUT    /api/invoices/:id         --> go-barcode-webapp/internal/handlers.(*InvoiceHandler).UpdateInvoice-fm (5 handlers)
[GIN-debug] DELETE /api/invoices/:id         --> go-barcode-webapp/internal/handlers.(*InvoiceHandler).DeleteInvoice-fm (5 handlers)
[GIN-debug] PUT    /api/invoices/:id/status  --> go-barcode-webapp/internal/handlers.(*InvoiceHandler).UpdateInvoiceStatus-fm (5 handlers)
[GIN-debug] GET    /api/invoices/stats       --> go-barcode-webapp/internal/handlers.(*InvoiceHandler).GetInvoiceStatsAPI-fm (5 handlers)
[GIN-debug] GET    /api/company-settings     --> go-barcode-webapp/internal/handlers.(*InvoiceHandler).CompanySettingsForm-fm (5 handlers)
[GIN-debug] PUT    /api/company-settings     --> go-barcode-webapp/internal/handlers.(*InvoiceHandler).UpdateCompanySettings-fm (5 handlers)
[GIN-debug] GET    /api/invoice-settings     --> go-barcode-webapp/internal/handlers.(*InvoiceHandler).InvoiceSettingsForm-fm (5 handlers)
[GIN-debug] PUT    /api/invoice-settings     --> go-barcode-webapp/internal/handlers.(*InvoiceHandler).UpdateInvoiceSettings-fm (5 handlers)
[GIN-debug] POST   /api/test-email           --> go-barcode-webapp/internal/handlers.(*InvoiceHandler).TestEmailSettings-fm (5 handlers)
[GIN-debug] GET    /api/security/roles       --> go-barcode-webapp/internal/handlers.(*SecurityHandler).GetRoles-fm (5 handlers)
[GIN-debug] GET    /api/security/roles/:id   --> go-barcode-webapp/internal/handlers.(*SecurityHandler).GetRole-fm (5 handlers)
[GIN-debug] POST   /api/security/roles       --> go-barcode-webapp/internal/handlers.(*SecurityHandler).CreateRole-fm (5 handlers)
[GIN-debug] PUT    /api/security/roles/:id   --> go-barcode-webapp/internal/handlers.(*SecurityHandler).UpdateRole-fm (5 handlers)
[GIN-debug] DELETE /api/security/roles/:id   --> go-barcode-webapp/internal/handlers.(*SecurityHandler).DeleteRole-fm (5 handlers)
[GIN-debug] GET    /api/security/users/:userId/roles --> go-barcode-webapp/internal/handlers.(*SecurityHandler).GetUserRoles-fm (5 handlers)
[GIN-debug] POST   /api/security/users/:userId/roles --> go-barcode-webapp/internal/handlers.(*SecurityHandler).AssignUserRole-fm (5 handlers)
[GIN-debug] DELETE /api/security/users/:userId/roles/:roleId --> go-barcode-webapp/internal/handlers.(*SecurityHandler).RevokeUserRole-fm (5 handlers)
[GIN-debug] GET    /api/security/audit       --> go-barcode-webapp/internal/handlers.(*SecurityHandler).GetAuditLogs-fm (5 handlers)
[GIN-debug] GET    /api/security/audit/:id   --> go-barcode-webapp/internal/handlers.(*SecurityHandler).GetAuditLog-fm (5 handlers)
[GIN-debug] GET    /api/security/audit/export --> go-barcode-webapp/internal/handlers.(*SecurityHandler).ExportAuditLogs-fm (5 handlers)
[GIN-debug] GET    /api/security/permissions --> go-barcode-webapp/internal/handlers.(*SecurityHandler).GetPermissions-fm (5 handlers)
[GIN-debug] GET    /api/security/check-permission --> go-barcode-webapp/internal/handlers.(*SecurityHandler).CheckPermission-fm (5 handlers)
2025/06/17 23:38:36 Server starting on 0.0.0.0:8080
