2025/06/17 23:39:59 Database connection established successfully

2025/06/17 23:39:59 [32m/opt/dev/go-barcode-webapp/cmd/server/main.go:77
[0m[33m[11.314ms] [34;1m[rows:-][0m SELECT DATABASE()

2025/06/17 23:39:59 [32m/opt/dev/go-barcode-webapp/cmd/server/main.go:77
[0m[33m[23.368ms] [34;1m[rows:1][0m SELECT SCHEMA_NAME from Information_schema.SCHEMATA where SCHEMA_NAME LIKE 'TS-Lager%' ORDER BY SCHEMA_NAME='TS-Lager' DESC,SCHEMA_NAME limit 1

2025/06/17 23:39:59 [32m/opt/dev/go-barcode-webapp/cmd/server/main.go:77
[0m[33m[23.420ms] [34;1m[rows:-][0m SELECT count(*) FROM information_schema.tables WHERE table_schema = 'TS-Lager' AND table_name = 'users' AND table_type = 'BASE TABLE'

2025/06/17 23:39:59 [32m/opt/dev/go-barcode-webapp/cmd/server/main.go:77
[0m[33m[10.863ms] [34;1m[rows:-][0m SELECT DATABASE()

2025/06/17 23:39:59 [32m/opt/dev/go-barcode-webapp/cmd/server/main.go:77
[0m[33m[22.547ms] [34;1m[rows:1][0m SELECT SCHEMA_NAME from Information_schema.SCHEMATA where SCHEMA_NAME LIKE 'TS-Lager%' ORDER BY SCHEMA_NAME='TS-Lager' DESC,SCHEMA_NAME limit 1

2025/06/17 23:39:59 [32m/opt/dev/go-barcode-webapp/cmd/server/main.go:77
[0m[33m[12.066ms] [34;1m[rows:-][0m SELECT * FROM `users` LIMIT 1

2025/06/17 23:39:59 [32m/opt/dev/go-barcode-webapp/cmd/server/main.go:77
[0m[33m[24.566ms] [34;1m[rows:-][0m SELECT column_name, column_default, is_nullable = 'YES', data_type, character_maximum_length, column_type, column_key, extra, column_comment, numeric_precision, numeric_scale , datetime_precision FROM information_schema.columns WHERE table_schema = 'TS-Lager' AND table_name = 'users' ORDER BY ORDINAL_POSITION

2025/06/17 23:39:59 [32m/opt/dev/go-barcode-webapp/cmd/server/main.go:77
[0m[33m[39.056ms] [34;1m[rows:0][0m ALTER TABLE `users` MODIFY COLUMN `is_active` boolean DEFAULT true

2025/06/17 23:39:59 [32m/opt/dev/go-barcode-webapp/cmd/server/main.go:81
[0m[33m[12.760ms] [34;1m[rows:-][0m SELECT DATABASE()

2025/06/17 23:39:59 [32m/opt/dev/go-barcode-webapp/cmd/server/main.go:81
[0m[33m[23.022ms] [34;1m[rows:1][0m SELECT SCHEMA_NAME from Information_schema.SCHEMATA where SCHEMA_NAME LIKE 'TS-Lager%' ORDER BY SCHEMA_NAME='TS-Lager' DESC,SCHEMA_NAME limit 1

2025/06/17 23:39:59 [32m/opt/dev/go-barcode-webapp/cmd/server/main.go:81
[0m[33m[22.868ms] [34;1m[rows:-][0m SELECT count(*) FROM information_schema.tables WHERE table_schema = 'TS-Lager' AND table_name = 'sessions' AND table_type = 'BASE TABLE'

2025/06/17 23:39:59 [32m/opt/dev/go-barcode-webapp/cmd/server/main.go:81
[0m[33m[10.908ms] [34;1m[rows:-][0m SELECT DATABASE()

2025/06/17 23:39:59 [32m/opt/dev/go-barcode-webapp/cmd/server/main.go:81
[0m[33m[22.986ms] [34;1m[rows:1][0m SELECT SCHEMA_NAME from Information_schema.SCHEMATA where SCHEMA_NAME LIKE 'TS-Lager%' ORDER BY SCHEMA_NAME='TS-Lager' DESC,SCHEMA_NAME limit 1

2025/06/17 23:39:59 [32m/opt/dev/go-barcode-webapp/cmd/server/main.go:81
[0m[33m[11.373ms] [34;1m[rows:-][0m SELECT * FROM `sessions` LIMIT 1

2025/06/17 23:39:59 [32m/opt/dev/go-barcode-webapp/cmd/server/main.go:81
[0m[33m[23.427ms] [34;1m[rows:-][0m SELECT column_name, column_default, is_nullable = 'YES', data_type, character_maximum_length, column_type, column_key, extra, column_comment, numeric_precision, numeric_scale , datetime_precision FROM information_schema.columns WHERE table_schema = 'TS-Lager' AND table_name = 'sessions' ORDER BY ORDINAL_POSITION

2025/06/17 23:39:59 [32m/opt/dev/go-barcode-webapp/cmd/server/main.go:85
[0m[33m[10.905ms] [34;1m[rows:-][0m SELECT DATABASE()

2025/06/17 23:39:59 [32m/opt/dev/go-barcode-webapp/cmd/server/main.go:85
[0m[33m[22.949ms] [34;1m[rows:1][0m SELECT SCHEMA_NAME from Information_schema.SCHEMATA where SCHEMA_NAME LIKE 'TS-Lager%' ORDER BY SCHEMA_NAME='TS-Lager' DESC,SCHEMA_NAME limit 1

2025/06/17 23:39:59 [32m/opt/dev/go-barcode-webapp/cmd/server/main.go:85
[0m[33m[21.935ms] [34;1m[rows:-][0m SELECT count(*) FROM information_schema.tables WHERE table_schema = 'TS-Lager' AND table_name = 'sessions' AND table_type = 'BASE TABLE'

2025/06/17 23:39:59 [32m/opt/dev/go-barcode-webapp/cmd/server/main.go:85
[0m[33m[10.976ms] [34;1m[rows:-][0m SELECT DATABASE()

2025/06/17 23:39:59 [32m/opt/dev/go-barcode-webapp/cmd/server/main.go:85
[0m[33m[22.558ms] [34;1m[rows:1][0m SELECT SCHEMA_NAME from Information_schema.SCHEMATA where SCHEMA_NAME LIKE 'TS-Lager%' ORDER BY SCHEMA_NAME='TS-Lager' DESC,SCHEMA_NAME limit 1

2025/06/17 23:39:59 [32m/opt/dev/go-barcode-webapp/cmd/server/main.go:85
[0m[33m[11.286ms] [34;1m[rows:-][0m SELECT * FROM `sessions` LIMIT 1

2025/06/17 23:39:59 [32m/opt/dev/go-barcode-webapp/cmd/server/main.go:85
[0m[33m[23.030ms] [34;1m[rows:-][0m SELECT column_name, column_default, is_nullable = 'YES', data_type, character_maximum_length, column_type, column_key, extra, column_comment, numeric_precision, numeric_scale , datetime_precision FROM information_schema.columns WHERE table_schema = 'TS-Lager' AND table_name = 'sessions' ORDER BY ORDINAL_POSITION

2025/06/17 23:39:59 [32m/opt/dev/go-barcode-webapp/cmd/server/main.go:85
[0m[33m[11.370ms] [34;1m[rows:-][0m SELECT DATABASE()

2025/06/17 23:39:59 [32m/opt/dev/go-barcode-webapp/cmd/server/main.go:85
[0m[33m[22.924ms] [34;1m[rows:1][0m SELECT SCHEMA_NAME from Information_schema.SCHEMATA where SCHEMA_NAME LIKE 'TS-Lager%' ORDER BY SCHEMA_NAME='TS-Lager' DESC,SCHEMA_NAME limit 1

2025/06/17 23:39:59 [32m/opt/dev/go-barcode-webapp/cmd/server/main.go:85
[0m[33m[23.437ms] [34;1m[rows:-][0m SELECT count(*) FROM information_schema.tables WHERE table_schema = 'TS-Lager' AND table_name = 'users' AND table_type = 'BASE TABLE'

2025/06/17 23:39:59 [32m/opt/dev/go-barcode-webapp/cmd/server/main.go:85
[0m[33m[10.959ms] [34;1m[rows:-][0m SELECT DATABASE()

2025/06/17 23:39:59 [32m/opt/dev/go-barcode-webapp/cmd/server/main.go:85
[0m[33m[23.177ms] [34;1m[rows:1][0m SELECT SCHEMA_NAME from Information_schema.SCHEMATA where SCHEMA_NAME LIKE 'TS-Lager%' ORDER BY SCHEMA_NAME='TS-Lager' DESC,SCHEMA_NAME limit 1

2025/06/17 23:39:59 [32m/opt/dev/go-barcode-webapp/cmd/server/main.go:85
[0m[33m[11.332ms] [34;1m[rows:-][0m SELECT * FROM `users` LIMIT 1

2025/06/17 23:39:59 [32m/opt/dev/go-barcode-webapp/cmd/server/main.go:85
[0m[33m[22.944ms] [34;1m[rows:-][0m SELECT column_name, column_default, is_nullable = 'YES', data_type, character_maximum_length, column_type, column_key, extra, column_comment, numeric_precision, numeric_scale , datetime_precision FROM information_schema.columns WHERE table_schema = 'TS-Lager' AND table_name = 'users' ORDER BY ORDINAL_POSITION

2025/06/17 23:39:59 [32m/opt/dev/go-barcode-webapp/cmd/server/main.go:85
[0m[33m[30.803ms] [34;1m[rows:0][0m ALTER TABLE `users` MODIFY COLUMN `is_active` boolean DEFAULT true

2025/06/17 23:39:59 [32m/opt/dev/go-barcode-webapp/cmd/server/main.go:85
[0m[33m[11.841ms] [34;1m[rows:-][0m SELECT DATABASE()

2025/06/17 23:39:59 [32m/opt/dev/go-barcode-webapp/cmd/server/main.go:85
[0m[33m[23.024ms] [34;1m[rows:1][0m SELECT SCHEMA_NAME from Information_schema.SCHEMATA where SCHEMA_NAME LIKE 'TS-Lager%' ORDER BY SCHEMA_NAME='TS-Lager' DESC,SCHEMA_NAME limit 1

2025/06/17 23:39:59 [32m/opt/dev/go-barcode-webapp/cmd/server/main.go:85
[0m[33m[22.940ms] [34;1m[rows:-][0m SELECT count(*) FROM INFORMATION_SCHEMA.table_constraints WHERE constraint_schema = 'TS-Lager' AND table_name = 'users' AND constraint_name = 'fk_sessions_user'

2025/06/17 23:39:59 [31;1m/opt/dev/go-barcode-webapp/cmd/server/main.go:85 [35;1mError 1142 (42000): REFERENCES command denied to user 'tsweb'@'91.9.39.124' for table 'TS-Lager.sessions'
[0m[33m[10.847ms] [34;1m[rows:0][0m ALTER TABLE `users` ADD CONSTRAINT `fk_sessions_user` FOREIGN KEY (`userID`) REFERENCES `sessions`(`user_id`)
2025/06/17 23:39:59 Failed to auto-migrate equipment_packages table: Error 1142 (42000): REFERENCES command denied to user 'tsweb'@'91.9.39.124' for table 'TS-Lager.sessions'
[GIN-debug] [WARNING] Running in "debug" mode. Switch to "release" mode in production.
 - using env:	export GIN_MODE=release
 - using code:	gin.SetMode(gin.ReleaseMode)

[GIN-debug] Loaded HTML Templates (59): 
	- home_new.html.backup
	- jobs.html
	- user_detail.html
	- documents_list.html
	- login.html
	- user_form.html
	- transaction_detail.html
	- base.html
	- equipment_package_detail.html
	- equipment_package_form.html
	- equipment_package_form_enhanced.html
	- financial_dashboard.html
	- job_template_detail.html
	- cases_list.html
	- job_template_form.html
	- document_upload_form.html
	- job_detail.html
	- mobile_scanner_enhanced.html
	- security_audit.html
	- company_settings_form.html
	- content
	- customer_form.html
	- invoice_template_designer_advanced.html
	- invoices_list.html
	- job_templates_list.html
	- transaction_form.html
	- invoice_preview.html
	- invoice_template_designer_new.html
	- scan_job.html
	- case_form.html
	- invoice_detail.html
	- search_results.html
	- transactions_list.html
	- bulk_operations.html
	- case_detail.html
	- case_device_mapping.html
	- devices.html
	- security_roles.html
	- users_list.html
	- signature_form.html
	- equipment_packages_list.html
	- invoice_form.html
	- analytics_dashboard.html
	- customer_detail.html
	- scan_select_job.html
	- devices_standalone.html
	- home.html
	- invoice_settings_form.html
	- 
	- financial_reports.html
	- device_form.html
	- error.html
	- invoice_template_designer.html
	- job_form.html
	- customers.html
	- device_detail.html
	- invoice_template_designer_simple.html
	- invoice_templates_list.html
	- mobile_scanner.html

[GIN-debug] GET    /static/*filepath         --> github.com/gin-gonic/gin.(*RouterGroup).createStaticHandler.func1 (3 handlers)
[GIN-debug] HEAD   /static/*filepath         --> github.com/gin-gonic/gin.(*RouterGroup).createStaticHandler.func1 (3 handlers)
[GIN-debug] GET    /sw.js                    --> main.main.func17 (4 handlers)
[GIN-debug] GET    /manifest.json            --> main.main.func18 (4 handlers)

2025/06/17 23:39:59 [32m/opt/dev/go-barcode-webapp/internal/handlers/security_handler.go:867
[0m[33m[22.699ms] [34;1m[rows:1][0m SELECT * FROM `roles` WHERE name = 'admin' ORDER BY `roles`.`roleID` LIMIT 1

2025/06/17 23:39:59 [32m/opt/dev/go-barcode-webapp/internal/handlers/security_handler.go:867
[0m[33m[21.778ms] [34;1m[rows:1][0m SELECT * FROM `roles` WHERE name = 'manager' ORDER BY `roles`.`roleID` LIMIT 1

2025/06/17 23:39:59 [32m/opt/dev/go-barcode-webapp/internal/handlers/security_handler.go:867
[0m[33m[22.522ms] [34;1m[rows:1][0m SELECT * FROM `roles` WHERE name = 'employee' ORDER BY `roles`.`roleID` LIMIT 1

2025/06/17 23:39:59 [32m/opt/dev/go-barcode-webapp/internal/handlers/security_handler.go:867
[0m[33m[22.600ms] [34;1m[rows:1][0m SELECT * FROM `roles` WHERE name = 'viewer' ORDER BY `roles`.`roleID` LIMIT 1
[GIN-debug] GET    /login                    --> go-barcode-webapp/internal/handlers.(*AuthHandler).LoginForm-fm (4 handlers)
[GIN-debug] POST   /login                    --> go-barcode-webapp/internal/handlers.(*AuthHandler).Login-fm (4 handlers)
[GIN-debug] GET    /logout                   --> go-barcode-webapp/internal/handlers.(*AuthHandler).Logout-fm (4 handlers)
[GIN-debug] GET    /debug/invoice-test       --> main.setupRoutes.func1 (4 handlers)
[GIN-debug] GET    /debug/customer-selection --> main.setupRoutes.func2 (4 handlers)
[GIN-debug] GET    /                         --> go-barcode-webapp/internal/handlers.(*HomeHandler).Dashboard-fm (5 handlers)
[GIN-debug] GET    /jobs                     --> go-barcode-webapp/internal/handlers.(*JobHandler).ListJobs-fm (5 handlers)
[GIN-debug] GET    /jobs/new                 --> go-barcode-webapp/internal/handlers.(*JobHandler).NewJobForm-fm (5 handlers)
[GIN-debug] POST   /jobs                     --> go-barcode-webapp/internal/handlers.(*JobHandler).CreateJob-fm (5 handlers)
[GIN-debug] GET    /jobs/:id                 --> go-barcode-webapp/internal/handlers.(*JobHandler).GetJob-fm (5 handlers)
[GIN-debug] GET    /jobs/:id/edit            --> go-barcode-webapp/internal/handlers.(*JobHandler).EditJobForm-fm (5 handlers)
[GIN-debug] PUT    /jobs/:id                 --> go-barcode-webapp/internal/handlers.(*JobHandler).UpdateJob-fm (5 handlers)
[GIN-debug] DELETE /jobs/:id                 --> go-barcode-webapp/internal/handlers.(*JobHandler).DeleteJob-fm (5 handlers)
[GIN-debug] GET    /jobs/:id/devices         --> go-barcode-webapp/internal/handlers.(*JobHandler).GetJobDevices-fm (5 handlers)
[GIN-debug] POST   /jobs/:id/devices         --> go-barcode-webapp/internal/handlers.(*JobHandler).AssignDevice-fm (5 handlers)
[GIN-debug] DELETE /jobs/:id/devices/:deviceId --> go-barcode-webapp/internal/handlers.(*JobHandler).RemoveDevice-fm (5 handlers)
[GIN-debug] POST   /jobs/:id/bulk-scan       --> go-barcode-webapp/internal/handlers.(*JobHandler).BulkScanDevices-fm (5 handlers)
[GIN-debug] GET    /devices                  --> go-barcode-webapp/internal/handlers.(*DeviceHandler).ListDevices-fm (5 handlers)
[GIN-debug] GET    /devices/new              --> go-barcode-webapp/internal/handlers.(*DeviceHandler).NewDeviceForm-fm (5 handlers)
[GIN-debug] POST   /devices                  --> go-barcode-webapp/internal/handlers.(*DeviceHandler).CreateDevice-fm (5 handlers)
[GIN-debug] GET    /devices/:id              --> go-barcode-webapp/internal/handlers.(*DeviceHandler).GetDevice-fm (5 handlers)
[GIN-debug] GET    /devices/:id/edit         --> go-barcode-webapp/internal/handlers.(*DeviceHandler).EditDeviceForm-fm (5 handlers)
[GIN-debug] PUT    /devices/:id              --> go-barcode-webapp/internal/handlers.(*DeviceHandler).UpdateDevice-fm (5 handlers)
[GIN-debug] DELETE /devices/:id              --> go-barcode-webapp/internal/handlers.(*DeviceHandler).DeleteDevice-fm (5 handlers)
[GIN-debug] GET    /devices/:id/qr           --> go-barcode-webapp/internal/handlers.(*DeviceHandler).GetDeviceQR-fm (5 handlers)
[GIN-debug] GET    /devices/:id/barcode      --> go-barcode-webapp/internal/handlers.(*DeviceHandler).GetDeviceBarcode-fm (5 handlers)
[GIN-debug] GET    /devices/available        --> go-barcode-webapp/internal/handlers.(*DeviceHandler).GetAvailableDevices-fm (5 handlers)
[GIN-debug] GET    /customers                --> go-barcode-webapp/internal/handlers.(*CustomerHandler).ListCustomers-fm (5 handlers)
[GIN-debug] GET    /customers/new            --> go-barcode-webapp/internal/handlers.(*CustomerHandler).NewCustomerForm-fm (5 handlers)
[GIN-debug] POST   /customers                --> go-barcode-webapp/internal/handlers.(*CustomerHandler).CreateCustomer-fm (5 handlers)
[GIN-debug] GET    /customers/:id            --> go-barcode-webapp/internal/handlers.(*CustomerHandler).GetCustomer-fm (5 handlers)
[GIN-debug] GET    /customers/:id/edit       --> go-barcode-webapp/internal/handlers.(*CustomerHandler).EditCustomerForm-fm (5 handlers)
[GIN-debug] PUT    /customers/:id            --> go-barcode-webapp/internal/handlers.(*CustomerHandler).UpdateCustomer-fm (5 handlers)
[GIN-debug] DELETE /customers/:id            --> go-barcode-webapp/internal/handlers.(*CustomerHandler).DeleteCustomer-fm (5 handlers)
[GIN-debug] GET    /statuses                 --> go-barcode-webapp/internal/handlers.(*StatusHandler).ListStatuses-fm (5 handlers)
[GIN-debug] GET    /products                 --> go-barcode-webapp/internal/handlers.(*ProductHandler).ListProducts-fm (5 handlers)
[GIN-debug] GET    /cases                    --> go-barcode-webapp/internal/handlers.(*CaseHandler).ListCases-fm (5 handlers)
[GIN-debug] GET    /cases/new                --> go-barcode-webapp/internal/handlers.(*CaseHandler).NewCaseForm-fm (5 handlers)
[GIN-debug] POST   /cases                    --> go-barcode-webapp/internal/handlers.(*CaseHandler).CreateCase-fm (5 handlers)
[GIN-debug] GET    /cases/:id                --> go-barcode-webapp/internal/handlers.(*CaseHandler).GetCase-fm (5 handlers)
[GIN-debug] GET    /cases/:id/edit           --> go-barcode-webapp/internal/handlers.(*CaseHandler).EditCaseForm-fm (5 handlers)
[GIN-debug] PUT    /cases/:id                --> go-barcode-webapp/internal/handlers.(*CaseHandler).UpdateCase-fm (5 handlers)
[GIN-debug] DELETE /cases/:id                --> go-barcode-webapp/internal/handlers.(*CaseHandler).DeleteCase-fm (5 handlers)
[GIN-debug] GET    /cases/:id/devices        --> go-barcode-webapp/internal/handlers.(*CaseHandler).CaseDeviceMapping-fm (5 handlers)
[GIN-debug] POST   /cases/:id/devices        --> go-barcode-webapp/internal/handlers.(*CaseHandler).ScanDeviceToCase-fm (5 handlers)
[GIN-debug] DELETE /cases/:id/devices/:deviceId --> go-barcode-webapp/internal/handlers.(*CaseHandler).RemoveDeviceFromCase-fm (5 handlers)
[GIN-debug] GET    /barcodes/device/:serialNo/qr --> go-barcode-webapp/internal/handlers.(*BarcodeHandler).GenerateDeviceQR-fm (5 handlers)
[GIN-debug] GET    /barcodes/device/:serialNo/barcode --> go-barcode-webapp/internal/handlers.(*BarcodeHandler).GenerateDeviceBarcode-fm (5 handlers)
[GIN-debug] GET    /scan/select              --> go-barcode-webapp/internal/handlers.(*ScannerHandler).ScanJobSelection-fm (5 handlers)
[GIN-debug] GET    /scan/:jobId              --> go-barcode-webapp/internal/handlers.(*ScannerHandler).ScanJob-fm (5 handlers)
[GIN-debug] POST   /scan/:jobId/assign       --> go-barcode-webapp/internal/handlers.(*ScannerHandler).ScanDevice-fm (5 handlers)
[GIN-debug] DELETE /scan/:jobId/devices/:deviceId --> go-barcode-webapp/internal/handlers.(*ScannerHandler).RemoveDevice-fm (5 handlers)
[GIN-debug] GET    /analytics                --> go-barcode-webapp/internal/handlers.(*AnalyticsHandler).Dashboard-fm (5 handlers)
[GIN-debug] GET    /analytics/revenue        --> go-barcode-webapp/internal/handlers.(*AnalyticsHandler).GetRevenueAPI-fm (5 handlers)
[GIN-debug] GET    /analytics/equipment      --> go-barcode-webapp/internal/handlers.(*AnalyticsHandler).GetEquipmentAPI-fm (5 handlers)
[GIN-debug] GET    /analytics/export         --> go-barcode-webapp/internal/handlers.(*AnalyticsHandler).ExportAnalytics-fm (5 handlers)
[GIN-debug] GET    /search/global            --> go-barcode-webapp/internal/handlers.(*SearchHandler).GlobalSearch-fm (5 handlers)
[GIN-debug] POST   /search/advanced          --> go-barcode-webapp/internal/handlers.(*SearchHandler).AdvancedSearch-fm (5 handlers)
[GIN-debug] GET    /search/suggestions       --> go-barcode-webapp/internal/handlers.(*SearchHandler).SearchSuggestions-fm (5 handlers)
[GIN-debug] GET    /search/saved             --> go-barcode-webapp/internal/handlers.(*SearchHandler).SavedSearches-fm (5 handlers)
[GIN-debug] DELETE /search/saved/:id         --> go-barcode-webapp/internal/handlers.(*SearchHandler).DeleteSavedSearch-fm (5 handlers)
[GIN-debug] POST   /pwa/subscribe            --> go-barcode-webapp/internal/handlers.(*PWAHandler).SubscribePush-fm (5 handlers)
[GIN-debug] POST   /pwa/unsubscribe          --> go-barcode-webapp/internal/handlers.(*PWAHandler).UnsubscribePush-fm (5 handlers)
[GIN-debug] POST   /pwa/sync                 --> go-barcode-webapp/internal/handlers.(*PWAHandler).SyncOfflineData-fm (5 handlers)
[GIN-debug] GET    /pwa/manifest             --> go-barcode-webapp/internal/handlers.(*PWAHandler).GetOfflineManifest-fm (5 handlers)
[GIN-debug] GET    /pwa/install              --> go-barcode-webapp/internal/handlers.(*PWAHandler).InstallPrompt-fm (5 handlers)
[GIN-debug] GET    /pwa/status               --> go-barcode-webapp/internal/handlers.(*PWAHandler).GetConnectionStatus-fm (5 handlers)
[GIN-debug] GET    /workflow/templates       --> go-barcode-webapp/internal/handlers.(*WorkflowHandler).ListJobTemplates-fm (5 handlers)
[GIN-debug] GET    /workflow/templates/new   --> go-barcode-webapp/internal/handlers.(*WorkflowHandler).NewJobTemplateForm-fm (5 handlers)
[GIN-debug] POST   /workflow/templates       --> go-barcode-webapp/internal/handlers.(*WorkflowHandler).CreateJobTemplate-fm (5 handlers)
[GIN-debug] GET    /workflow/templates/:id   --> go-barcode-webapp/internal/handlers.(*WorkflowHandler).GetJobTemplate-fm (5 handlers)
[GIN-debug] GET    /workflow/templates/:id/edit --> go-barcode-webapp/internal/handlers.(*WorkflowHandler).EditJobTemplateForm-fm (5 handlers)
[GIN-debug] PUT    /workflow/templates/:id   --> go-barcode-webapp/internal/handlers.(*WorkflowHandler).UpdateJobTemplate-fm (5 handlers)
[GIN-debug] DELETE /workflow/templates/:id   --> go-barcode-webapp/internal/handlers.(*WorkflowHandler).DeleteJobTemplate-fm (5 handlers)
[GIN-debug] POST   /workflow/templates/:id/create-job --> go-barcode-webapp/internal/handlers.(*WorkflowHandler).CreateJobFromTemplate-fm (5 handlers)
[GIN-debug] GET    /workflow/packages        --> go-barcode-webapp/internal/handlers.(*WorkflowHandler).ListEquipmentPackages-fm (5 handlers)
[GIN-debug] GET    /workflow/packages/new    --> go-barcode-webapp/internal/handlers.(*WorkflowHandler).NewEquipmentPackageForm-fm (5 handlers)
[GIN-debug] GET    /workflow/packages/debug  --> go-barcode-webapp/internal/handlers.(*WorkflowHandler).DebugPackageForm-fm (5 handlers)
[GIN-debug] POST   /workflow/packages        --> go-barcode-webapp/internal/handlers.(*WorkflowHandler).CreateEquipmentPackage-fm (5 handlers)
[GIN-debug] GET    /workflow/packages/:id    --> go-barcode-webapp/internal/handlers.(*WorkflowHandler).GetEquipmentPackage-fm (5 handlers)
[GIN-debug] GET    /workflow/bulk            --> go-barcode-webapp/internal/handlers.(*WorkflowHandler).BulkOperationsForm-fm (5 handlers)
[GIN-debug] POST   /workflow/bulk/update-status --> go-barcode-webapp/internal/handlers.(*WorkflowHandler).BulkUpdateDeviceStatus-fm (5 handlers)
[GIN-debug] POST   /workflow/bulk/assign-job --> go-barcode-webapp/internal/handlers.(*WorkflowHandler).BulkAssignToJob-fm (5 handlers)
[GIN-debug] POST   /workflow/bulk/generate-qr --> go-barcode-webapp/internal/handlers.(*WorkflowHandler).BulkGenerateQRCodes-fm (5 handlers)
[GIN-debug] GET    /workflow/stats           --> go-barcode-webapp/internal/handlers.(*WorkflowHandler).GetWorkflowStats-fm (5 handlers)
[GIN-debug] GET    /documents                --> go-barcode-webapp/internal/handlers.(*DocumentHandler).ListDocuments-fm (5 handlers)
[GIN-debug] GET    /documents/upload         --> go-barcode-webapp/internal/handlers.(*DocumentHandler).UploadDocumentForm-fm (5 handlers)
[GIN-debug] POST   /documents/upload         --> go-barcode-webapp/internal/handlers.(*DocumentHandler).UploadDocument-fm (5 handlers)
[GIN-debug] GET    /documents/:id            --> go-barcode-webapp/internal/handlers.(*DocumentHandler).GetDocument-fm (5 handlers)
[GIN-debug] GET    /documents/:id/view       --> go-barcode-webapp/internal/handlers.(*DocumentHandler).ViewDocument-fm (5 handlers)
[GIN-debug] GET    /documents/:id/download   --> go-barcode-webapp/internal/handlers.(*DocumentHandler).DownloadDocument-fm (5 handlers)
[GIN-debug] DELETE /documents/:id            --> go-barcode-webapp/internal/handlers.(*DocumentHandler).DeleteDocument-fm (5 handlers)
[GIN-debug] GET    /documents/:id/sign       --> go-barcode-webapp/internal/handlers.(*DocumentHandler).SignatureForm-fm (5 handlers)
[GIN-debug] POST   /documents/:id/sign       --> go-barcode-webapp/internal/handlers.(*DocumentHandler).AddSignature-fm (5 handlers)
[GIN-debug] GET    /documents/signatures/:id/verify --> go-barcode-webapp/internal/handlers.(*DocumentHandler).VerifySignature-fm (5 handlers)
[GIN-debug] GET    /financial                --> go-barcode-webapp/internal/handlers.(*FinancialHandler).FinancialDashboard-fm (5 handlers)
[GIN-debug] GET    /financial/transactions   --> go-barcode-webapp/internal/handlers.(*FinancialHandler).ListTransactions-fm (5 handlers)
[GIN-debug] GET    /financial/transactions/new --> go-barcode-webapp/internal/handlers.(*FinancialHandler).NewTransactionForm-fm (5 handlers)
[GIN-debug] POST   /financial/transactions   --> go-barcode-webapp/internal/handlers.(*FinancialHandler).CreateTransaction-fm (5 handlers)
[GIN-debug] GET    /financial/transactions/:id --> go-barcode-webapp/internal/handlers.(*FinancialHandler).GetTransaction-fm (5 handlers)
[GIN-debug] PUT    /financial/transactions/:id/status --> go-barcode-webapp/internal/handlers.(*FinancialHandler).UpdateTransactionStatus-fm (5 handlers)
[GIN-debug] POST   /financial/jobs/:jobId/invoice --> go-barcode-webapp/internal/handlers.(*FinancialHandler).GenerateInvoice-fm (5 handlers)
[GIN-debug] GET    /financial/reports        --> go-barcode-webapp/internal/handlers.(*FinancialHandler).FinancialReports-fm (5 handlers)
[GIN-debug] GET    /financial/api/revenue-report --> go-barcode-webapp/internal/handlers.(*FinancialHandler).GetRevenueReport-fm (5 handlers)
[GIN-debug] GET    /financial/api/payment-report --> go-barcode-webapp/internal/handlers.(*FinancialHandler).GetPaymentReport-fm (5 handlers)
[GIN-debug] GET    /financial/api/export/transactions --> go-barcode-webapp/internal/handlers.(*FinancialHandler).ExportTransactions-fm (5 handlers)
[GIN-debug] GET    /financial/api/export/revenue --> go-barcode-webapp/internal/handlers.(*FinancialHandler).ExportRevenue-fm (5 handlers)
[GIN-debug] GET    /financial/api/export/tax-report --> go-barcode-webapp/internal/handlers.(*FinancialHandler).ExportTaxReportCSV-fm (5 handlers)
[GIN-debug] GET    /invoices                 --> go-barcode-webapp/internal/handlers.(*InvoiceHandler).ListInvoices-fm (5 handlers)
[GIN-debug] GET    /invoices/new             --> go-barcode-webapp/internal/handlers.(*InvoiceHandler).NewInvoiceForm-fm (5 handlers)
[GIN-debug] GET    /invoices/preview         --> go-barcode-webapp/internal/handlers.(*InvoiceHandler).PreviewInvoice-fm (5 handlers)
[GIN-debug] POST   /invoices                 --> go-barcode-webapp/internal/handlers.(*InvoiceHandler).CreateInvoice-fm (5 handlers)
[GIN-debug] GET    /invoices/:id             --> go-barcode-webapp/internal/handlers.(*InvoiceHandler).GetInvoice-fm (5 handlers)
[GIN-debug] GET    /invoices/:id/edit        --> go-barcode-webapp/internal/handlers.(*InvoiceHandler).EditInvoiceForm-fm (5 handlers)
[GIN-debug] PUT    /invoices/:id             --> go-barcode-webapp/internal/handlers.(*InvoiceHandler).UpdateInvoice-fm (5 handlers)
[GIN-debug] DELETE /invoices/:id             --> go-barcode-webapp/internal/handlers.(*InvoiceHandler).DeleteInvoice-fm (5 handlers)
[GIN-debug] PUT    /invoices/:id/status      --> go-barcode-webapp/internal/handlers.(*InvoiceHandler).UpdateInvoiceStatus-fm (5 handlers)
[GIN-debug] GET    /invoices/:id/pdf         --> go-barcode-webapp/internal/handlers.(*InvoiceHandler).GenerateInvoicePDF-fm (5 handlers)
[GIN-debug] GET    /invoices/:id/preview     --> go-barcode-webapp/internal/handlers.(*InvoiceHandler).PreviewInvoicePDF-fm (5 handlers)
[GIN-debug] POST   /invoices/:id/email       --> go-barcode-webapp/internal/handlers.(*InvoiceHandler).EmailInvoice-fm (5 handlers)
[GIN-debug] GET    /invoice-templates        --> go-barcode-webapp/internal/handlers.(*InvoiceHandler).ListInvoiceTemplates-fm (5 handlers)
[GIN-debug] GET    /invoice-templates/new    --> go-barcode-webapp/internal/handlers.(*InvoiceHandler).NewInvoiceTemplateForm-fm (5 handlers)
[GIN-debug] POST   /invoice-templates        --> go-barcode-webapp/internal/handlers.(*InvoiceHandler).CreateInvoiceTemplate-fm (5 handlers)
[GIN-debug] GET    /invoice-templates/:id    --> go-barcode-webapp/internal/handlers.(*InvoiceHandler).GetInvoiceTemplate-fm (5 handlers)
[GIN-debug] GET    /invoice-templates/:id/edit --> go-barcode-webapp/internal/handlers.(*InvoiceHandler).EditInvoiceTemplateForm-fm (5 handlers)
[GIN-debug] GET    /invoice-templates/:id/preview --> go-barcode-webapp/internal/handlers.(*InvoiceHandler).PreviewInvoiceTemplate-fm (5 handlers)
[GIN-debug] PUT    /invoice-templates/:id    --> go-barcode-webapp/internal/handlers.(*InvoiceHandler).UpdateInvoiceTemplate-fm (5 handlers)
[GIN-debug] DELETE /invoice-templates/:id    --> go-barcode-webapp/internal/handlers.(*InvoiceHandler).DeleteInvoiceTemplate-fm (5 handlers)
[GIN-debug] GET    /settings/company         --> go-barcode-webapp/internal/handlers.(*InvoiceHandler).CompanySettingsForm-fm (5 handlers)
[GIN-debug] PUT    /settings/company         --> go-barcode-webapp/internal/handlers.(*InvoiceHandler).UpdateCompanySettings-fm (5 handlers)
[GIN-debug] GET    /settings/invoices        --> go-barcode-webapp/internal/handlers.(*InvoiceHandler).InvoiceSettingsForm-fm (5 handlers)
[GIN-debug] PUT    /settings/invoices        --> go-barcode-webapp/internal/handlers.(*InvoiceHandler).UpdateInvoiceSettings-fm (5 handlers)
[GIN-debug] GET    /security/roles           --> main.setupRoutes.func3 (5 handlers)
[GIN-debug] GET    /security/audit           --> main.setupRoutes.func4 (5 handlers)
[GIN-debug] GET    /security/api/roles       --> go-barcode-webapp/internal/handlers.(*SecurityHandler).GetRoles-fm (5 handlers)
[GIN-debug] GET    /security/api/roles/:id   --> go-barcode-webapp/internal/handlers.(*SecurityHandler).GetRole-fm (5 handlers)
[GIN-debug] POST   /security/api/roles       --> go-barcode-webapp/internal/handlers.(*SecurityHandler).CreateRole-fm (5 handlers)
[GIN-debug] PUT    /security/api/roles/:id   --> go-barcode-webapp/internal/handlers.(*SecurityHandler).UpdateRole-fm (5 handlers)
[GIN-debug] DELETE /security/api/roles/:id   --> go-barcode-webapp/internal/handlers.(*SecurityHandler).DeleteRole-fm (5 handlers)
[GIN-debug] GET    /security/api/users/:userId/roles --> go-barcode-webapp/internal/handlers.(*SecurityHandler).GetUserRoles-fm (5 handlers)
[GIN-debug] POST   /security/api/users/:userId/roles --> go-barcode-webapp/internal/handlers.(*SecurityHandler).AssignUserRole-fm (5 handlers)
[GIN-debug] DELETE /security/api/users/:userId/roles/:roleId --> go-barcode-webapp/internal/handlers.(*SecurityHandler).RevokeUserRole-fm (5 handlers)
[GIN-debug] GET    /security/api/audit       --> go-barcode-webapp/internal/handlers.(*SecurityHandler).GetAuditLogs-fm (5 handlers)
[GIN-debug] GET    /security/api/audit/:id   --> go-barcode-webapp/internal/handlers.(*SecurityHandler).GetAuditLog-fm (5 handlers)
[GIN-debug] GET    /security/api/audit/export --> go-barcode-webapp/internal/handlers.(*SecurityHandler).ExportAuditLogs-fm (5 handlers)
[GIN-debug] GET    /security/api/permissions --> go-barcode-webapp/internal/handlers.(*SecurityHandler).GetPermissions-fm (5 handlers)
[GIN-debug] GET    /security/api/permissions/definitions --> go-barcode-webapp/internal/handlers.(*SecurityHandler).GetPermissionDefinitionsAPI-fm (5 handlers)
[GIN-debug] GET    /security/api/permissions/check --> go-barcode-webapp/internal/handlers.(*SecurityHandler).CheckPermission-fm (5 handlers)
[GIN-debug] GET    /mobile/scanner/:jobId    --> main.setupRoutes.func5 (5 handlers)
[GIN-debug] GET    /mobile/scanner/:jobId/enhanced --> main.setupRoutes.func6 (5 handlers)
[GIN-debug] GET    /users                    --> go-barcode-webapp/internal/handlers.(*AuthHandler).ListUsers-fm (5 handlers)
[GIN-debug] POST   /users                    --> go-barcode-webapp/internal/handlers.(*AuthHandler).CreateUserWeb-fm (5 handlers)
[GIN-debug] GET    /user-management/new      --> go-barcode-webapp/internal/handlers.(*AuthHandler).NewUserForm-fm (5 handlers)
[GIN-debug] GET    /user-management/:id/edit --> go-barcode-webapp/internal/handlers.(*AuthHandler).EditUserForm-fm (5 handlers)
[GIN-debug] GET    /user-management/:id/view --> go-barcode-webapp/internal/handlers.(*AuthHandler).GetUser-fm (5 handlers)
[GIN-debug] PUT    /user-management/:id      --> go-barcode-webapp/internal/handlers.(*AuthHandler).UpdateUser-fm (5 handlers)
[GIN-debug] DELETE /user-management/:id      --> go-barcode-webapp/internal/handlers.(*AuthHandler).DeleteUser-fm (5 handlers)
[GIN-debug] GET    /users/new                --> main.setupRoutes.func7 (5 handlers)
[GIN-debug] GET    /api/v1/jobs              --> go-barcode-webapp/internal/handlers.(*JobHandler).ListJobsAPI-fm (5 handlers)
[GIN-debug] POST   /api/v1/jobs              --> go-barcode-webapp/internal/handlers.(*JobHandler).CreateJobAPI-fm (5 handlers)
[GIN-debug] GET    /api/v1/jobs/:id          --> go-barcode-webapp/internal/handlers.(*JobHandler).GetJobAPI-fm (5 handlers)
[GIN-debug] PUT    /api/v1/jobs/:id          --> go-barcode-webapp/internal/handlers.(*JobHandler).UpdateJobAPI-fm (5 handlers)
[GIN-debug] DELETE /api/v1/jobs/:id          --> go-barcode-webapp/internal/handlers.(*JobHandler).DeleteJobAPI-fm (5 handlers)
[GIN-debug] POST   /api/v1/jobs/:id/devices/:deviceId --> go-barcode-webapp/internal/handlers.(*JobHandler).AssignDeviceAPI-fm (5 handlers)
[GIN-debug] DELETE /api/v1/jobs/:id/devices/:deviceId --> go-barcode-webapp/internal/handlers.(*JobHandler).RemoveDeviceAPI-fm (5 handlers)
[GIN-debug] POST   /api/v1/jobs/:id/bulk-scan --> go-barcode-webapp/internal/handlers.(*JobHandler).BulkScanDevicesAPI-fm (5 handlers)
[GIN-debug] POST   /api/v1/jobs/:id/assign-device --> go-barcode-webapp/internal/handlers.(*ScannerHandler).ScanDevice-fm (5 handlers)
[GIN-debug] POST   /api/v1/jobs/:id/assign-case --> go-barcode-webapp/internal/handlers.(*ScannerHandler).ScanCase-fm (5 handlers)
[GIN-debug] GET    /api/v1/devices           --> go-barcode-webapp/internal/handlers.(*DeviceHandler).ListDevicesAPI-fm (5 handlers)
[GIN-debug] POST   /api/v1/devices           --> go-barcode-webapp/internal/handlers.(*DeviceHandler).CreateDeviceAPI-fm (5 handlers)
[GIN-debug] GET    /api/v1/devices/:id       --> go-barcode-webapp/internal/handlers.(*DeviceHandler).GetDeviceAPI-fm (5 handlers)
[GIN-debug] PUT    /api/v1/devices/:id       --> go-barcode-webapp/internal/handlers.(*DeviceHandler).UpdateDeviceAPI-fm (5 handlers)
[GIN-debug] DELETE /api/v1/devices/:id       --> go-barcode-webapp/internal/handlers.(*DeviceHandler).DeleteDeviceAPI-fm (5 handlers)
[GIN-debug] GET    /api/v1/devices/available --> go-barcode-webapp/internal/handlers.(*DeviceHandler).GetAvailableDevicesAPI-fm (5 handlers)
[GIN-debug] GET    /api/v1/customers         --> go-barcode-webapp/internal/handlers.(*CustomerHandler).ListCustomersAPI-fm (5 handlers)
[GIN-debug] POST   /api/v1/customers         --> go-barcode-webapp/internal/handlers.(*CustomerHandler).CreateCustomerAPI-fm (5 handlers)
[GIN-debug] GET    /api/v1/customers/:id     --> go-barcode-webapp/internal/handlers.(*CustomerHandler).GetCustomerAPI-fm (5 handlers)
[GIN-debug] PUT    /api/v1/customers/:id     --> go-barcode-webapp/internal/handlers.(*CustomerHandler).UpdateCustomerAPI-fm (5 handlers)
[GIN-debug] DELETE /api/v1/customers/:id     --> go-barcode-webapp/internal/handlers.(*CustomerHandler).DeleteCustomerAPI-fm (5 handlers)
[GIN-debug] GET    /api/v1/cases             --> go-barcode-webapp/internal/handlers.(*CaseHandler).ListCasesAPI-fm (5 handlers)
[GIN-debug] POST   /api/v1/cases             --> go-barcode-webapp/internal/handlers.(*CaseHandler).CreateCaseAPI-fm (5 handlers)
[GIN-debug] GET    /api/v1/cases/:id         --> go-barcode-webapp/internal/handlers.(*CaseHandler).GetCaseAPI-fm (5 handlers)
[GIN-debug] PUT    /api/v1/cases/:id         --> go-barcode-webapp/internal/handlers.(*CaseHandler).UpdateCaseAPI-fm (5 handlers)
[GIN-debug] DELETE /api/v1/cases/:id         --> go-barcode-webapp/internal/handlers.(*CaseHandler).DeleteCaseAPI-fm (5 handlers)
[GIN-debug] GET    /api/v1/cases/:id/devices --> go-barcode-webapp/internal/handlers.(*CaseHandler).GetCaseDevicesAPI-fm (5 handlers)
[GIN-debug] GET    /api/v1/workflow/templates --> go-barcode-webapp/internal/handlers.(*WorkflowHandler).ListJobTemplatesAPI-fm (5 handlers)
[GIN-debug] POST   /api/v1/workflow/templates --> go-barcode-webapp/internal/handlers.(*WorkflowHandler).CreateJobTemplate-fm (5 handlers)
[GIN-debug] GET    /api/v1/workflow/templates/most-used --> go-barcode-webapp/internal/handlers.(*WorkflowHandler).GetMostUsedTemplatesAPI-fm (5 handlers)
[GIN-debug] GET    /api/v1/workflow/templates/category/:categoryId --> go-barcode-webapp/internal/handlers.(*WorkflowHandler).GetTemplatesByCategoryAPI-fm (5 handlers)
[GIN-debug] GET    /api/v1/workflow/templates/:id --> go-barcode-webapp/internal/handlers.(*WorkflowHandler).GetJobTemplate-fm (5 handlers)
[GIN-debug] PUT    /api/v1/workflow/templates/:id --> go-barcode-webapp/internal/handlers.(*WorkflowHandler).UpdateJobTemplate-fm (5 handlers)
[GIN-debug] DELETE /api/v1/workflow/templates/:id --> go-barcode-webapp/internal/handlers.(*WorkflowHandler).DeleteJobTemplate-fm (5 handlers)
[GIN-debug] POST   /api/v1/workflow/templates/:id/create-job --> go-barcode-webapp/internal/handlers.(*WorkflowHandler).CreateJobFromTemplate-fm (5 handlers)
[GIN-debug] GET    /api/v1/documents         --> go-barcode-webapp/internal/handlers.(*DocumentHandler).ListDocumentsAPI-fm (5 handlers)
[GIN-debug] GET    /api/v1/documents/stats   --> go-barcode-webapp/internal/handlers.(*DocumentHandler).GetDocumentStats-fm (5 handlers)
[GIN-debug] GET    /api/v1/documents/:id     --> go-barcode-webapp/internal/handlers.(*DocumentHandler).GetDocument-fm (5 handlers)
[GIN-debug] DELETE /api/v1/documents/:id     --> go-barcode-webapp/internal/handlers.(*DocumentHandler).DeleteDocument-fm (5 handlers)
[GIN-debug] GET    /api/v1/financial/transactions --> go-barcode-webapp/internal/handlers.(*FinancialHandler).ListTransactionsAPI-fm (5 handlers)
[GIN-debug] GET    /api/v1/financial/stats   --> go-barcode-webapp/internal/handlers.(*FinancialHandler).GetFinancialStatsAPI-fm (5 handlers)
[GIN-debug] GET    /api/v1/financial/revenue-report --> go-barcode-webapp/internal/handlers.(*FinancialHandler).GetRevenueReport-fm (5 handlers)
[GIN-debug] GET    /api/v1/financial/payment-report --> go-barcode-webapp/internal/handlers.(*FinancialHandler).GetPaymentReport-fm (5 handlers)
[GIN-debug] GET    /api/v1/invoices          --> go-barcode-webapp/internal/handlers.(*InvoiceHandler).GetInvoicesAPI-fm (5 handlers)
[GIN-debug] POST   /api/v1/invoices          --> go-barcode-webapp/internal/handlers.(*InvoiceHandler).CreateInvoice-fm (5 handlers)
[GIN-debug] GET    /api/v1/invoices/:id      --> go-barcode-webapp/internal/handlers.(*InvoiceHandler).GetInvoice-fm (5 handlers)
[GIN-debug] PUT    /api/v1/invoices/:id      --> go-barcode-webapp/internal/handlers.(*InvoiceHandler).UpdateInvoice-fm (5 handlers)
[GIN-debug] DELETE /api/v1/invoices/:id      --> go-barcode-webapp/internal/handlers.(*InvoiceHandler).DeleteInvoice-fm (5 handlers)
[GIN-debug] PUT    /api/v1/invoices/:id/status --> go-barcode-webapp/internal/handlers.(*InvoiceHandler).UpdateInvoiceStatus-fm (5 handlers)
[GIN-debug] GET    /api/v1/invoices/stats    --> go-barcode-webapp/internal/handlers.(*InvoiceHandler).GetInvoiceStatsAPI-fm (5 handlers)
[GIN-debug] GET    /api/v1/security/audit    --> go-barcode-webapp/internal/handlers.(*SecurityHandler).GetAuditLogs-fm (5 handlers)
[GIN-debug] GET    /api/v1/security/audit/:id --> go-barcode-webapp/internal/handlers.(*SecurityHandler).GetAuditLog-fm (5 handlers)
[GIN-debug] GET    /api/v1/security/audit/export --> go-barcode-webapp/internal/handlers.(*SecurityHandler).ExportAuditLogs-fm (5 handlers)
[GIN-debug] GET    /api/v1/security/auth/users --> go-barcode-webapp/internal/handlers.(*AuthHandler).ListUsersAPI-fm (5 handlers)
[GIN-debug] GET    /api/invoices             --> go-barcode-webapp/internal/handlers.(*InvoiceHandler).GetInvoicesAPI-fm (5 handlers)
[GIN-debug] POST   /api/invoices             --> go-barcode-webapp/internal/handlers.(*InvoiceHandler).CreateInvoice-fm (5 handlers)
[GIN-debug] GET    /api/invoices/:id         --> go-barcode-webapp/internal/handlers.(*InvoiceHandler).GetInvoice-fm (5 handlers)
[GIN-debug] PUT    /api/invoices/:id         --> go-barcode-webapp/internal/handlers.(*InvoiceHandler).UpdateInvoice-fm (5 handlers)
[GIN-debug] DELETE /api/invoices/:id         --> go-barcode-webapp/internal/handlers.(*InvoiceHandler).DeleteInvoice-fm (5 handlers)
[GIN-debug] PUT    /api/invoices/:id/status  --> go-barcode-webapp/internal/handlers.(*InvoiceHandler).UpdateInvoiceStatus-fm (5 handlers)
[GIN-debug] GET    /api/invoices/stats       --> go-barcode-webapp/internal/handlers.(*InvoiceHandler).GetInvoiceStatsAPI-fm (5 handlers)
[GIN-debug] GET    /api/company-settings     --> go-barcode-webapp/internal/handlers.(*InvoiceHandler).CompanySettingsForm-fm (5 handlers)
[GIN-debug] PUT    /api/company-settings     --> go-barcode-webapp/internal/handlers.(*InvoiceHandler).UpdateCompanySettings-fm (5 handlers)
[GIN-debug] GET    /api/invoice-settings     --> go-barcode-webapp/internal/handlers.(*InvoiceHandler).InvoiceSettingsForm-fm (5 handlers)
[GIN-debug] PUT    /api/invoice-settings     --> go-barcode-webapp/internal/handlers.(*InvoiceHandler).UpdateInvoiceSettings-fm (5 handlers)
[GIN-debug] POST   /api/test-email           --> go-barcode-webapp/internal/handlers.(*InvoiceHandler).TestEmailSettings-fm (5 handlers)
[GIN-debug] GET    /api/security/roles       --> go-barcode-webapp/internal/handlers.(*SecurityHandler).GetRoles-fm (5 handlers)
[GIN-debug] GET    /api/security/roles/:id   --> go-barcode-webapp/internal/handlers.(*SecurityHandler).GetRole-fm (5 handlers)
[GIN-debug] POST   /api/security/roles       --> go-barcode-webapp/internal/handlers.(*SecurityHandler).CreateRole-fm (5 handlers)
[GIN-debug] PUT    /api/security/roles/:id   --> go-barcode-webapp/internal/handlers.(*SecurityHandler).UpdateRole-fm (5 handlers)
[GIN-debug] DELETE /api/security/roles/:id   --> go-barcode-webapp/internal/handlers.(*SecurityHandler).DeleteRole-fm (5 handlers)
[GIN-debug] GET    /api/security/users/:userId/roles --> go-barcode-webapp/internal/handlers.(*SecurityHandler).GetUserRoles-fm (5 handlers)
[GIN-debug] POST   /api/security/users/:userId/roles --> go-barcode-webapp/internal/handlers.(*SecurityHandler).AssignUserRole-fm (5 handlers)
[GIN-debug] DELETE /api/security/users/:userId/roles/:roleId --> go-barcode-webapp/internal/handlers.(*SecurityHandler).RevokeUserRole-fm (5 handlers)
[GIN-debug] GET    /api/security/audit       --> go-barcode-webapp/internal/handlers.(*SecurityHandler).GetAuditLogs-fm (5 handlers)
[GIN-debug] GET    /api/security/audit/:id   --> go-barcode-webapp/internal/handlers.(*SecurityHandler).GetAuditLog-fm (5 handlers)
[GIN-debug] GET    /api/security/audit/export --> go-barcode-webapp/internal/handlers.(*SecurityHandler).ExportAuditLogs-fm (5 handlers)
[GIN-debug] GET    /api/security/permissions --> go-barcode-webapp/internal/handlers.(*SecurityHandler).GetPermissions-fm (5 handlers)
[GIN-debug] GET    /api/security/check-permission --> go-barcode-webapp/internal/handlers.(*SecurityHandler).CheckPermission-fm (5 handlers)
2025/06/17 23:39:59 Server starting on 0.0.0.0:8080
DEBUG: AuthMiddleware called for URL: /
DEBUG: No session cookie found, redirecting to login
[GIN] 2025/06/17 - 23:46:24 | 303 |      79.243µs |       10.0.0.20 | GET      "/"
[GIN] 2025/06/17 - 23:46:24 | 200 |    8.941566ms |       10.0.0.20 | GET      "/login"
[GIN] 2025/06/17 - 23:46:24 | 200 |    5.107782ms |       10.0.0.20 | GET      "/static/css/app.css"
2025/06/17 23:46:25 NotFoundHandler: 404 for path: /favicon.ico
2025/06/17 23:46:25 renderErrorPage: Rendering error page - Status: 404, Message: Page not found
2025/06/17 23:46:25 NotFoundHandler: 404 for path: /static/images/icon-180.png
2025/06/17 23:46:25 renderErrorPage: Rendering error page - Status: 404, Message: Page not found
[GIN] 2025/06/17 - 23:46:25 | 404 |   15.119487ms |       10.0.0.20 | GET      "/static/images/icon-180.png"
[GIN] 2025/06/17 - 23:46:25 | 404 |   15.252667ms |       10.0.0.20 | GET      "/favicon.ico"
2025/06/17 23:46:29 POST request to /login with Content-Type: 'application/x-www-form-urlencoded'
2025/06/17 23:46:29 Form _method parameter: ''

2025/06/17 23:46:29 [32m/opt/dev/go-barcode-webapp/internal/handlers/auth_handler.go:60
[0m[33m[23.527ms] [34;1m[rows:1][0m SELECT * FROM `users` WHERE username = 'admin' AND is_active = true ORDER BY `users`.`userID` LIMIT 1
DEBUG: Creating session for user admin (ID: 5)

2025/06/17 23:46:30 [32m/opt/dev/go-barcode-webapp/internal/handlers/auth_handler.go:88
[0m[33m[46.865ms] [34;1m[rows:1][0m INSERT INTO `sessions` (`session_id`,`user_id`,`expires_at`,`created_at`) VALUES ('5ad1305c6e4817c4c8907d7ebb423cb07c0cde525a8b1d4d9368e5cda8012cbe',5,'2025-06-18 00:46:30.392','2025-06-17 23:46:30.392')

2025/06/17 23:46:30 [32m/opt/dev/go-barcode-webapp/internal/handlers/auth_handler.go:100
[0m[33m[46.021ms] [34;1m[rows:1][0m UPDATE `users` SET `username`='admin',`email`='admin@yourdomain.com',`password_hash`='$2a$14$1ELNSd1HK/CifiJ4inuCbe.UAk5xR0VWWBeprfzLygbTPd1BRUt7C',`first_name`='',`last_name`='',`is_active`=true,`created_at`='2025-06-13 01:13:45.593',`updated_at`='2025-06-17 23:46:30.451',`last_login`='2025-06-17 23:46:30.439' WHERE `userID` = 5
DEBUG: Login successful, session created: 5ad1305c6e4817c4c8907d7ebb423cb07c0cde525a8b1d4d9368e5cda8012cbe
[GIN] 2025/06/17 - 23:46:30 | 303 |  1.068798046s |       10.0.0.20 | POST     "/login"
DEBUG: AuthMiddleware called for URL: /
DEBUG: Found session cookie: 5ad1305c6e4817c4c8907d7ebb423cb07c0cde525a8b1d4d9368e5cda8012cbe

2025/06/17 23:46:30 [32m/opt/dev/go-barcode-webapp/internal/handlers/auth_handler.go:141
[0m[33m[23.207ms] [34;1m[rows:1][0m SELECT * FROM `sessions` WHERE session_id = '5ad1305c6e4817c4c8907d7ebb423cb07c0cde525a8b1d4d9368e5cda8012cbe' AND expires_at > '2025-06-17 23:46:30.497' ORDER BY `sessions`.`session_id` LIMIT 1

2025/06/17 23:46:30 [32m/opt/dev/go-barcode-webapp/internal/handlers/auth_handler.go:152
[0m[33m[24.109ms] [34;1m[rows:1][0m SELECT * FROM `users` WHERE userID = 5 AND is_active = true ORDER BY `users`.`userID` LIMIT 1
DEBUG: Session valid for user: admin (ID: 5)

2025/06/17 23:46:30 [32m/opt/dev/go-barcode-webapp/internal/handlers/home_handler.go:41
[0m[33m[11.617ms] [34;1m[rows:1][0m SELECT count(*) FROM `jobs`

2025/06/17 23:46:30 [32m/opt/dev/go-barcode-webapp/internal/handlers/home_handler.go:42
[0m[33m[11.502ms] [34;1m[rows:1][0m SELECT count(*) FROM `devices`

2025/06/17 23:46:30 [32m/opt/dev/go-barcode-webapp/internal/handlers/home_handler.go:43
[0m[33m[12.562ms] [34;1m[rows:1][0m SELECT count(*) FROM `customers`

2025/06/17 23:46:30 [32m/opt/dev/go-barcode-webapp/internal/handlers/home_handler.go:44
[0m[33m[12.401ms] [34;1m[rows:1][0m SELECT count(*) FROM `cases`

2025/06/17 23:46:30 [32m/opt/dev/go-barcode-webapp/internal/repository/job_repository.go:109
[0m[33m[12.663ms] [34;1m[rows:3][0m SELECT j.jobID, j.customerID, j.statusID, 
			j.description, j.startDate, j.endDate, 
			j.revenue, j.final_revenue,
			CONCAT(COALESCE(c.companyname, ''), ' ', COALESCE(c.firstname, ''), ' ', COALESCE(c.lastname, '')) as customer_name, 
			s.status as status_name,
			COUNT(DISTINCT jd.deviceID) as device_count,
			COALESCE(j.final_revenue, j.revenue) as total_revenue
		FROM jobs j 
		LEFT JOIN customers c ON j.customerID = c.customerID
		LEFT JOIN status s ON j.statusID = s.statusID
		LEFT JOIN jobdevices jd ON j.jobID = jd.jobID GROUP BY j.jobID, j.customerID, j.statusID, j.description, j.startDate, j.endDate, j.revenue, j.final_revenue, customer_name, s.status ORDER BY j.jobID DESC LIMIT 5
[GIN] 2025/06/17 - 23:46:30 | 200 |  121.210472ms |       10.0.0.20 | GET      "/"
[GIN] 2025/06/17 - 23:46:30 | 200 |     162.675µs |       10.0.0.20 | GET      "/static/css/app-new.css"
[GIN] 2025/06/17 - 23:46:30 | 200 |     175.639µs |       10.0.0.20 | GET      "/static/js/app.js"
DEBUG: AuthMiddleware called for URL: /invoices
DEBUG: Found session cookie: 5ad1305c6e4817c4c8907d7ebb423cb07c0cde525a8b1d4d9368e5cda8012cbe

2025/06/17 23:46:33 [32m/opt/dev/go-barcode-webapp/internal/handlers/auth_handler.go:141
[0m[33m[22.698ms] [34;1m[rows:1][0m SELECT * FROM `sessions` WHERE session_id = '5ad1305c6e4817c4c8907d7ebb423cb07c0cde525a8b1d4d9368e5cda8012cbe' AND expires_at > '2025-06-17 23:46:33.429' ORDER BY `sessions`.`session_id` LIMIT 1

2025/06/17 23:46:33 [32m/opt/dev/go-barcode-webapp/internal/handlers/auth_handler.go:152
[0m[33m[22.052ms] [34;1m[rows:1][0m SELECT * FROM `users` WHERE userID = 5 AND is_active = true ORDER BY `users`.`userID` LIMIT 1
DEBUG: Session valid for user: admin (ID: 5)

2025/06/17 23:46:33 [32m/opt/dev/go-barcode-webapp/internal/repository/invoice_repository.go:72
[0m[33m[11.363ms] [34;1m[rows:1][0m SELECT count(*) FROM `invoices`

2025/06/17 23:46:33 [32m/opt/dev/go-barcode-webapp/internal/repository/invoice_repository.go:90
[0m[33m[22.996ms] [34;1m[rows:1][0m SELECT * FROM `users` WHERE `users`.`userID` = 5

2025/06/17 23:46:33 [32m/opt/dev/go-barcode-webapp/internal/repository/invoice_repository.go:90
[0m[33m[22.957ms] [34;1m[rows:1][0m SELECT * FROM `customers` WHERE `customers`.`customerID` = 5

2025/06/17 23:46:33 [32m/opt/dev/go-barcode-webapp/internal/repository/invoice_repository.go:90
[0m[33m[22.536ms] [34;1m[rows:0][0m SELECT * FROM `jobs` WHERE `jobs`.`jobID` = 5

2025/06/17 23:46:33 [32m/opt/dev/go-barcode-webapp/internal/repository/invoice_repository.go:90
[0m[33m[23.438ms] [34;1m[rows:1][0m SELECT * FROM `invoice_line_items` WHERE `invoice_line_items`.`invoice_id` = 5

2025/06/17 23:46:33 [32m/opt/dev/go-barcode-webapp/internal/repository/invoice_repository.go:90
[0m[33m[22.428ms] [34;1m[rows:0][0m SELECT * FROM `invoice_payments` WHERE `invoice_payments`.`invoice_id` = 5

2025/06/17 23:46:33 [32m/opt/dev/go-barcode-webapp/internal/repository/invoice_repository.go:90
[0m[33m[22.710ms] [34;1m[rows:0][0m SELECT * FROM `invoice_templates` WHERE `invoice_templates`.`template_id` = 5

2025/06/17 23:46:33 [32m/opt/dev/go-barcode-webapp/internal/repository/invoice_repository.go:90
[0m[33m[149.022ms] [34;1m[rows:1][0m SELECT * FROM `invoices` ORDER BY issue_date DESC, created_at DESC LIMIT 20
[GIN] 2025/06/17 - 23:46:33 | 200 |   216.35498ms |       10.0.0.20 | GET      "/invoices"
DEBUG: AuthMiddleware called for URL: /invoices/5/preview
DEBUG: Found session cookie: 5ad1305c6e4817c4c8907d7ebb423cb07c0cde525a8b1d4d9368e5cda8012cbe

2025/06/17 23:46:35 [32m/opt/dev/go-barcode-webapp/internal/handlers/auth_handler.go:141
[0m[33m[22.493ms] [34;1m[rows:1][0m SELECT * FROM `sessions` WHERE session_id = '5ad1305c6e4817c4c8907d7ebb423cb07c0cde525a8b1d4d9368e5cda8012cbe' AND expires_at > '2025-06-17 23:46:35.896' ORDER BY `sessions`.`session_id` LIMIT 1

2025/06/17 23:46:35 [32m/opt/dev/go-barcode-webapp/internal/handlers/auth_handler.go:152
[0m[33m[22.616ms] [34;1m[rows:1][0m SELECT * FROM `users` WHERE userID = 5 AND is_active = true ORDER BY `users`.`userID` LIMIT 1
DEBUG: Session valid for user: admin (ID: 5)
2025/06/17 23:46:35 PreviewInvoicePDF: Called with ID: 5

2025/06/17 23:46:35 [32m/opt/dev/go-barcode-webapp/internal/repository/invoice_repository.go:115
[0m[33m[22.597ms] [34;1m[rows:1][0m SELECT * FROM `users` WHERE `users`.`userID` = 5

2025/06/17 23:46:36 [32m/opt/dev/go-barcode-webapp/internal/repository/invoice_repository.go:115
[0m[33m[22.879ms] [34;1m[rows:1][0m SELECT * FROM `customers` WHERE `customers`.`customerID` = 5

2025/06/17 23:46:36 [32m/opt/dev/go-barcode-webapp/internal/repository/invoice_repository.go:115
[0m[33m[22.905ms] [34;1m[rows:0][0m SELECT * FROM `jobs` WHERE `jobs`.`jobID` = 5

2025/06/17 23:46:36 [32m/opt/dev/go-barcode-webapp/internal/repository/invoice_repository.go:115
[0m[33m[22.956ms] [34;1m[rows:0][0m SELECT * FROM `devices` WHERE `devices`.`deviceID` = 5

2025/06/17 23:46:36 [32m/opt/dev/go-barcode-webapp/internal/repository/invoice_repository.go:115
[0m[33m[46.632ms] [34;1m[rows:1][0m SELECT * FROM `invoice_line_items` WHERE `invoice_line_items`.`invoice_id` = 5 ORDER BY sort_order ASC, line_item_id ASC

2025/06/17 23:46:36 [32m/opt/dev/go-barcode-webapp/internal/repository/invoice_repository.go:115
[0m[33m[22.812ms] [34;1m[rows:0][0m SELECT * FROM `invoice_payments` WHERE `invoice_payments`.`invoice_id` = 5 ORDER BY payment_date DESC

2025/06/17 23:46:36 [32m/opt/dev/go-barcode-webapp/internal/repository/invoice_repository.go:115
[0m[33m[22.391ms] [34;1m[rows:0][0m SELECT * FROM `invoice_templates` WHERE `invoice_templates`.`template_id` = 5

2025/06/17 23:46:36 [32m/opt/dev/go-barcode-webapp/internal/repository/invoice_repository.go:115
[0m[33m[183.338ms] [34;1m[rows:1][0m SELECT * FROM `invoices` WHERE `invoices`.`invoice_id` = 5 ORDER BY `invoices`.`invoice_id` LIMIT 1

2025/06/17 23:46:36 [32m/opt/dev/go-barcode-webapp/internal/repository/invoice_repository.go:364
[0m[33m[11.819ms] [34;1m[rows:1][0m SELECT * FROM `company_settings` ORDER BY `company_settings`.`id` LIMIT 1

2025/06/17 23:46:36 [32m/opt/dev/go-barcode-webapp/internal/repository/invoice_repository.go:411
[0m[33m[12.013ms] [34;1m[rows:9][0m SELECT * FROM `invoice_settings`
[GIN] 2025/06/17 - 23:46:36 | 200 |  252.663517ms |       10.0.0.20 | GET      "/invoices/5/preview"
DEBUG: AuthMiddleware called for URL: /invoices/5/pdf
DEBUG: Found session cookie: 5ad1305c6e4817c4c8907d7ebb423cb07c0cde525a8b1d4d9368e5cda8012cbe

2025/06/17 23:46:45 [32m/opt/dev/go-barcode-webapp/internal/handlers/auth_handler.go:141
[0m[33m[22.467ms] [34;1m[rows:1][0m SELECT * FROM `sessions` WHERE session_id = '5ad1305c6e4817c4c8907d7ebb423cb07c0cde525a8b1d4d9368e5cda8012cbe' AND expires_at > '2025-06-17 23:46:45.675' ORDER BY `sessions`.`session_id` LIMIT 1

2025/06/17 23:46:45 [32m/opt/dev/go-barcode-webapp/internal/handlers/auth_handler.go:152
[0m[33m[23.063ms] [34;1m[rows:1][0m SELECT * FROM `users` WHERE userID = 5 AND is_active = true ORDER BY `users`.`userID` LIMIT 1
DEBUG: Session valid for user: admin (ID: 5)

2025/06/17 23:46:45 [32m/opt/dev/go-barcode-webapp/internal/repository/invoice_repository.go:115
[0m[33m[23.662ms] [34;1m[rows:1][0m SELECT * FROM `users` WHERE `users`.`userID` = 5

2025/06/17 23:46:45 [32m/opt/dev/go-barcode-webapp/internal/repository/invoice_repository.go:115
[0m[33m[23.053ms] [34;1m[rows:1][0m SELECT * FROM `customers` WHERE `customers`.`customerID` = 5

2025/06/17 23:46:45 [32m/opt/dev/go-barcode-webapp/internal/repository/invoice_repository.go:115
[0m[33m[22.972ms] [34;1m[rows:0][0m SELECT * FROM `jobs` WHERE `jobs`.`jobID` = 5

2025/06/17 23:46:45 [32m/opt/dev/go-barcode-webapp/internal/repository/invoice_repository.go:115
[0m[33m[21.933ms] [34;1m[rows:0][0m SELECT * FROM `devices` WHERE `devices`.`deviceID` = 5

2025/06/17 23:46:45 [32m/opt/dev/go-barcode-webapp/internal/repository/invoice_repository.go:115
[0m[33m[45.116ms] [34;1m[rows:1][0m SELECT * FROM `invoice_line_items` WHERE `invoice_line_items`.`invoice_id` = 5 ORDER BY sort_order ASC, line_item_id ASC

2025/06/17 23:46:45 [32m/opt/dev/go-barcode-webapp/internal/repository/invoice_repository.go:115
[0m[33m[22.804ms] [34;1m[rows:0][0m SELECT * FROM `invoice_payments` WHERE `invoice_payments`.`invoice_id` = 5 ORDER BY payment_date DESC

2025/06/17 23:46:45 [32m/opt/dev/go-barcode-webapp/internal/repository/invoice_repository.go:115
[0m[33m[21.930ms] [34;1m[rows:0][0m SELECT * FROM `invoice_templates` WHERE `invoice_templates`.`template_id` = 5

2025/06/17 23:46:45 [32m/opt/dev/go-barcode-webapp/internal/repository/invoice_repository.go:115
[0m[33m[183.775ms] [34;1m[rows:1][0m SELECT * FROM `invoices` WHERE `invoices`.`invoice_id` = 5 ORDER BY `invoices`.`invoice_id` LIMIT 1

2025/06/17 23:46:45 [32m/opt/dev/go-barcode-webapp/internal/repository/invoice_repository.go:364
[0m[33m[11.896ms] [34;1m[rows:1][0m SELECT * FROM `company_settings` ORDER BY `company_settings`.`id` LIMIT 1

2025/06/17 23:46:45 [32m/opt/dev/go-barcode-webapp/internal/repository/invoice_repository.go:411
[0m[33m[10.972ms] [34;1m[rows:9][0m SELECT * FROM `invoice_settings`
2025/06/17 23:46:45 PDFService: Generating PDF for invoice INV-2025060001 with 1 line items
2025/06/17 23:46:45 PDFService: Generated HTML content (8496 bytes)
2025/06/17 23:46:45 PDFService: Generated PDF (1393 bytes)
2025/06/17 23:46:45 GenerateInvoicePDF: Detected fallback PDF, redirecting to HTML preview
[GIN] 2025/06/17 - 23:46:45 | 303 |  255.019631ms |       10.0.0.20 | GET      "/invoices/5/pdf"
DEBUG: AuthMiddleware called for URL: /invoices/5/preview
DEBUG: Found session cookie: 5ad1305c6e4817c4c8907d7ebb423cb07c0cde525a8b1d4d9368e5cda8012cbe

2025/06/17 23:46:45 [32m/opt/dev/go-barcode-webapp/internal/handlers/auth_handler.go:141
[0m[33m[22.682ms] [34;1m[rows:1][0m SELECT * FROM `sessions` WHERE session_id = '5ad1305c6e4817c4c8907d7ebb423cb07c0cde525a8b1d4d9368e5cda8012cbe' AND expires_at > '2025-06-17 23:46:45.945' ORDER BY `sessions`.`session_id` LIMIT 1

2025/06/17 23:46:45 [32m/opt/dev/go-barcode-webapp/internal/handlers/auth_handler.go:152
[0m[33m[22.622ms] [34;1m[rows:1][0m SELECT * FROM `users` WHERE userID = 5 AND is_active = true ORDER BY `users`.`userID` LIMIT 1
DEBUG: Session valid for user: admin (ID: 5)
2025/06/17 23:46:45 PreviewInvoicePDF: Called with ID: 5

2025/06/17 23:46:46 [32m/opt/dev/go-barcode-webapp/internal/repository/invoice_repository.go:115
[0m[33m[22.473ms] [34;1m[rows:1][0m SELECT * FROM `users` WHERE `users`.`userID` = 5

2025/06/17 23:46:46 [32m/opt/dev/go-barcode-webapp/internal/repository/invoice_repository.go:115
[0m[33m[22.924ms] [34;1m[rows:1][0m SELECT * FROM `customers` WHERE `customers`.`customerID` = 5

2025/06/17 23:46:46 [32m/opt/dev/go-barcode-webapp/internal/repository/invoice_repository.go:115
[0m[33m[22.900ms] [34;1m[rows:0][0m SELECT * FROM `jobs` WHERE `jobs`.`jobID` = 5

2025/06/17 23:46:46 [32m/opt/dev/go-barcode-webapp/internal/repository/invoice_repository.go:115
[0m[33m[22.318ms] [34;1m[rows:0][0m SELECT * FROM `devices` WHERE `devices`.`deviceID` = 5

2025/06/17 23:46:46 [32m/opt/dev/go-barcode-webapp/internal/repository/invoice_repository.go:115
[0m[33m[45.139ms] [34;1m[rows:1][0m SELECT * FROM `invoice_line_items` WHERE `invoice_line_items`.`invoice_id` = 5 ORDER BY sort_order ASC, line_item_id ASC

2025/06/17 23:46:46 [32m/opt/dev/go-barcode-webapp/internal/repository/invoice_repository.go:115
[0m[33m[22.303ms] [34;1m[rows:0][0m SELECT * FROM `invoice_payments` WHERE `invoice_payments`.`invoice_id` = 5 ORDER BY payment_date DESC

2025/06/17 23:46:46 [32m/opt/dev/go-barcode-webapp/internal/repository/invoice_repository.go:115
[0m[33m[23.039ms] [34;1m[rows:0][0m SELECT * FROM `invoice_templates` WHERE `invoice_templates`.`template_id` = 5

2025/06/17 23:46:46 [32m/opt/dev/go-barcode-webapp/internal/repository/invoice_repository.go:115
[0m[33m[182.431ms] [34;1m[rows:1][0m SELECT * FROM `invoices` WHERE `invoices`.`invoice_id` = 5 ORDER BY `invoices`.`invoice_id` LIMIT 1

2025/06/17 23:46:46 [32m/opt/dev/go-barcode-webapp/internal/repository/invoice_repository.go:364
[0m[33m[11.712ms] [34;1m[rows:1][0m SELECT * FROM `company_settings` ORDER BY `company_settings`.`id` LIMIT 1

2025/06/17 23:46:46 [32m/opt/dev/go-barcode-webapp/internal/repository/invoice_repository.go:411
[0m[33m[11.538ms] [34;1m[rows:9][0m SELECT * FROM `invoice_settings`
[GIN] 2025/06/17 - 23:46:46 | 200 |  251.417134ms |       10.0.0.20 | GET      "/invoices/5/preview"
DEBUG: AuthMiddleware called for URL: /invoices/5
DEBUG: Found session cookie: 5ad1305c6e4817c4c8907d7ebb423cb07c0cde525a8b1d4d9368e5cda8012cbe

2025/06/17 23:46:55 [32m/opt/dev/go-barcode-webapp/internal/handlers/auth_handler.go:141
[0m[33m[22.732ms] [34;1m[rows:1][0m SELECT * FROM `sessions` WHERE session_id = '5ad1305c6e4817c4c8907d7ebb423cb07c0cde525a8b1d4d9368e5cda8012cbe' AND expires_at > '2025-06-17 23:46:55.412' ORDER BY `sessions`.`session_id` LIMIT 1

2025/06/17 23:46:55 [32m/opt/dev/go-barcode-webapp/internal/handlers/auth_handler.go:152
[0m[33m[22.586ms] [34;1m[rows:1][0m SELECT * FROM `users` WHERE userID = 5 AND is_active = true ORDER BY `users`.`userID` LIMIT 1
DEBUG: Session valid for user: admin (ID: 5)

2025/06/17 23:46:55 [32m/opt/dev/go-barcode-webapp/internal/repository/invoice_repository.go:115
[0m[33m[21.959ms] [34;1m[rows:1][0m SELECT * FROM `users` WHERE `users`.`userID` = 5

2025/06/17 23:46:55 [32m/opt/dev/go-barcode-webapp/internal/repository/invoice_repository.go:115
[0m[33m[21.917ms] [34;1m[rows:1][0m SELECT * FROM `customers` WHERE `customers`.`customerID` = 5

2025/06/17 23:46:55 [32m/opt/dev/go-barcode-webapp/internal/repository/invoice_repository.go:115
[0m[33m[22.378ms] [34;1m[rows:0][0m SELECT * FROM `jobs` WHERE `jobs`.`jobID` = 5

2025/06/17 23:46:55 [32m/opt/dev/go-barcode-webapp/internal/repository/invoice_repository.go:115
[0m[33m[22.395ms] [34;1m[rows:0][0m SELECT * FROM `devices` WHERE `devices`.`deviceID` = 5

2025/06/17 23:46:55 [32m/opt/dev/go-barcode-webapp/internal/repository/invoice_repository.go:115
[0m[33m[45.614ms] [34;1m[rows:1][0m SELECT * FROM `invoice_line_items` WHERE `invoice_line_items`.`invoice_id` = 5 ORDER BY sort_order ASC, line_item_id ASC

2025/06/17 23:46:55 [32m/opt/dev/go-barcode-webapp/internal/repository/invoice_repository.go:115
[0m[33m[22.317ms] [34;1m[rows:0][0m SELECT * FROM `invoice_payments` WHERE `invoice_payments`.`invoice_id` = 5 ORDER BY payment_date DESC

2025/06/17 23:46:55 [32m/opt/dev/go-barcode-webapp/internal/repository/invoice_repository.go:115
[0m[33m[22.073ms] [34;1m[rows:0][0m SELECT * FROM `invoice_templates` WHERE `invoice_templates`.`template_id` = 5

2025/06/17 23:46:55 [32m/opt/dev/go-barcode-webapp/internal/repository/invoice_repository.go:115
[0m[33m[179.457ms] [34;1m[rows:1][0m SELECT * FROM `invoices` WHERE `invoices`.`invoice_id` = 5 ORDER BY `invoices`.`invoice_id` LIMIT 1

2025/06/17 23:46:55 [32m/opt/dev/go-barcode-webapp/internal/repository/invoice_repository.go:364
[0m[33m[11.291ms] [34;1m[rows:1][0m SELECT * FROM `company_settings` ORDER BY `company_settings`.`id` LIMIT 1

2025/06/17 23:46:55 [32m/opt/dev/go-barcode-webapp/internal/repository/invoice_repository.go:411
[0m[33m[11.539ms] [34;1m[rows:9][0m SELECT * FROM `invoice_settings`
[GIN] 2025/06/17 - 23:46:55 | 200 |   255.09998ms |       10.0.0.20 | GET      "/invoices/5"
