2025/06/23 10:59:12 Database connection established successfully

2025/06/23 10:59:12 [31;1m/opt/dev/go-barcode-webapp/internal/compliance/audit_logger.go:39 [35;1mError 1146 (42S02): Table 'TS-Lager.audit_events' doesn't exist
[0m[33m[12.063ms] [34;1m[rows:0][0m SELECT * FROM `audit_events` ORDER BY timestamp DESC,`audit_events`.`id` LIMIT 1
2025/06/23 10:59:12 Warning: Failed to create compliance middleware: failed to create GoBD compliance: failed to initialize audit logger: failed to get last audit event: Error 1146 (42S02): Table 'TS-Lager.audit_events' doesn't exist

2025/06/23 10:59:12 [32m/opt/dev/go-barcode-webapp/cmd/server/main.go:134
[0m[33m[12.511ms] [34;1m[rows:-][0m SELECT DATABASE()

2025/06/23 10:59:12 [32m/opt/dev/go-barcode-webapp/cmd/server/main.go:134
[0m[33m[22.925ms] [34;1m[rows:1][0m SELECT SCHEMA_NAME from Information_schema.SCHEMATA where SCHEMA_NAME LIKE 'TS-Lager%' ORDER BY SCHEMA_NAME='TS-Lager' DESC,SCHEMA_NAME limit 1

2025/06/23 10:59:12 [32m/opt/dev/go-barcode-webapp/cmd/server/main.go:134
[0m[33m[22.739ms] [34;1m[rows:-][0m SELECT count(*) FROM information_schema.tables WHERE table_schema = 'TS-Lager' AND table_name = 'users' AND table_type = 'BASE TABLE'

2025/06/23 10:59:12 [32m/opt/dev/go-barcode-webapp/cmd/server/main.go:134
[0m[33m[11.436ms] [34;1m[rows:-][0m SELECT DATABASE()

2025/06/23 10:59:12 [32m/opt/dev/go-barcode-webapp/cmd/server/main.go:134
[0m[33m[22.757ms] [34;1m[rows:1][0m SELECT SCHEMA_NAME from Information_schema.SCHEMATA where SCHEMA_NAME LIKE 'TS-Lager%' ORDER BY SCHEMA_NAME='TS-Lager' DESC,SCHEMA_NAME limit 1

2025/06/23 10:59:12 [32m/opt/dev/go-barcode-webapp/cmd/server/main.go:134
[0m[33m[11.389ms] [34;1m[rows:-][0m SELECT * FROM `users` LIMIT 1

2025/06/23 10:59:12 [32m/opt/dev/go-barcode-webapp/cmd/server/main.go:134
[0m[33m[23.059ms] [34;1m[rows:-][0m SELECT column_name, column_default, is_nullable = 'YES', data_type, character_maximum_length, column_type, column_key, extra, column_comment, numeric_precision, numeric_scale , datetime_precision FROM information_schema.columns WHERE table_schema = 'TS-Lager' AND table_name = 'users' ORDER BY ORDINAL_POSITION

2025/06/23 10:59:12 [32m/opt/dev/go-barcode-webapp/cmd/server/main.go:134
[0m[33m[43.025ms] [34;1m[rows:0][0m ALTER TABLE `users` MODIFY COLUMN `is_active` boolean DEFAULT true

2025/06/23 10:59:12 [32m/opt/dev/go-barcode-webapp/cmd/server/main.go:138
[0m[33m[11.266ms] [34;1m[rows:-][0m SELECT DATABASE()

2025/06/23 10:59:12 [32m/opt/dev/go-barcode-webapp/cmd/server/main.go:138
[0m[33m[22.514ms] [34;1m[rows:1][0m SELECT SCHEMA_NAME from Information_schema.SCHEMATA where SCHEMA_NAME LIKE 'TS-Lager%' ORDER BY SCHEMA_NAME='TS-Lager' DESC,SCHEMA_NAME limit 1

2025/06/23 10:59:12 [32m/opt/dev/go-barcode-webapp/cmd/server/main.go:138
[0m[33m[23.436ms] [34;1m[rows:-][0m SELECT count(*) FROM information_schema.tables WHERE table_schema = 'TS-Lager' AND table_name = 'sessions' AND table_type = 'BASE TABLE'

2025/06/23 10:59:12 [32m/opt/dev/go-barcode-webapp/cmd/server/main.go:138
[0m[33m[11.223ms] [34;1m[rows:-][0m SELECT DATABASE()

2025/06/23 10:59:12 [32m/opt/dev/go-barcode-webapp/cmd/server/main.go:138
[0m[33m[22.709ms] [34;1m[rows:1][0m SELECT SCHEMA_NAME from Information_schema.SCHEMATA where SCHEMA_NAME LIKE 'TS-Lager%' ORDER BY SCHEMA_NAME='TS-Lager' DESC,SCHEMA_NAME limit 1

2025/06/23 10:59:12 [32m/opt/dev/go-barcode-webapp/cmd/server/main.go:138
[0m[33m[11.261ms] [34;1m[rows:-][0m SELECT * FROM `sessions` LIMIT 1

2025/06/23 10:59:12 [32m/opt/dev/go-barcode-webapp/cmd/server/main.go:138
[0m[33m[24.118ms] [34;1m[rows:-][0m SELECT column_name, column_default, is_nullable = 'YES', data_type, character_maximum_length, column_type, column_key, extra, column_comment, numeric_precision, numeric_scale , datetime_precision FROM information_schema.columns WHERE table_schema = 'TS-Lager' AND table_name = 'sessions' ORDER BY ORDINAL_POSITION

2025/06/23 10:59:12 [32m/opt/dev/go-barcode-webapp/cmd/server/main.go:142
[0m[33m[10.875ms] [34;1m[rows:-][0m SELECT DATABASE()

2025/06/23 10:59:12 [32m/opt/dev/go-barcode-webapp/cmd/server/main.go:142
[0m[33m[23.004ms] [34;1m[rows:1][0m SELECT SCHEMA_NAME from Information_schema.SCHEMATA where SCHEMA_NAME LIKE 'TS-Lager%' ORDER BY SCHEMA_NAME='TS-Lager' DESC,SCHEMA_NAME limit 1

2025/06/23 10:59:12 [32m/opt/dev/go-barcode-webapp/cmd/server/main.go:142
[0m[33m[23.619ms] [34;1m[rows:-][0m SELECT count(*) FROM information_schema.tables WHERE table_schema = 'TS-Lager' AND table_name = 'sessions' AND table_type = 'BASE TABLE'

2025/06/23 10:59:12 [32m/opt/dev/go-barcode-webapp/cmd/server/main.go:142
[0m[33m[11.186ms] [34;1m[rows:-][0m SELECT DATABASE()

2025/06/23 10:59:12 [32m/opt/dev/go-barcode-webapp/cmd/server/main.go:142
[0m[33m[23.292ms] [34;1m[rows:1][0m SELECT SCHEMA_NAME from Information_schema.SCHEMATA where SCHEMA_NAME LIKE 'TS-Lager%' ORDER BY SCHEMA_NAME='TS-Lager' DESC,SCHEMA_NAME limit 1

2025/06/23 10:59:12 [32m/opt/dev/go-barcode-webapp/cmd/server/main.go:142
[0m[33m[11.829ms] [34;1m[rows:-][0m SELECT * FROM `sessions` LIMIT 1

2025/06/23 10:59:12 [32m/opt/dev/go-barcode-webapp/cmd/server/main.go:142
[0m[33m[23.126ms] [34;1m[rows:-][0m SELECT column_name, column_default, is_nullable = 'YES', data_type, character_maximum_length, column_type, column_key, extra, column_comment, numeric_precision, numeric_scale , datetime_precision FROM information_schema.columns WHERE table_schema = 'TS-Lager' AND table_name = 'sessions' ORDER BY ORDINAL_POSITION

2025/06/23 10:59:12 [32m/opt/dev/go-barcode-webapp/cmd/server/main.go:142
[0m[33m[11.301ms] [34;1m[rows:-][0m SELECT DATABASE()

2025/06/23 10:59:12 [32m/opt/dev/go-barcode-webapp/cmd/server/main.go:142
[0m[33m[21.723ms] [34;1m[rows:1][0m SELECT SCHEMA_NAME from Information_schema.SCHEMATA where SCHEMA_NAME LIKE 'TS-Lager%' ORDER BY SCHEMA_NAME='TS-Lager' DESC,SCHEMA_NAME limit 1

2025/06/23 10:59:12 [32m/opt/dev/go-barcode-webapp/cmd/server/main.go:142
[0m[33m[22.930ms] [34;1m[rows:-][0m SELECT count(*) FROM information_schema.tables WHERE table_schema = 'TS-Lager' AND table_name = 'users' AND table_type = 'BASE TABLE'

2025/06/23 10:59:12 [32m/opt/dev/go-barcode-webapp/cmd/server/main.go:142
[0m[33m[11.483ms] [34;1m[rows:-][0m SELECT DATABASE()

2025/06/23 10:59:12 [32m/opt/dev/go-barcode-webapp/cmd/server/main.go:142
[0m[33m[23.274ms] [34;1m[rows:1][0m SELECT SCHEMA_NAME from Information_schema.SCHEMATA where SCHEMA_NAME LIKE 'TS-Lager%' ORDER BY SCHEMA_NAME='TS-Lager' DESC,SCHEMA_NAME limit 1

2025/06/23 10:59:12 [32m/opt/dev/go-barcode-webapp/cmd/server/main.go:142
[0m[33m[11.701ms] [34;1m[rows:-][0m SELECT * FROM `users` LIMIT 1

2025/06/23 10:59:12 [32m/opt/dev/go-barcode-webapp/cmd/server/main.go:142
[0m[33m[23.525ms] [34;1m[rows:-][0m SELECT column_name, column_default, is_nullable = 'YES', data_type, character_maximum_length, column_type, column_key, extra, column_comment, numeric_precision, numeric_scale , datetime_precision FROM information_schema.columns WHERE table_schema = 'TS-Lager' AND table_name = 'users' ORDER BY ORDINAL_POSITION

2025/06/23 10:59:12 [32m/opt/dev/go-barcode-webapp/cmd/server/main.go:142
[0m[33m[47.759ms] [34;1m[rows:0][0m ALTER TABLE `users` MODIFY COLUMN `is_active` boolean DEFAULT true

2025/06/23 10:59:12 [32m/opt/dev/go-barcode-webapp/cmd/server/main.go:142
[0m[33m[11.337ms] [34;1m[rows:-][0m SELECT DATABASE()

2025/06/23 10:59:12 [32m/opt/dev/go-barcode-webapp/cmd/server/main.go:142
[0m[33m[22.519ms] [34;1m[rows:1][0m SELECT SCHEMA_NAME from Information_schema.SCHEMATA where SCHEMA_NAME LIKE 'TS-Lager%' ORDER BY SCHEMA_NAME='TS-Lager' DESC,SCHEMA_NAME limit 1

2025/06/23 10:59:12 [32m/opt/dev/go-barcode-webapp/cmd/server/main.go:142
[0m[33m[23.056ms] [34;1m[rows:-][0m SELECT count(*) FROM INFORMATION_SCHEMA.table_constraints WHERE constraint_schema = 'TS-Lager' AND table_name = 'users' AND constraint_name = 'fk_sessions_user'

2025/06/23 10:59:12 [31;1m/opt/dev/go-barcode-webapp/cmd/server/main.go:142 [35;1mError 1142 (42000): REFERENCES command denied to user 'tsweb'@'84.187.147.14' for table 'TS-Lager.sessions'
[0m[33m[11.269ms] [34;1m[rows:0][0m ALTER TABLE `users` ADD CONSTRAINT `fk_sessions_user` FOREIGN KEY (`userID`) REFERENCES `sessions`(`user_id`)
2025/06/23 10:59:12 Failed to auto-migrate equipment_packages table: Error 1142 (42000): REFERENCES command denied to user 'tsweb'@'84.187.147.14' for table 'TS-Lager.sessions'

2025/06/23 10:59:12 [32m/opt/dev/go-barcode-webapp/cmd/server/main.go:146
[0m[33m[11.266ms] [34;1m[rows:-][0m SELECT DATABASE()

2025/06/23 10:59:12 [32m/opt/dev/go-barcode-webapp/cmd/server/main.go:146
[0m[33m[23.388ms] [34;1m[rows:1][0m SELECT SCHEMA_NAME from Information_schema.SCHEMATA where SCHEMA_NAME LIKE 'TS-Lager%' ORDER BY SCHEMA_NAME='TS-Lager' DESC,SCHEMA_NAME limit 1

2025/06/23 10:59:12 [32m/opt/dev/go-barcode-webapp/cmd/server/main.go:146
[0m[33m[22.948ms] [34;1m[rows:-][0m SELECT count(*) FROM information_schema.tables WHERE table_schema = 'TS-Lager' AND table_name = 'sessions' AND table_type = 'BASE TABLE'

2025/06/23 10:59:12 [32m/opt/dev/go-barcode-webapp/cmd/server/main.go:146
[0m[33m[10.924ms] [34;1m[rows:-][0m SELECT DATABASE()

2025/06/23 10:59:12 [32m/opt/dev/go-barcode-webapp/cmd/server/main.go:146
[0m[33m[22.928ms] [34;1m[rows:1][0m SELECT SCHEMA_NAME from Information_schema.SCHEMATA where SCHEMA_NAME LIKE 'TS-Lager%' ORDER BY SCHEMA_NAME='TS-Lager' DESC,SCHEMA_NAME limit 1

2025/06/23 10:59:12 [32m/opt/dev/go-barcode-webapp/cmd/server/main.go:146
[0m[33m[11.263ms] [34;1m[rows:-][0m SELECT * FROM `sessions` LIMIT 1

2025/06/23 10:59:12 [32m/opt/dev/go-barcode-webapp/cmd/server/main.go:146
[0m[33m[23.541ms] [34;1m[rows:-][0m SELECT column_name, column_default, is_nullable = 'YES', data_type, character_maximum_length, column_type, column_key, extra, column_comment, numeric_precision, numeric_scale , datetime_precision FROM information_schema.columns WHERE table_schema = 'TS-Lager' AND table_name = 'sessions' ORDER BY ORDINAL_POSITION

2025/06/23 10:59:12 [32m/opt/dev/go-barcode-webapp/cmd/server/main.go:146
[0m[33m[11.286ms] [34;1m[rows:-][0m SELECT DATABASE()

2025/06/23 10:59:12 [32m/opt/dev/go-barcode-webapp/cmd/server/main.go:146
[0m[33m[23.476ms] [34;1m[rows:1][0m SELECT SCHEMA_NAME from Information_schema.SCHEMATA where SCHEMA_NAME LIKE 'TS-Lager%' ORDER BY SCHEMA_NAME='TS-Lager' DESC,SCHEMA_NAME limit 1

2025/06/23 10:59:12 [32m/opt/dev/go-barcode-webapp/cmd/server/main.go:146
[0m[33m[22.899ms] [34;1m[rows:-][0m SELECT count(*) FROM information_schema.tables WHERE table_schema = 'TS-Lager' AND table_name = 'users' AND table_type = 'BASE TABLE'

2025/06/23 10:59:12 [32m/opt/dev/go-barcode-webapp/cmd/server/main.go:146
[0m[33m[11.339ms] [34;1m[rows:-][0m SELECT DATABASE()

2025/06/23 10:59:12 [32m/opt/dev/go-barcode-webapp/cmd/server/main.go:146
[0m[33m[23.084ms] [34;1m[rows:1][0m SELECT SCHEMA_NAME from Information_schema.SCHEMATA where SCHEMA_NAME LIKE 'TS-Lager%' ORDER BY SCHEMA_NAME='TS-Lager' DESC,SCHEMA_NAME limit 1

2025/06/23 10:59:12 [32m/opt/dev/go-barcode-webapp/cmd/server/main.go:146
[0m[33m[10.905ms] [34;1m[rows:-][0m SELECT * FROM `users` LIMIT 1

2025/06/23 10:59:12 [32m/opt/dev/go-barcode-webapp/cmd/server/main.go:146
[0m[33m[22.988ms] [34;1m[rows:-][0m SELECT column_name, column_default, is_nullable = 'YES', data_type, character_maximum_length, column_type, column_key, extra, column_comment, numeric_precision, numeric_scale , datetime_precision FROM information_schema.columns WHERE table_schema = 'TS-Lager' AND table_name = 'users' ORDER BY ORDINAL_POSITION

2025/06/23 10:59:13 [32m/opt/dev/go-barcode-webapp/cmd/server/main.go:146
[0m[33m[34.622ms] [34;1m[rows:0][0m ALTER TABLE `users` MODIFY COLUMN `is_active` boolean DEFAULT true

2025/06/23 10:59:13 [32m/opt/dev/go-barcode-webapp/cmd/server/main.go:146
[0m[33m[10.894ms] [34;1m[rows:-][0m SELECT DATABASE()

2025/06/23 10:59:13 [32m/opt/dev/go-barcode-webapp/cmd/server/main.go:146
[0m[33m[22.575ms] [34;1m[rows:1][0m SELECT SCHEMA_NAME from Information_schema.SCHEMATA where SCHEMA_NAME LIKE 'TS-Lager%' ORDER BY SCHEMA_NAME='TS-Lager' DESC,SCHEMA_NAME limit 1

2025/06/23 10:59:13 [32m/opt/dev/go-barcode-webapp/cmd/server/main.go:146
[0m[33m[22.372ms] [34;1m[rows:-][0m SELECT count(*) FROM INFORMATION_SCHEMA.table_constraints WHERE constraint_schema = 'TS-Lager' AND table_name = 'users' AND constraint_name = 'fk_sessions_user'

2025/06/23 10:59:13 [31;1m/opt/dev/go-barcode-webapp/cmd/server/main.go:146 [35;1mError 1142 (42000): REFERENCES command denied to user 'tsweb'@'84.187.147.14' for table 'TS-Lager.sessions'
[0m[33m[11.393ms] [34;1m[rows:0][0m ALTER TABLE `users` ADD CONSTRAINT `fk_sessions_user` FOREIGN KEY (`userID`) REFERENCES `sessions`(`user_id`)
2025/06/23 10:59:13 Failed to auto-migrate invoice_templates table: Error 1142 (42000): REFERENCES command denied to user 'tsweb'@'84.187.147.14' for table 'TS-Lager.sessions'

2025/06/23 10:59:13 [32m/opt/dev/go-barcode-webapp/cmd/server/main.go:150
[0m[33m[11.436ms] [34;1m[rows:-][0m SELECT DATABASE()

2025/06/23 10:59:13 [32m/opt/dev/go-barcode-webapp/cmd/server/main.go:150
[0m[33m[23.486ms] [34;1m[rows:1][0m SELECT SCHEMA_NAME from Information_schema.SCHEMATA where SCHEMA_NAME LIKE 'TS-Lager%' ORDER BY SCHEMA_NAME='TS-Lager' DESC,SCHEMA_NAME limit 1

2025/06/23 10:59:13 [32m/opt/dev/go-barcode-webapp/cmd/server/main.go:150
[0m[33m[22.901ms] [34;1m[rows:-][0m SELECT count(*) FROM information_schema.tables WHERE table_schema = 'TS-Lager' AND table_name = 'company_settings' AND table_type = 'BASE TABLE'

2025/06/23 10:59:13 [32m/opt/dev/go-barcode-webapp/cmd/server/main.go:150
[0m[33m[11.371ms] [34;1m[rows:-][0m SELECT DATABASE()

2025/06/23 10:59:13 [32m/opt/dev/go-barcode-webapp/cmd/server/main.go:150
[0m[33m[23.970ms] [34;1m[rows:1][0m SELECT SCHEMA_NAME from Information_schema.SCHEMATA where SCHEMA_NAME LIKE 'TS-Lager%' ORDER BY SCHEMA_NAME='TS-Lager' DESC,SCHEMA_NAME limit 1

2025/06/23 10:59:13 [32m/opt/dev/go-barcode-webapp/cmd/server/main.go:150
[0m[33m[11.898ms] [34;1m[rows:-][0m SELECT * FROM `company_settings` LIMIT 1

2025/06/23 10:59:13 [32m/opt/dev/go-barcode-webapp/cmd/server/main.go:150
[0m[33m[23.518ms] [34;1m[rows:-][0m SELECT column_name, column_default, is_nullable = 'YES', data_type, character_maximum_length, column_type, column_key, extra, column_comment, numeric_precision, numeric_scale , datetime_precision FROM information_schema.columns WHERE table_schema = 'TS-Lager' AND table_name = 'company_settings' ORDER BY ORDINAL_POSITION

2025/06/23 10:59:13 [32m/opt/dev/go-barcode-webapp/cmd/server/main.go:154
[0m[33m[10.962ms] [34;1m[rows:-][0m SELECT DATABASE()

2025/06/23 10:59:13 [32m/opt/dev/go-barcode-webapp/cmd/server/main.go:154
[0m[33m[23.028ms] [34;1m[rows:1][0m SELECT SCHEMA_NAME from Information_schema.SCHEMATA where SCHEMA_NAME LIKE 'TS-Lager%' ORDER BY SCHEMA_NAME='TS-Lager' DESC,SCHEMA_NAME limit 1

2025/06/23 10:59:13 [32m/opt/dev/go-barcode-webapp/cmd/server/main.go:154
[0m[33m[23.917ms] [34;1m[rows:-][0m SELECT count(*) FROM information_schema.tables WHERE table_schema = 'TS-Lager' AND table_name = 'sessions' AND table_type = 'BASE TABLE'

2025/06/23 10:59:13 [32m/opt/dev/go-barcode-webapp/cmd/server/main.go:154
[0m[33m[10.873ms] [34;1m[rows:-][0m SELECT DATABASE()

2025/06/23 10:59:13 [32m/opt/dev/go-barcode-webapp/cmd/server/main.go:154
[0m[33m[23.062ms] [34;1m[rows:1][0m SELECT SCHEMA_NAME from Information_schema.SCHEMATA where SCHEMA_NAME LIKE 'TS-Lager%' ORDER BY SCHEMA_NAME='TS-Lager' DESC,SCHEMA_NAME limit 1

2025/06/23 10:59:13 [32m/opt/dev/go-barcode-webapp/cmd/server/main.go:154
[0m[33m[10.805ms] [34;1m[rows:-][0m SELECT * FROM `sessions` LIMIT 1

2025/06/23 10:59:13 [32m/opt/dev/go-barcode-webapp/cmd/server/main.go:154
[0m[33m[23.976ms] [34;1m[rows:-][0m SELECT column_name, column_default, is_nullable = 'YES', data_type, character_maximum_length, column_type, column_key, extra, column_comment, numeric_precision, numeric_scale , datetime_precision FROM information_schema.columns WHERE table_schema = 'TS-Lager' AND table_name = 'sessions' ORDER BY ORDINAL_POSITION

2025/06/23 10:59:13 [32m/opt/dev/go-barcode-webapp/cmd/server/main.go:154
[0m[33m[10.827ms] [34;1m[rows:-][0m SELECT DATABASE()

2025/06/23 10:59:13 [32m/opt/dev/go-barcode-webapp/cmd/server/main.go:154
[0m[33m[22.528ms] [34;1m[rows:1][0m SELECT SCHEMA_NAME from Information_schema.SCHEMATA where SCHEMA_NAME LIKE 'TS-Lager%' ORDER BY SCHEMA_NAME='TS-Lager' DESC,SCHEMA_NAME limit 1

2025/06/23 10:59:13 [32m/opt/dev/go-barcode-webapp/cmd/server/main.go:154
[0m[33m[23.423ms] [34;1m[rows:-][0m SELECT count(*) FROM information_schema.tables WHERE table_schema = 'TS-Lager' AND table_name = 'users' AND table_type = 'BASE TABLE'

2025/06/23 10:59:13 [32m/opt/dev/go-barcode-webapp/cmd/server/main.go:154
[0m[33m[10.938ms] [34;1m[rows:-][0m SELECT DATABASE()

2025/06/23 10:59:13 [32m/opt/dev/go-barcode-webapp/cmd/server/main.go:154
[0m[33m[22.034ms] [34;1m[rows:1][0m SELECT SCHEMA_NAME from Information_schema.SCHEMATA where SCHEMA_NAME LIKE 'TS-Lager%' ORDER BY SCHEMA_NAME='TS-Lager' DESC,SCHEMA_NAME limit 1

2025/06/23 10:59:13 [32m/opt/dev/go-barcode-webapp/cmd/server/main.go:154
[0m[33m[11.391ms] [34;1m[rows:-][0m SELECT * FROM `users` LIMIT 1

2025/06/23 10:59:13 [32m/opt/dev/go-barcode-webapp/cmd/server/main.go:154
[0m[33m[23.643ms] [34;1m[rows:-][0m SELECT column_name, column_default, is_nullable = 'YES', data_type, character_maximum_length, column_type, column_key, extra, column_comment, numeric_precision, numeric_scale , datetime_precision FROM information_schema.columns WHERE table_schema = 'TS-Lager' AND table_name = 'users' ORDER BY ORDINAL_POSITION

2025/06/23 10:59:13 [32m/opt/dev/go-barcode-webapp/cmd/server/main.go:154
[0m[33m[48.640ms] [34;1m[rows:0][0m ALTER TABLE `users` MODIFY COLUMN `is_active` boolean DEFAULT true

2025/06/23 10:59:13 [32m/opt/dev/go-barcode-webapp/cmd/server/main.go:154
[0m[33m[11.277ms] [34;1m[rows:-][0m SELECT DATABASE()

2025/06/23 10:59:13 [32m/opt/dev/go-barcode-webapp/cmd/server/main.go:154
[0m[33m[22.563ms] [34;1m[rows:1][0m SELECT SCHEMA_NAME from Information_schema.SCHEMATA where SCHEMA_NAME LIKE 'TS-Lager%' ORDER BY SCHEMA_NAME='TS-Lager' DESC,SCHEMA_NAME limit 1

2025/06/23 10:59:13 [32m/opt/dev/go-barcode-webapp/cmd/server/main.go:154
[0m[33m[23.882ms] [34;1m[rows:-][0m SELECT count(*) FROM INFORMATION_SCHEMA.table_constraints WHERE constraint_schema = 'TS-Lager' AND table_name = 'users' AND constraint_name = 'fk_sessions_user'

2025/06/23 10:59:13 [31;1m/opt/dev/go-barcode-webapp/cmd/server/main.go:154 [35;1mError 1142 (42000): REFERENCES command denied to user 'tsweb'@'84.187.147.14' for table 'TS-Lager.sessions'
[0m[33m[11.317ms] [34;1m[rows:0][0m ALTER TABLE `users` ADD CONSTRAINT `fk_sessions_user` FOREIGN KEY (`userID`) REFERENCES `sessions`(`user_id`)
2025/06/23 10:59:13 Failed to auto-migrate email_templates table: Error 1142 (42000): REFERENCES command denied to user 'tsweb'@'84.187.147.14' for table 'TS-Lager.sessions'

2025/06/23 10:59:13 [32m/opt/dev/go-barcode-webapp/internal/repository/invoice_repository_new.go:510
[0m[33m[97.795ms] [34;1m[rows:1][0m SELECT * FROM `invoice_templates` ORDER BY is_default DESC, name ASC
2025/06/23 10:59:13 Templates already exist (1), skipping default template creation
[GIN-debug] [WARNING] Running in "debug" mode. Switch to "release" mode in production.
 - using env:	export GIN_MODE=release
 - using code:	gin.SetMode(gin.ReleaseMode)

[GIN-debug] Loaded HTML Templates (73): 
	- case_device_mapping.html
	- financial_dashboard.html
	- invoice_preview_new.html
	- invoice_settings_form.html
	- invoice_template_designer_simple.html
	- transaction_form.html
	- user_detail.html
	- documents_list.html
	- invoice_template_designer_new.html
	- job_detail.html
	- job_template_detail.html
	- job_templates_list.html
	- customers.html
	- email_template_form.html
	- invoice_preview.html
	- invoice_templates_list.html
	- home.html
	- devices.html
	- email_template_preview.html
	- job_form.html
	- login.html
	- content
	- company_settings_SIMPLE.html
	- devices_standalone.html
	- monitoring-dashboard-content
	- case_detail.html
	- device_form.html
	- invoice_template_designer_simple_new.html
	- invoices_list.html
	- users_list.html
	- bulk_operations.html
	- equipment_package_form.html
	- financial_reports.html
	- monitoring_dashboard.html
	- company-settings-content
	- customer_detail.html
	- scan_job.html
	- scan_select_job.html
	- customer_form.html
	- equipment_package_detail.html
	- equipment_packages_list.html
	- invoice_form_new.html
	- security_roles.html
	- transactions_list.html
	- user_form.html
	- monitoring_dashboard_standalone.html
	- analytics_dashboard.html
	- case_form.html
	- company_settings.html
	- invoice_detail.html
	- invoice_template_designer.html
	- invoice_template_german.html
	- jobs.html
	- search_results.html
	- invoice_form.html
	- invoice_template_designer_advanced.html
	- security_audit.html
	- signature_form.html
	- company_settings_FIXED.html
	- device_detail.html
	- error.html
	- mobile_scanner_enhanced.html
	- base.html
	- cases_list.html
	- company_settings_standalone.html
	- email_templates_list.html
	- equipment_package_form_enhanced.html
	- job_template_form.html
	- mobile_scanner.html
	- 
	- document_upload_form.html
	- home_new.html.backup
	- transaction_detail.html

[GIN-debug] GET    /static/*filepath         --> github.com/gin-gonic/gin.(*RouterGroup).createStaticHandler.func1 (6 handlers)
[GIN-debug] HEAD   /static/*filepath         --> github.com/gin-gonic/gin.(*RouterGroup).createStaticHandler.func1 (6 handlers)
[GIN-debug] GET    /uploads/*filepath        --> github.com/gin-gonic/gin.(*RouterGroup).createStaticHandler.func1 (6 handlers)
[GIN-debug] HEAD   /uploads/*filepath        --> github.com/gin-gonic/gin.(*RouterGroup).createStaticHandler.func1 (6 handlers)
[GIN-debug] GET    /sw.js                    --> main.main.func18 (7 handlers)
[GIN-debug] GET    /manifest.json            --> main.main.func19 (7 handlers)

2025/06/23 10:59:13 [32m/opt/dev/go-barcode-webapp/internal/handlers/security_handler.go:867
[0m[33m[23.147ms] [34;1m[rows:1][0m SELECT * FROM `roles` WHERE name = 'admin' ORDER BY `roles`.`roleID` LIMIT 1

2025/06/23 10:59:13 [32m/opt/dev/go-barcode-webapp/internal/handlers/security_handler.go:867
[0m[33m[22.583ms] [34;1m[rows:1][0m SELECT * FROM `roles` WHERE name = 'manager' ORDER BY `roles`.`roleID` LIMIT 1

2025/06/23 10:59:13 [32m/opt/dev/go-barcode-webapp/internal/handlers/security_handler.go:867
[0m[33m[22.545ms] [34;1m[rows:1][0m SELECT * FROM `roles` WHERE name = 'employee' ORDER BY `roles`.`roleID` LIMIT 1

2025/06/23 10:59:13 [32m/opt/dev/go-barcode-webapp/internal/handlers/security_handler.go:867
[0m[33m[22.264ms] [34;1m[rows:1][0m SELECT * FROM `roles` WHERE name = 'viewer' ORDER BY `roles`.`roleID` LIMIT 1
[GIN-debug] GET    /                         --> main.setupRoutes.func1 (7 handlers)
[GIN-debug] GET    /login                    --> go-barcode-webapp/internal/handlers.(*AuthHandler).LoginForm-fm (7 handlers)
[GIN-debug] POST   /login                    --> go-barcode-webapp/internal/handlers.(*AuthHandler).Login-fm (7 handlers)
[GIN-debug] GET    /logout                   --> go-barcode-webapp/internal/handlers.(*AuthHandler).Logout-fm (7 handlers)
[GIN-debug] GET    /debug/invoice-test       --> main.setupRoutes.func2 (7 handlers)
[GIN-debug] GET    /debug/customer-selection --> main.setupRoutes.func3 (7 handlers)
[GIN-debug] GET    /debug/routes             --> main.setupRoutes.func4 (7 handlers)
[GIN-debug] GET    /dashboard                --> go-barcode-webapp/internal/handlers.(*HomeHandler).Dashboard-fm (8 handlers)
[GIN-debug] GET    /jobs                     --> go-barcode-webapp/internal/handlers.(*JobHandler).ListJobs-fm (8 handlers)
[GIN-debug] GET    /jobs/new                 --> go-barcode-webapp/internal/handlers.(*JobHandler).NewJobForm-fm (8 handlers)
[GIN-debug] POST   /jobs                     --> go-barcode-webapp/internal/handlers.(*JobHandler).CreateJob-fm (8 handlers)
[GIN-debug] GET    /jobs/:id                 --> go-barcode-webapp/internal/handlers.(*JobHandler).GetJob-fm (8 handlers)
[GIN-debug] GET    /jobs/:id/edit            --> go-barcode-webapp/internal/handlers.(*JobHandler).EditJobForm-fm (8 handlers)
[GIN-debug] PUT    /jobs/:id                 --> go-barcode-webapp/internal/handlers.(*JobHandler).UpdateJob-fm (8 handlers)
[GIN-debug] DELETE /jobs/:id                 --> go-barcode-webapp/internal/handlers.(*JobHandler).DeleteJob-fm (8 handlers)
[GIN-debug] GET    /jobs/:id/devices         --> go-barcode-webapp/internal/handlers.(*JobHandler).GetJobDevices-fm (8 handlers)
[GIN-debug] POST   /jobs/:id/devices         --> go-barcode-webapp/internal/handlers.(*JobHandler).AssignDevice-fm (8 handlers)
[GIN-debug] DELETE /jobs/:id/devices/:deviceId --> go-barcode-webapp/internal/handlers.(*JobHandler).RemoveDevice-fm (8 handlers)
[GIN-debug] POST   /jobs/:id/bulk-scan       --> go-barcode-webapp/internal/handlers.(*JobHandler).BulkScanDevices-fm (8 handlers)
[GIN-debug] GET    /devices                  --> go-barcode-webapp/internal/handlers.(*DeviceHandler).ListDevices-fm (8 handlers)
[GIN-debug] GET    /devices/new              --> go-barcode-webapp/internal/handlers.(*DeviceHandler).NewDeviceForm-fm (8 handlers)
[GIN-debug] POST   /devices                  --> go-barcode-webapp/internal/handlers.(*DeviceHandler).CreateDevice-fm (8 handlers)
[GIN-debug] GET    /devices/:id              --> go-barcode-webapp/internal/handlers.(*DeviceHandler).GetDevice-fm (8 handlers)
[GIN-debug] GET    /devices/:id/edit         --> go-barcode-webapp/internal/handlers.(*DeviceHandler).EditDeviceForm-fm (8 handlers)
[GIN-debug] PUT    /devices/:id              --> go-barcode-webapp/internal/handlers.(*DeviceHandler).UpdateDevice-fm (8 handlers)
[GIN-debug] DELETE /devices/:id              --> go-barcode-webapp/internal/handlers.(*DeviceHandler).DeleteDevice-fm (8 handlers)
[GIN-debug] GET    /devices/:id/qr           --> go-barcode-webapp/internal/handlers.(*DeviceHandler).GetDeviceQR-fm (8 handlers)
[GIN-debug] GET    /devices/:id/barcode      --> go-barcode-webapp/internal/handlers.(*DeviceHandler).GetDeviceBarcode-fm (8 handlers)
[GIN-debug] GET    /devices/available        --> go-barcode-webapp/internal/handlers.(*DeviceHandler).GetAvailableDevices-fm (8 handlers)
[GIN-debug] GET    /customers                --> go-barcode-webapp/internal/handlers.(*CustomerHandler).ListCustomers-fm (8 handlers)
[GIN-debug] GET    /customers/new            --> go-barcode-webapp/internal/handlers.(*CustomerHandler).NewCustomerForm-fm (8 handlers)
[GIN-debug] POST   /customers                --> go-barcode-webapp/internal/handlers.(*CustomerHandler).CreateCustomer-fm (8 handlers)
[GIN-debug] GET    /customers/:id            --> go-barcode-webapp/internal/handlers.(*CustomerHandler).GetCustomer-fm (8 handlers)
[GIN-debug] GET    /customers/:id/edit       --> go-barcode-webapp/internal/handlers.(*CustomerHandler).EditCustomerForm-fm (8 handlers)
[GIN-debug] PUT    /customers/:id            --> go-barcode-webapp/internal/handlers.(*CustomerHandler).UpdateCustomer-fm (8 handlers)
[GIN-debug] DELETE /customers/:id            --> go-barcode-webapp/internal/handlers.(*CustomerHandler).DeleteCustomer-fm (8 handlers)
[GIN-debug] GET    /statuses                 --> go-barcode-webapp/internal/handlers.(*StatusHandler).ListStatuses-fm (8 handlers)
[GIN-debug] GET    /products                 --> go-barcode-webapp/internal/handlers.(*ProductHandler).ListProducts-fm (8 handlers)
[GIN-debug] GET    /cases                    --> go-barcode-webapp/internal/handlers.(*CaseHandler).ListCases-fm (8 handlers)
[GIN-debug] GET    /cases/new                --> go-barcode-webapp/internal/handlers.(*CaseHandler).NewCaseForm-fm (8 handlers)
[GIN-debug] POST   /cases                    --> go-barcode-webapp/internal/handlers.(*CaseHandler).CreateCase-fm (8 handlers)
[GIN-debug] GET    /cases/:id                --> go-barcode-webapp/internal/handlers.(*CaseHandler).GetCase-fm (8 handlers)
[GIN-debug] GET    /cases/:id/edit           --> go-barcode-webapp/internal/handlers.(*CaseHandler).EditCaseForm-fm (8 handlers)
[GIN-debug] PUT    /cases/:id                --> go-barcode-webapp/internal/handlers.(*CaseHandler).UpdateCase-fm (8 handlers)
[GIN-debug] DELETE /cases/:id                --> go-barcode-webapp/internal/handlers.(*CaseHandler).DeleteCase-fm (8 handlers)
[GIN-debug] GET    /cases/:id/devices        --> go-barcode-webapp/internal/handlers.(*CaseHandler).CaseDeviceMapping-fm (8 handlers)
[GIN-debug] POST   /cases/:id/devices        --> go-barcode-webapp/internal/handlers.(*CaseHandler).ScanDeviceToCase-fm (8 handlers)
[GIN-debug] DELETE /cases/:id/devices/:deviceId --> go-barcode-webapp/internal/handlers.(*CaseHandler).RemoveDeviceFromCase-fm (8 handlers)
[GIN-debug] GET    /barcodes/device/:serialNo/qr --> go-barcode-webapp/internal/handlers.(*BarcodeHandler).GenerateDeviceQR-fm (8 handlers)
[GIN-debug] GET    /barcodes/device/:serialNo/barcode --> go-barcode-webapp/internal/handlers.(*BarcodeHandler).GenerateDeviceBarcode-fm (8 handlers)
[GIN-debug] GET    /scan/select              --> go-barcode-webapp/internal/handlers.(*ScannerHandler).ScanJobSelection-fm (8 handlers)
[GIN-debug] GET    /scan/:jobId              --> go-barcode-webapp/internal/handlers.(*ScannerHandler).ScanJob-fm (8 handlers)
[GIN-debug] POST   /scan/:jobId/assign       --> go-barcode-webapp/internal/handlers.(*ScannerHandler).ScanDevice-fm (8 handlers)
[GIN-debug] DELETE /scan/:jobId/devices/:deviceId --> go-barcode-webapp/internal/handlers.(*ScannerHandler).RemoveDevice-fm (8 handlers)
[GIN-debug] GET    /analytics                --> go-barcode-webapp/internal/handlers.(*AnalyticsHandler).Dashboard-fm (8 handlers)
[GIN-debug] GET    /analytics/revenue        --> go-barcode-webapp/internal/handlers.(*AnalyticsHandler).GetRevenueAPI-fm (8 handlers)
[GIN-debug] GET    /analytics/equipment      --> go-barcode-webapp/internal/handlers.(*AnalyticsHandler).GetEquipmentAPI-fm (8 handlers)
[GIN-debug] GET    /analytics/export         --> go-barcode-webapp/internal/handlers.(*AnalyticsHandler).ExportAnalytics-fm (8 handlers)
[GIN-debug] GET    /search/global            --> go-barcode-webapp/internal/handlers.(*SearchHandler).GlobalSearch-fm (8 handlers)
[GIN-debug] POST   /search/advanced          --> go-barcode-webapp/internal/handlers.(*SearchHandler).AdvancedSearch-fm (8 handlers)
[GIN-debug] GET    /search/suggestions       --> go-barcode-webapp/internal/handlers.(*SearchHandler).SearchSuggestions-fm (8 handlers)
[GIN-debug] GET    /search/saved             --> go-barcode-webapp/internal/handlers.(*SearchHandler).SavedSearches-fm (8 handlers)
[GIN-debug] DELETE /search/saved/:id         --> go-barcode-webapp/internal/handlers.(*SearchHandler).DeleteSavedSearch-fm (8 handlers)
[GIN-debug] POST   /pwa/subscribe            --> go-barcode-webapp/internal/handlers.(*PWAHandler).SubscribePush-fm (8 handlers)
[GIN-debug] POST   /pwa/unsubscribe          --> go-barcode-webapp/internal/handlers.(*PWAHandler).UnsubscribePush-fm (8 handlers)
[GIN-debug] POST   /pwa/sync                 --> go-barcode-webapp/internal/handlers.(*PWAHandler).SyncOfflineData-fm (8 handlers)
[GIN-debug] GET    /pwa/manifest             --> go-barcode-webapp/internal/handlers.(*PWAHandler).GetOfflineManifest-fm (8 handlers)
[GIN-debug] GET    /pwa/install              --> go-barcode-webapp/internal/handlers.(*PWAHandler).InstallPrompt-fm (8 handlers)
[GIN-debug] GET    /pwa/status               --> go-barcode-webapp/internal/handlers.(*PWAHandler).GetConnectionStatus-fm (8 handlers)
[GIN-debug] GET    /workflow/templates       --> go-barcode-webapp/internal/handlers.(*WorkflowHandler).ListJobTemplates-fm (8 handlers)
[GIN-debug] GET    /workflow/templates/new   --> go-barcode-webapp/internal/handlers.(*WorkflowHandler).NewJobTemplateForm-fm (8 handlers)
[GIN-debug] POST   /workflow/templates       --> go-barcode-webapp/internal/handlers.(*WorkflowHandler).CreateJobTemplate-fm (8 handlers)
[GIN-debug] GET    /workflow/templates/:id   --> go-barcode-webapp/internal/handlers.(*WorkflowHandler).GetJobTemplate-fm (8 handlers)
[GIN-debug] GET    /workflow/templates/:id/edit --> go-barcode-webapp/internal/handlers.(*WorkflowHandler).EditJobTemplateForm-fm (8 handlers)
[GIN-debug] PUT    /workflow/templates/:id   --> go-barcode-webapp/internal/handlers.(*WorkflowHandler).UpdateJobTemplate-fm (8 handlers)
[GIN-debug] DELETE /workflow/templates/:id   --> go-barcode-webapp/internal/handlers.(*WorkflowHandler).DeleteJobTemplate-fm (8 handlers)
[GIN-debug] POST   /workflow/templates/:id/create-job --> go-barcode-webapp/internal/handlers.(*WorkflowHandler).CreateJobFromTemplate-fm (8 handlers)
[GIN-debug] GET    /workflow/packages        --> go-barcode-webapp/internal/handlers.(*WorkflowHandler).ListEquipmentPackages-fm (8 handlers)
[GIN-debug] GET    /workflow/packages/new    --> go-barcode-webapp/internal/handlers.(*WorkflowHandler).NewEquipmentPackageForm-fm (8 handlers)
[GIN-debug] GET    /workflow/packages/debug  --> go-barcode-webapp/internal/handlers.(*WorkflowHandler).DebugPackageForm-fm (8 handlers)
[GIN-debug] POST   /workflow/packages        --> go-barcode-webapp/internal/handlers.(*WorkflowHandler).CreateEquipmentPackage-fm (8 handlers)
[GIN-debug] GET    /workflow/packages/:id    --> go-barcode-webapp/internal/handlers.(*WorkflowHandler).GetEquipmentPackage-fm (8 handlers)
[GIN-debug] GET    /workflow/bulk            --> go-barcode-webapp/internal/handlers.(*WorkflowHandler).BulkOperationsForm-fm (8 handlers)
[GIN-debug] POST   /workflow/bulk/update-status --> go-barcode-webapp/internal/handlers.(*WorkflowHandler).BulkUpdateDeviceStatus-fm (8 handlers)
[GIN-debug] POST   /workflow/bulk/assign-job --> go-barcode-webapp/internal/handlers.(*WorkflowHandler).BulkAssignToJob-fm (8 handlers)
[GIN-debug] POST   /workflow/bulk/generate-qr --> go-barcode-webapp/internal/handlers.(*WorkflowHandler).BulkGenerateQRCodes-fm (8 handlers)
[GIN-debug] GET    /workflow/stats           --> go-barcode-webapp/internal/handlers.(*WorkflowHandler).GetWorkflowStats-fm (8 handlers)
[GIN-debug] GET    /documents                --> go-barcode-webapp/internal/handlers.(*DocumentHandler).ListDocuments-fm (8 handlers)
[GIN-debug] GET    /documents/upload         --> go-barcode-webapp/internal/handlers.(*DocumentHandler).UploadDocumentForm-fm (8 handlers)
[GIN-debug] POST   /documents/upload         --> go-barcode-webapp/internal/handlers.(*DocumentHandler).UploadDocument-fm (8 handlers)
[GIN-debug] GET    /documents/:id            --> go-barcode-webapp/internal/handlers.(*DocumentHandler).GetDocument-fm (8 handlers)
[GIN-debug] GET    /documents/:id/view       --> go-barcode-webapp/internal/handlers.(*DocumentHandler).ViewDocument-fm (8 handlers)
[GIN-debug] GET    /documents/:id/download   --> go-barcode-webapp/internal/handlers.(*DocumentHandler).DownloadDocument-fm (8 handlers)
[GIN-debug] DELETE /documents/:id            --> go-barcode-webapp/internal/handlers.(*DocumentHandler).DeleteDocument-fm (8 handlers)
[GIN-debug] GET    /documents/:id/sign       --> go-barcode-webapp/internal/handlers.(*DocumentHandler).SignatureForm-fm (8 handlers)
[GIN-debug] POST   /documents/:id/sign       --> go-barcode-webapp/internal/handlers.(*DocumentHandler).AddSignature-fm (8 handlers)
[GIN-debug] GET    /documents/signatures/:id/verify --> go-barcode-webapp/internal/handlers.(*DocumentHandler).VerifySignature-fm (8 handlers)
[GIN-debug] GET    /financial                --> go-barcode-webapp/internal/handlers.(*FinancialHandler).FinancialDashboard-fm (8 handlers)
[GIN-debug] GET    /financial/transactions   --> go-barcode-webapp/internal/handlers.(*FinancialHandler).ListTransactions-fm (8 handlers)
[GIN-debug] GET    /financial/transactions/new --> go-barcode-webapp/internal/handlers.(*FinancialHandler).NewTransactionForm-fm (8 handlers)
[GIN-debug] POST   /financial/transactions   --> go-barcode-webapp/internal/handlers.(*FinancialHandler).CreateTransaction-fm (8 handlers)
[GIN-debug] GET    /financial/transactions/:id --> go-barcode-webapp/internal/handlers.(*FinancialHandler).GetTransaction-fm (8 handlers)
[GIN-debug] PUT    /financial/transactions/:id/status --> go-barcode-webapp/internal/handlers.(*FinancialHandler).UpdateTransactionStatus-fm (8 handlers)
[GIN-debug] POST   /financial/jobs/:jobId/invoice --> go-barcode-webapp/internal/handlers.(*FinancialHandler).GenerateInvoice-fm (8 handlers)
[GIN-debug] GET    /financial/reports        --> go-barcode-webapp/internal/handlers.(*FinancialHandler).FinancialReports-fm (8 handlers)
[GIN-debug] GET    /financial/api/revenue-report --> go-barcode-webapp/internal/handlers.(*FinancialHandler).GetRevenueReport-fm (8 handlers)
[GIN-debug] GET    /financial/api/payment-report --> go-barcode-webapp/internal/handlers.(*FinancialHandler).GetPaymentReport-fm (8 handlers)
[GIN-debug] GET    /financial/api/export/transactions --> go-barcode-webapp/internal/handlers.(*FinancialHandler).ExportTransactions-fm (8 handlers)
[GIN-debug] GET    /financial/api/export/revenue --> go-barcode-webapp/internal/handlers.(*FinancialHandler).ExportRevenue-fm (8 handlers)
[GIN-debug] GET    /financial/api/export/tax-report --> go-barcode-webapp/internal/handlers.(*FinancialHandler).ExportTaxReportCSV-fm (8 handlers)
[GIN-debug] GET    /invoices                 --> go-barcode-webapp/internal/handlers.(*InvoiceHandlerNew).ListInvoices-fm (8 handlers)
[GIN-debug] GET    /invoices/new             --> go-barcode-webapp/internal/handlers.(*InvoiceHandlerNew).NewInvoiceForm-fm (8 handlers)
[GIN-debug] POST   /invoices                 --> go-barcode-webapp/internal/handlers.(*InvoiceHandlerNew).CreateInvoice-fm (8 handlers)
[GIN-debug] GET    /invoices/:id             --> go-barcode-webapp/internal/handlers.(*InvoiceHandlerNew).GetInvoice-fm (8 handlers)
[GIN-debug] GET    /invoices/:id/edit        --> go-barcode-webapp/internal/handlers.(*InvoiceHandlerNew).EditInvoiceForm-fm (8 handlers)
[GIN-debug] GET    /invoices/:id/preview     --> go-barcode-webapp/internal/handlers.(*InvoiceHandlerNew).PreviewInvoice-fm (8 handlers)
[GIN-debug] PUT    /invoices/:id             --> go-barcode-webapp/internal/handlers.(*InvoiceHandlerNew).UpdateInvoice-fm (8 handlers)
[GIN-debug] PUT    /invoices/:id/status      --> go-barcode-webapp/internal/handlers.(*InvoiceHandlerNew).UpdateInvoiceStatus-fm (8 handlers)
[GIN-debug] DELETE /invoices/:id             --> go-barcode-webapp/internal/handlers.(*InvoiceHandlerNew).DeleteInvoice-fm (8 handlers)
[GIN-debug] GET    /invoices/:id/pdf         --> go-barcode-webapp/internal/handlers.(*InvoiceHandlerNew).GenerateInvoicePDF-fm (8 handlers)
[GIN-debug] GET    /invoice-templates        --> go-barcode-webapp/internal/handlers.(*InvoiceTemplateHandler).ListTemplates-fm (8 handlers)
[GIN-debug] GET    /invoice-templates/new    --> go-barcode-webapp/internal/handlers.(*InvoiceTemplateHandler).NewTemplateForm-fm (8 handlers)
[GIN-debug] POST   /invoice-templates        --> go-barcode-webapp/internal/handlers.(*InvoiceTemplateHandler).CreateTemplate-fm (8 handlers)
[GIN-debug] GET    /invoice-templates/:id/edit --> go-barcode-webapp/internal/handlers.(*InvoiceTemplateHandler).EditTemplateForm-fm (8 handlers)
[GIN-debug] PUT    /invoice-templates/:id    --> go-barcode-webapp/internal/handlers.(*InvoiceTemplateHandler).UpdateTemplate-fm (8 handlers)
[GIN-debug] DELETE /invoice-templates/:id    --> go-barcode-webapp/internal/handlers.(*InvoiceTemplateHandler).DeleteTemplate-fm (8 handlers)
[GIN-debug] GET    /invoice-templates/:id/preview --> go-barcode-webapp/internal/handlers.(*InvoiceTemplateHandler).PreviewTemplate-fm (8 handlers)
[GIN-debug] POST   /invoice-templates/:id/set-default --> go-barcode-webapp/internal/handlers.(*InvoiceTemplateHandler).SetDefaultTemplate-fm (8 handlers)
[GIN-debug] GET    /settings/company         --> main.setupRoutes.func5 (8 handlers)
[GIN-debug] GET    /settings/company/api     --> go-barcode-webapp/internal/handlers.(*CompanyHandler).GetCompanySettings-fm (8 handlers)
[GIN-debug] PUT    /settings/company/api     --> go-barcode-webapp/internal/handlers.(*CompanyHandler).UpdateCompanySettings-fm (8 handlers)
[GIN-debug] POST   /settings/company/logo    --> go-barcode-webapp/internal/handlers.(*CompanyHandler).UploadCompanyLogo-fm (8 handlers)
[GIN-debug] DELETE /settings/company/logo    --> go-barcode-webapp/internal/handlers.(*CompanyHandler).DeleteCompanyLogo-fm (8 handlers)
[GIN-debug] GET    /settings/email-templates --> go-barcode-webapp/internal/handlers.(*EmailTemplateHandler).ListEmailTemplates-fm (8 handlers)
[GIN-debug] GET    /settings/email-templates/new --> go-barcode-webapp/internal/handlers.(*EmailTemplateHandler).NewEmailTemplateForm-fm (8 handlers)
[GIN-debug] POST   /settings/email-templates --> go-barcode-webapp/internal/handlers.(*EmailTemplateHandler).CreateEmailTemplate-fm (8 handlers)
[GIN-debug] GET    /settings/email-templates/:id --> go-barcode-webapp/internal/handlers.(*EmailTemplateHandler).GetEmailTemplate-fm (8 handlers)
[GIN-debug] GET    /settings/email-templates/:id/edit --> go-barcode-webapp/internal/handlers.(*EmailTemplateHandler).EditEmailTemplateForm-fm (8 handlers)
[GIN-debug] PUT    /settings/email-templates/:id --> go-barcode-webapp/internal/handlers.(*EmailTemplateHandler).UpdateEmailTemplate-fm (8 handlers)
[GIN-debug] DELETE /settings/email-templates/:id --> go-barcode-webapp/internal/handlers.(*EmailTemplateHandler).DeleteEmailTemplate-fm (8 handlers)
[GIN-debug] GET    /settings/email-templates/:id/preview --> go-barcode-webapp/internal/handlers.(*EmailTemplateHandler).PreviewEmailTemplate-fm (8 handlers)
[GIN-debug] POST   /settings/email-templates/:id/set-default --> go-barcode-webapp/internal/handlers.(*EmailTemplateHandler).SetDefaultEmailTemplate-fm (8 handlers)
[GIN-debug] POST   /settings/email-templates/:id/test --> go-barcode-webapp/internal/handlers.(*EmailTemplateHandler).TestEmailTemplate-fm (8 handlers)
[GIN-debug] GET    /security/roles           --> main.setupRoutes.func6 (8 handlers)
[GIN-debug] GET    /security/audit           --> main.setupRoutes.func7 (8 handlers)
[GIN-debug] GET    /security/api/roles       --> go-barcode-webapp/internal/handlers.(*SecurityHandler).GetRoles-fm (8 handlers)
[GIN-debug] GET    /security/api/roles/:id   --> go-barcode-webapp/internal/handlers.(*SecurityHandler).GetRole-fm (8 handlers)
[GIN-debug] POST   /security/api/roles       --> go-barcode-webapp/internal/handlers.(*SecurityHandler).CreateRole-fm (8 handlers)
[GIN-debug] PUT    /security/api/roles/:id   --> go-barcode-webapp/internal/handlers.(*SecurityHandler).UpdateRole-fm (8 handlers)
[GIN-debug] DELETE /security/api/roles/:id   --> go-barcode-webapp/internal/handlers.(*SecurityHandler).DeleteRole-fm (8 handlers)
[GIN-debug] GET    /security/api/users/:userId/roles --> go-barcode-webapp/internal/handlers.(*SecurityHandler).GetUserRoles-fm (8 handlers)
[GIN-debug] POST   /security/api/users/:userId/roles --> go-barcode-webapp/internal/handlers.(*SecurityHandler).AssignUserRole-fm (8 handlers)
[GIN-debug] DELETE /security/api/users/:userId/roles/:roleId --> go-barcode-webapp/internal/handlers.(*SecurityHandler).RevokeUserRole-fm (8 handlers)
[GIN-debug] GET    /security/api/audit       --> go-barcode-webapp/internal/handlers.(*SecurityHandler).GetAuditLogs-fm (8 handlers)
[GIN-debug] GET    /security/api/audit/:id   --> go-barcode-webapp/internal/handlers.(*SecurityHandler).GetAuditLog-fm (8 handlers)
[GIN-debug] GET    /security/api/audit/export --> go-barcode-webapp/internal/handlers.(*SecurityHandler).ExportAuditLogs-fm (8 handlers)
[GIN-debug] GET    /security/api/permissions --> go-barcode-webapp/internal/handlers.(*SecurityHandler).GetPermissions-fm (8 handlers)
[GIN-debug] GET    /security/api/permissions/definitions --> go-barcode-webapp/internal/handlers.(*SecurityHandler).GetPermissionDefinitionsAPI-fm (8 handlers)
[GIN-debug] GET    /security/api/permissions/check --> go-barcode-webapp/internal/handlers.(*SecurityHandler).CheckPermission-fm (8 handlers)
[GIN-debug] GET    /monitoring               --> main.setupRoutes.func8 (8 handlers)
[GIN-debug] GET    /monitoring/health        --> go-barcode-webapp/internal/handlers.(*MonitoringHandler).GetApplicationHealth-fm (8 handlers)
[GIN-debug] GET    /monitoring/metrics       --> go-barcode-webapp/internal/handlers.(*MonitoringHandler).GetSystemMetrics-fm (8 handlers)
[GIN-debug] GET    /monitoring/metrics/prometheus --> go-barcode-webapp/internal/handlers.(*MonitoringHandler).ExportMetrics-fm (8 handlers)
[GIN-debug] GET    /monitoring/performance   --> go-barcode-webapp/internal/handlers.(*MonitoringHandler).GetPerformanceMetrics-fm (8 handlers)
[GIN-debug] GET    /monitoring/errors        --> go-barcode-webapp/internal/handlers.(*MonitoringHandler).GetErrorDetails-fm (8 handlers)
[GIN-debug] POST   /monitoring/errors/:fingerprint/resolve --> go-barcode-webapp/internal/handlers.(*MonitoringHandler).ResolveError-fm (8 handlers)
[GIN-debug] POST   /monitoring/test-error    --> go-barcode-webapp/internal/handlers.(*MonitoringHandler).TriggerTestError-fm (8 handlers)
[GIN-debug] GET    /monitoring/logs          --> go-barcode-webapp/internal/handlers.(*MonitoringHandler).GetLogStream-fm (8 handlers)
[GIN-debug] GET    /mobile/scanner/:jobId    --> main.setupRoutes.func9 (8 handlers)
[GIN-debug] GET    /mobile/scanner/:jobId/enhanced --> main.setupRoutes.func10 (8 handlers)
[GIN-debug] GET    /users                    --> go-barcode-webapp/internal/handlers.(*AuthHandler).ListUsers-fm (8 handlers)
[GIN-debug] POST   /users                    --> go-barcode-webapp/internal/handlers.(*AuthHandler).CreateUserWeb-fm (8 handlers)
[GIN-debug] GET    /user-management/new      --> go-barcode-webapp/internal/handlers.(*AuthHandler).NewUserForm-fm (8 handlers)
[GIN-debug] GET    /user-management/:id/edit --> go-barcode-webapp/internal/handlers.(*AuthHandler).EditUserForm-fm (8 handlers)
[GIN-debug] GET    /user-management/:id/view --> go-barcode-webapp/internal/handlers.(*AuthHandler).GetUser-fm (8 handlers)
[GIN-debug] PUT    /user-management/:id      --> go-barcode-webapp/internal/handlers.(*AuthHandler).UpdateUser-fm (8 handlers)
[GIN-debug] DELETE /user-management/:id      --> go-barcode-webapp/internal/handlers.(*AuthHandler).DeleteUser-fm (8 handlers)
[GIN-debug] GET    /users/new                --> main.setupRoutes.func11 (8 handlers)
[GIN-debug] GET    /api/v1/jobs              --> go-barcode-webapp/internal/handlers.(*JobHandler).ListJobsAPI-fm (8 handlers)
[GIN-debug] POST   /api/v1/jobs              --> go-barcode-webapp/internal/handlers.(*JobHandler).CreateJobAPI-fm (8 handlers)
[GIN-debug] GET    /api/v1/jobs/:id          --> go-barcode-webapp/internal/handlers.(*JobHandler).GetJobAPI-fm (8 handlers)
[GIN-debug] PUT    /api/v1/jobs/:id          --> go-barcode-webapp/internal/handlers.(*JobHandler).UpdateJobAPI-fm (8 handlers)
[GIN-debug] DELETE /api/v1/jobs/:id          --> go-barcode-webapp/internal/handlers.(*JobHandler).DeleteJobAPI-fm (8 handlers)
[GIN-debug] POST   /api/v1/jobs/:id/devices/:deviceId --> go-barcode-webapp/internal/handlers.(*JobHandler).AssignDeviceAPI-fm (8 handlers)
[GIN-debug] DELETE /api/v1/jobs/:id/devices/:deviceId --> go-barcode-webapp/internal/handlers.(*JobHandler).RemoveDeviceAPI-fm (8 handlers)
[GIN-debug] POST   /api/v1/jobs/:id/bulk-scan --> go-barcode-webapp/internal/handlers.(*JobHandler).BulkScanDevicesAPI-fm (8 handlers)
[GIN-debug] POST   /api/v1/jobs/:id/assign-device --> go-barcode-webapp/internal/handlers.(*ScannerHandler).ScanDevice-fm (8 handlers)
[GIN-debug] POST   /api/v1/jobs/:id/assign-case --> go-barcode-webapp/internal/handlers.(*ScannerHandler).ScanCase-fm (8 handlers)
[GIN-debug] GET    /api/v1/devices           --> go-barcode-webapp/internal/handlers.(*DeviceHandler).ListDevicesAPI-fm (8 handlers)
[GIN-debug] POST   /api/v1/devices           --> go-barcode-webapp/internal/handlers.(*DeviceHandler).CreateDeviceAPI-fm (8 handlers)
[GIN-debug] GET    /api/v1/devices/:id       --> go-barcode-webapp/internal/handlers.(*DeviceHandler).GetDeviceAPI-fm (8 handlers)
[GIN-debug] PUT    /api/v1/devices/:id       --> go-barcode-webapp/internal/handlers.(*DeviceHandler).UpdateDeviceAPI-fm (8 handlers)
[GIN-debug] DELETE /api/v1/devices/:id       --> go-barcode-webapp/internal/handlers.(*DeviceHandler).DeleteDeviceAPI-fm (8 handlers)
[GIN-debug] GET    /api/v1/devices/available --> go-barcode-webapp/internal/handlers.(*DeviceHandler).GetAvailableDevicesAPI-fm (8 handlers)
[GIN-debug] GET    /api/v1/customers         --> go-barcode-webapp/internal/handlers.(*CustomerHandler).ListCustomersAPI-fm (8 handlers)
[GIN-debug] POST   /api/v1/customers         --> go-barcode-webapp/internal/handlers.(*CustomerHandler).CreateCustomerAPI-fm (8 handlers)
[GIN-debug] GET    /api/v1/customers/:id     --> go-barcode-webapp/internal/handlers.(*CustomerHandler).GetCustomerAPI-fm (8 handlers)
[GIN-debug] PUT    /api/v1/customers/:id     --> go-barcode-webapp/internal/handlers.(*CustomerHandler).UpdateCustomerAPI-fm (8 handlers)
[GIN-debug] DELETE /api/v1/customers/:id     --> go-barcode-webapp/internal/handlers.(*CustomerHandler).DeleteCustomerAPI-fm (8 handlers)
[GIN-debug] GET    /api/v1/cases             --> go-barcode-webapp/internal/handlers.(*CaseHandler).ListCasesAPI-fm (8 handlers)
[GIN-debug] POST   /api/v1/cases             --> go-barcode-webapp/internal/handlers.(*CaseHandler).CreateCaseAPI-fm (8 handlers)
[GIN-debug] GET    /api/v1/cases/:id         --> go-barcode-webapp/internal/handlers.(*CaseHandler).GetCaseAPI-fm (8 handlers)
[GIN-debug] PUT    /api/v1/cases/:id         --> go-barcode-webapp/internal/handlers.(*CaseHandler).UpdateCaseAPI-fm (8 handlers)
[GIN-debug] DELETE /api/v1/cases/:id         --> go-barcode-webapp/internal/handlers.(*CaseHandler).DeleteCaseAPI-fm (8 handlers)
[GIN-debug] GET    /api/v1/cases/:id/devices --> go-barcode-webapp/internal/handlers.(*CaseHandler).GetCaseDevicesAPI-fm (8 handlers)
[GIN-debug] GET    /api/v1/workflow/templates --> go-barcode-webapp/internal/handlers.(*WorkflowHandler).ListJobTemplatesAPI-fm (8 handlers)
[GIN-debug] POST   /api/v1/workflow/templates --> go-barcode-webapp/internal/handlers.(*WorkflowHandler).CreateJobTemplate-fm (8 handlers)
[GIN-debug] GET    /api/v1/workflow/templates/most-used --> go-barcode-webapp/internal/handlers.(*WorkflowHandler).GetMostUsedTemplatesAPI-fm (8 handlers)
[GIN-debug] GET    /api/v1/workflow/templates/category/:categoryId --> go-barcode-webapp/internal/handlers.(*WorkflowHandler).GetTemplatesByCategoryAPI-fm (8 handlers)
[GIN-debug] GET    /api/v1/workflow/templates/:id --> go-barcode-webapp/internal/handlers.(*WorkflowHandler).GetJobTemplate-fm (8 handlers)
[GIN-debug] PUT    /api/v1/workflow/templates/:id --> go-barcode-webapp/internal/handlers.(*WorkflowHandler).UpdateJobTemplate-fm (8 handlers)
[GIN-debug] DELETE /api/v1/workflow/templates/:id --> go-barcode-webapp/internal/handlers.(*WorkflowHandler).DeleteJobTemplate-fm (8 handlers)
[GIN-debug] POST   /api/v1/workflow/templates/:id/create-job --> go-barcode-webapp/internal/handlers.(*WorkflowHandler).CreateJobFromTemplate-fm (8 handlers)
[GIN-debug] GET    /api/v1/documents         --> go-barcode-webapp/internal/handlers.(*DocumentHandler).ListDocumentsAPI-fm (8 handlers)
[GIN-debug] GET    /api/v1/documents/stats   --> go-barcode-webapp/internal/handlers.(*DocumentHandler).GetDocumentStats-fm (8 handlers)
[GIN-debug] GET    /api/v1/documents/:id     --> go-barcode-webapp/internal/handlers.(*DocumentHandler).GetDocument-fm (8 handlers)
[GIN-debug] DELETE /api/v1/documents/:id     --> go-barcode-webapp/internal/handlers.(*DocumentHandler).DeleteDocument-fm (8 handlers)
[GIN-debug] GET    /api/v1/financial/transactions --> go-barcode-webapp/internal/handlers.(*FinancialHandler).ListTransactionsAPI-fm (8 handlers)
[GIN-debug] GET    /api/v1/financial/stats   --> go-barcode-webapp/internal/handlers.(*FinancialHandler).GetFinancialStatsAPI-fm (8 handlers)
[GIN-debug] GET    /api/v1/financial/revenue-report --> go-barcode-webapp/internal/handlers.(*FinancialHandler).GetRevenueReport-fm (8 handlers)
[GIN-debug] GET    /api/v1/financial/payment-report --> go-barcode-webapp/internal/handlers.(*FinancialHandler).GetPaymentReport-fm (8 handlers)
[GIN-debug] GET    /api/v1/invoices          --> go-barcode-webapp/internal/handlers.(*InvoiceHandlerNew).GetInvoicesAPI-fm (8 handlers)
[GIN-debug] POST   /api/v1/invoices          --> go-barcode-webapp/internal/handlers.(*InvoiceHandlerNew).CreateInvoice-fm (8 handlers)
[GIN-debug] GET    /api/v1/invoices/:id      --> go-barcode-webapp/internal/handlers.(*InvoiceHandlerNew).GetInvoice-fm (8 handlers)
[GIN-debug] PUT    /api/v1/invoices/:id      --> go-barcode-webapp/internal/handlers.(*InvoiceHandlerNew).UpdateInvoice-fm (8 handlers)
[GIN-debug] PUT    /api/v1/invoices/:id/status --> go-barcode-webapp/internal/handlers.(*InvoiceHandlerNew).UpdateInvoiceStatus-fm (8 handlers)
[GIN-debug] DELETE /api/v1/invoices/:id      --> go-barcode-webapp/internal/handlers.(*InvoiceHandlerNew).DeleteInvoice-fm (8 handlers)
[GIN-debug] GET    /api/v1/invoices/stats    --> go-barcode-webapp/internal/handlers.(*InvoiceHandlerNew).GetInvoiceStatsAPI-fm (8 handlers)
[GIN-debug] GET    /api/v1/invoices/products/:productId --> go-barcode-webapp/internal/handlers.(*InvoiceHandlerNew).GetProductDetails-fm (8 handlers)
[GIN-debug] GET    /api/v1/invoices/products/:productId/devices --> go-barcode-webapp/internal/handlers.(*InvoiceHandlerNew).GetDevicesByProduct-fm (8 handlers)
[GIN-debug] GET    /api/v1/security/audit    --> go-barcode-webapp/internal/handlers.(*SecurityHandler).GetAuditLogs-fm (8 handlers)
[GIN-debug] GET    /api/v1/security/audit/:id --> go-barcode-webapp/internal/handlers.(*SecurityHandler).GetAuditLog-fm (8 handlers)
[GIN-debug] GET    /api/v1/security/audit/export --> go-barcode-webapp/internal/handlers.(*SecurityHandler).ExportAuditLogs-fm (8 handlers)
[GIN-debug] GET    /api/v1/security/auth/users --> go-barcode-webapp/internal/handlers.(*AuthHandler).ListUsersAPI-fm (8 handlers)
[GIN-debug] GET    /api/invoices             --> go-barcode-webapp/internal/handlers.(*InvoiceHandlerNew).GetInvoicesAPI-fm (8 handlers)
[GIN-debug] POST   /api/invoices             --> go-barcode-webapp/internal/handlers.(*InvoiceHandlerNew).CreateInvoice-fm (8 handlers)
[GIN-debug] GET    /api/invoices/:id         --> go-barcode-webapp/internal/handlers.(*InvoiceHandlerNew).GetInvoice-fm (8 handlers)
[GIN-debug] PUT    /api/invoices/:id         --> go-barcode-webapp/internal/handlers.(*InvoiceHandlerNew).UpdateInvoice-fm (8 handlers)
[GIN-debug] PUT    /api/invoices/:id/status  --> go-barcode-webapp/internal/handlers.(*InvoiceHandlerNew).UpdateInvoiceStatus-fm (8 handlers)
[GIN-debug] DELETE /api/invoices/:id         --> go-barcode-webapp/internal/handlers.(*InvoiceHandlerNew).DeleteInvoice-fm (8 handlers)
[GIN-debug] GET    /api/invoices/stats       --> go-barcode-webapp/internal/handlers.(*InvoiceHandlerNew).GetInvoiceStatsAPI-fm (8 handlers)
[GIN-debug] GET    /api/company-settings     --> go-barcode-webapp/internal/handlers.(*CompanyHandler).GetCompanySettings-fm (8 handlers)
[GIN-debug] PUT    /api/company-settings     --> go-barcode-webapp/internal/handlers.(*CompanyHandler).UpdateCompanySettings-fm (8 handlers)
[GIN-debug] POST   /api/company-settings/logo --> go-barcode-webapp/internal/handlers.(*CompanyHandler).UploadCompanyLogo-fm (8 handlers)
[GIN-debug] DELETE /api/company-settings/logo --> go-barcode-webapp/internal/handlers.(*CompanyHandler).DeleteCompanyLogo-fm (8 handlers)
[GIN-debug] GET    /api/security/roles       --> go-barcode-webapp/internal/handlers.(*SecurityHandler).GetRoles-fm (8 handlers)
[GIN-debug] GET    /api/security/roles/:id   --> go-barcode-webapp/internal/handlers.(*SecurityHandler).GetRole-fm (8 handlers)
[GIN-debug] POST   /api/security/roles       --> go-barcode-webapp/internal/handlers.(*SecurityHandler).CreateRole-fm (8 handlers)
[GIN-debug] PUT    /api/security/roles/:id   --> go-barcode-webapp/internal/handlers.(*SecurityHandler).UpdateRole-fm (8 handlers)
[GIN-debug] DELETE /api/security/roles/:id   --> go-barcode-webapp/internal/handlers.(*SecurityHandler).DeleteRole-fm (8 handlers)
[GIN-debug] GET    /api/security/users/:userId/roles --> go-barcode-webapp/internal/handlers.(*SecurityHandler).GetUserRoles-fm (8 handlers)
[GIN-debug] POST   /api/security/users/:userId/roles --> go-barcode-webapp/internal/handlers.(*SecurityHandler).AssignUserRole-fm (8 handlers)
[GIN-debug] DELETE /api/security/users/:userId/roles/:roleId --> go-barcode-webapp/internal/handlers.(*SecurityHandler).RevokeUserRole-fm (8 handlers)
[GIN-debug] GET    /api/security/audit       --> go-barcode-webapp/internal/handlers.(*SecurityHandler).GetAuditLogs-fm (8 handlers)
[GIN-debug] GET    /api/security/audit/:id   --> go-barcode-webapp/internal/handlers.(*SecurityHandler).GetAuditLog-fm (8 handlers)
[GIN-debug] GET    /api/security/audit/export --> go-barcode-webapp/internal/handlers.(*SecurityHandler).ExportAuditLogs-fm (8 handlers)
[GIN-debug] GET    /api/security/permissions --> go-barcode-webapp/internal/handlers.(*SecurityHandler).GetPermissions-fm (8 handlers)
[GIN-debug] GET    /api/security/check-permission --> go-barcode-webapp/internal/handlers.(*SecurityHandler).CheckPermission-fm (8 handlers)
2025/06/23 10:59:13 Server starting on 0.0.0.0:8080
2025/06/23 10:59:27 Route Debug: GET /settings/company
DEBUG: AuthMiddleware called for URL: /settings/company
DEBUG: No session cookie found, redirecting to login
{"timestamp":"2025-06-23T08:59:27.668091677Z","level":"INFO","message":"HTTP Request","service":"go-barcode-webapp","version":"1.0.0","environment":"development","request_id":"1750669167667927026","method":"GET","path":"/settings/company","status_code":303,"duration":"162.42µs","ip":"127.0.0.1","user_agent":"curl/7.88.1","fields":{"bytes_in":0,"bytes_out":33}}
2025/06/23 10:59:34 Route Debug: GET /settings/company
DEBUG: AuthMiddleware called for URL: /settings/company
DEBUG: Found session cookie: test

2025/06/23 10:59:34 [31;1m/opt/dev/go-barcode-webapp/internal/handlers/auth_handler.go:141 [35;1mrecord not found
[0m[33m[22.477ms] [34;1m[rows:0][0m SELECT * FROM `sessions` WHERE session_id = 'test' AND expires_at > '2025-06-23 10:59:34.869' ORDER BY `sessions`.`session_id` LIMIT 1
DEBUG: Session validation failed: record not found
{"timestamp":"2025-06-23T08:59:34.891768754Z","level":"INFO","message":"HTTP Request","service":"go-barcode-webapp","version":"1.0.0","environment":"development","request_id":"1750669174869071287","method":"GET","path":"/settings/company","status_code":303,"duration":"22.695046ms","ip":"127.0.0.1","user_agent":"curl/7.88.1","fields":{"bytes_in":0,"bytes_out":33}}
2025/06/23 10:59:42 POST request to /login with Content-Type: 'application/json'
2025/06/23 10:59:42 Route Debug: POST /login

2025/06/23 10:59:42 [32m/opt/dev/go-barcode-webapp/internal/handlers/auth_handler.go:60
[0m[33m[22.613ms] [34;1m[rows:1][0m SELECT * FROM `users` WHERE username = 'admin' AND is_active = true ORDER BY `users`.`userID` LIMIT 1
DEBUG: Creating session for user admin (ID: 5)

2025/06/23 10:59:42 [32m/opt/dev/go-barcode-webapp/internal/handlers/auth_handler.go:88
[0m[33m[49.251ms] [34;1m[rows:1][0m INSERT INTO `sessions` (`session_id`,`user_id`,`expires_at`,`created_at`) VALUES ('9bdc551e6703f01277df5253af880a5add999d2699935003d52290d4322f2bbd',5,'2025-06-23 11:59:42.672','2025-06-23 10:59:42.672')

2025/06/23 10:59:42 [32m/opt/dev/go-barcode-webapp/internal/handlers/auth_handler.go:100
[0m[33m[48.517ms] [34;1m[rows:1][0m UPDATE `users` SET `username`='admin',`email`='admin@yourdomain.com',`password_hash`='$2a$10$VUoz2YuTF2WiPlNB3xmWx.nPdM.pIXKqSiDGirHVwhJrB5QCOUfym',`first_name`='',`last_name`='',`is_active`=true,`created_at`='2025-06-13 01:13:45.593',`updated_at`='2025-06-23 10:59:42.732',`last_login`='2025-06-23 10:59:42.721' WHERE `userID` = 5
DEBUG: Login successful, session created: 9bdc551e6703f01277df5253af880a5add999d2699935003d52290d4322f2bbd
{"timestamp":"2025-06-23T08:59:42.770623581Z","level":"INFO","message":"HTTP Request","service":"go-barcode-webapp","version":"1.0.0","environment":"development","request_id":"1750669182591059515","method":"POST","path":"/login","status_code":303,"duration":"179.562253ms","ip":"127.0.0.1","user_agent":"curl/7.88.1","fields":{"bytes_in":42,"bytes_out":-1}}
2025/06/23 10:59:47 Route Debug: GET /settings/company
DEBUG: AuthMiddleware called for URL: /settings/company
DEBUG: Found session cookie: 9bdc551e6703f01277df5253af880a5add999d2699935003d52290d4322f2bbd

2025/06/23 10:59:47 [32m/opt/dev/go-barcode-webapp/internal/handlers/auth_handler.go:141
[0m[33m[22.841ms] [34;1m[rows:1][0m SELECT * FROM `sessions` WHERE session_id = '9bdc551e6703f01277df5253af880a5add999d2699935003d52290d4322f2bbd' AND expires_at > '2025-06-23 10:59:47.824' ORDER BY `sessions`.`session_id` LIMIT 1

2025/06/23 10:59:47 [32m/opt/dev/go-barcode-webapp/internal/handlers/auth_handler.go:152
[0m[33m[22.221ms] [34;1m[rows:1][0m SELECT * FROM `users` WHERE userID = 5 AND is_active = true ORDER BY `users`.`userID` LIMIT 1
DEBUG: Session valid for user: admin (ID: 5)
2025/06/23 10:59:47 🏢 COMPANY SETTINGS ROUTE CALLED - URL: /settings/company, Method: GET

2025/06/23 10:59:47 [32m/opt/dev/go-barcode-webapp/internal/handlers/company_handler.go:340
[0m[33m[11.262ms] [34;1m[rows:1][0m SELECT * FROM `company_settings` ORDER BY `company_settings`.`id` LIMIT 1
2025/06/23 10:59:47 DEBUG: CompanySettingsForm handler called successfully - rendering company_settings.html
{"timestamp":"2025-06-23T08:59:47.891080224Z","level":"INFO","message":"HTTP Request","service":"go-barcode-webapp","version":"1.0.0","environment":"development","request_id":"1750669187824377987","method":"GET","path":"/settings/company","status_code":200,"duration":"66.700814ms","ip":"127.0.0.1","user_agent":"curl/7.88.1","fields":{"bytes_in":0,"bytes_out":-1}}
2025/06/23 10:59:54 Route Debug: GET /settings/company/api
DEBUG: AuthMiddleware called for URL: /settings/company/api
DEBUG: Found session cookie: 9bdc551e6703f01277df5253af880a5add999d2699935003d52290d4322f2bbd

2025/06/23 10:59:54 [32m/opt/dev/go-barcode-webapp/internal/handlers/auth_handler.go:141
[0m[33m[21.780ms] [34;1m[rows:1][0m SELECT * FROM `sessions` WHERE session_id = '9bdc551e6703f01277df5253af880a5add999d2699935003d52290d4322f2bbd' AND expires_at > '2025-06-23 10:59:54.803' ORDER BY `sessions`.`session_id` LIMIT 1

2025/06/23 10:59:54 [32m/opt/dev/go-barcode-webapp/internal/handlers/auth_handler.go:152
[0m[33m[22.678ms] [34;1m[rows:1][0m SELECT * FROM `users` WHERE userID = 5 AND is_active = true ORDER BY `users`.`userID` LIMIT 1
DEBUG: Session valid for user: admin (ID: 5)

2025/06/23 10:59:54 [32m/opt/dev/go-barcode-webapp/internal/handlers/company_handler.go:340
[0m[33m[11.323ms] [34;1m[rows:1][0m SELECT * FROM `company_settings` ORDER BY `company_settings`.`id` LIMIT 1
{"timestamp":"2025-06-23T08:59:54.859987766Z","level":"INFO","message":"HTTP Request","service":"go-barcode-webapp","version":"1.0.0","environment":"development","request_id":"1750669194803830428","method":"GET","path":"/settings/company/api","status_code":200,"duration":"56.155085ms","ip":"127.0.0.1","user_agent":"curl/7.88.1","fields":{"bytes_in":0,"bytes_out":583}}
2025/06/23 11:00:02 POST request to /settings/company with Content-Type: 'application/json'
2025/06/23 11:00:02 Route Debug: POST /settings/company
2025/06/23 11:00:02 NotFoundHandler: 404 for path: /settings/company
{"timestamp":"2025-06-23T09:00:02.995276322Z","level":"INFO","message":"HTTP Request","service":"go-barcode-webapp","version":"1.0.0","environment":"development","request_id":"1750669202995190625","method":"POST","path":"/settings/company","status_code":404,"duration":"82.742µs","ip":"127.0.0.1","user_agent":"curl/7.88.1","fields":{"bytes_in":194,"bytes_out":57}}
2025/06/23 11:00:11 Route Debug: PUT /settings/company/api
DEBUG: AuthMiddleware called for URL: /settings/company/api
DEBUG: Found session cookie: 9bdc551e6703f01277df5253af880a5add999d2699935003d52290d4322f2bbd

2025/06/23 11:00:11 [32m/opt/dev/go-barcode-webapp/internal/handlers/auth_handler.go:141
[0m[33m[23.095ms] [34;1m[rows:1][0m SELECT * FROM `sessions` WHERE session_id = '9bdc551e6703f01277df5253af880a5add999d2699935003d52290d4322f2bbd' AND expires_at > '2025-06-23 11:00:11.471' ORDER BY `sessions`.`session_id` LIMIT 1

2025/06/23 11:00:11 [32m/opt/dev/go-barcode-webapp/internal/handlers/auth_handler.go:152
[0m[33m[22.794ms] [34;1m[rows:1][0m SELECT * FROM `users` WHERE userID = 5 AND is_active = true ORDER BY `users`.`userID` LIMIT 1
DEBUG: Session valid for user: admin (ID: 5)

2025/06/23 11:00:11 [32m/opt/dev/go-barcode-webapp/internal/handlers/company_handler.go:340
[0m[33m[12.273ms] [34;1m[rows:1][0m SELECT * FROM `company_settings` ORDER BY `company_settings`.`id` LIMIT 1

2025/06/23 11:00:11 [32m/opt/dev/go-barcode-webapp/internal/handlers/company_handler.go:145
[0m[33m[53.318ms] [34;1m[rows:1][0m UPDATE `company_settings` SET `company_name`='Updated Test Company GmbH',`address_line1`='Neue Straße 456',`address_line2`=NULL,`city`='Neustadt',`state`=NULL,`postal_code`='54321',`country`='Deutschland',`phone`='+49 987 654321',`email`='updated@company.de',`website`=NULL,`tax_number`=NULL,`vat_number`=NULL,`logo_path`=NULL,`bank_name`=NULL,`iban`=NULL,`bic`=NULL,`account_holder`=NULL,`ceo_name`=NULL,`register_court`=NULL,`register_number`=NULL,`footer_text`=NULL,`payment_terms_text`=NULL,`created_at`='2025-06-19 09:03:54.795',`updated_at`='2025-06-23 11:00:11.541' WHERE `id` = 2
2025/06/23 11:00:11 Company settings updated successfully by user admin
{"timestamp":"2025-06-23T09:00:11.583391623Z","level":"INFO","message":"HTTP Request","service":"go-barcode-webapp","version":"1.0.0","environment":"development","request_id":"1750669211471121522","method":"PUT","path":"/settings/company/api","status_code":200,"duration":"112.266586ms","ip":"127.0.0.1","user_agent":"curl/7.88.1","fields":{"bytes_in":194,"bytes_out":624}}
2025/06/23 11:00:19 Route Debug: GET /settings/company/api
DEBUG: AuthMiddleware called for URL: /settings/company/api
DEBUG: Found session cookie: 9bdc551e6703f01277df5253af880a5add999d2699935003d52290d4322f2bbd

2025/06/23 11:00:19 [32m/opt/dev/go-barcode-webapp/internal/handlers/auth_handler.go:141
[0m[33m[22.380ms] [34;1m[rows:1][0m SELECT * FROM `sessions` WHERE session_id = '9bdc551e6703f01277df5253af880a5add999d2699935003d52290d4322f2bbd' AND expires_at > '2025-06-23 11:00:19.321' ORDER BY `sessions`.`session_id` LIMIT 1

2025/06/23 11:00:19 [32m/opt/dev/go-barcode-webapp/internal/handlers/auth_handler.go:152
[0m[33m[22.248ms] [34;1m[rows:1][0m SELECT * FROM `users` WHERE userID = 5 AND is_active = true ORDER BY `users`.`userID` LIMIT 1
DEBUG: Session valid for user: admin (ID: 5)

2025/06/23 11:00:19 [32m/opt/dev/go-barcode-webapp/internal/handlers/company_handler.go:340
[0m[33m[11.438ms] [34;1m[rows:1][0m SELECT * FROM `company_settings` ORDER BY `company_settings`.`id` LIMIT 1
{"timestamp":"2025-06-23T09:00:19.377614551Z","level":"INFO","message":"HTTP Request","service":"go-barcode-webapp","version":"1.0.0","environment":"development","request_id":"1750669219321223716","method":"GET","path":"/settings/company/api","status_code":200,"duration":"56.388722ms","ip":"127.0.0.1","user_agent":"curl/7.88.1","fields":{"bytes_in":0,"bytes_out":574}}

2025/06/23 11:29:13 [32m/opt/dev/go-barcode-webapp/internal/handlers/auth_handler.go:198
[0m[33m[123.458ms] [34;1m[rows:0][0m DELETE FROM `sessions` WHERE expires_at < '2025-06-23 11:29:13.572'

2025/06/23 11:59:13 [32m/opt/dev/go-barcode-webapp/internal/handlers/auth_handler.go:198
[0m[33m[145.095ms] [34;1m[rows:1][0m DELETE FROM `sessions` WHERE expires_at < '2025-06-23 11:59:13.571'
DEBUG: Cleaned up 1 expired sessions

2025/06/23 12:29:13 [32m/opt/dev/go-barcode-webapp/internal/handlers/auth_handler.go:198
[0m[33m[138.130ms] [34;1m[rows:1][0m DELETE FROM `sessions` WHERE expires_at < '2025-06-23 12:29:13.57'
DEBUG: Cleaned up 1 expired sessions

2025/06/23 12:59:13 [32m/opt/dev/go-barcode-webapp/internal/handlers/auth_handler.go:198
[0m[33m[145.702ms] [34;1m[rows:0][0m DELETE FROM `sessions` WHERE expires_at < '2025-06-23 12:59:13.572'

2025/06/23 13:29:13 [32m/opt/dev/go-barcode-webapp/internal/handlers/auth_handler.go:198
[0m[33m[136.829ms] [34;1m[rows:0][0m DELETE FROM `sessions` WHERE expires_at < '2025-06-23 13:29:13.572'

2025/06/23 13:59:13 [32m/opt/dev/go-barcode-webapp/internal/handlers/auth_handler.go:198
[0m[33m[147.130ms] [34;1m[rows:0][0m DELETE FROM `sessions` WHERE expires_at < '2025-06-23 13:59:13.572'

2025/06/23 14:29:13 [32m/opt/dev/go-barcode-webapp/internal/handlers/auth_handler.go:198
[0m[33m[144.773ms] [34;1m[rows:0][0m DELETE FROM `sessions` WHERE expires_at < '2025-06-23 14:29:13.571'

2025/06/23 14:59:13 [32m/opt/dev/go-barcode-webapp/internal/handlers/auth_handler.go:198
[0m[33m[140.329ms] [34;1m[rows:0][0m DELETE FROM `sessions` WHERE expires_at < '2025-06-23 14:59:13.572'

2025/06/23 15:29:13 [32m/opt/dev/go-barcode-webapp/internal/handlers/auth_handler.go:198
[0m[33m[135.535ms] [34;1m[rows:0][0m DELETE FROM `sessions` WHERE expires_at < '2025-06-23 15:29:13.571'

2025/06/23 15:59:13 [32m/opt/dev/go-barcode-webapp/internal/handlers/auth_handler.go:198
[0m[33m[147.699ms] [34;1m[rows:0][0m DELETE FROM `sessions` WHERE expires_at < '2025-06-23 15:59:13.57'

2025/06/23 16:29:13 [32m/opt/dev/go-barcode-webapp/internal/handlers/auth_handler.go:198
[0m[33m[140.710ms] [34;1m[rows:0][0m DELETE FROM `sessions` WHERE expires_at < '2025-06-23 16:29:13.571'

2025/06/23 16:59:13 [32m/opt/dev/go-barcode-webapp/internal/handlers/auth_handler.go:198
[0m[33m[126.943ms] [34;1m[rows:0][0m DELETE FROM `sessions` WHERE expires_at < '2025-06-23 16:59:13.571'

2025/06/23 17:29:13 [32m/opt/dev/go-barcode-webapp/internal/handlers/auth_handler.go:198
[0m[33m[121.510ms] [34;1m[rows:0][0m DELETE FROM `sessions` WHERE expires_at < '2025-06-23 17:29:13.571'

2025/06/23 17:59:13 [32m/opt/dev/go-barcode-webapp/internal/handlers/auth_handler.go:198
[0m[33m[139.871ms] [34;1m[rows:0][0m DELETE FROM `sessions` WHERE expires_at < '2025-06-23 17:59:13.577'

2025/06/23 18:29:13 [32m/opt/dev/go-barcode-webapp/internal/handlers/auth_handler.go:198
[0m[33m[127.563ms] [34;1m[rows:0][0m DELETE FROM `sessions` WHERE expires_at < '2025-06-23 18:29:13.572'

2025/06/23 18:59:13 [32m/opt/dev/go-barcode-webapp/internal/handlers/auth_handler.go:198
[0m[33m[135.596ms] [34;1m[rows:0][0m DELETE FROM `sessions` WHERE expires_at < '2025-06-23 18:59:13.572'

2025/06/23 19:29:13 [32m/opt/dev/go-barcode-webapp/internal/handlers/auth_handler.go:198
[0m[33m[136.369ms] [34;1m[rows:0][0m DELETE FROM `sessions` WHERE expires_at < '2025-06-23 19:29:13.571'

2025/06/23 19:59:13 [32m/opt/dev/go-barcode-webapp/internal/handlers/auth_handler.go:198
[0m[33m[148.591ms] [34;1m[rows:0][0m DELETE FROM `sessions` WHERE expires_at < '2025-06-23 19:59:13.572'

2025/06/23 20:29:13 [32m/opt/dev/go-barcode-webapp/internal/handlers/auth_handler.go:198
[0m[33m[134.114ms] [34;1m[rows:0][0m DELETE FROM `sessions` WHERE expires_at < '2025-06-23 20:29:13.571'

2025/06/23 20:59:13 [32m/opt/dev/go-barcode-webapp/internal/handlers/auth_handler.go:198
[0m[33m[145.206ms] [34;1m[rows:0][0m DELETE FROM `sessions` WHERE expires_at < '2025-06-23 20:59:13.572'

2025/06/23 21:29:13 [32m/opt/dev/go-barcode-webapp/internal/handlers/auth_handler.go:198
[0m[33m[130.491ms] [34;1m[rows:0][0m DELETE FROM `sessions` WHERE expires_at < '2025-06-23 21:29:13.571'

2025/06/23 21:59:13 [32m/opt/dev/go-barcode-webapp/internal/handlers/auth_handler.go:198
[0m[33m[134.243ms] [34;1m[rows:0][0m DELETE FROM `sessions` WHERE expires_at < '2025-06-23 21:59:13.571'

2025/06/23 22:29:13 [32m/opt/dev/go-barcode-webapp/internal/handlers/auth_handler.go:198
[0m[33m[172.725ms] [34;1m[rows:0][0m DELETE FROM `sessions` WHERE expires_at < '2025-06-23 22:29:13.571'

2025/06/23 22:59:13 [32m/opt/dev/go-barcode-webapp/internal/handlers/auth_handler.go:198
[0m[33m[137.107ms] [34;1m[rows:0][0m DELETE FROM `sessions` WHERE expires_at < '2025-06-23 22:59:13.572'

2025/06/23 23:29:13 [32m/opt/dev/go-barcode-webapp/internal/handlers/auth_handler.go:198
[0m[33m[127.406ms] [34;1m[rows:0][0m DELETE FROM `sessions` WHERE expires_at < '2025-06-23 23:29:13.572'

2025/06/23 23:59:13 [32m/opt/dev/go-barcode-webapp/internal/handlers/auth_handler.go:198
[0m[33m[139.124ms] [34;1m[rows:0][0m DELETE FROM `sessions` WHERE expires_at < '2025-06-23 23:59:13.57'

2025/06/24 00:29:13 [32m/opt/dev/go-barcode-webapp/internal/handlers/auth_handler.go:198
[0m[33m[127.701ms] [34;1m[rows:0][0m DELETE FROM `sessions` WHERE expires_at < '2025-06-24 00:29:13.572'

2025/06/24 00:59:13 [32m/opt/dev/go-barcode-webapp/internal/handlers/auth_handler.go:198
[0m[33m[131.549ms] [34;1m[rows:0][0m DELETE FROM `sessions` WHERE expires_at < '2025-06-24 00:59:13.57'

2025/06/24 01:29:13 [32m/opt/dev/go-barcode-webapp/internal/handlers/auth_handler.go:198
[0m[33m[139.337ms] [34;1m[rows:0][0m DELETE FROM `sessions` WHERE expires_at < '2025-06-24 01:29:13.571'

2025/06/24 01:59:13 [32m/opt/dev/go-barcode-webapp/internal/handlers/auth_handler.go:198 [33mSLOW SQL >= 200ms
[0m[31;1m[419.490ms] [33m[rows:0][35m DELETE FROM `sessions` WHERE expires_at < '2025-06-24 01:59:13.571'[0m

2025/06/24 02:29:13 [32m/opt/dev/go-barcode-webapp/internal/handlers/auth_handler.go:198
[0m[33m[130.657ms] [34;1m[rows:0][0m DELETE FROM `sessions` WHERE expires_at < '2025-06-24 02:29:13.571'

2025/06/24 02:59:13 [32m/opt/dev/go-barcode-webapp/internal/handlers/auth_handler.go:198
[0m[33m[135.279ms] [34;1m[rows:0][0m DELETE FROM `sessions` WHERE expires_at < '2025-06-24 02:59:13.572'

2025/06/24 03:29:13 [32m/opt/dev/go-barcode-webapp/internal/handlers/auth_handler.go:198
[0m[33m[135.489ms] [34;1m[rows:0][0m DELETE FROM `sessions` WHERE expires_at < '2025-06-24 03:29:13.57'

2025/06/24 03:59:13 [32m/opt/dev/go-barcode-webapp/internal/handlers/auth_handler.go:198
[0m[33m[143.054ms] [34;1m[rows:0][0m DELETE FROM `sessions` WHERE expires_at < '2025-06-24 03:59:13.571'

2025/06/24 04:29:13 [32m/opt/dev/go-barcode-webapp/internal/handlers/auth_handler.go:198
[0m[33m[143.211ms] [34;1m[rows:0][0m DELETE FROM `sessions` WHERE expires_at < '2025-06-24 04:29:13.574'

2025/06/24 04:59:13 [32m/opt/dev/go-barcode-webapp/internal/handlers/auth_handler.go:198
[0m[33m[124.990ms] [34;1m[rows:0][0m DELETE FROM `sessions` WHERE expires_at < '2025-06-24 04:59:13.572'

2025/06/24 05:29:13 [32m/opt/dev/go-barcode-webapp/internal/handlers/auth_handler.go:198
[0m[33m[142.117ms] [34;1m[rows:0][0m DELETE FROM `sessions` WHERE expires_at < '2025-06-24 05:29:13.571'

2025/06/24 05:59:13 [32m/opt/dev/go-barcode-webapp/internal/handlers/auth_handler.go:198
[0m[33m[122.914ms] [34;1m[rows:0][0m DELETE FROM `sessions` WHERE expires_at < '2025-06-24 05:59:13.571'

2025/06/24 06:29:13 [32m/opt/dev/go-barcode-webapp/internal/handlers/auth_handler.go:198
[0m[33m[138.722ms] [34;1m[rows:0][0m DELETE FROM `sessions` WHERE expires_at < '2025-06-24 06:29:13.571'

2025/06/24 06:59:13 [32m/opt/dev/go-barcode-webapp/internal/handlers/auth_handler.go:198
[0m[33m[134.718ms] [34;1m[rows:0][0m DELETE FROM `sessions` WHERE expires_at < '2025-06-24 06:59:13.571'

2025/06/24 07:29:13 [32m/opt/dev/go-barcode-webapp/internal/handlers/auth_handler.go:198
[0m[33m[133.298ms] [34;1m[rows:0][0m DELETE FROM `sessions` WHERE expires_at < '2025-06-24 07:29:13.571'

2025/06/24 07:59:13 [32m/opt/dev/go-barcode-webapp/internal/handlers/auth_handler.go:198
[0m[33m[146.552ms] [34;1m[rows:0][0m DELETE FROM `sessions` WHERE expires_at < '2025-06-24 07:59:13.572'

2025/06/24 08:29:13 [32m/opt/dev/go-barcode-webapp/internal/handlers/auth_handler.go:198
[0m[33m[135.755ms] [34;1m[rows:0][0m DELETE FROM `sessions` WHERE expires_at < '2025-06-24 08:29:13.571'

2025/06/24 08:59:13 [32m/opt/dev/go-barcode-webapp/internal/handlers/auth_handler.go:198 [33mSLOW SQL >= 200ms
[0m[31;1m[402.018ms] [33m[rows:0][35m DELETE FROM `sessions` WHERE expires_at < '2025-06-24 08:59:13.572'[0m

2025/06/24 09:29:14 [32m/opt/dev/go-barcode-webapp/internal/handlers/auth_handler.go:198 [33mSLOW SQL >= 200ms
[0m[31;1m[472.927ms] [33m[rows:0][35m DELETE FROM `sessions` WHERE expires_at < '2025-06-24 09:29:13.574'[0m

2025/06/24 09:59:14 [32m/opt/dev/go-barcode-webapp/internal/handlers/auth_handler.go:198 [33mSLOW SQL >= 200ms
[0m[31;1m[590.611ms] [33m[rows:0][35m DELETE FROM `sessions` WHERE expires_at < '2025-06-24 09:59:13.571'[0m

2025/06/24 10:29:14 [32m/opt/dev/go-barcode-webapp/internal/handlers/auth_handler.go:198 [33mSLOW SQL >= 200ms
[0m[31;1m[455.492ms] [33m[rows:0][35m DELETE FROM `sessions` WHERE expires_at < '2025-06-24 10:29:13.572'[0m

2025/06/24 10:59:13 [32m/opt/dev/go-barcode-webapp/internal/handlers/auth_handler.go:198 [33mSLOW SQL >= 200ms
[0m[31;1m[304.945ms] [33m[rows:0][35m DELETE FROM `sessions` WHERE expires_at < '2025-06-24 10:59:13.572'[0m

2025/06/24 11:29:14 [32m/opt/dev/go-barcode-webapp/internal/handlers/auth_handler.go:198 [33mSLOW SQL >= 200ms
[0m[31;1m[459.015ms] [33m[rows:0][35m DELETE FROM `sessions` WHERE expires_at < '2025-06-24 11:29:13.571'[0m

2025/06/24 11:59:14 [32m/opt/dev/go-barcode-webapp/internal/handlers/auth_handler.go:198 [33mSLOW SQL >= 200ms
[0m[31;1m[525.748ms] [33m[rows:0][35m DELETE FROM `sessions` WHERE expires_at < '2025-06-24 11:59:13.574'[0m

2025/06/24 12:29:14 [32m/opt/dev/go-barcode-webapp/internal/handlers/auth_handler.go:198 [33mSLOW SQL >= 200ms
[0m[31;1m[430.019ms] [33m[rows:0][35m DELETE FROM `sessions` WHERE expires_at < '2025-06-24 12:29:13.571'[0m

2025/06/24 12:59:13 [32m/opt/dev/go-barcode-webapp/internal/handlers/auth_handler.go:198 [33mSLOW SQL >= 200ms
[0m[31;1m[380.245ms] [33m[rows:0][35m DELETE FROM `sessions` WHERE expires_at < '2025-06-24 12:59:13.571'[0m

2025/06/24 13:29:14 [32m/opt/dev/go-barcode-webapp/internal/handlers/auth_handler.go:198 [33mSLOW SQL >= 200ms
[0m[31;1m[434.003ms] [33m[rows:0][35m DELETE FROM `sessions` WHERE expires_at < '2025-06-24 13:29:13.571'[0m

2025/06/24 13:59:14 [32m/opt/dev/go-barcode-webapp/internal/handlers/auth_handler.go:198 [33mSLOW SQL >= 200ms
[0m[31;1m[481.102ms] [33m[rows:0][35m DELETE FROM `sessions` WHERE expires_at < '2025-06-24 13:59:13.57'[0m

2025/06/24 14:29:13 [32m/opt/dev/go-barcode-webapp/internal/handlers/auth_handler.go:198 [33mSLOW SQL >= 200ms
[0m[31;1m[275.302ms] [33m[rows:0][35m DELETE FROM `sessions` WHERE expires_at < '2025-06-24 14:29:13.571'[0m

2025/06/24 14:59:13 [32m/opt/dev/go-barcode-webapp/internal/handlers/auth_handler.go:198
[0m[33m[195.465ms] [34;1m[rows:0][0m DELETE FROM `sessions` WHERE expires_at < '2025-06-24 14:59:13.57'

2025/06/24 15:29:13 [32m/opt/dev/go-barcode-webapp/internal/handlers/auth_handler.go:198 [33mSLOW SQL >= 200ms
[0m[31;1m[312.810ms] [33m[rows:0][35m DELETE FROM `sessions` WHERE expires_at < '2025-06-24 15:29:13.572'[0m

2025/06/24 15:59:13 [32m/opt/dev/go-barcode-webapp/internal/handlers/auth_handler.go:198 [33mSLOW SQL >= 200ms
[0m[31;1m[350.563ms] [33m[rows:0][35m DELETE FROM `sessions` WHERE expires_at < '2025-06-24 15:59:13.571'[0m

2025/06/24 16:29:13 [32m/opt/dev/go-barcode-webapp/internal/handlers/auth_handler.go:198 [33mSLOW SQL >= 200ms
[0m[31;1m[318.130ms] [33m[rows:0][35m DELETE FROM `sessions` WHERE expires_at < '2025-06-24 16:29:13.571'[0m
2025/06/24 16:55:21 Route Debug: GET /
{"timestamp":"2025-06-24T14:55:21.120445748Z","level":"INFO","message":"HTTP Request","service":"go-barcode-webapp","version":"1.0.0","environment":"development","request_id":"1750776921120277269","method":"GET","path":"/","status_code":307,"duration":"166.014µs","ip":"10.0.0.5","user_agent":"Mozilla/5.0 (Windows NT 10.0; Win64; x64; rv:139.0) Gecko/20100101 Firefox/139.0","fields":{"bytes_in":0,"bytes_out":42}}
2025/06/24 16:55:21 Route Debug: GET /login
{"timestamp":"2025-06-24T14:55:21.164062457Z","level":"INFO","message":"HTTP Request","service":"go-barcode-webapp","version":"1.0.0","environment":"development","request_id":"1750776921154241657","method":"GET","path":"/login","status_code":200,"duration":"9.819266ms","ip":"10.0.0.5","user_agent":"Mozilla/5.0 (Windows NT 10.0; Win64; x64; rv:139.0) Gecko/20100101 Firefox/139.0","fields":{"bytes_in":0,"bytes_out":7561}}
2025/06/24 16:55:22 Route Debug: GET /sw.js
{"timestamp":"2025-06-24T14:55:22.199934442Z","level":"INFO","message":"HTTP Request","service":"go-barcode-webapp","version":"1.0.0","environment":"development","request_id":"1750776922196079929","method":"GET","path":"/sw.js","status_code":200,"duration":"3.851727ms","ip":"10.0.0.5","user_agent":"Mozilla/5.0 (Windows NT 10.0; Win64; x64; rv:139.0) Gecko/20100101 Firefox/139.0","fields":{"bytes_in":0,"bytes_out":8867}}
2025/06/24 16:55:24 POST request to /login with Content-Type: 'application/x-www-form-urlencoded'
2025/06/24 16:55:24 Form _method parameter: ''
2025/06/24 16:55:24 Route Debug: POST /login

2025/06/24 16:55:25 [32m/opt/dev/go-barcode-webapp/internal/handlers/auth_handler.go:60
[0m[33m[104.093ms] [34;1m[rows:1][0m SELECT * FROM `users` WHERE username = 'admin' AND is_active = true ORDER BY `users`.`userID` LIMIT 1
DEBUG: Creating session for user admin (ID: 5)

2025/06/24 16:55:25 [32m/opt/dev/go-barcode-webapp/internal/handlers/auth_handler.go:88
[0m[33m[59.177ms] [34;1m[rows:1][0m INSERT INTO `sessions` (`session_id`,`user_id`,`expires_at`,`created_at`) VALUES ('25d05079869cdce66780427633df6f522aa795ad8745c861fbca750005d9fd28',5,'2025-06-24 17:55:25.134','2025-06-24 16:55:25.134')

2025/06/24 16:55:25 [32m/opt/dev/go-barcode-webapp/internal/handlers/auth_handler.go:100
[0m[33m[55.041ms] [34;1m[rows:1][0m UPDATE `users` SET `username`='admin',`email`='admin@yourdomain.com',`password_hash`='$2a$10$VUoz2YuTF2WiPlNB3xmWx.nPdM.pIXKqSiDGirHVwhJrB5QCOUfym',`first_name`='',`last_name`='',`is_active`=true,`created_at`='2025-06-13 01:13:45.593',`updated_at`='2025-06-24 16:55:25.204',`last_login`='2025-06-24 16:55:25.193' WHERE `userID` = 5
DEBUG: Login successful, session created: 25d05079869cdce66780427633df6f522aa795ad8745c861fbca750005d9fd28
{"timestamp":"2025-06-24T14:55:25.248563279Z","level":"INFO","message":"HTTP Request","service":"go-barcode-webapp","version":"1.0.0","environment":"development","request_id":"1750776924970448473","method":"POST","path":"/login","status_code":303,"duration":"278.11283ms","ip":"10.0.0.5","user_agent":"Mozilla/5.0 (Windows NT 10.0; Win64; x64; rv:139.0) Gecko/20100101 Firefox/139.0","fields":{"bytes_in":32,"bytes_out":-1}}
2025/06/24 16:55:25 Route Debug: GET /
{"timestamp":"2025-06-24T14:55:25.287868115Z","level":"INFO","message":"HTTP Request","service":"go-barcode-webapp","version":"1.0.0","environment":"development","request_id":"1750776925287734019","method":"GET","path":"/","status_code":307,"duration":"132.402µs","ip":"10.0.0.5","user_agent":"Mozilla/5.0 (Windows NT 10.0; Win64; x64; rv:139.0) Gecko/20100101 Firefox/139.0","fields":{"bytes_in":0,"bytes_out":46}}
2025/06/24 16:55:25 Route Debug: GET /dashboard
DEBUG: AuthMiddleware called for URL: /dashboard
DEBUG: Found session cookie: 25d05079869cdce66780427633df6f522aa795ad8745c861fbca750005d9fd28

2025/06/24 16:55:25 [32m/opt/dev/go-barcode-webapp/internal/handlers/auth_handler.go:141
[0m[33m[33.814ms] [34;1m[rows:1][0m SELECT * FROM `sessions` WHERE session_id = '25d05079869cdce66780427633df6f522aa795ad8745c861fbca750005d9fd28' AND expires_at > '2025-06-24 16:55:25.307' ORDER BY `sessions`.`session_id` LIMIT 1

2025/06/24 16:55:25 [32m/opt/dev/go-barcode-webapp/internal/handlers/auth_handler.go:152
[0m[33m[22.964ms] [34;1m[rows:1][0m SELECT * FROM `users` WHERE userID = 5 AND is_active = true ORDER BY `users`.`userID` LIMIT 1
DEBUG: Session valid for user: admin (ID: 5)

2025/06/24 16:55:25 [32m/opt/dev/go-barcode-webapp/internal/handlers/home_handler.go:41
[0m[33m[11.203ms] [34;1m[rows:1][0m SELECT count(*) FROM `jobs`

2025/06/24 16:55:25 [32m/opt/dev/go-barcode-webapp/internal/handlers/home_handler.go:42
[0m[33m[22.247ms] [34;1m[rows:1][0m SELECT count(*) FROM `devices`

2025/06/24 16:55:25 [32m/opt/dev/go-barcode-webapp/internal/handlers/home_handler.go:43
[0m[33m[23.295ms] [34;1m[rows:1][0m SELECT count(*) FROM `customers`

2025/06/24 16:55:25 [32m/opt/dev/go-barcode-webapp/internal/handlers/home_handler.go:44
[0m[33m[11.626ms] [34;1m[rows:1][0m SELECT count(*) FROM `cases`

2025/06/24 16:55:25 [32m/opt/dev/go-barcode-webapp/internal/repository/job_repository.go:109
[0m[33m[12.288ms] [34;1m[rows:3][0m SELECT j.jobID, j.customerID, j.statusID, 
			j.description, j.startDate, j.endDate, 
			j.revenue, j.final_revenue,
			CONCAT(COALESCE(c.companyname, ''), ' ', COALESCE(c.firstname, ''), ' ', COALESCE(c.lastname, '')) as customer_name, 
			s.status as status_name,
			COUNT(DISTINCT jd.deviceID) as device_count,
			COALESCE(j.final_revenue, j.revenue) as total_revenue
		FROM jobs j 
		LEFT JOIN customers c ON j.customerID = c.customerID
		LEFT JOIN status s ON j.statusID = s.statusID
		LEFT JOIN jobdevices jd ON j.jobID = jd.jobID GROUP BY j.jobID, j.customerID, j.statusID, j.description, j.startDate, j.endDate, j.revenue, j.final_revenue, customer_name, s.status ORDER BY j.jobID DESC LIMIT 5
{"timestamp":"2025-06-24T14:55:25.456697802Z","level":"INFO","message":"HTTP Request","service":"go-barcode-webapp","version":"1.0.0","environment":"development","request_id":"1750776925307077888","method":"GET","path":"/dashboard","status_code":200,"duration":"149.61837ms","ip":"10.0.0.5","user_agent":"Mozilla/5.0 (Windows NT 10.0; Win64; x64; rv:139.0) Gecko/20100101 Firefox/139.0","fields":{"bytes_in":0,"bytes_out":27289}}
2025/06/24 16:55:25 Route Debug: GET /sw.js
{"timestamp":"2025-06-24T14:55:25.973818Z","level":"INFO","message":"HTTP Request","service":"go-barcode-webapp","version":"1.0.0","environment":"development","request_id":"1750776925973680516","method":"GET","path":"/sw.js","status_code":304,"duration":"134.678µs","ip":"10.0.0.5","user_agent":"Mozilla/5.0 (Windows NT 10.0; Win64; x64; rv:139.0) Gecko/20100101 Firefox/139.0","fields":{"bytes_in":0,"bytes_out":-1}}
2025/06/24 16:55:30 Route Debug: GET /invoices
DEBUG: AuthMiddleware called for URL: /invoices
DEBUG: Found session cookie: 25d05079869cdce66780427633df6f522aa795ad8745c861fbca750005d9fd28

2025/06/24 16:55:30 [32m/opt/dev/go-barcode-webapp/internal/handlers/auth_handler.go:141
[0m[33m[22.797ms] [34;1m[rows:1][0m SELECT * FROM `sessions` WHERE session_id = '25d05079869cdce66780427633df6f522aa795ad8745c861fbca750005d9fd28' AND expires_at > '2025-06-24 16:55:30.729' ORDER BY `sessions`.`session_id` LIMIT 1

2025/06/24 16:55:30 [32m/opt/dev/go-barcode-webapp/internal/handlers/auth_handler.go:152
[0m[33m[22.494ms] [34;1m[rows:1][0m SELECT * FROM `users` WHERE userID = 5 AND is_active = true ORDER BY `users`.`userID` LIMIT 1
DEBUG: Session valid for user: admin (ID: 5)

2025/06/24 16:55:30 [32m/opt/dev/go-barcode-webapp/internal/repository/invoice_repository_new.go:478
[0m[33m[11.328ms] [34;1m[rows:1][0m SELECT count(*) FROM `invoices`

2025/06/24 16:55:30 [32m/opt/dev/go-barcode-webapp/internal/repository/invoice_repository_new.go:495
[0m[33m[22.965ms] [34;1m[rows:1][0m SELECT * FROM `customers` WHERE `customers`.`customerID` = 52

2025/06/24 16:55:30 [32m/opt/dev/go-barcode-webapp/internal/repository/invoice_repository_new.go:495
[0m[33m[23.164ms] [34;1m[rows:0][0m SELECT * FROM `jobs` WHERE `jobs`.`jobID` = 30

2025/06/24 16:55:30 [32m/opt/dev/go-barcode-webapp/internal/repository/invoice_repository_new.go:495
[0m[33m[25.704ms] [34;1m[rows:0][0m SELECT * FROM `invoice_templates` WHERE `invoice_templates`.`template_id` = 30

2025/06/24 16:55:30 [32m/opt/dev/go-barcode-webapp/internal/repository/invoice_repository_new.go:495
[0m[33m[84.145ms] [34;1m[rows:1][0m SELECT * FROM `invoices` ORDER BY issue_date DESC, created_at DESC LIMIT 20
{"timestamp":"2025-06-24T14:55:30.884568957Z","level":"INFO","message":"HTTP Request","service":"go-barcode-webapp","version":"1.0.0","environment":"development","request_id":"1750776930729874309","method":"GET","path":"/invoices","status_code":200,"duration":"154.69154ms","ip":"10.0.0.5","user_agent":"Mozilla/5.0 (Windows NT 10.0; Win64; x64; rv:139.0) Gecko/20100101 Firefox/139.0","fields":{"bytes_in":0,"bytes_out":16884}}
2025/06/24 16:55:31 Route Debug: GET /sw.js
{"timestamp":"2025-06-24T14:55:31.912123302Z","level":"INFO","message":"HTTP Request","service":"go-barcode-webapp","version":"1.0.0","environment":"development","request_id":"1750776931911923466","method":"GET","path":"/sw.js","status_code":304,"duration":"196.928µs","ip":"10.0.0.5","user_agent":"Mozilla/5.0 (Windows NT 10.0; Win64; x64; rv:139.0) Gecko/20100101 Firefox/139.0","fields":{"bytes_in":0,"bytes_out":-1}}
2025/06/24 16:55:37 Route Debug: GET /settings/company
DEBUG: AuthMiddleware called for URL: /settings/company
DEBUG: Found session cookie: 25d05079869cdce66780427633df6f522aa795ad8745c861fbca750005d9fd28

2025/06/24 16:55:37 [32m/opt/dev/go-barcode-webapp/internal/handlers/auth_handler.go:141
[0m[33m[23.086ms] [34;1m[rows:1][0m SELECT * FROM `sessions` WHERE session_id = '25d05079869cdce66780427633df6f522aa795ad8745c861fbca750005d9fd28' AND expires_at > '2025-06-24 16:55:37.083' ORDER BY `sessions`.`session_id` LIMIT 1

2025/06/24 16:55:37 [32m/opt/dev/go-barcode-webapp/internal/handlers/auth_handler.go:152
[0m[33m[22.264ms] [34;1m[rows:1][0m SELECT * FROM `users` WHERE userID = 5 AND is_active = true ORDER BY `users`.`userID` LIMIT 1
DEBUG: Session valid for user: admin (ID: 5)
2025/06/24 16:55:37 🏢 COMPANY SETTINGS ROUTE CALLED - URL: /settings/company, Method: GET

2025/06/24 16:55:37 [32m/opt/dev/go-barcode-webapp/internal/handlers/company_handler.go:340
[0m[33m[11.019ms] [34;1m[rows:1][0m SELECT * FROM `company_settings` ORDER BY `company_settings`.`id` LIMIT 1
2025/06/24 16:55:37 DEBUG: CompanySettingsForm handler called successfully - rendering company_settings.html
{"timestamp":"2025-06-24T14:55:37.14989171Z","level":"INFO","message":"HTTP Request","service":"go-barcode-webapp","version":"1.0.0","environment":"development","request_id":"1750776937083451378","method":"GET","path":"/settings/company","status_code":200,"duration":"66.438438ms","ip":"10.0.0.5","user_agent":"Mozilla/5.0 (Windows NT 10.0; Win64; x64; rv:139.0) Gecko/20100101 Firefox/139.0","fields":{"bytes_in":0,"bytes_out":-1}}
2025/06/24 16:55:38 Route Debug: GET /sw.js
{"timestamp":"2025-06-24T14:55:38.224496916Z","level":"INFO","message":"HTTP Request","service":"go-barcode-webapp","version":"1.0.0","environment":"development","request_id":"1750776938224289272","method":"GET","path":"/sw.js","status_code":304,"duration":"204.356µs","ip":"10.0.0.5","user_agent":"Mozilla/5.0 (Windows NT 10.0; Win64; x64; rv:139.0) Gecko/20100101 Firefox/139.0","fields":{"bytes_in":0,"bytes_out":-1}}
2025/06/24 16:58:52 Route Debug: HEAD /settings/company
2025/06/24 16:58:52 NotFoundHandler: 404 for path: /settings/company
2025/06/24 16:58:52 renderErrorPage: Rendering error page - Status: 404, Message: Page not found
{"timestamp":"2025-06-24T14:58:52.830613101Z","level":"INFO","message":"HTTP Request","service":"go-barcode-webapp","version":"1.0.0","environment":"development","request_id":"1750777132817020918","method":"HEAD","path":"/settings/company","status_code":404,"duration":"13.585104ms","ip":"127.0.0.1","user_agent":"curl/7.88.1","fields":{"bytes_in":0,"bytes_out":-1,"errors":"Error #01: html/template:company_settings_FIXED.html:340:20: {{.company.LogoPath}} appears in a JS template literal\n"}}

2025/06/24 16:59:13 [32m/opt/dev/go-barcode-webapp/internal/handlers/auth_handler.go:198
[0m[33m[173.807ms] [34;1m[rows:0][0m DELETE FROM `sessions` WHERE expires_at < '2025-06-24 16:59:13.571'
