2025/07/25 14:41:21 Database connection established successfully
2025/07/25 14:41:22 GoBD compliance table migration disabled
2025/07/25 14:41:22 Database auto-migration disabled - using manual schema management
2025/07/25 14:41:22 Templates already exist (1), skipping default template creation
[GIN-debug] [WARNING] Running in "debug" mode. Switch to "release" mode in production.
 - using env:	export GIN_MODE=release
 - using code:	gin.SetMode(gin.ReleaseMode)

[GIN-debug] Loaded HTML Templates (63): 
	- transactions_list.html
	- js
	- invoice_template_german.html
	- jobs.html
	- security_roles_standalone.html
	- signature_form.html
	- cable_form.html
	- financial_dashboard.html
	- search_results.html
	- users_list.html
	- analytics_dashboard.html
	- company_settings.html
	- error_page.html
	- invoice_preview.html
	- scan_select_job.html
	- case_form.html
	- customer_form.html
	- job_form.html
	- login.html
	- mobile_scanner.html
	- cases_list.html
	- invoices_content.html
	- invoices_list.html
	- security_audit.html
	- user_detail.html
	- cables_standalone.html
	- error_standalone.html
	- invoice_template_designer_basic.html
	- navbar.html
	- products_standalone.html
	- home.html
	- invoice_detail.html
	- invoice_settings_form.html
	- invoice_template_designer.html
	- profile_settings.html
	- case_detail.html
	- device_form.html
	- devices_standalone.html
	- equipment_package_form.html
	- transaction_form.html
	- customer_detail.html
	- document_upload_form.html
	- documents_list.html
	- content
	- equipment_packages_standalone.html
	- financial_reports.html
	- invoice_form.html
	- 
	- user_form.html
	- css
	- case_device_mapping.html
	- error.html
	- monitoring_dashboard.html
	- transaction_detail.html
	- base.html
	- bulk_operations.html
	- equipment_package_detail.html
	- invoices-content
	- customers.html
	- device_detail.html
	- invoice_templates_list.html
	- job_detail.html
	- scan_job.html

[GIN-debug] GET    /static/*filepath         --> github.com/gin-gonic/gin.(*RouterGroup).createStaticHandler.func1 (8 handlers)
[GIN-debug] HEAD   /static/*filepath         --> github.com/gin-gonic/gin.(*RouterGroup).createStaticHandler.func1 (8 handlers)
[GIN-debug] GET    /uploads/*filepath        --> github.com/gin-gonic/gin.(*RouterGroup).createStaticHandler.func1 (8 handlers)
[GIN-debug] HEAD   /uploads/*filepath        --> github.com/gin-gonic/gin.(*RouterGroup).createStaticHandler.func1 (8 handlers)
[GIN-debug] GET    /sw.js                    --> main.main.func24 (9 handlers)
[GIN-debug] GET    /manifest.json            --> main.main.func25 (9 handlers)
[GIN-debug] GET    /                         --> main.setupRoutes.func1 (9 handlers)
[GIN-debug] GET    /login                    --> go-barcode-webapp/internal/handlers.(*AuthHandler).LoginForm-fm (9 handlers)
[GIN-debug] POST   /login                    --> go-barcode-webapp/internal/handlers.(*AuthHandler).Login-fm (9 handlers)
[GIN-debug] GET    /logout                   --> go-barcode-webapp/internal/handlers.(*AuthHandler).Logout-fm (9 handlers)
[GIN-debug] GET    /debug/invoice-test       --> main.setupRoutes.func2 (9 handlers)
[GIN-debug] GET    /debug/customer-selection --> main.setupRoutes.func3 (9 handlers)
[GIN-debug] GET    /debug/routes             --> main.setupRoutes.func4 (9 handlers)
[GIN-debug] GET    /dashboard                --> go-barcode-webapp/internal/handlers.(*HomeHandler).Dashboard-fm (10 handlers)
[GIN-debug] GET    /jobs                     --> go-barcode-webapp/internal/handlers.(*JobHandler).ListJobs-fm (10 handlers)
[GIN-debug] GET    /jobs/new                 --> go-barcode-webapp/internal/handlers.(*JobHandler).NewJobForm-fm (10 handlers)
[GIN-debug] POST   /jobs                     --> go-barcode-webapp/internal/handlers.(*JobHandler).CreateJob-fm (10 handlers)
[GIN-debug] GET    /jobs/:id                 --> go-barcode-webapp/internal/handlers.(*JobHandler).GetJob-fm (10 handlers)
[GIN-debug] GET    /jobs/:id/edit            --> go-barcode-webapp/internal/handlers.(*JobHandler).EditJobForm-fm (10 handlers)
[GIN-debug] PUT    /jobs/:id                 --> go-barcode-webapp/internal/handlers.(*JobHandler).UpdateJob-fm (10 handlers)
[GIN-debug] POST   /jobs/:id/update          --> go-barcode-webapp/internal/handlers.(*JobHandler).UpdateJob-fm (10 handlers)
[GIN-debug] DELETE /jobs/:id                 --> go-barcode-webapp/internal/handlers.(*JobHandler).DeleteJob-fm (10 handlers)
[GIN-debug] GET    /jobs/:id/devices         --> go-barcode-webapp/internal/handlers.(*JobHandler).GetJobDevices-fm (10 handlers)
[GIN-debug] POST   /jobs/:id/devices         --> go-barcode-webapp/internal/handlers.(*JobHandler).AssignDevice-fm (10 handlers)
[GIN-debug] DELETE /jobs/:id/devices/:deviceId --> go-barcode-webapp/internal/handlers.(*JobHandler).RemoveDevice-fm (10 handlers)
[GIN-debug] POST   /jobs/:id/bulk-scan       --> go-barcode-webapp/internal/handlers.(*JobHandler).BulkScanDevices-fm (10 handlers)
[GIN-debug] GET    /devices                  --> go-barcode-webapp/internal/handlers.(*DeviceHandler).ListDevices-fm (10 handlers)
[GIN-debug] GET    /devices/new              --> go-barcode-webapp/internal/handlers.(*DeviceHandler).NewDeviceForm-fm (10 handlers)
[GIN-debug] POST   /devices                  --> go-barcode-webapp/internal/handlers.(*DeviceHandler).CreateDevice-fm (10 handlers)
[GIN-debug] GET    /devices/:id              --> go-barcode-webapp/internal/handlers.(*DeviceHandler).GetDevice-fm (10 handlers)
[GIN-debug] GET    /devices/:id/edit         --> go-barcode-webapp/internal/handlers.(*DeviceHandler).EditDeviceForm-fm (10 handlers)
[GIN-debug] PUT    /devices/:id              --> go-barcode-webapp/internal/handlers.(*DeviceHandler).UpdateDevice-fm (10 handlers)
[GIN-debug] DELETE /devices/:id              --> go-barcode-webapp/internal/handlers.(*DeviceHandler).DeleteDevice-fm (10 handlers)
[GIN-debug] GET    /devices/:id/qr           --> go-barcode-webapp/internal/handlers.(*DeviceHandler).GetDeviceQR-fm (10 handlers)
[GIN-debug] GET    /devices/:id/barcode      --> go-barcode-webapp/internal/handlers.(*DeviceHandler).GetDeviceBarcode-fm (10 handlers)
[GIN-debug] GET    /devices/:id/stats        --> go-barcode-webapp/internal/handlers.(*DeviceHandler).GetDeviceStatsAPI-fm (10 handlers)
[GIN-debug] GET    /devices/available        --> go-barcode-webapp/internal/handlers.(*DeviceHandler).GetAvailableDevices-fm (10 handlers)
[GIN-debug] GET    /products                 --> go-barcode-webapp/internal/handlers.(*ProductHandler).ListProductsWeb-fm (10 handlers)
[GIN-debug] GET    /products/new             --> go-barcode-webapp/internal/handlers.(*ProductHandler).NewProductForm-fm (10 handlers)
[GIN-debug] GET    /cables                   --> go-barcode-webapp/internal/handlers.(*CableHandler).ListCablesWeb-fm (10 handlers)
[GIN-debug] GET    /cables/new               --> go-barcode-webapp/internal/handlers.(*CableHandler).NewCableForm-fm (10 handlers)
[GIN-debug] POST   /cables                   --> go-barcode-webapp/internal/handlers.(*CableHandler).CreateCable-fm (10 handlers)
[GIN-debug] GET    /customers                --> go-barcode-webapp/internal/handlers.(*CustomerHandler).ListCustomers-fm (10 handlers)
[GIN-debug] GET    /customers/new            --> go-barcode-webapp/internal/handlers.(*CustomerHandler).NewCustomerForm-fm (10 handlers)
[GIN-debug] POST   /customers                --> go-barcode-webapp/internal/handlers.(*CustomerHandler).CreateCustomer-fm (10 handlers)
[GIN-debug] GET    /customers/:id            --> go-barcode-webapp/internal/handlers.(*CustomerHandler).GetCustomer-fm (10 handlers)
[GIN-debug] GET    /customers/:id/edit       --> go-barcode-webapp/internal/handlers.(*CustomerHandler).EditCustomerForm-fm (10 handlers)
[GIN-debug] PUT    /customers/:id            --> go-barcode-webapp/internal/handlers.(*CustomerHandler).UpdateCustomer-fm (10 handlers)
[GIN-debug] DELETE /customers/:id            --> go-barcode-webapp/internal/handlers.(*CustomerHandler).DeleteCustomer-fm (10 handlers)
[GIN-debug] GET    /statuses                 --> go-barcode-webapp/internal/handlers.(*StatusHandler).ListStatuses-fm (10 handlers)
[GIN-debug] GET    /cases                    --> go-barcode-webapp/internal/handlers.(*CaseHandler).ListCases-fm (10 handlers)
[GIN-debug] GET    /cases/new                --> go-barcode-webapp/internal/handlers.(*CaseHandler).NewCaseForm-fm (10 handlers)
[GIN-debug] POST   /cases                    --> go-barcode-webapp/internal/handlers.(*CaseHandler).CreateCase-fm (10 handlers)
[GIN-debug] GET    /cases/:id                --> go-barcode-webapp/internal/handlers.(*CaseHandler).GetCase-fm (10 handlers)
[GIN-debug] GET    /cases/:id/edit           --> go-barcode-webapp/internal/handlers.(*CaseHandler).EditCaseForm-fm (10 handlers)
[GIN-debug] PUT    /cases/:id                --> go-barcode-webapp/internal/handlers.(*CaseHandler).UpdateCase-fm (10 handlers)
[GIN-debug] DELETE /cases/:id                --> go-barcode-webapp/internal/handlers.(*CaseHandler).DeleteCase-fm (10 handlers)
[GIN-debug] GET    /cases/:id/devices        --> go-barcode-webapp/internal/handlers.(*CaseHandler).CaseDeviceMapping-fm (10 handlers)
[GIN-debug] POST   /cases/:id/devices        --> go-barcode-webapp/internal/handlers.(*CaseHandler).ScanDeviceToCase-fm (10 handlers)
[GIN-debug] DELETE /cases/:id/devices/:deviceId --> go-barcode-webapp/internal/handlers.(*CaseHandler).RemoveDeviceFromCase-fm (10 handlers)
[GIN-debug] GET    /barcodes/device/:serialNo/qr --> go-barcode-webapp/internal/handlers.(*BarcodeHandler).GenerateDeviceQR-fm (10 handlers)
[GIN-debug] GET    /barcodes/device/:serialNo/barcode --> go-barcode-webapp/internal/handlers.(*BarcodeHandler).GenerateDeviceBarcode-fm (10 handlers)
[GIN-debug] GET    /scan                     --> go-barcode-webapp/internal/handlers.(*ScannerHandler).ScanJobSelection-fm (10 handlers)
[GIN-debug] GET    /scan/select              --> go-barcode-webapp/internal/handlers.(*ScannerHandler).ScanJobSelection-fm (10 handlers)
[GIN-debug] GET    /scan/:jobId              --> go-barcode-webapp/internal/handlers.(*ScannerHandler).ScanJob-fm (10 handlers)
[GIN-debug] POST   /scan/:jobId/assign       --> go-barcode-webapp/internal/handlers.(*ScannerHandler).ScanDevice-fm (10 handlers)
[GIN-debug] DELETE /scan/:jobId/devices/:deviceId --> go-barcode-webapp/internal/handlers.(*ScannerHandler).RemoveDevice-fm (10 handlers)
[GIN-debug] GET    /analytics                --> go-barcode-webapp/internal/handlers.(*AnalyticsHandler).Dashboard-fm (10 handlers)
[GIN-debug] GET    /analytics/revenue        --> go-barcode-webapp/internal/handlers.(*AnalyticsHandler).GetRevenueAPI-fm (10 handlers)
[GIN-debug] GET    /analytics/equipment      --> go-barcode-webapp/internal/handlers.(*AnalyticsHandler).GetEquipmentAPI-fm (10 handlers)
[GIN-debug] GET    /analytics/export         --> go-barcode-webapp/internal/handlers.(*AnalyticsHandler).ExportAnalytics-fm (10 handlers)
[GIN-debug] GET    /search/global            --> go-barcode-webapp/internal/handlers.(*SearchHandler).GlobalSearch-fm (10 handlers)
[GIN-debug] POST   /search/advanced          --> go-barcode-webapp/internal/handlers.(*SearchHandler).AdvancedSearch-fm (10 handlers)
[GIN-debug] GET    /search/suggestions       --> go-barcode-webapp/internal/handlers.(*SearchHandler).SearchSuggestions-fm (10 handlers)
[GIN-debug] GET    /search/saved             --> go-barcode-webapp/internal/handlers.(*SearchHandler).SavedSearches-fm (10 handlers)
[GIN-debug] DELETE /search/saved/:id         --> go-barcode-webapp/internal/handlers.(*SearchHandler).DeleteSavedSearch-fm (10 handlers)
[GIN-debug] POST   /pwa/subscribe            --> go-barcode-webapp/internal/handlers.(*PWAHandler).SubscribePush-fm (10 handlers)
[GIN-debug] POST   /pwa/unsubscribe          --> go-barcode-webapp/internal/handlers.(*PWAHandler).UnsubscribePush-fm (10 handlers)
[GIN-debug] POST   /pwa/sync                 --> go-barcode-webapp/internal/handlers.(*PWAHandler).SyncOfflineData-fm (10 handlers)
[GIN-debug] GET    /pwa/manifest             --> go-barcode-webapp/internal/handlers.(*PWAHandler).GetOfflineManifest-fm (10 handlers)
[GIN-debug] GET    /pwa/install              --> go-barcode-webapp/internal/handlers.(*PWAHandler).InstallPrompt-fm (10 handlers)
[GIN-debug] GET    /pwa/status               --> go-barcode-webapp/internal/handlers.(*PWAHandler).GetConnectionStatus-fm (10 handlers)
[GIN-debug] GET    /workflow/packages        --> go-barcode-webapp/internal/handlers.(*EquipmentPackageHandler).ShowPackagesList-fm (10 handlers)
[GIN-debug] GET    /workflow/packages/new    --> go-barcode-webapp/internal/handlers.(*EquipmentPackageHandler).ShowPackageForm-fm (10 handlers)
[GIN-debug] GET    /workflow/packages/:id    --> go-barcode-webapp/internal/handlers.(*EquipmentPackageHandler).ShowPackageDetail-fm (10 handlers)
[GIN-debug] GET    /workflow/packages/:id/edit --> go-barcode-webapp/internal/handlers.(*EquipmentPackageHandler).ShowPackageForm-fm (10 handlers)
[GIN-debug] POST   /workflow/packages        --> go-barcode-webapp/internal/handlers.(*EquipmentPackageHandler).CreatePackage-fm (10 handlers)
[GIN-debug] PUT    /workflow/packages/:id    --> go-barcode-webapp/internal/handlers.(*EquipmentPackageHandler).UpdatePackage-fm (10 handlers)
[GIN-debug] DELETE /workflow/packages/:id    --> go-barcode-webapp/internal/handlers.(*EquipmentPackageHandler).DeletePackage-fm (10 handlers)
[GIN-debug] GET    /workflow/bulk            --> go-barcode-webapp/internal/handlers.(*WorkflowHandler).BulkOperationsForm-fm (10 handlers)
[GIN-debug] POST   /workflow/bulk/update-status --> go-barcode-webapp/internal/handlers.(*WorkflowHandler).BulkUpdateDeviceStatus-fm (10 handlers)
[GIN-debug] POST   /workflow/bulk/assign-job --> go-barcode-webapp/internal/handlers.(*WorkflowHandler).BulkAssignToJob-fm (10 handlers)
[GIN-debug] POST   /workflow/bulk/generate-qr --> go-barcode-webapp/internal/handlers.(*WorkflowHandler).BulkGenerateQRCodes-fm (10 handlers)
[GIN-debug] GET    /workflow/stats           --> go-barcode-webapp/internal/handlers.(*WorkflowHandler).GetWorkflowStats-fm (10 handlers)
[GIN-debug] GET    /documents                --> go-barcode-webapp/internal/handlers.(*DocumentHandler).ListDocuments-fm (10 handlers)
[GIN-debug] GET    /documents/upload         --> go-barcode-webapp/internal/handlers.(*DocumentHandler).UploadDocumentForm-fm (10 handlers)
[GIN-debug] POST   /documents/upload         --> go-barcode-webapp/internal/handlers.(*DocumentHandler).UploadDocument-fm (10 handlers)
[GIN-debug] GET    /documents/:id            --> go-barcode-webapp/internal/handlers.(*DocumentHandler).GetDocument-fm (10 handlers)
[GIN-debug] GET    /documents/:id/view       --> go-barcode-webapp/internal/handlers.(*DocumentHandler).ViewDocument-fm (10 handlers)
[GIN-debug] GET    /documents/:id/download   --> go-barcode-webapp/internal/handlers.(*DocumentHandler).DownloadDocument-fm (10 handlers)
[GIN-debug] DELETE /documents/:id            --> go-barcode-webapp/internal/handlers.(*DocumentHandler).DeleteDocument-fm (10 handlers)
[GIN-debug] GET    /documents/:id/sign       --> go-barcode-webapp/internal/handlers.(*DocumentHandler).SignatureForm-fm (10 handlers)
[GIN-debug] POST   /documents/:id/sign       --> go-barcode-webapp/internal/handlers.(*DocumentHandler).AddSignature-fm (10 handlers)
[GIN-debug] GET    /documents/signatures/:id/verify --> go-barcode-webapp/internal/handlers.(*DocumentHandler).VerifySignature-fm (10 handlers)
[GIN-debug] GET    /financial                --> go-barcode-webapp/internal/handlers.(*FinancialHandler).FinancialDashboard-fm (10 handlers)
[GIN-debug] GET    /financial/transactions   --> go-barcode-webapp/internal/handlers.(*FinancialHandler).ListTransactions-fm (10 handlers)
[GIN-debug] GET    /financial/transactions/new --> go-barcode-webapp/internal/handlers.(*FinancialHandler).NewTransactionForm-fm (10 handlers)
[GIN-debug] POST   /financial/transactions   --> go-barcode-webapp/internal/handlers.(*FinancialHandler).CreateTransaction-fm (10 handlers)
[GIN-debug] GET    /financial/transactions/:id --> go-barcode-webapp/internal/handlers.(*FinancialHandler).GetTransaction-fm (10 handlers)
[GIN-debug] PUT    /financial/transactions/:id/status --> go-barcode-webapp/internal/handlers.(*FinancialHandler).UpdateTransactionStatus-fm (10 handlers)
[GIN-debug] POST   /financial/jobs/:jobId/invoice --> go-barcode-webapp/internal/handlers.(*FinancialHandler).GenerateInvoice-fm (10 handlers)
[GIN-debug] GET    /financial/reports        --> go-barcode-webapp/internal/handlers.(*FinancialHandler).FinancialReports-fm (10 handlers)
[GIN-debug] GET    /financial/api/revenue-report --> go-barcode-webapp/internal/handlers.(*FinancialHandler).GetRevenueReport-fm (10 handlers)
[GIN-debug] GET    /financial/api/payment-report --> go-barcode-webapp/internal/handlers.(*FinancialHandler).GetPaymentReport-fm (10 handlers)
[GIN-debug] GET    /financial/api/export/transactions --> go-barcode-webapp/internal/handlers.(*FinancialHandler).ExportTransactions-fm (10 handlers)
[GIN-debug] GET    /financial/api/export/revenue --> go-barcode-webapp/internal/handlers.(*FinancialHandler).ExportRevenue-fm (10 handlers)
[GIN-debug] GET    /financial/api/export/tax-report --> go-barcode-webapp/internal/handlers.(*FinancialHandler).ExportTaxReportCSV-fm (10 handlers)
[GIN-debug] GET    /invoices                 --> go-barcode-webapp/internal/handlers.(*InvoiceHandlerNew).ListInvoices-fm (12 handlers)
[GIN-debug] GET    /invoices/new             --> go-barcode-webapp/internal/handlers.(*InvoiceHandlerNew).NewInvoiceForm-fm (12 handlers)
[GIN-debug] POST   /invoices                 --> go-barcode-webapp/internal/handlers.(*InvoiceHandlerNew).CreateInvoice-fm (12 handlers)
[GIN-debug] GET    /invoices/:id             --> go-barcode-webapp/internal/handlers.(*InvoiceHandlerNew).GetInvoice-fm (12 handlers)
[GIN-debug] GET    /invoices/:id/edit        --> go-barcode-webapp/internal/handlers.(*InvoiceHandlerNew).EditInvoiceForm-fm (12 handlers)
[GIN-debug] GET    /invoices/:id/preview     --> go-barcode-webapp/internal/handlers.(*InvoiceHandlerNew).PreviewInvoice-fm (12 handlers)
[GIN-debug] PUT    /invoices/:id             --> go-barcode-webapp/internal/handlers.(*InvoiceHandlerNew).UpdateInvoice-fm (12 handlers)
[GIN-debug] PUT    /invoices/:id/status      --> go-barcode-webapp/internal/handlers.(*InvoiceHandlerNew).UpdateInvoiceStatus-fm (12 handlers)
[GIN-debug] DELETE /invoices/:id             --> go-barcode-webapp/internal/handlers.(*InvoiceHandlerNew).DeleteInvoice-fm (12 handlers)
[GIN-debug] GET    /invoices/:id/pdf         --> go-barcode-webapp/internal/handlers.(*InvoiceHandlerNew).GenerateInvoicePDF-fm (12 handlers)
[GIN-debug] GET    /invoice-templates        --> go-barcode-webapp/internal/handlers.(*InvoiceTemplateHandler).ListTemplates-fm (10 handlers)
[GIN-debug] GET    /invoice-templates/new    --> go-barcode-webapp/internal/handlers.(*InvoiceTemplateHandler).NewTemplateForm-fm (10 handlers)
[GIN-debug] POST   /invoice-templates        --> go-barcode-webapp/internal/handlers.(*InvoiceTemplateHandler).CreateTemplate-fm (10 handlers)
[GIN-debug] GET    /invoice-templates/:id/edit --> go-barcode-webapp/internal/handlers.(*InvoiceTemplateHandler).EditTemplateForm-fm (10 handlers)
[GIN-debug] PUT    /invoice-templates/:id    --> go-barcode-webapp/internal/handlers.(*InvoiceTemplateHandler).UpdateTemplate-fm (10 handlers)
[GIN-debug] DELETE /invoice-templates/:id    --> go-barcode-webapp/internal/handlers.(*InvoiceTemplateHandler).DeleteTemplate-fm (10 handlers)
[GIN-debug] GET    /invoice-templates/:id/preview --> go-barcode-webapp/internal/handlers.(*InvoiceTemplateHandler).PreviewTemplate-fm (10 handlers)
[GIN-debug] POST   /invoice-templates/:id/set-default --> go-barcode-webapp/internal/handlers.(*InvoiceTemplateHandler).SetDefaultTemplate-fm (10 handlers)
[GIN-debug] GET    /settings/company         --> main.setupRoutes.func5 (10 handlers)
[GIN-debug] POST   /settings/company         --> go-barcode-webapp/internal/handlers.(*CompanyHandler).UpdateCompanySettingsForm-fm (10 handlers)
[GIN-debug] GET    /settings/company/api     --> go-barcode-webapp/internal/handlers.(*CompanyHandler).GetCompanySettings-fm (10 handlers)
[GIN-debug] PUT    /settings/company/api     --> go-barcode-webapp/internal/handlers.(*CompanyHandler).UpdateCompanySettings-fm (10 handlers)
[GIN-debug] POST   /settings/company/logo    --> go-barcode-webapp/internal/handlers.(*CompanyHandler).UploadCompanyLogo-fm (10 handlers)
[GIN-debug] DELETE /settings/company/logo    --> go-barcode-webapp/internal/handlers.(*CompanyHandler).DeleteCompanyLogo-fm (10 handlers)
[GIN-debug] GET    /security/roles           --> main.setupRoutes.func6 (10 handlers)
[GIN-debug] GET    /security/audit           --> main.setupRoutes.func7 (10 handlers)
[GIN-debug] GET    /security/api/roles       --> go-barcode-webapp/internal/handlers.(*SecurityHandler).GetRoles-fm (10 handlers)
[GIN-debug] GET    /security/api/roles/:id   --> go-barcode-webapp/internal/handlers.(*SecurityHandler).GetRole-fm (10 handlers)
[GIN-debug] POST   /security/api/roles       --> go-barcode-webapp/internal/handlers.(*SecurityHandler).CreateRole-fm (10 handlers)
[GIN-debug] PUT    /security/api/roles/:id   --> go-barcode-webapp/internal/handlers.(*SecurityHandler).UpdateRole-fm (10 handlers)
[GIN-debug] DELETE /security/api/roles/:id   --> go-barcode-webapp/internal/handlers.(*SecurityHandler).DeleteRole-fm (10 handlers)
[GIN-debug] GET    /security/api/users/:userId/roles --> go-barcode-webapp/internal/handlers.(*SecurityHandler).GetUserRoles-fm (10 handlers)
[GIN-debug] POST   /security/api/users/:userId/roles --> go-barcode-webapp/internal/handlers.(*SecurityHandler).AssignUserRole-fm (10 handlers)
[GIN-debug] DELETE /security/api/users/:userId/roles/:roleId --> go-barcode-webapp/internal/handlers.(*SecurityHandler).RevokeUserRole-fm (10 handlers)
[GIN-debug] GET    /security/api/audit       --> go-barcode-webapp/internal/handlers.(*SecurityHandler).GetAuditLogs-fm (10 handlers)
[GIN-debug] GET    /security/api/audit/:id   --> go-barcode-webapp/internal/handlers.(*SecurityHandler).GetAuditLog-fm (10 handlers)
[GIN-debug] GET    /security/api/audit/export --> go-barcode-webapp/internal/handlers.(*SecurityHandler).ExportAuditLogs-fm (10 handlers)
[GIN-debug] GET    /security/api/permissions --> go-barcode-webapp/internal/handlers.(*SecurityHandler).GetPermissions-fm (10 handlers)
[GIN-debug] GET    /security/api/permissions/definitions --> go-barcode-webapp/internal/handlers.(*SecurityHandler).GetPermissionDefinitionsAPI-fm (10 handlers)
[GIN-debug] GET    /security/api/permissions/check --> go-barcode-webapp/internal/handlers.(*SecurityHandler).CheckPermission-fm (10 handlers)
[GIN-debug] GET    /monitoring               --> main.setupRoutes.func8 (10 handlers)
[GIN-debug] GET    /monitoring/health        --> go-barcode-webapp/internal/handlers.(*MonitoringHandler).GetApplicationHealth-fm (10 handlers)
[GIN-debug] GET    /monitoring/metrics       --> go-barcode-webapp/internal/handlers.(*MonitoringHandler).GetSystemMetrics-fm (10 handlers)
[GIN-debug] GET    /monitoring/metrics/prometheus --> go-barcode-webapp/internal/handlers.(*MonitoringHandler).ExportMetrics-fm (10 handlers)
[GIN-debug] GET    /monitoring/performance   --> go-barcode-webapp/internal/handlers.(*MonitoringHandler).GetPerformanceMetrics-fm (10 handlers)
[GIN-debug] GET    /monitoring/errors        --> go-barcode-webapp/internal/handlers.(*MonitoringHandler).GetErrorDetails-fm (10 handlers)
[GIN-debug] POST   /monitoring/errors/:fingerprint/resolve --> go-barcode-webapp/internal/handlers.(*MonitoringHandler).ResolveError-fm (10 handlers)
[GIN-debug] POST   /monitoring/test-error    --> go-barcode-webapp/internal/handlers.(*MonitoringHandler).TriggerTestError-fm (10 handlers)
[GIN-debug] GET    /monitoring/logs          --> go-barcode-webapp/internal/handlers.(*MonitoringHandler).GetLogStream-fm (10 handlers)
[GIN-debug] GET    /compliance/status        --> main.setupRoutes.(*ComplianceMiddleware).GetComplianceStatus.func15 (10 handlers)
[GIN-debug] POST   /compliance/retention/cleanup --> main.setupRoutes.(*ComplianceMiddleware).RetentionCleanupMiddleware.func16 (10 handlers)
[GIN-debug] POST   /compliance/gdpr/request  --> main.setupRoutes.(*ComplianceMiddleware).GDPRRequestMiddleware.func17 (10 handlers)
[GIN-debug] GET    /mobile/scanner/:jobId    --> main.setupRoutes.func9 (10 handlers)
[GIN-debug] GET    /mobile/scanner/:jobId/enhanced --> main.setupRoutes.func10 (10 handlers)
[GIN-debug] GET    /profile/settings         --> go-barcode-webapp/internal/handlers.(*AuthHandler).ProfileSettingsForm-fm (10 handlers)
[GIN-debug] POST   /profile/settings         --> go-barcode-webapp/internal/handlers.(*AuthHandler).UpdateProfileSettings-fm (10 handlers)
[GIN-debug] GET    /profile/preferences      --> go-barcode-webapp/internal/handlers.(*AuthHandler).GetUserPreferences-fm (10 handlers)
[GIN-debug] GET    /users                    --> go-barcode-webapp/internal/handlers.(*AuthHandler).ListUsers-fm (10 handlers)
[GIN-debug] POST   /users                    --> go-barcode-webapp/internal/handlers.(*AuthHandler).CreateUserWeb-fm (10 handlers)
[GIN-debug] GET    /user-management/new      --> go-barcode-webapp/internal/handlers.(*AuthHandler).NewUserForm-fm (10 handlers)
[GIN-debug] GET    /user-management/:id/edit --> go-barcode-webapp/internal/handlers.(*AuthHandler).EditUserForm-fm (10 handlers)
[GIN-debug] GET    /user-management/:id/view --> go-barcode-webapp/internal/handlers.(*AuthHandler).GetUser-fm (10 handlers)
[GIN-debug] PUT    /user-management/:id      --> go-barcode-webapp/internal/handlers.(*AuthHandler).UpdateUser-fm (10 handlers)
[GIN-debug] DELETE /user-management/:id      --> go-barcode-webapp/internal/handlers.(*AuthHandler).DeleteUser-fm (10 handlers)
[GIN-debug] GET    /users/new                --> main.setupRoutes.func11 (10 handlers)
[GIN-debug] GET    /api/v1/jobs              --> go-barcode-webapp/internal/handlers.(*JobHandler).ListJobsAPI-fm (10 handlers)
[GIN-debug] POST   /api/v1/jobs              --> go-barcode-webapp/internal/handlers.(*JobHandler).CreateJobAPI-fm (10 handlers)
[GIN-debug] GET    /api/v1/jobs/:id          --> go-barcode-webapp/internal/handlers.(*JobHandler).GetJobAPI-fm (10 handlers)
[GIN-debug] PUT    /api/v1/jobs/:id          --> go-barcode-webapp/internal/handlers.(*JobHandler).UpdateJobAPI-fm (10 handlers)
[GIN-debug] DELETE /api/v1/jobs/:id          --> go-barcode-webapp/internal/handlers.(*JobHandler).DeleteJobAPI-fm (10 handlers)
[GIN-debug] POST   /api/v1/jobs/:id/devices/:deviceId --> go-barcode-webapp/internal/handlers.(*JobHandler).AssignDeviceAPI-fm (10 handlers)
[GIN-debug] DELETE /api/v1/jobs/:id/devices/:deviceId --> go-barcode-webapp/internal/handlers.(*JobHandler).RemoveDeviceAPI-fm (10 handlers)
[GIN-debug] DELETE /api/v1/jobs/:id/devices/bulk-remove --> go-barcode-webapp/internal/handlers.(*ScannerHandler).BulkRemoveDevices-fm (10 handlers)
[GIN-debug] POST   /api/v1/jobs/:id/bulk-scan --> go-barcode-webapp/internal/handlers.(*JobHandler).BulkScanDevicesAPI-fm (10 handlers)
[GIN-debug] POST   /api/v1/jobs/:id/assign-device --> go-barcode-webapp/internal/handlers.(*ScannerHandler).ScanDevice-fm (10 handlers)
[GIN-debug] POST   /api/v1/jobs/:id/assign-case --> go-barcode-webapp/internal/handlers.(*ScannerHandler).ScanCase-fm (10 handlers)
[GIN-debug] GET    /api/v1/devices           --> go-barcode-webapp/internal/handlers.(*DeviceHandler).ListDevicesAPI-fm (10 handlers)
[GIN-debug] POST   /api/v1/devices           --> go-barcode-webapp/internal/handlers.(*DeviceHandler).CreateDeviceAPI-fm (10 handlers)
[GIN-debug] GET    /api/v1/devices/:id       --> go-barcode-webapp/internal/handlers.(*DeviceHandler).GetDeviceAPI-fm (10 handlers)
[GIN-debug] PUT    /api/v1/devices/:id       --> go-barcode-webapp/internal/handlers.(*DeviceHandler).UpdateDeviceAPI-fm (10 handlers)
[GIN-debug] DELETE /api/v1/devices/:id       --> go-barcode-webapp/internal/handlers.(*DeviceHandler).DeleteDeviceAPI-fm (10 handlers)
[GIN-debug] GET    /api/v1/devices/available --> go-barcode-webapp/internal/handlers.(*DeviceHandler).GetAvailableDevicesAPI-fm (10 handlers)
[GIN-debug] GET    /api/v1/products          --> go-barcode-webapp/internal/handlers.(*ProductHandler).ListProducts-fm (10 handlers)
[GIN-debug] POST   /api/v1/products          --> go-barcode-webapp/internal/handlers.(*ProductHandler).CreateProductAPI-fm (10 handlers)
[GIN-debug] GET    /api/v1/products/:id      --> go-barcode-webapp/internal/handlers.(*ProductHandler).GetProductAPI-fm (10 handlers)
[GIN-debug] PUT    /api/v1/products/:id      --> go-barcode-webapp/internal/handlers.(*ProductHandler).UpdateProductAPI-fm (10 handlers)
[GIN-debug] DELETE /api/v1/products/:id      --> go-barcode-webapp/internal/handlers.(*ProductHandler).DeleteProductAPI-fm (10 handlers)
[GIN-debug] GET    /api/v1/products/categories --> go-barcode-webapp/internal/handlers.(*ProductHandler).GetCategoriesAPI-fm (10 handlers)
[GIN-debug] GET    /api/v1/cables            --> go-barcode-webapp/internal/handlers.(*CableHandler).ListCablesAPI-fm (10 handlers)
[GIN-debug] POST   /api/v1/cables            --> go-barcode-webapp/internal/handlers.(*CableHandler).CreateCableAPI-fm (10 handlers)
[GIN-debug] GET    /api/v1/cables/:id        --> go-barcode-webapp/internal/handlers.(*CableHandler).GetCableAPI-fm (10 handlers)
[GIN-debug] PUT    /api/v1/cables/:id        --> go-barcode-webapp/internal/handlers.(*CableHandler).UpdateCableAPI-fm (10 handlers)
[GIN-debug] DELETE /api/v1/cables/:id        --> go-barcode-webapp/internal/handlers.(*CableHandler).DeleteCableAPI-fm (10 handlers)
[GIN-debug] GET    /api/v1/cables/types      --> go-barcode-webapp/internal/handlers.(*CableHandler).GetCableTypesAPI-fm (10 handlers)
[GIN-debug] GET    /api/v1/cables/connectors --> go-barcode-webapp/internal/handlers.(*CableHandler).GetCableConnectorsAPI-fm (10 handlers)
[GIN-debug] GET    /api/v1/customers         --> go-barcode-webapp/internal/handlers.(*CustomerHandler).ListCustomersAPI-fm (10 handlers)
[GIN-debug] POST   /api/v1/customers         --> go-barcode-webapp/internal/handlers.(*CustomerHandler).CreateCustomerAPI-fm (10 handlers)
[GIN-debug] GET    /api/v1/customers/:id     --> go-barcode-webapp/internal/handlers.(*CustomerHandler).GetCustomerAPI-fm (10 handlers)
[GIN-debug] PUT    /api/v1/customers/:id     --> go-barcode-webapp/internal/handlers.(*CustomerHandler).UpdateCustomerAPI-fm (10 handlers)
[GIN-debug] DELETE /api/v1/customers/:id     --> go-barcode-webapp/internal/handlers.(*CustomerHandler).DeleteCustomerAPI-fm (10 handlers)
[GIN-debug] GET    /api/v1/cases             --> go-barcode-webapp/internal/handlers.(*CaseHandler).ListCasesAPI-fm (10 handlers)
[GIN-debug] POST   /api/v1/cases             --> go-barcode-webapp/internal/handlers.(*CaseHandler).CreateCaseAPI-fm (10 handlers)
[GIN-debug] GET    /api/v1/cases/:id         --> go-barcode-webapp/internal/handlers.(*CaseHandler).GetCaseAPI-fm (10 handlers)
[GIN-debug] PUT    /api/v1/cases/:id         --> go-barcode-webapp/internal/handlers.(*CaseHandler).UpdateCaseAPI-fm (10 handlers)
[GIN-debug] DELETE /api/v1/cases/:id         --> go-barcode-webapp/internal/handlers.(*CaseHandler).DeleteCaseAPI-fm (10 handlers)
[GIN-debug] GET    /api/v1/cases/:id/devices --> go-barcode-webapp/internal/handlers.(*CaseHandler).GetCaseDevicesAPI-fm (10 handlers)
[GIN-debug] POST   /api/v1/cases/:id/devices --> go-barcode-webapp/internal/handlers.(*CaseHandler).ScanDeviceToCase-fm (10 handlers)
[GIN-debug] DELETE /api/v1/cases/:id/devices/:deviceId --> go-barcode-webapp/internal/handlers.(*CaseHandler).RemoveDeviceFromCase-fm (10 handlers)
[GIN-debug] GET    /api/v1/workflow/packages --> go-barcode-webapp/internal/handlers.(*EquipmentPackageHandler).GetPackages-fm (10 handlers)
[GIN-debug] POST   /api/v1/workflow/packages --> go-barcode-webapp/internal/handlers.(*EquipmentPackageHandler).CreatePackage-fm (10 handlers)
[GIN-debug] GET    /api/v1/workflow/packages/:id --> go-barcode-webapp/internal/handlers.(*EquipmentPackageHandler).GetPackage-fm (10 handlers)
[GIN-debug] PUT    /api/v1/workflow/packages/:id --> go-barcode-webapp/internal/handlers.(*EquipmentPackageHandler).UpdatePackage-fm (10 handlers)
[GIN-debug] DELETE /api/v1/workflow/packages/:id --> go-barcode-webapp/internal/handlers.(*EquipmentPackageHandler).DeletePackage-fm (10 handlers)
[GIN-debug] POST   /api/v1/workflow/packages/:id/clone --> go-barcode-webapp/internal/handlers.(*EquipmentPackageHandler).ClonePackage-fm (10 handlers)
[GIN-debug] GET    /api/v1/workflow/packages/:id/validate --> go-barcode-webapp/internal/handlers.(*EquipmentPackageHandler).ValidatePackage-fm (10 handlers)
[GIN-debug] GET    /api/v1/workflow/packages/:id/stats --> go-barcode-webapp/internal/handlers.(*EquipmentPackageHandler).GetPackageStats-fm (10 handlers)
[GIN-debug] GET    /api/v1/workflow/packages/search --> go-barcode-webapp/internal/handlers.(*EquipmentPackageHandler).SearchPackages-fm (10 handlers)
[GIN-debug] GET    /api/v1/workflow/packages/categories --> go-barcode-webapp/internal/handlers.(*EquipmentPackageHandler).GetPackageCategories-fm (10 handlers)
[GIN-debug] GET    /api/v1/workflow/packages/popular --> go-barcode-webapp/internal/handlers.(*EquipmentPackageHandler).GetPopularPackages-fm (10 handlers)
[GIN-debug] GET    /api/v1/workflow/packages/available-devices --> go-barcode-webapp/internal/handlers.(*EquipmentPackageHandler).GetAvailableDevices-fm (10 handlers)
[GIN-debug] PUT    /api/v1/workflow/packages/bulk --> go-barcode-webapp/internal/handlers.(*EquipmentPackageHandler).BulkUpdatePackages-fm (10 handlers)
[GIN-debug] GET    /api/v1/documents         --> go-barcode-webapp/internal/handlers.(*DocumentHandler).ListDocumentsAPI-fm (10 handlers)
[GIN-debug] GET    /api/v1/documents/stats   --> go-barcode-webapp/internal/handlers.(*DocumentHandler).GetDocumentStats-fm (10 handlers)
[GIN-debug] GET    /api/v1/documents/:id     --> go-barcode-webapp/internal/handlers.(*DocumentHandler).GetDocument-fm (10 handlers)
[GIN-debug] DELETE /api/v1/documents/:id     --> go-barcode-webapp/internal/handlers.(*DocumentHandler).DeleteDocument-fm (10 handlers)
[GIN-debug] GET    /api/v1/financial/transactions --> go-barcode-webapp/internal/handlers.(*FinancialHandler).ListTransactionsAPI-fm (10 handlers)
[GIN-debug] GET    /api/v1/financial/stats   --> go-barcode-webapp/internal/handlers.(*FinancialHandler).GetFinancialStatsAPI-fm (10 handlers)
[GIN-debug] GET    /api/v1/financial/revenue-report --> go-barcode-webapp/internal/handlers.(*FinancialHandler).GetRevenueReport-fm (10 handlers)
[GIN-debug] GET    /api/v1/financial/payment-report --> go-barcode-webapp/internal/handlers.(*FinancialHandler).GetPaymentReport-fm (10 handlers)
[GIN-debug] GET    /api/v1/invoices          --> go-barcode-webapp/internal/handlers.(*InvoiceHandlerNew).GetInvoicesAPI-fm (10 handlers)
[GIN-debug] POST   /api/v1/invoices          --> go-barcode-webapp/internal/handlers.(*InvoiceHandlerNew).CreateInvoice-fm (10 handlers)
[GIN-debug] GET    /api/v1/invoices/:id      --> go-barcode-webapp/internal/handlers.(*InvoiceHandlerNew).GetInvoice-fm (10 handlers)
[GIN-debug] PUT    /api/v1/invoices/:id      --> go-barcode-webapp/internal/handlers.(*InvoiceHandlerNew).UpdateInvoice-fm (10 handlers)
[GIN-debug] PUT    /api/v1/invoices/:id/status --> go-barcode-webapp/internal/handlers.(*InvoiceHandlerNew).UpdateInvoiceStatus-fm (10 handlers)
[GIN-debug] DELETE /api/v1/invoices/:id      --> go-barcode-webapp/internal/handlers.(*InvoiceHandlerNew).DeleteInvoice-fm (10 handlers)
[GIN-debug] GET    /api/v1/invoices/stats    --> go-barcode-webapp/internal/handlers.(*InvoiceHandlerNew).GetInvoiceStatsAPI-fm (10 handlers)
[GIN-debug] GET    /api/v1/invoices/products/:productId --> go-barcode-webapp/internal/handlers.(*InvoiceHandlerNew).GetProductDetails-fm (10 handlers)
[GIN-debug] GET    /api/v1/invoices/products/:productId/devices --> go-barcode-webapp/internal/handlers.(*InvoiceHandlerNew).GetDevicesByProduct-fm (10 handlers)
[GIN-debug] GET    /api/v1/security/audit    --> go-barcode-webapp/internal/handlers.(*SecurityHandler).GetAuditLogs-fm (10 handlers)
[GIN-debug] GET    /api/v1/security/audit/:id --> go-barcode-webapp/internal/handlers.(*SecurityHandler).GetAuditLog-fm (10 handlers)
[GIN-debug] GET    /api/v1/security/audit/export --> go-barcode-webapp/internal/handlers.(*SecurityHandler).ExportAuditLogs-fm (10 handlers)
[GIN-debug] GET    /api/v1/security/auth/users --> go-barcode-webapp/internal/handlers.(*AuthHandler).ListUsersAPI-fm (10 handlers)
[GIN-debug] GET    /api/invoices             --> go-barcode-webapp/internal/handlers.(*InvoiceHandlerNew).GetInvoicesAPI-fm (10 handlers)
[GIN-debug] POST   /api/invoices             --> go-barcode-webapp/internal/handlers.(*InvoiceHandlerNew).CreateInvoice-fm (10 handlers)
[GIN-debug] GET    /api/invoices/:id         --> go-barcode-webapp/internal/handlers.(*InvoiceHandlerNew).GetInvoice-fm (10 handlers)
[GIN-debug] PUT    /api/invoices/:id         --> go-barcode-webapp/internal/handlers.(*InvoiceHandlerNew).UpdateInvoice-fm (10 handlers)
[GIN-debug] PUT    /api/invoices/:id/status  --> go-barcode-webapp/internal/handlers.(*InvoiceHandlerNew).UpdateInvoiceStatus-fm (10 handlers)
[GIN-debug] DELETE /api/invoices/:id         --> go-barcode-webapp/internal/handlers.(*InvoiceHandlerNew).DeleteInvoice-fm (10 handlers)
[GIN-debug] GET    /api/invoices/stats       --> go-barcode-webapp/internal/handlers.(*InvoiceHandlerNew).GetInvoiceStatsAPI-fm (10 handlers)
[GIN-debug] GET    /api/company-settings     --> go-barcode-webapp/internal/handlers.(*CompanyHandler).GetCompanySettings-fm (10 handlers)
[GIN-debug] PUT    /api/company-settings     --> go-barcode-webapp/internal/handlers.(*CompanyHandler).UpdateCompanySettings-fm (10 handlers)
[GIN-debug] POST   /api/company-settings/logo --> go-barcode-webapp/internal/handlers.(*CompanyHandler).UploadCompanyLogo-fm (10 handlers)
[GIN-debug] DELETE /api/company-settings/logo --> go-barcode-webapp/internal/handlers.(*CompanyHandler).DeleteCompanyLogo-fm (10 handlers)
[GIN-debug] GET    /api/settings/smtp        --> go-barcode-webapp/internal/handlers.(*CompanyHandler).GetSMTPConfig-fm (10 handlers)
[GIN-debug] POST   /api/settings/smtp        --> go-barcode-webapp/internal/handlers.(*CompanyHandler).UpdateSMTPConfig-fm (10 handlers)
[GIN-debug] POST   /api/settings/smtp/test   --> go-barcode-webapp/internal/handlers.(*CompanyHandler).TestSMTPConnection-fm (10 handlers)
[GIN-debug] GET    /api/security/roles       --> go-barcode-webapp/internal/handlers.(*SecurityHandler).GetRoles-fm (10 handlers)
[GIN-debug] GET    /api/security/roles/:id   --> go-barcode-webapp/internal/handlers.(*SecurityHandler).GetRole-fm (10 handlers)
[GIN-debug] POST   /api/security/roles       --> go-barcode-webapp/internal/handlers.(*SecurityHandler).CreateRole-fm (10 handlers)
[GIN-debug] PUT    /api/security/roles/:id   --> go-barcode-webapp/internal/handlers.(*SecurityHandler).UpdateRole-fm (10 handlers)
[GIN-debug] DELETE /api/security/roles/:id   --> go-barcode-webapp/internal/handlers.(*SecurityHandler).DeleteRole-fm (10 handlers)
[GIN-debug] GET    /api/security/users/:userId/roles --> go-barcode-webapp/internal/handlers.(*SecurityHandler).GetUserRoles-fm (10 handlers)
[GIN-debug] POST   /api/security/users/:userId/roles --> go-barcode-webapp/internal/handlers.(*SecurityHandler).AssignUserRole-fm (10 handlers)
[GIN-debug] DELETE /api/security/users/:userId/roles/:roleId --> go-barcode-webapp/internal/handlers.(*SecurityHandler).RevokeUserRole-fm (10 handlers)
[GIN-debug] GET    /api/security/audit       --> go-barcode-webapp/internal/handlers.(*SecurityHandler).GetAuditLogs-fm (10 handlers)
[GIN-debug] GET    /api/security/audit/:id   --> go-barcode-webapp/internal/handlers.(*SecurityHandler).GetAuditLog-fm (10 handlers)
[GIN-debug] GET    /api/security/audit/export --> go-barcode-webapp/internal/handlers.(*SecurityHandler).ExportAuditLogs-fm (10 handlers)
[GIN-debug] GET    /api/security/permissions --> go-barcode-webapp/internal/handlers.(*SecurityHandler).GetPermissions-fm (10 handlers)
[GIN-debug] GET    /api/security/permissions/definitions --> go-barcode-webapp/internal/handlers.(*SecurityHandler).GetPermissionDefinitionsAPI-fm (10 handlers)
[GIN-debug] GET    /api/security/permissions/check --> go-barcode-webapp/internal/handlers.(*SecurityHandler).CheckPermission-fm (10 handlers)
[GIN-debug] GET    /error                    --> main.main.func26 (9 handlers)
2025/07/25 14:41:22 Server starting on 0.0.0.0:8080
2025/07/25 14:44:10 Route Debug: GET /cases
2025/07/25 14:44:10 DEBUG: AuthMiddleware: Request URL: /cases
2025/07/25 14:44:10 DEBUG: AuthMiddleware: Found session cookie: fbfe1753807c0489d8be23e8b7c450cbd2cedf3896799287a7fae79493b6b82a for /cases
2025/07/25 14:44:10 DEBUG: AuthMiddleware: Session valid for user: admin (ID: 5) for URL: /cases
DEBUG Case Handler: All query params: map[]
DEBUG Case Handler: Raw search parameter: ''
DEBUG Case Handler: Final params: SearchTerm=''
2025/07/25 14:44:10 CaseRepository.List called
2025/07/25 14:44:10 Executing SQL: 
		SELECT 
			c.caseID, 
			c.name, 
			c.description, 
			c.width, 
			c.height, 
			c.depth, 
			c.weight, 
			c.status,
			COALESCE(COUNT(dc.deviceID), 0) as device_count
		FROM cases c 
		LEFT JOIN devicescases dc ON c.caseID = dc.caseID GROUP BY c.caseID ORDER BY c.caseID
2025/07/25 14:44:10 Found 6 cases
2025/07/25 14:44:10 Case 1001 ('4x ETEC E-150 LED Spot') = 4 devices
2025/07/25 14:44:10 Case 1002 ('6x Akku Uplights') = 6 devices
2025/07/25 14:44:10 Case 1003 ('6x Akku Uplights') = 6 devices
2025/07/25 14:44:10 Case 1004 ('Behringer X32') = 1 devices
2025/07/25 14:44:10 Case 1005 ('Showtec Lampy 40 2U') = 1 devices
2025/07/25 14:44:10 Case 1006 ('8x Cameo Thunderwash 600 RGBW') = 8 devices
2025/07/25 14:44:10 Returning 6 cases
DEBUG: Found 6 cases with search term ''
2025/07/25 14:44:10 SafeHTML: Rendering template cases_list.html with status 200
{"timestamp":"2025-07-25T12:44:10.822796516Z","level":"INFO","message":"HTTP Request","service":"go-barcode-webapp","version":"1.0.0","environment":"development","request_id":"1753447450691178242","method":"GET","path":"/cases","status_code":200,"duration":"131.616271ms","ip":"10.0.0.11","user_agent":"Mozilla/5.0 (Windows NT 10.0; Win64; x64; rv:141.0) Gecko/20100101 Firefox/141.0","fields":{"bytes_in":0,"bytes_out":70252}}
2025/07/25 14:44:13 Route Debug: GET /api/v1/cases/1001/devices
2025/07/25 14:44:13 DEBUG: AuthMiddleware: Request URL: /api/v1/cases/1001/devices
2025/07/25 14:44:13 DEBUG: AuthMiddleware: Found session cookie: fbfe1753807c0489d8be23e8b7c450cbd2cedf3896799287a7fae79493b6b82a for /api/v1/cases/1001/devices
2025/07/25 14:44:13 DEBUG: AuthMiddleware: Session valid for user: admin (ID: 5) for URL: /api/v1/cases/1001/devices
2025/07/25 14:44:13 GetCaseDevicesAPI: Getting devices for case ID: 1001
2025/07/25 14:44:13 GetCaseDevicesAPI: Found 4 devices for case 1001
{"timestamp":"2025-07-25T12:44:13.727405792Z","level":"INFO","message":"HTTP Request","service":"go-barcode-webapp","version":"1.0.0","environment":"development","request_id":"1753447453452692284","method":"GET","path":"/api/v1/cases/1001/devices","status_code":200,"duration":"274.707999ms","ip":"10.0.0.11","user_agent":"Mozilla/5.0 (Windows NT 10.0; Win64; x64; rv:141.0) Gecko/20100101 Firefox/141.0","fields":{"bytes_in":0,"bytes_out":3893}}
2025/07/25 14:44:13 Route Debug: GET /api/v1/devices/MHD1001
2025/07/25 14:44:13 DEBUG: AuthMiddleware: Request URL: /api/v1/devices/MHD1001
2025/07/25 14:44:13 DEBUG: AuthMiddleware: Found session cookie: fbfe1753807c0489d8be23e8b7c450cbd2cedf3896799287a7fae79493b6b82a for /api/v1/devices/MHD1001
2025/07/25 14:44:13 Route Debug: GET /api/v1/devices/MHD1002
2025/07/25 14:44:13 DEBUG: AuthMiddleware: Request URL: /api/v1/devices/MHD1002
2025/07/25 14:44:13 DEBUG: AuthMiddleware: Found session cookie: fbfe1753807c0489d8be23e8b7c450cbd2cedf3896799287a7fae79493b6b82a for /api/v1/devices/MHD1002
2025/07/25 14:44:13 Route Debug: GET /api/v1/devices/MHD1004
2025/07/25 14:44:13 DEBUG: AuthMiddleware: Request URL: /api/v1/devices/MHD1004
2025/07/25 14:44:13 DEBUG: AuthMiddleware: Found session cookie: fbfe1753807c0489d8be23e8b7c450cbd2cedf3896799287a7fae79493b6b82a for /api/v1/devices/MHD1004
2025/07/25 14:44:13 Route Debug: GET /api/v1/devices/MHD1003
2025/07/25 14:44:13 DEBUG: AuthMiddleware: Request URL: /api/v1/devices/MHD1003
2025/07/25 14:44:13 DEBUG: AuthMiddleware: Found session cookie: fbfe1753807c0489d8be23e8b7c450cbd2cedf3896799287a7fae79493b6b82a for /api/v1/devices/MHD1003
2025/07/25 14:44:13 DEBUG: AuthMiddleware: Session valid for user: admin (ID: 5) for URL: /api/v1/devices/MHD1001
2025/07/25 14:44:13 DEBUG: AuthMiddleware: Session valid for user: admin (ID: 5) for URL: /api/v1/devices/MHD1002
2025/07/25 14:44:13 DEBUG: AuthMiddleware: Session valid for user: admin (ID: 5) for URL: /api/v1/devices/MHD1004
2025/07/25 14:44:13 DEBUG: AuthMiddleware: Session valid for user: admin (ID: 5) for URL: /api/v1/devices/MHD1003
{"timestamp":"2025-07-25T12:44:14.078931277Z","level":"INFO","message":"HTTP Request","service":"go-barcode-webapp","version":"1.0.0","environment":"development","request_id":"1753447453742762188","method":"GET","path":"/api/v1/devices/MHD1001","status_code":200,"duration":"336.166996ms","ip":"10.0.0.11","user_agent":"Mozilla/5.0 (Windows NT 10.0; Win64; x64; rv:141.0) Gecko/20100101 Firefox/141.0","fields":{"bytes_in":0,"bytes_out":958}}
{"timestamp":"2025-07-25T12:44:14.190472877Z","level":"INFO","message":"HTTP Request","service":"go-barcode-webapp","version":"1.0.0","environment":"development","request_id":"1753447453752891712","method":"GET","path":"/api/v1/devices/MHD1003","status_code":200,"duration":"437.577089ms","ip":"10.0.0.11","user_agent":"Mozilla/5.0 (Windows NT 10.0; Win64; x64; rv:141.0) Gecko/20100101 Firefox/141.0","fields":{"bytes_in":0,"bytes_out":958}}
{"timestamp":"2025-07-25T12:44:14.224530148Z","level":"INFO","message":"HTTP Request","service":"go-barcode-webapp","version":"1.0.0","environment":"development","request_id":"1753447453752861625","method":"GET","path":"/api/v1/devices/MHD1004","status_code":200,"duration":"471.665177ms","ip":"10.0.0.11","user_agent":"Mozilla/5.0 (Windows NT 10.0; Win64; x64; rv:141.0) Gecko/20100101 Firefox/141.0","fields":{"bytes_in":0,"bytes_out":958}}
2025/07/25 14:44:14 SLOW REQUEST: GET /api/v1/devices/MHD1002 took 507.172523ms (status: 200)
{"timestamp":"2025-07-25T12:44:14.258376502Z","level":"INFO","message":"HTTP Request","service":"go-barcode-webapp","version":"1.0.0","environment":"development","request_id":"1753447453751114079","method":"GET","path":"/api/v1/devices/MHD1002","status_code":200,"duration":"507.260189ms","ip":"10.0.0.11","user_agent":"Mozilla/5.0 (Windows NT 10.0; Win64; x64; rv:141.0) Gecko/20100101 Firefox/141.0","fields":{"bytes_in":0,"bytes_out":958}}
2025/07/25 14:44:17 Route Debug: GET /
{"timestamp":"2025-07-25T12:44:17.350692051Z","level":"INFO","message":"HTTP Request","service":"go-barcode-webapp","version":"1.0.0","environment":"development","request_id":"1753447457316854080","method":"GET","path":"/","status_code":307,"duration":"33.836318ms","ip":"10.0.0.11","user_agent":"Mozilla/5.0 (Windows NT 10.0; Win64; x64; rv:141.0) Gecko/20100101 Firefox/141.0","fields":{"bytes_in":0,"bytes_out":46}}
2025/07/25 14:44:17 Route Debug: GET /dashboard
2025/07/25 14:44:17 DEBUG: AuthMiddleware: Request URL: /dashboard
2025/07/25 14:44:17 DEBUG: AuthMiddleware: Found session cookie: fbfe1753807c0489d8be23e8b7c450cbd2cedf3896799287a7fae79493b6b82a for /dashboard
2025/07/25 14:44:17 DEBUG: AuthMiddleware: Session valid for user: admin (ID: 5) for URL: /dashboard
{"timestamp":"2025-07-25T12:44:17.585788259Z","level":"INFO","message":"HTTP Request","service":"go-barcode-webapp","version":"1.0.0","environment":"development","request_id":"1753447457368844907","method":"GET","path":"/dashboard","status_code":200,"duration":"216.940748ms","ip":"10.0.0.11","user_agent":"Mozilla/5.0 (Windows NT 10.0; Win64; x64; rv:141.0) Gecko/20100101 Firefox/141.0","fields":{"bytes_in":0,"bytes_out":18336}}
2025/07/25 14:44:19 Route Debug: GET /scan
2025/07/25 14:44:19 DEBUG: AuthMiddleware: Request URL: /scan
2025/07/25 14:44:19 DEBUG: AuthMiddleware: Found session cookie: fbfe1753807c0489d8be23e8b7c450cbd2cedf3896799287a7fae79493b6b82a for /scan
2025/07/25 14:44:19 DEBUG: AuthMiddleware: Session valid for user: admin (ID: 5) for URL: /scan
🔍 DEBUG: CountDevicesAssignedToJobs called with targetDate: 2025-07-25
🔍 DEBUG: Total devices assigned to jobs on 2025-07-25: 0
2025/07/25 14:44:19 SafeHTML: Rendering template scan_select_job.html with status 200
{"timestamp":"2025-07-25T12:44:19.701457471Z","level":"INFO","message":"HTTP Request","service":"go-barcode-webapp","version":"1.0.0","environment":"development","request_id":"1753447459413313990","method":"GET","path":"/scan","status_code":200,"duration":"288.140977ms","ip":"10.0.0.11","user_agent":"Mozilla/5.0 (Windows NT 10.0; Win64; x64; rv:141.0) Gecko/20100101 Firefox/141.0","fields":{"bytes_in":0,"bytes_out":17134}}
2025/07/25 14:44:25 Route Debug: GET /scan/1002
2025/07/25 14:44:25 DEBUG: AuthMiddleware: Request URL: /scan/1002
2025/07/25 14:44:25 DEBUG: AuthMiddleware: Found session cookie: fbfe1753807c0489d8be23e8b7c450cbd2cedf3896799287a7fae79493b6b82a for /scan/1002
2025/07/25 14:44:25 DEBUG: AuthMiddleware: Session valid for user: admin (ID: 5) for URL: /scan/1002
🔧 DEBUG JobRepo.GetByID: Loaded job 1002 with description: 'Abifeier 17.05. WvO'
2025/07/25 14:44:26 CaseRepository.List called
2025/07/25 14:44:26 Executing SQL: 
		SELECT 
			c.caseID, 
			c.name, 
			c.description, 
			c.width, 
			c.height, 
			c.depth, 
			c.weight, 
			c.status,
			COALESCE(COUNT(dc.deviceID), 0) as device_count
		FROM cases c 
		LEFT JOIN devicescases dc ON c.caseID = dc.caseID GROUP BY c.caseID ORDER BY c.caseID
2025/07/25 14:44:26 Found 6 cases
2025/07/25 14:44:26 Case 1001 ('4x ETEC E-150 LED Spot') = 4 devices
2025/07/25 14:44:26 Case 1002 ('6x Akku Uplights') = 6 devices
2025/07/25 14:44:26 Case 1003 ('6x Akku Uplights') = 6 devices
2025/07/25 14:44:26 Case 1004 ('Behringer X32') = 1 devices
2025/07/25 14:44:26 Case 1005 ('Showtec Lampy 40 2U') = 1 devices
2025/07/25 14:44:26 Case 1006 ('8x Cameo Thunderwash 600 RGBW') = 8 devices
2025/07/25 14:44:26 Returning 6 cases
2025/07/25 14:44:26 SLOW REQUEST: GET /scan/1002 took 1.080659531s (status: 200)
{"timestamp":"2025-07-25T12:44:26.662556331Z","level":"INFO","message":"HTTP Request","service":"go-barcode-webapp","version":"1.0.0","environment":"development","request_id":"1753447465581702600","method":"GET","path":"/scan/1002","status_code":200,"duration":"1.080850757s","ip":"10.0.0.11","user_agent":"Mozilla/5.0 (Windows NT 10.0; Win64; x64; rv:141.0) Gecko/20100101 Firefox/141.0","fields":{"bytes_in":0,"bytes_out":106063}}
2025/07/25 14:44:33 Route Debug: GET /api/v1/cases/1001/devices
2025/07/25 14:44:33 DEBUG: AuthMiddleware: Request URL: /api/v1/cases/1001/devices
2025/07/25 14:44:33 DEBUG: AuthMiddleware: Found session cookie: fbfe1753807c0489d8be23e8b7c450cbd2cedf3896799287a7fae79493b6b82a for /api/v1/cases/1001/devices
2025/07/25 14:44:33 DEBUG: AuthMiddleware: Session valid for user: admin (ID: 5) for URL: /api/v1/cases/1001/devices
2025/07/25 14:44:33 GetCaseDevicesAPI: Getting devices for case ID: 1001
2025/07/25 14:44:33 GetCaseDevicesAPI: Found 4 devices for case 1001
{"timestamp":"2025-07-25T12:44:33.565853563Z","level":"INFO","message":"HTTP Request","service":"go-barcode-webapp","version":"1.0.0","environment":"development","request_id":"1753447473289686415","method":"GET","path":"/api/v1/cases/1001/devices","status_code":200,"duration":"276.163332ms","ip":"10.0.0.11","user_agent":"Mozilla/5.0 (Windows NT 10.0; Win64; x64; rv:141.0) Gecko/20100101 Firefox/141.0","fields":{"bytes_in":0,"bytes_out":3893}}
2025/07/25 14:44:54 POST request to /api/v1/jobs/1002/assign-device with Content-Type: 'application/json'
2025/07/25 14:44:54 Route Debug: POST /api/v1/jobs/1002/assign-device
2025/07/25 14:44:54 DEBUG: AuthMiddleware: Request URL: /api/v1/jobs/1002/assign-device
2025/07/25 14:44:54 DEBUG: AuthMiddleware: Found session cookie: fbfe1753807c0489d8be23e8b7c450cbd2cedf3896799287a7fae79493b6b82a for /api/v1/jobs/1002/assign-device
2025/07/25 14:44:54 DEBUG: AuthMiddleware: Session valid for user: admin (ID: 5) for URL: /api/v1/jobs/1002/assign-device
🔧 DEBUG JobRepo.GetByID: Loaded job 1002 with description: 'Abifeier 17.05. WvO'
2025/07/25 14:44:56 SLOW REQUEST: POST /api/v1/jobs/1002/assign-device took 1.504254562s (status: 200)
{"timestamp":"2025-07-25T12:44:56.356051762Z","level":"INFO","message":"HTTP Request","service":"go-barcode-webapp","version":"1.0.0","environment":"development","request_id":"1753447494851703171","method":"POST","path":"/api/v1/jobs/1002/assign-device","status_code":200,"duration":"1.504346193s","ip":"10.0.0.11","user_agent":"Mozilla/5.0 (Windows NT 10.0; Win64; x64; rv:141.0) Gecko/20100101 Firefox/141.0","fields":{"bytes_in":48,"bytes_out":1017}}
2025/07/25 14:44:58 POST request to /api/v1/jobs/1002/assign-device with Content-Type: 'application/json'
2025/07/25 14:44:58 Route Debug: POST /api/v1/jobs/1002/assign-device
2025/07/25 14:44:58 DEBUG: AuthMiddleware: Request URL: /api/v1/jobs/1002/assign-device
2025/07/25 14:44:58 DEBUG: AuthMiddleware: Found session cookie: fbfe1753807c0489d8be23e8b7c450cbd2cedf3896799287a7fae79493b6b82a for /api/v1/jobs/1002/assign-device
2025/07/25 14:44:58 DEBUG: AuthMiddleware: Session valid for user: admin (ID: 5) for URL: /api/v1/jobs/1002/assign-device
🔧 DEBUG JobRepo.GetByID: Loaded job 1002 with description: 'Abifeier 17.05. WvO'
2025/07/25 14:45:00 SLOW REQUEST: POST /api/v1/jobs/1002/assign-device took 1.624501095s (status: 200)
{"timestamp":"2025-07-25T12:45:00.433314619Z","level":"INFO","message":"HTTP Request","service":"go-barcode-webapp","version":"1.0.0","environment":"development","request_id":"1753447498808733853","method":"POST","path":"/api/v1/jobs/1002/assign-device","status_code":200,"duration":"1.624577755s","ip":"10.0.0.11","user_agent":"Mozilla/5.0 (Windows NT 10.0; Win64; x64; rv:141.0) Gecko/20100101 Firefox/141.0","fields":{"bytes_in":48,"bytes_out":1017}}
2025/07/25 14:45:01 POST request to /api/v1/jobs/1002/assign-device with Content-Type: 'application/json'
2025/07/25 14:45:01 Route Debug: POST /api/v1/jobs/1002/assign-device
2025/07/25 14:45:01 DEBUG: AuthMiddleware: Request URL: /api/v1/jobs/1002/assign-device
2025/07/25 14:45:01 DEBUG: AuthMiddleware: Found session cookie: fbfe1753807c0489d8be23e8b7c450cbd2cedf3896799287a7fae79493b6b82a for /api/v1/jobs/1002/assign-device
2025/07/25 14:45:01 DEBUG: AuthMiddleware: Session valid for user: admin (ID: 5) for URL: /api/v1/jobs/1002/assign-device
🔧 DEBUG JobRepo.GetByID: Loaded job 1002 with description: 'Abifeier 17.05. WvO'
2025/07/25 14:45:03 SLOW REQUEST: POST /api/v1/jobs/1002/assign-device took 1.66997731s (status: 200)
{"timestamp":"2025-07-25T12:45:03.383174566Z","level":"INFO","message":"HTTP Request","service":"go-barcode-webapp","version":"1.0.0","environment":"development","request_id":"1753447501713098313","method":"POST","path":"/api/v1/jobs/1002/assign-device","status_code":200,"duration":"1.670073103s","ip":"10.0.0.11","user_agent":"Mozilla/5.0 (Windows NT 10.0; Win64; x64; rv:141.0) Gecko/20100101 Firefox/141.0","fields":{"bytes_in":48,"bytes_out":1017}}
2025/07/25 14:45:05 POST request to /api/v1/jobs/1002/assign-device with Content-Type: 'application/json'
2025/07/25 14:45:05 Route Debug: POST /api/v1/jobs/1002/assign-device
2025/07/25 14:45:05 DEBUG: AuthMiddleware: Request URL: /api/v1/jobs/1002/assign-device
2025/07/25 14:45:05 DEBUG: AuthMiddleware: Found session cookie: fbfe1753807c0489d8be23e8b7c450cbd2cedf3896799287a7fae79493b6b82a for /api/v1/jobs/1002/assign-device
2025/07/25 14:45:05 DEBUG: AuthMiddleware: Session valid for user: admin (ID: 5) for URL: /api/v1/jobs/1002/assign-device
🔧 DEBUG JobRepo.GetByID: Loaded job 1002 with description: 'Abifeier 17.05. WvO'
2025/07/25 14:45:07 SLOW REQUEST: POST /api/v1/jobs/1002/assign-device took 1.722761018s (status: 200)
{"timestamp":"2025-07-25T12:45:07.040797251Z","level":"INFO","message":"HTTP Request","service":"go-barcode-webapp","version":"1.0.0","environment":"development","request_id":"1753447505317952770","method":"POST","path":"/api/v1/jobs/1002/assign-device","status_code":200,"duration":"1.722841223s","ip":"10.0.0.11","user_agent":"Mozilla/5.0 (Windows NT 10.0; Win64; x64; rv:141.0) Gecko/20100101 Firefox/141.0","fields":{"bytes_in":48,"bytes_out":1017}}
2025/07/25 14:45:35 Route Debug: GET /devices
2025/07/25 14:45:35 DEBUG: AuthMiddleware: Request URL: /devices
2025/07/25 14:45:35 DEBUG: AuthMiddleware: Found session cookie: fbfe1753807c0489d8be23e8b7c450cbd2cedf3896799287a7fae79493b6b82a for /devices
2025/07/25 14:45:35 DEBUG: AuthMiddleware: Session valid for user: admin (ID: 5) for URL: /devices
2025/07/25 14:45:35 🚀 DeviceHandler.ListDevices() started
2025/07/25 14:45:35 🐛 DEBUG: Device view requested: viewType='list', URL: /devices?view=list&search=Lampy
2025/07/25 14:45:35 ⏱️  Database query took: 274.694409ms
2025/07/25 14:45:35 📋 LIST VIEW: Rendering list view template
2025/07/25 14:45:35 SafeHTML: Rendering template devices_standalone.html with status 200
2025/07/25 14:45:35 ⏱️  Template rendering took: 11.737901ms
2025/07/25 14:45:35 🏁 DeviceHandler.ListDevices() completed in 303.410649ms
{"timestamp":"2025-07-25T12:45:35.473561189Z","level":"INFO","message":"HTTP Request","service":"go-barcode-webapp","version":"1.0.0","environment":"development","request_id":"1753447535042458587","method":"GET","path":"/devices","status_code":200,"duration":"431.099436ms","ip":"10.0.0.11","user_agent":"Mozilla/5.0 (Windows NT 10.0; Win64; x64; rv:141.0) Gecko/20100101 Firefox/141.0","fields":{"bytes_in":0,"bytes_out":26941}}
2025/07/25 14:45:46 Route Debug: GET /api/v1/devices/MIX2001
2025/07/25 14:45:46 DEBUG: AuthMiddleware: Request URL: /api/v1/devices/MIX2001
2025/07/25 14:45:46 DEBUG: AuthMiddleware: Found session cookie: fbfe1753807c0489d8be23e8b7c450cbd2cedf3896799287a7fae79493b6b82a for /api/v1/devices/MIX2001
2025/07/25 14:45:46 DEBUG: AuthMiddleware: Session valid for user: admin (ID: 5) for URL: /api/v1/devices/MIX2001
{"timestamp":"2025-07-25T12:45:46.99480759Z","level":"INFO","message":"HTTP Request","service":"go-barcode-webapp","version":"1.0.0","environment":"development","request_id":"1753447546655621546","method":"GET","path":"/api/v1/devices/MIX2001","status_code":200,"duration":"339.183279ms","ip":"10.0.0.11","user_agent":"Mozilla/5.0 (Windows NT 10.0; Win64; x64; rv:141.0) Gecko/20100101 Firefox/141.0","fields":{"bytes_in":0,"bytes_out":975}}
2025/07/25 14:46:02 POST request to /api/v1/jobs/1002/assign-device with Content-Type: 'application/json'
2025/07/25 14:46:02 Route Debug: POST /api/v1/jobs/1002/assign-device
2025/07/25 14:46:02 DEBUG: AuthMiddleware: Request URL: /api/v1/jobs/1002/assign-device
2025/07/25 14:46:02 DEBUG: AuthMiddleware: Found session cookie: fbfe1753807c0489d8be23e8b7c450cbd2cedf3896799287a7fae79493b6b82a for /api/v1/jobs/1002/assign-device
2025/07/25 14:46:02 DEBUG: AuthMiddleware: Session valid for user: admin (ID: 5) for URL: /api/v1/jobs/1002/assign-device
🔧 DEBUG JobRepo.GetByID: Loaded job 1002 with description: 'Abifeier 17.05. WvO'
2025/07/25 14:46:04 SLOW REQUEST: POST /api/v1/jobs/1002/assign-device took 1.812522575s (status: 200)
{"timestamp":"2025-07-25T12:46:04.347840047Z","level":"INFO","message":"HTTP Request","service":"go-barcode-webapp","version":"1.0.0","environment":"development","request_id":"1753447562535199479","method":"POST","path":"/api/v1/jobs/1002/assign-device","status_code":200,"duration":"1.812637269s","ip":"10.0.0.11","user_agent":"Mozilla/5.0 (Windows NT 10.0; Win64; x64; rv:141.0) Gecko/20100101 Firefox/141.0","fields":{"bytes_in":48,"bytes_out":1034}}
2025/07/25 14:46:18 Route Debug: GET /devices
2025/07/25 14:46:18 DEBUG: AuthMiddleware: Request URL: /devices
2025/07/25 14:46:18 DEBUG: AuthMiddleware: Found session cookie: fbfe1753807c0489d8be23e8b7c450cbd2cedf3896799287a7fae79493b6b82a for /devices
2025/07/25 14:46:18 DEBUG: AuthMiddleware: Session valid for user: admin (ID: 5) for URL: /devices
2025/07/25 14:46:18 🚀 DeviceHandler.ListDevices() started
2025/07/25 14:46:18 🐛 DEBUG: Device view requested: viewType='list', URL: /devices?view=list&search=Milos
2025/07/25 14:46:18 ⏱️  Database query took: 202.393425ms
2025/07/25 14:46:18 📋 LIST VIEW: Rendering list view template
2025/07/25 14:46:18 SafeHTML: Rendering template devices_standalone.html with status 200
2025/07/25 14:46:18 ⏱️  Template rendering took: 11.475171ms
2025/07/25 14:46:18 🏁 DeviceHandler.ListDevices() completed in 230.825177ms
{"timestamp":"2025-07-25T12:46:18.805081438Z","level":"INFO","message":"HTTP Request","service":"go-barcode-webapp","version":"1.0.0","environment":"development","request_id":"1753447578471246877","method":"GET","path":"/devices","status_code":200,"duration":"333.831272ms","ip":"10.0.0.11","user_agent":"Mozilla/5.0 (Windows NT 10.0; Win64; x64; rv:141.0) Gecko/20100101 Firefox/141.0","fields":{"bytes_in":0,"bytes_out":39435}}
2025/07/25 14:47:12 Route Debug: GET /api/v1/devices/TRS1001
2025/07/25 14:47:12 DEBUG: AuthMiddleware: Request URL: /api/v1/devices/TRS1001
2025/07/25 14:47:12 DEBUG: AuthMiddleware: Found session cookie: fbfe1753807c0489d8be23e8b7c450cbd2cedf3896799287a7fae79493b6b82a for /api/v1/devices/TRS1001
2025/07/25 14:47:12 DEBUG: AuthMiddleware: Session valid for user: admin (ID: 5) for URL: /api/v1/devices/TRS1001
{"timestamp":"2025-07-25T12:47:12.536991748Z","level":"INFO","message":"HTTP Request","service":"go-barcode-webapp","version":"1.0.0","environment":"development","request_id":"1753447632142433264","method":"GET","path":"/api/v1/devices/TRS1001","status_code":200,"duration":"394.556212ms","ip":"10.0.0.11","user_agent":"Mozilla/5.0 (Windows NT 10.0; Win64; x64; rv:141.0) Gecko/20100101 Firefox/141.0","fields":{"bytes_in":0,"bytes_out":779}}
2025/07/25 14:47:53 POST request to /api/v1/jobs/1002/assign-device with Content-Type: 'application/json'
2025/07/25 14:47:53 Route Debug: POST /api/v1/jobs/1002/assign-device
2025/07/25 14:47:53 DEBUG: AuthMiddleware: Request URL: /api/v1/jobs/1002/assign-device
2025/07/25 14:47:53 DEBUG: AuthMiddleware: Found session cookie: fbfe1753807c0489d8be23e8b7c450cbd2cedf3896799287a7fae79493b6b82a for /api/v1/jobs/1002/assign-device
2025/07/25 14:47:53 DEBUG: AuthMiddleware: Session valid for user: admin (ID: 5) for URL: /api/v1/jobs/1002/assign-device
🔧 DEBUG JobRepo.GetByID: Loaded job 1002 with description: 'Abifeier 17.05. WvO'
2025/07/25 14:47:55 SLOW REQUEST: POST /api/v1/jobs/1002/assign-device took 1.864029447s (status: 200)
{"timestamp":"2025-07-25T12:47:55.786660988Z","level":"INFO","message":"HTTP Request","service":"go-barcode-webapp","version":"1.0.0","environment":"development","request_id":"1753447673922535473","method":"POST","path":"/api/v1/jobs/1002/assign-device","status_code":200,"duration":"1.864122489s","ip":"10.0.0.11","user_agent":"Mozilla/5.0 (Windows NT 10.0; Win64; x64; rv:141.0) Gecko/20100101 Firefox/141.0","fields":{"bytes_in":49,"bytes_out":839}}
2025/07/25 14:47:59 Route Debug: GET /api/v1/devices/TRS1002
2025/07/25 14:47:59 DEBUG: AuthMiddleware: Request URL: /api/v1/devices/TRS1002
2025/07/25 14:47:59 DEBUG: AuthMiddleware: Found session cookie: fbfe1753807c0489d8be23e8b7c450cbd2cedf3896799287a7fae79493b6b82a for /api/v1/devices/TRS1002
2025/07/25 14:47:59 DEBUG: AuthMiddleware: Session valid for user: admin (ID: 5) for URL: /api/v1/devices/TRS1002
{"timestamp":"2025-07-25T12:47:59.450797563Z","level":"INFO","message":"HTTP Request","service":"go-barcode-webapp","version":"1.0.0","environment":"development","request_id":"1753447679114256162","method":"GET","path":"/api/v1/devices/TRS1002","status_code":200,"duration":"336.538595ms","ip":"10.0.0.11","user_agent":"Mozilla/5.0 (Windows NT 10.0; Win64; x64; rv:141.0) Gecko/20100101 Firefox/141.0","fields":{"bytes_in":0,"bytes_out":779}}
2025/07/25 14:48:12 POST request to /api/v1/jobs/1002/assign-device with Content-Type: 'application/json'
2025/07/25 14:48:12 Route Debug: POST /api/v1/jobs/1002/assign-device
2025/07/25 14:48:12 DEBUG: AuthMiddleware: Request URL: /api/v1/jobs/1002/assign-device
2025/07/25 14:48:12 DEBUG: AuthMiddleware: Found session cookie: fbfe1753807c0489d8be23e8b7c450cbd2cedf3896799287a7fae79493b6b82a for /api/v1/jobs/1002/assign-device
2025/07/25 14:48:12 DEBUG: AuthMiddleware: Session valid for user: admin (ID: 5) for URL: /api/v1/jobs/1002/assign-device
🔧 DEBUG JobRepo.GetByID: Loaded job 1002 with description: 'Abifeier 17.05. WvO'
2025/07/25 14:48:14 SLOW REQUEST: POST /api/v1/jobs/1002/assign-device took 1.951597149s (status: 200)
{"timestamp":"2025-07-25T12:48:14.28873845Z","level":"INFO","message":"HTTP Request","service":"go-barcode-webapp","version":"1.0.0","environment":"development","request_id":"1753447692337040538","method":"POST","path":"/api/v1/jobs/1002/assign-device","status_code":200,"duration":"1.951695186s","ip":"10.0.0.11","user_agent":"Mozilla/5.0 (Windows NT 10.0; Win64; x64; rv:141.0) Gecko/20100101 Firefox/141.0","fields":{"bytes_in":49,"bytes_out":839}}
2025/07/25 14:48:16 Route Debug: GET /api/v1/devices/TRS1003
2025/07/25 14:48:16 DEBUG: AuthMiddleware: Request URL: /api/v1/devices/TRS1003
2025/07/25 14:48:16 DEBUG: AuthMiddleware: Found session cookie: fbfe1753807c0489d8be23e8b7c450cbd2cedf3896799287a7fae79493b6b82a for /api/v1/devices/TRS1003
2025/07/25 14:48:16 DEBUG: AuthMiddleware: Session valid for user: admin (ID: 5) for URL: /api/v1/devices/TRS1003
{"timestamp":"2025-07-25T12:48:17.059564465Z","level":"INFO","message":"HTTP Request","service":"go-barcode-webapp","version":"1.0.0","environment":"development","request_id":"1753447696722692997","method":"GET","path":"/api/v1/devices/TRS1003","status_code":200,"duration":"336.868712ms","ip":"10.0.0.11","user_agent":"Mozilla/5.0 (Windows NT 10.0; Win64; x64; rv:141.0) Gecko/20100101 Firefox/141.0","fields":{"bytes_in":0,"bytes_out":779}}
2025/07/25 14:48:21 POST request to /api/v1/jobs/1002/assign-device with Content-Type: 'application/json'
2025/07/25 14:48:21 Route Debug: POST /api/v1/jobs/1002/assign-device
2025/07/25 14:48:21 DEBUG: AuthMiddleware: Request URL: /api/v1/jobs/1002/assign-device
2025/07/25 14:48:21 DEBUG: AuthMiddleware: Found session cookie: fbfe1753807c0489d8be23e8b7c450cbd2cedf3896799287a7fae79493b6b82a for /api/v1/jobs/1002/assign-device
2025/07/25 14:48:21 DEBUG: AuthMiddleware: Session valid for user: admin (ID: 5) for URL: /api/v1/jobs/1002/assign-device
🔧 DEBUG JobRepo.GetByID: Loaded job 1002 with description: 'Abifeier 17.05. WvO'
2025/07/25 14:48:23 SLOW REQUEST: POST /api/v1/jobs/1002/assign-device took 2.107531126s (status: 200)
{"timestamp":"2025-07-25T12:48:23.834000627Z","level":"INFO","message":"HTTP Request","service":"go-barcode-webapp","version":"1.0.0","environment":"development","request_id":"1753447701726348425","method":"POST","path":"/api/v1/jobs/1002/assign-device","status_code":200,"duration":"2.107648725s","ip":"10.0.0.11","user_agent":"Mozilla/5.0 (Windows NT 10.0; Win64; x64; rv:141.0) Gecko/20100101 Firefox/141.0","fields":{"bytes_in":49,"bytes_out":839}}
2025/07/25 14:48:42 Route Debug: GET /api/v1/devices/TRS2001
2025/07/25 14:48:42 DEBUG: AuthMiddleware: Request URL: /api/v1/devices/TRS2001
2025/07/25 14:48:42 DEBUG: AuthMiddleware: Found session cookie: fbfe1753807c0489d8be23e8b7c450cbd2cedf3896799287a7fae79493b6b82a for /api/v1/devices/TRS2001
2025/07/25 14:48:42 DEBUG: AuthMiddleware: Session valid for user: admin (ID: 5) for URL: /api/v1/devices/TRS2001
{"timestamp":"2025-07-25T12:48:43.093308069Z","level":"INFO","message":"HTTP Request","service":"go-barcode-webapp","version":"1.0.0","environment":"development","request_id":"1753447722754120594","method":"GET","path":"/api/v1/devices/TRS2001","status_code":200,"duration":"339.184619ms","ip":"10.0.0.11","user_agent":"Mozilla/5.0 (Windows NT 10.0; Win64; x64; rv:141.0) Gecko/20100101 Firefox/141.0","fields":{"bytes_in":0,"bytes_out":779}}
2025/07/25 14:48:59 POST request to /api/v1/jobs/1002/assign-device with Content-Type: 'application/json'
2025/07/25 14:48:59 Route Debug: POST /api/v1/jobs/1002/assign-device
2025/07/25 14:48:59 DEBUG: AuthMiddleware: Request URL: /api/v1/jobs/1002/assign-device
2025/07/25 14:48:59 DEBUG: AuthMiddleware: Found session cookie: fbfe1753807c0489d8be23e8b7c450cbd2cedf3896799287a7fae79493b6b82a for /api/v1/jobs/1002/assign-device
2025/07/25 14:48:59 DEBUG: AuthMiddleware: Session valid for user: admin (ID: 5) for URL: /api/v1/jobs/1002/assign-device
🔧 DEBUG JobRepo.GetByID: Loaded job 1002 with description: 'Abifeier 17.05. WvO'
2025/07/25 14:49:01 SLOW REQUEST: POST /api/v1/jobs/1002/assign-device took 2.224590632s (status: 200)
{"timestamp":"2025-07-25T12:49:01.310786125Z","level":"INFO","message":"HTTP Request","service":"go-barcode-webapp","version":"1.0.0","environment":"development","request_id":"1753447739086098769","method":"POST","path":"/api/v1/jobs/1002/assign-device","status_code":200,"duration":"2.224684059s","ip":"10.0.0.11","user_agent":"Mozilla/5.0 (Windows NT 10.0; Win64; x64; rv:141.0) Gecko/20100101 Firefox/141.0","fields":{"bytes_in":49,"bytes_out":839}}
2025/07/25 14:49:04 Route Debug: GET /api/v1/devices/TRS2002
2025/07/25 14:49:04 DEBUG: AuthMiddleware: Request URL: /api/v1/devices/TRS2002
2025/07/25 14:49:04 DEBUG: AuthMiddleware: Found session cookie: fbfe1753807c0489d8be23e8b7c450cbd2cedf3896799287a7fae79493b6b82a for /api/v1/devices/TRS2002
2025/07/25 14:49:04 DEBUG: AuthMiddleware: Session valid for user: admin (ID: 5) for URL: /api/v1/devices/TRS2002
{"timestamp":"2025-07-25T12:49:04.583155022Z","level":"INFO","message":"HTTP Request","service":"go-barcode-webapp","version":"1.0.0","environment":"development","request_id":"1753447744239493816","method":"GET","path":"/api/v1/devices/TRS2002","status_code":200,"duration":"343.658802ms","ip":"10.0.0.11","user_agent":"Mozilla/5.0 (Windows NT 10.0; Win64; x64; rv:141.0) Gecko/20100101 Firefox/141.0","fields":{"bytes_in":0,"bytes_out":779}}
2025/07/25 14:49:07 POST request to /api/v1/jobs/1002/assign-device with Content-Type: 'application/json'
2025/07/25 14:49:07 Route Debug: POST /api/v1/jobs/1002/assign-device
2025/07/25 14:49:07 DEBUG: AuthMiddleware: Request URL: /api/v1/jobs/1002/assign-device
2025/07/25 14:49:07 DEBUG: AuthMiddleware: Found session cookie: fbfe1753807c0489d8be23e8b7c450cbd2cedf3896799287a7fae79493b6b82a for /api/v1/jobs/1002/assign-device
2025/07/25 14:49:08 DEBUG: AuthMiddleware: Session valid for user: admin (ID: 5) for URL: /api/v1/jobs/1002/assign-device
🔧 DEBUG JobRepo.GetByID: Loaded job 1002 with description: 'Abifeier 17.05. WvO'
2025/07/25 14:49:10 SLOW REQUEST: POST /api/v1/jobs/1002/assign-device took 2.301354922s (status: 200)
{"timestamp":"2025-07-25T12:49:10.233966282Z","level":"INFO","message":"HTTP Request","service":"go-barcode-webapp","version":"1.0.0","environment":"development","request_id":"1753447747932528024","method":"POST","path":"/api/v1/jobs/1002/assign-device","status_code":200,"duration":"2.301435192s","ip":"10.0.0.11","user_agent":"Mozilla/5.0 (Windows NT 10.0; Win64; x64; rv:141.0) Gecko/20100101 Firefox/141.0","fields":{"bytes_in":49,"bytes_out":839}}
2025/07/25 14:49:12 Route Debug: GET /api/v1/devices/TRS2003
2025/07/25 14:49:12 DEBUG: AuthMiddleware: Request URL: /api/v1/devices/TRS2003
2025/07/25 14:49:12 DEBUG: AuthMiddleware: Found session cookie: fbfe1753807c0489d8be23e8b7c450cbd2cedf3896799287a7fae79493b6b82a for /api/v1/devices/TRS2003
2025/07/25 14:49:12 DEBUG: AuthMiddleware: Session valid for user: admin (ID: 5) for URL: /api/v1/devices/TRS2003
{"timestamp":"2025-07-25T12:49:12.352280354Z","level":"INFO","message":"HTTP Request","service":"go-barcode-webapp","version":"1.0.0","environment":"development","request_id":"1753447752014788560","method":"GET","path":"/api/v1/devices/TRS2003","status_code":200,"duration":"337.488641ms","ip":"10.0.0.11","user_agent":"Mozilla/5.0 (Windows NT 10.0; Win64; x64; rv:141.0) Gecko/20100101 Firefox/141.0","fields":{"bytes_in":0,"bytes_out":779}}
2025/07/25 14:49:17 POST request to /api/v1/jobs/1002/assign-device with Content-Type: 'application/json'
2025/07/25 14:49:17 Route Debug: POST /api/v1/jobs/1002/assign-device
2025/07/25 14:49:17 DEBUG: AuthMiddleware: Request URL: /api/v1/jobs/1002/assign-device
2025/07/25 14:49:17 DEBUG: AuthMiddleware: Found session cookie: fbfe1753807c0489d8be23e8b7c450cbd2cedf3896799287a7fae79493b6b82a for /api/v1/jobs/1002/assign-device
2025/07/25 14:49:17 DEBUG: AuthMiddleware: Session valid for user: admin (ID: 5) for URL: /api/v1/jobs/1002/assign-device
🔧 DEBUG JobRepo.GetByID: Loaded job 1002 with description: 'Abifeier 17.05. WvO'
2025/07/25 14:49:20 SLOW REQUEST: POST /api/v1/jobs/1002/assign-device took 2.227313263s (status: 200)
{"timestamp":"2025-07-25T12:49:20.092493847Z","level":"INFO","message":"HTTP Request","service":"go-barcode-webapp","version":"1.0.0","environment":"development","request_id":"1753447757865119194","method":"POST","path":"/api/v1/jobs/1002/assign-device","status_code":200,"duration":"2.227372124s","ip":"10.0.0.11","user_agent":"Mozilla/5.0 (Windows NT 10.0; Win64; x64; rv:141.0) Gecko/20100101 Firefox/141.0","fields":{"bytes_in":49,"bytes_out":839}}
2025/07/25 14:49:53 Route Debug: GET /devices
2025/07/25 14:49:53 DEBUG: AuthMiddleware: Request URL: /devices
2025/07/25 14:49:53 DEBUG: AuthMiddleware: Found session cookie: fbfe1753807c0489d8be23e8b7c450cbd2cedf3896799287a7fae79493b6b82a for /devices
2025/07/25 14:49:53 DEBUG: AuthMiddleware: Session valid for user: admin (ID: 5) for URL: /devices
2025/07/25 14:49:53 🚀 DeviceHandler.ListDevices() started
2025/07/25 14:49:53 🐛 DEBUG: Device view requested: viewType='list', URL: /devices?view=list&search=Studio
2025/07/25 14:49:54 ⏱️  Database query took: 203.257339ms
2025/07/25 14:49:54 📋 LIST VIEW: Rendering list view template
2025/07/25 14:49:54 SafeHTML: Rendering template devices_standalone.html with status 200
2025/07/25 14:49:54 ⏱️  Template rendering took: 11.054446ms
2025/07/25 14:49:54 🏁 DeviceHandler.ListDevices() completed in 231.238432ms
{"timestamp":"2025-07-25T12:49:54.067567314Z","level":"INFO","message":"HTTP Request","service":"go-barcode-webapp","version":"1.0.0","environment":"development","request_id":"1753447793733816678","method":"GET","path":"/devices","status_code":200,"duration":"333.748242ms","ip":"10.0.0.11","user_agent":"Mozilla/5.0 (Windows NT 10.0; Win64; x64; rv:141.0) Gecko/20100101 Firefox/141.0","fields":{"bytes_in":0,"bytes_out":28530}}
2025/07/25 14:50:01 Route Debug: GET /api/v1/devices/LFT6001
2025/07/25 14:50:01 DEBUG: AuthMiddleware: Request URL: /api/v1/devices/LFT6001
2025/07/25 14:50:01 DEBUG: AuthMiddleware: Found session cookie: fbfe1753807c0489d8be23e8b7c450cbd2cedf3896799287a7fae79493b6b82a for /api/v1/devices/LFT6001
2025/07/25 14:50:01 DEBUG: AuthMiddleware: Session valid for user: admin (ID: 5) for URL: /api/v1/devices/LFT6001
{"timestamp":"2025-07-25T12:50:02.213515082Z","level":"INFO","message":"HTTP Request","service":"go-barcode-webapp","version":"1.0.0","environment":"development","request_id":"1753447801870018108","method":"GET","path":"/api/v1/devices/LFT6001","status_code":200,"duration":"343.493326ms","ip":"10.0.0.11","user_agent":"Mozilla/5.0 (Windows NT 10.0; Win64; x64; rv:141.0) Gecko/20100101 Firefox/141.0","fields":{"bytes_in":0,"bytes_out":811}}
2025/07/25 14:50:10 POST request to /api/v1/jobs/1002/assign-device with Content-Type: 'application/json'
2025/07/25 14:50:10 Route Debug: POST /api/v1/jobs/1002/assign-device
2025/07/25 14:50:10 DEBUG: AuthMiddleware: Request URL: /api/v1/jobs/1002/assign-device
2025/07/25 14:50:10 DEBUG: AuthMiddleware: Found session cookie: fbfe1753807c0489d8be23e8b7c450cbd2cedf3896799287a7fae79493b6b82a for /api/v1/jobs/1002/assign-device
2025/07/25 14:50:10 DEBUG: AuthMiddleware: Session valid for user: admin (ID: 5) for URL: /api/v1/jobs/1002/assign-device
🔧 DEBUG JobRepo.GetByID: Loaded job 1002 with description: 'Abifeier 17.05. WvO'
2025/07/25 14:50:12 SLOW REQUEST: POST /api/v1/jobs/1002/assign-device took 2.327791803s (status: 200)
{"timestamp":"2025-07-25T12:50:12.373952582Z","level":"INFO","message":"HTTP Request","service":"go-barcode-webapp","version":"1.0.0","environment":"development","request_id":"1753447810046043580","method":"POST","path":"/api/v1/jobs/1002/assign-device","status_code":200,"duration":"2.327906086s","ip":"10.0.0.11","user_agent":"Mozilla/5.0 (Windows NT 10.0; Win64; x64; rv:141.0) Gecko/20100101 Firefox/141.0","fields":{"bytes_in":48,"bytes_out":870}}
2025/07/25 14:50:14 Route Debug: GET /api/v1/devices/LFT6002
2025/07/25 14:50:14 DEBUG: AuthMiddleware: Request URL: /api/v1/devices/LFT6002
2025/07/25 14:50:14 DEBUG: AuthMiddleware: Found session cookie: fbfe1753807c0489d8be23e8b7c450cbd2cedf3896799287a7fae79493b6b82a for /api/v1/devices/LFT6002
2025/07/25 14:50:14 DEBUG: AuthMiddleware: Session valid for user: admin (ID: 5) for URL: /api/v1/devices/LFT6002
{"timestamp":"2025-07-25T12:50:15.081794213Z","level":"INFO","message":"HTTP Request","service":"go-barcode-webapp","version":"1.0.0","environment":"development","request_id":"1753447814744597622","method":"GET","path":"/api/v1/devices/LFT6002","status_code":200,"duration":"337.194056ms","ip":"10.0.0.11","user_agent":"Mozilla/5.0 (Windows NT 10.0; Win64; x64; rv:141.0) Gecko/20100101 Firefox/141.0","fields":{"bytes_in":0,"bytes_out":811}}
2025/07/25 14:50:19 POST request to /api/v1/jobs/1002/assign-device with Content-Type: 'application/json'
2025/07/25 14:50:19 Route Debug: POST /api/v1/jobs/1002/assign-device
2025/07/25 14:50:19 DEBUG: AuthMiddleware: Request URL: /api/v1/jobs/1002/assign-device
2025/07/25 14:50:19 DEBUG: AuthMiddleware: Found session cookie: fbfe1753807c0489d8be23e8b7c450cbd2cedf3896799287a7fae79493b6b82a for /api/v1/jobs/1002/assign-device
2025/07/25 14:50:19 DEBUG: AuthMiddleware: Session valid for user: admin (ID: 5) for URL: /api/v1/jobs/1002/assign-device
🔧 DEBUG JobRepo.GetByID: Loaded job 1002 with description: 'Abifeier 17.05. WvO'
2025/07/25 14:50:21 SLOW REQUEST: POST /api/v1/jobs/1002/assign-device took 2.341541309s (status: 200)
{"timestamp":"2025-07-25T12:50:21.396389796Z","level":"INFO","message":"HTTP Request","service":"go-barcode-webapp","version":"1.0.0","environment":"development","request_id":"1753447819054767309","method":"POST","path":"/api/v1/jobs/1002/assign-device","status_code":200,"duration":"2.341620392s","ip":"10.0.0.11","user_agent":"Mozilla/5.0 (Windows NT 10.0; Win64; x64; rv:141.0) Gecko/20100101 Firefox/141.0","fields":{"bytes_in":48,"bytes_out":870}}
2025/07/25 14:50:35 Route Debug: GET /devices
2025/07/25 14:50:35 DEBUG: AuthMiddleware: Request URL: /devices
2025/07/25 14:50:35 DEBUG: AuthMiddleware: Found session cookie: fbfe1753807c0489d8be23e8b7c450cbd2cedf3896799287a7fae79493b6b82a for /devices
2025/07/25 14:50:35 DEBUG: AuthMiddleware: Session valid for user: admin (ID: 5) for URL: /devices
2025/07/25 14:50:35 🚀 DeviceHandler.ListDevices() started
2025/07/25 14:50:35 🐛 DEBUG: Device view requested: viewType='list', URL: /devices?view=list&search=PSA
2025/07/25 14:50:35 ⏱️  Database query took: 203.869678ms
2025/07/25 14:50:35 📋 LIST VIEW: Rendering list view template
2025/07/25 14:50:35 SafeHTML: Rendering template devices_standalone.html with status 200
2025/07/25 14:50:35 ⏱️  Template rendering took: 12.549185ms
2025/07/25 14:50:35 🏁 DeviceHandler.ListDevices() completed in 233.52063ms
{"timestamp":"2025-07-25T12:50:35.343255991Z","level":"INFO","message":"HTTP Request","service":"go-barcode-webapp","version":"1.0.0","environment":"development","request_id":"1753447835005899948","method":"GET","path":"/devices","status_code":200,"duration":"337.351544ms","ip":"10.0.0.11","user_agent":"Mozilla/5.0 (Windows NT 10.0; Win64; x64; rv:141.0) Gecko/20100101 Firefox/141.0","fields":{"bytes_in":0,"bytes_out":26933}}
2025/07/25 14:50:46 Route Debug: GET /api/v1/devices/ACC3001
2025/07/25 14:50:46 DEBUG: AuthMiddleware: Request URL: /api/v1/devices/ACC3001
2025/07/25 14:50:46 DEBUG: AuthMiddleware: Found session cookie: fbfe1753807c0489d8be23e8b7c450cbd2cedf3896799287a7fae79493b6b82a for /api/v1/devices/ACC3001
2025/07/25 14:50:46 DEBUG: AuthMiddleware: Session valid for user: admin (ID: 5) for URL: /api/v1/devices/ACC3001
{"timestamp":"2025-07-25T12:50:46.99797457Z","level":"INFO","message":"HTTP Request","service":"go-barcode-webapp","version":"1.0.0","environment":"development","request_id":"1753447846657395359","method":"GET","path":"/api/v1/devices/ACC3001","status_code":200,"duration":"340.576325ms","ip":"10.0.0.11","user_agent":"Mozilla/5.0 (Windows NT 10.0; Win64; x64; rv:141.0) Gecko/20100101 Firefox/141.0","fields":{"bytes_in":0,"bytes_out":812}}
2025/07/25 14:50:52 POST request to /api/v1/jobs/1002/assign-device with Content-Type: 'application/json'
2025/07/25 14:50:52 Route Debug: POST /api/v1/jobs/1002/assign-device
2025/07/25 14:50:52 DEBUG: AuthMiddleware: Request URL: /api/v1/jobs/1002/assign-device
2025/07/25 14:50:52 DEBUG: AuthMiddleware: Found session cookie: fbfe1753807c0489d8be23e8b7c450cbd2cedf3896799287a7fae79493b6b82a for /api/v1/jobs/1002/assign-device
2025/07/25 14:50:52 DEBUG: AuthMiddleware: Session valid for user: admin (ID: 5) for URL: /api/v1/jobs/1002/assign-device
🔧 DEBUG JobRepo.GetByID: Loaded job 1002 with description: 'Abifeier 17.05. WvO'
2025/07/25 14:50:55 SLOW REQUEST: POST /api/v1/jobs/1002/assign-device took 2.413496156s (status: 200)
{"timestamp":"2025-07-25T12:50:55.227828628Z","level":"INFO","message":"HTTP Request","service":"go-barcode-webapp","version":"1.0.0","environment":"development","request_id":"1753447852814251915","method":"POST","path":"/api/v1/jobs/1002/assign-device","status_code":200,"duration":"2.413574538s","ip":"10.0.0.11","user_agent":"Mozilla/5.0 (Windows NT 10.0; Win64; x64; rv:141.0) Gecko/20100101 Firefox/141.0","fields":{"bytes_in":48,"bytes_out":871}}
2025/07/25 14:51:12 Route Debug: GET /jobs
2025/07/25 14:51:12 DEBUG: AuthMiddleware: Request URL: /jobs
2025/07/25 14:51:12 DEBUG: AuthMiddleware: Found session cookie: fbfe1753807c0489d8be23e8b7c450cbd2cedf3896799287a7fae79493b6b82a for /jobs
2025/07/25 14:51:12 DEBUG: AuthMiddleware: Session valid for user: admin (ID: 5) for URL: /jobs
DEBUG Job Handler: All query params: map[]
DEBUG Job Handler: Raw search parameter: ''
DEBUG Job Handler: Final params: SearchTerm='', StartDate=<nil>, EndDate=<nil>
DEBUG: Found 1 jobs with search term ''
DEBUG: First job: {JobID:1002 CustomerID:4 StatusID:1001 Description:0xc000900520 StartDate:2025-05-17 00:00:00 +0200 CEST EndDate:2025-05-18 00:00:00 +0200 CEST Revenue:573.6 FinalRevenue:0xc000d064e8 CustomerName: Tim Arhelger StatusName:open DeviceCount:24 TotalRevenue:573.6}
{"timestamp":"2025-07-25T12:51:12.38781132Z","level":"INFO","message":"HTTP Request","service":"go-barcode-webapp","version":"1.0.0","environment":"development","request_id":"1753447872258443631","method":"GET","path":"/jobs","status_code":200,"duration":"129.364993ms","ip":"10.0.0.11","user_agent":"Mozilla/5.0 (Windows NT 10.0; Win64; x64; rv:141.0) Gecko/20100101 Firefox/141.0","fields":{"bytes_in":0,"bytes_out":26171}}
2025/07/25 14:51:36 Route Debug: GET /api/v1/jobs/1002
2025/07/25 14:51:36 DEBUG: AuthMiddleware: Request URL: /api/v1/jobs/1002
2025/07/25 14:51:36 DEBUG: AuthMiddleware: Found session cookie: fbfe1753807c0489d8be23e8b7c450cbd2cedf3896799287a7fae79493b6b82a for /api/v1/jobs/1002
2025/07/25 14:51:36 Route Debug: GET /statuses
2025/07/25 14:51:36 DEBUG: AuthMiddleware: Request URL: /statuses
2025/07/25 14:51:36 DEBUG: AuthMiddleware: Found session cookie: fbfe1753807c0489d8be23e8b7c450cbd2cedf3896799287a7fae79493b6b82a for /statuses
2025/07/25 14:51:36 Route Debug: GET /api/v1/customers
2025/07/25 14:51:36 DEBUG: AuthMiddleware: Request URL: /api/v1/customers
2025/07/25 14:51:36 DEBUG: AuthMiddleware: Found session cookie: fbfe1753807c0489d8be23e8b7c450cbd2cedf3896799287a7fae79493b6b82a for /api/v1/customers
2025/07/25 14:51:36 DEBUG: AuthMiddleware: Session valid for user: admin (ID: 5) for URL: /api/v1/jobs/1002
2025/07/25 14:51:36 DEBUG: AuthMiddleware: Session valid for user: admin (ID: 5) for URL: /api/v1/customers
2025/07/25 14:51:36 DEBUG: AuthMiddleware: Session valid for user: admin (ID: 5) for URL: /statuses
{"timestamp":"2025-07-25T12:51:37.024229816Z","level":"INFO","message":"HTTP Request","service":"go-barcode-webapp","version":"1.0.0","environment":"development","request_id":"1753447896865854510","method":"GET","path":"/statuses","status_code":200,"duration":"158.372155ms","ip":"10.0.0.11","user_agent":"Mozilla/5.0 (Windows NT 10.0; Win64; x64; rv:141.0) Gecko/20100101 Firefox/141.0","fields":{"bytes_in":0,"bytes_out":161}}
{"timestamp":"2025-07-25T12:51:37.05810315Z","level":"INFO","message":"HTTP Request","service":"go-barcode-webapp","version":"1.0.0","environment":"development","request_id":"1753447896865891997","method":"GET","path":"/api/v1/customers","status_code":200,"duration":"192.206561ms","ip":"10.0.0.11","user_agent":"Mozilla/5.0 (Windows NT 10.0; Win64; x64; rv:141.0) Gecko/20100101 Firefox/141.0","fields":{"bytes_in":0,"bytes_out":13957}}
🔧 DEBUG JobRepo.GetByID: Loaded job 1002 with description: 'Abifeier 17.05. WvO'
2025/07/25 14:51:38 SLOW REQUEST: GET /api/v1/jobs/1002 took 1.185685881s (status: 200)
{"timestamp":"2025-07-25T12:51:38.010807671Z","level":"INFO","message":"HTTP Request","service":"go-barcode-webapp","version":"1.0.0","environment":"development","request_id":"1753447896825024537","method":"GET","path":"/api/v1/jobs/1002","status_code":200,"duration":"1.185780768s","ip":"10.0.0.11","user_agent":"Mozilla/5.0 (Windows NT 10.0; Win64; x64; rv:141.0) Gecko/20100101 Firefox/141.0","fields":{"bytes_in":0,"bytes_out":30465}}
2025/07/25 14:51:41 Route Debug: PUT /api/v1/jobs/1002
2025/07/25 14:51:41 DEBUG: AuthMiddleware: Request URL: /api/v1/jobs/1002
2025/07/25 14:51:41 DEBUG: AuthMiddleware: Found session cookie: fbfe1753807c0489d8be23e8b7c450cbd2cedf3896799287a7fae79493b6b82a for /api/v1/jobs/1002
2025/07/25 14:51:41 DEBUG: AuthMiddleware: Session valid for user: admin (ID: 5) for URL: /api/v1/jobs/1002
🔧 DEBUG JobRepo.GetByID: Loaded job 1002 with description: 'Abifeier 17.05. WvO'
🔧 DEBUG JobRepo.Update: Saving job ID 1002 with description: 'Abifeier 17.05. WvO'
🔧 DEBUG JobRepo.Update: Success! Rows affected: 1
🔧 DEBUG JobRepo.Update: Verification - DB now has description: 'Abifeier 17.05. WvO'
2025/07/25 14:51:43 SLOW REQUEST: PUT /api/v1/jobs/1002 took 1.320364236s (status: 200)
{"timestamp":"2025-07-25T12:51:43.052185018Z","level":"INFO","message":"HTTP Request","service":"go-barcode-webapp","version":"1.0.0","environment":"development","request_id":"1753447901731744286","method":"PUT","path":"/api/v1/jobs/1002","status_code":200,"duration":"1.320438528s","ip":"10.0.0.11","user_agent":"Mozilla/5.0 (Windows NT 10.0; Win64; x64; rv:141.0) Gecko/20100101 Firefox/141.0","fields":{"bytes_in":170,"bytes_out":535}}
2025/07/25 14:51:43 Route Debug: GET /jobs
2025/07/25 14:51:43 DEBUG: AuthMiddleware: Request URL: /jobs
2025/07/25 14:51:43 DEBUG: AuthMiddleware: Found session cookie: fbfe1753807c0489d8be23e8b7c450cbd2cedf3896799287a7fae79493b6b82a for /jobs
2025/07/25 14:51:43 DEBUG: AuthMiddleware: Session valid for user: admin (ID: 5) for URL: /jobs
DEBUG Job Handler: All query params: map[]
DEBUG Job Handler: Raw search parameter: ''
DEBUG Job Handler: Final params: SearchTerm='', StartDate=<nil>, EndDate=<nil>
DEBUG: Found 1 jobs with search term ''
DEBUG: First job: {JobID:1002 CustomerID:4 StatusID:1002 Description:0xc0002b8360 StartDate:2025-05-17 00:00:00 +0200 CEST EndDate:2025-05-18 00:00:00 +0200 CEST Revenue:573.6 FinalRevenue:0xc000481d98 CustomerName: Tim Arhelger StatusName:paid DeviceCount:24 TotalRevenue:573.6}
{"timestamp":"2025-07-25T12:51:43.233428719Z","level":"INFO","message":"HTTP Request","service":"go-barcode-webapp","version":"1.0.0","environment":"development","request_id":"1753447903102246983","method":"GET","path":"/jobs","status_code":200,"duration":"131.179109ms","ip":"10.0.0.11","user_agent":"Mozilla/5.0 (Windows NT 10.0; Win64; x64; rv:141.0) Gecko/20100101 Firefox/141.0","fields":{"bytes_in":0,"bytes_out":26171}}
2025/07/25 14:51:44 Route Debug: GET /analytics
2025/07/25 14:51:44 DEBUG: AuthMiddleware: Request URL: /analytics
2025/07/25 14:51:44 DEBUG: AuthMiddleware: Found session cookie: fbfe1753807c0489d8be23e8b7c450cbd2cedf3896799287a7fae79493b6b82a for /analytics
2025/07/25 14:51:44 DEBUG: AuthMiddleware: Session valid for user: admin (ID: 5) for URL: /analytics
2025/07/25 14:51:45 SLOW REQUEST: GET /analytics took 624.364381ms (status: 200)
{"timestamp":"2025-07-25T12:51:45.349293128Z","level":"INFO","message":"HTTP Request","service":"go-barcode-webapp","version":"1.0.0","environment":"development","request_id":"1753447904724838462","method":"GET","path":"/analytics","status_code":200,"duration":"624.451878ms","ip":"10.0.0.11","user_agent":"Mozilla/5.0 (Windows NT 10.0; Win64; x64; rv:141.0) Gecko/20100101 Firefox/141.0","fields":{"bytes_in":0,"bytes_out":78092}}
2025/07/25 14:51:57 Route Debug: GET /jobs
2025/07/25 14:51:57 DEBUG: AuthMiddleware: Request URL: /jobs
2025/07/25 14:51:57 DEBUG: AuthMiddleware: Found session cookie: fbfe1753807c0489d8be23e8b7c450cbd2cedf3896799287a7fae79493b6b82a for /jobs
2025/07/25 14:51:57 DEBUG: AuthMiddleware: Session valid for user: admin (ID: 5) for URL: /jobs
DEBUG Job Handler: All query params: map[]
DEBUG Job Handler: Raw search parameter: ''
DEBUG Job Handler: Final params: SearchTerm='', StartDate=<nil>, EndDate=<nil>
DEBUG: Found 1 jobs with search term ''
DEBUG: First job: {JobID:1002 CustomerID:4 StatusID:1002 Description:0xc0008068a0 StartDate:2025-05-17 00:00:00 +0200 CEST EndDate:2025-05-18 00:00:00 +0200 CEST Revenue:573.6 FinalRevenue:0xc000d060b8 CustomerName: Tim Arhelger StatusName:paid DeviceCount:24 TotalRevenue:573.6}
{"timestamp":"2025-07-25T12:51:57.220696067Z","level":"INFO","message":"HTTP Request","service":"go-barcode-webapp","version":"1.0.0","environment":"development","request_id":"1753447917086979478","method":"GET","path":"/jobs","status_code":200,"duration":"133.714284ms","ip":"10.0.0.11","user_agent":"Mozilla/5.0 (Windows NT 10.0; Win64; x64; rv:141.0) Gecko/20100101 Firefox/141.0","fields":{"bytes_in":0,"bytes_out":26171}}
2025/07/25 14:52:00 Route Debug: GET /api/v1/jobs/1002
2025/07/25 14:52:00 DEBUG: AuthMiddleware: Request URL: /api/v1/jobs/1002
2025/07/25 14:52:00 DEBUG: AuthMiddleware: Found session cookie: fbfe1753807c0489d8be23e8b7c450cbd2cedf3896799287a7fae79493b6b82a for /api/v1/jobs/1002
2025/07/25 14:52:00 Route Debug: GET /api/v1/customers
2025/07/25 14:52:00 DEBUG: AuthMiddleware: Request URL: /api/v1/customers
2025/07/25 14:52:00 DEBUG: AuthMiddleware: Found session cookie: fbfe1753807c0489d8be23e8b7c450cbd2cedf3896799287a7fae79493b6b82a for /api/v1/customers
2025/07/25 14:52:00 Route Debug: GET /statuses
2025/07/25 14:52:00 DEBUG: AuthMiddleware: Request URL: /statuses
2025/07/25 14:52:00 DEBUG: AuthMiddleware: Found session cookie: fbfe1753807c0489d8be23e8b7c450cbd2cedf3896799287a7fae79493b6b82a for /statuses
2025/07/25 14:52:00 DEBUG: AuthMiddleware: Session valid for user: admin (ID: 5) for URL: /api/v1/jobs/1002
2025/07/25 14:52:00 DEBUG: AuthMiddleware: Session valid for user: admin (ID: 5) for URL: /api/v1/customers
2025/07/25 14:52:00 DEBUG: AuthMiddleware: Session valid for user: admin (ID: 5) for URL: /statuses
{"timestamp":"2025-07-25T12:52:00.309685691Z","level":"INFO","message":"HTTP Request","service":"go-barcode-webapp","version":"1.0.0","environment":"development","request_id":"1753447920190164700","method":"GET","path":"/api/v1/customers","status_code":200,"duration":"119.517966ms","ip":"10.0.0.11","user_agent":"Mozilla/5.0 (Windows NT 10.0; Win64; x64; rv:141.0) Gecko/20100101 Firefox/141.0","fields":{"bytes_in":0,"bytes_out":13957}}
{"timestamp":"2025-07-25T12:52:00.343253922Z","level":"INFO","message":"HTTP Request","service":"go-barcode-webapp","version":"1.0.0","environment":"development","request_id":"1753447920192582742","method":"GET","path":"/statuses","status_code":200,"duration":"150.667674ms","ip":"10.0.0.11","user_agent":"Mozilla/5.0 (Windows NT 10.0; Win64; x64; rv:141.0) Gecko/20100101 Firefox/141.0","fields":{"bytes_in":0,"bytes_out":161}}
🔧 DEBUG JobRepo.GetByID: Loaded job 1002 with description: 'Abifeier 17.05. WvO'
2025/07/25 14:52:01 SLOW REQUEST: GET /api/v1/jobs/1002 took 1.21750572s (status: 200)
{"timestamp":"2025-07-25T12:52:01.404228342Z","level":"INFO","message":"HTTP Request","service":"go-barcode-webapp","version":"1.0.0","environment":"development","request_id":"1753447920186590236","method":"GET","path":"/api/v1/jobs/1002","status_code":200,"duration":"1.217634399s","ip":"10.0.0.11","user_agent":"Mozilla/5.0 (Windows NT 10.0; Win64; x64; rv:141.0) Gecko/20100101 Firefox/141.0","fields":{"bytes_in":0,"bytes_out":30465}}
2025/07/25 14:52:23 Route Debug: GET /analytics
2025/07/25 14:52:23 DEBUG: AuthMiddleware: Request URL: /analytics
2025/07/25 14:52:23 DEBUG: AuthMiddleware: Found session cookie: fbfe1753807c0489d8be23e8b7c450cbd2cedf3896799287a7fae79493b6b82a for /analytics
2025/07/25 14:52:24 DEBUG: AuthMiddleware: Session valid for user: admin (ID: 5) for URL: /analytics
2025/07/25 14:52:24 SLOW REQUEST: GET /analytics took 618.202814ms (status: 200)
{"timestamp":"2025-07-25T12:52:24.57097084Z","level":"INFO","message":"HTTP Request","service":"go-barcode-webapp","version":"1.0.0","environment":"development","request_id":"1753447943952520616","method":"GET","path":"/analytics","status_code":200,"duration":"618.447118ms","ip":"10.0.0.11","user_agent":"Mozilla/5.0 (Windows NT 10.0; Win64; x64; rv:141.0) Gecko/20100101 Firefox/141.0","fields":{"bytes_in":0,"bytes_out":78092}}
2025/07/25 14:54:45 Route Debug: GET /analytics
2025/07/25 14:54:45 DEBUG: AuthMiddleware: Request URL: /analytics
2025/07/25 14:54:45 DEBUG: AuthMiddleware: Found session cookie: fbfe1753807c0489d8be23e8b7c450cbd2cedf3896799287a7fae79493b6b82a for /analytics
2025/07/25 14:54:45 DEBUG: AuthMiddleware: Session valid for user: admin (ID: 5) for URL: /analytics
2025/07/25 14:54:46 SLOW REQUEST: GET /analytics took 620.382456ms (status: 200)
{"timestamp":"2025-07-25T12:54:46.101279405Z","level":"INFO","message":"HTTP Request","service":"go-barcode-webapp","version":"1.0.0","environment":"development","request_id":"1753448085480740562","method":"GET","path":"/analytics","status_code":200,"duration":"620.525716ms","ip":"10.0.0.11","user_agent":"Mozilla/5.0 (Windows NT 10.0; Win64; x64; rv:141.0) Gecko/20100101 Firefox/141.0","fields":{"bytes_in":0,"bytes_out":78348}}
