2025/07/24 13:16:48 Database connection established successfully
2025/07/24 13:16:48 GoBD compliance table migration disabled
2025/07/24 13:16:48 Database auto-migration disabled - using manual schema management
2025/07/24 13:16:48 Templates already exist (1), skipping default template creation
[GIN-debug] [WARNING] Running in "debug" mode. Switch to "release" mode in production.
 - using env:	export GIN_MODE=release
 - using code:	gin.SetMode(gin.ReleaseMode)

[GIN-debug] Loaded HTML Templates (63): 
	- job_detail.html
	- login.html
	- monitoring_dashboard.html
	- user_form.html
	- css
	- device_form.html
	- invoice_template_designer_basic.html
	- device_detail.html
	- equipment_package_detail.html
	- security_audit.html
	- devices_standalone.html
	- transactions_list.html
	- jobs.html
	- security_roles_standalone.html
	- customer_detail.html
	- customers.html
	- error.html
	- cases_list.html
	- invoice_preview.html
	- invoice_settings_form.html
	- financial_dashboard.html
	- invoices_list.html
	- products_standalone.html
	- content
	- cable_form.html
	- error_page.html
	- profile_settings.html
	- scan_job.html
	- base.html
	- bulk_operations.html
	- mobile_scanner.html
	- users_list.html
	- job_form.html
	- transaction_form.html
	- cables_standalone.html
	- invoice_form.html
	- invoice_templates_list.html
	- invoice_template_german.html
	- signature_form.html
	- user_detail.html
	- case_detail.html
	- case_form.html
	- customer_form.html
	- invoice_template_designer.html
	- invoices-content
	- js
	- case_device_mapping.html
	- equipment_packages_standalone.html
	- 
	- error_standalone.html
	- invoice_detail.html
	- home.html
	- transaction_detail.html
	- analytics_dashboard.html
	- document_upload_form.html
	- equipment_package_form.html
	- search_results.html
	- documents_list.html
	- financial_reports.html
	- navbar.html
	- company_settings.html
	- invoices_content.html
	- scan_select_job.html

[GIN-debug] GET    /static/*filepath         --> github.com/gin-gonic/gin.(*RouterGroup).createStaticHandler.func1 (8 handlers)
[GIN-debug] HEAD   /static/*filepath         --> github.com/gin-gonic/gin.(*RouterGroup).createStaticHandler.func1 (8 handlers)
[GIN-debug] GET    /uploads/*filepath        --> github.com/gin-gonic/gin.(*RouterGroup).createStaticHandler.func1 (8 handlers)
[GIN-debug] HEAD   /uploads/*filepath        --> github.com/gin-gonic/gin.(*RouterGroup).createStaticHandler.func1 (8 handlers)
[GIN-debug] GET    /sw.js                    --> main.main.func24 (9 handlers)
[GIN-debug] GET    /manifest.json            --> main.main.func25 (9 handlers)
[GIN-debug] GET    /                         --> main.setupRoutes.func1 (9 handlers)
[GIN-debug] GET    /login                    --> go-barcode-webapp/internal/handlers.(*AuthHandler).LoginForm-fm (9 handlers)
[GIN-debug] POST   /login                    --> go-barcode-webapp/internal/handlers.(*AuthHandler).Login-fm (9 handlers)
[GIN-debug] GET    /logout                   --> go-barcode-webapp/internal/handlers.(*AuthHandler).Logout-fm (9 handlers)
[GIN-debug] GET    /debug/invoice-test       --> main.setupRoutes.func2 (9 handlers)
[GIN-debug] GET    /debug/customer-selection --> main.setupRoutes.func3 (9 handlers)
[GIN-debug] GET    /debug/routes             --> main.setupRoutes.func4 (9 handlers)
[GIN-debug] GET    /dashboard                --> go-barcode-webapp/internal/handlers.(*HomeHandler).Dashboard-fm (10 handlers)
[GIN-debug] GET    /jobs                     --> go-barcode-webapp/internal/handlers.(*JobHandler).ListJobs-fm (10 handlers)
[GIN-debug] GET    /jobs/new                 --> go-barcode-webapp/internal/handlers.(*JobHandler).NewJobForm-fm (10 handlers)
[GIN-debug] POST   /jobs                     --> go-barcode-webapp/internal/handlers.(*JobHandler).CreateJob-fm (10 handlers)
[GIN-debug] GET    /jobs/:id                 --> go-barcode-webapp/internal/handlers.(*JobHandler).GetJob-fm (10 handlers)
[GIN-debug] GET    /jobs/:id/edit            --> go-barcode-webapp/internal/handlers.(*JobHandler).EditJobForm-fm (10 handlers)
[GIN-debug] PUT    /jobs/:id                 --> go-barcode-webapp/internal/handlers.(*JobHandler).UpdateJob-fm (10 handlers)
[GIN-debug] POST   /jobs/:id/update          --> go-barcode-webapp/internal/handlers.(*JobHandler).UpdateJob-fm (10 handlers)
[GIN-debug] DELETE /jobs/:id                 --> go-barcode-webapp/internal/handlers.(*JobHandler).DeleteJob-fm (10 handlers)
[GIN-debug] GET    /jobs/:id/devices         --> go-barcode-webapp/internal/handlers.(*JobHandler).GetJobDevices-fm (10 handlers)
[GIN-debug] POST   /jobs/:id/devices         --> go-barcode-webapp/internal/handlers.(*JobHandler).AssignDevice-fm (10 handlers)
[GIN-debug] DELETE /jobs/:id/devices/:deviceId --> go-barcode-webapp/internal/handlers.(*JobHandler).RemoveDevice-fm (10 handlers)
[GIN-debug] POST   /jobs/:id/bulk-scan       --> go-barcode-webapp/internal/handlers.(*JobHandler).BulkScanDevices-fm (10 handlers)
[GIN-debug] GET    /devices                  --> go-barcode-webapp/internal/handlers.(*DeviceHandler).ListDevices-fm (10 handlers)
[GIN-debug] GET    /devices/new              --> go-barcode-webapp/internal/handlers.(*DeviceHandler).NewDeviceForm-fm (10 handlers)
[GIN-debug] POST   /devices                  --> go-barcode-webapp/internal/handlers.(*DeviceHandler).CreateDevice-fm (10 handlers)
[GIN-debug] GET    /devices/:id              --> go-barcode-webapp/internal/handlers.(*DeviceHandler).GetDevice-fm (10 handlers)
[GIN-debug] GET    /devices/:id/edit         --> go-barcode-webapp/internal/handlers.(*DeviceHandler).EditDeviceForm-fm (10 handlers)
[GIN-debug] PUT    /devices/:id              --> go-barcode-webapp/internal/handlers.(*DeviceHandler).UpdateDevice-fm (10 handlers)
[GIN-debug] DELETE /devices/:id              --> go-barcode-webapp/internal/handlers.(*DeviceHandler).DeleteDevice-fm (10 handlers)
[GIN-debug] GET    /devices/:id/qr           --> go-barcode-webapp/internal/handlers.(*DeviceHandler).GetDeviceQR-fm (10 handlers)
[GIN-debug] GET    /devices/:id/barcode      --> go-barcode-webapp/internal/handlers.(*DeviceHandler).GetDeviceBarcode-fm (10 handlers)
[GIN-debug] GET    /devices/:id/stats        --> go-barcode-webapp/internal/handlers.(*DeviceHandler).GetDeviceStatsAPI-fm (10 handlers)
[GIN-debug] GET    /devices/available        --> go-barcode-webapp/internal/handlers.(*DeviceHandler).GetAvailableDevices-fm (10 handlers)
[GIN-debug] GET    /products                 --> go-barcode-webapp/internal/handlers.(*ProductHandler).ListProductsWeb-fm (10 handlers)
[GIN-debug] GET    /products/new             --> go-barcode-webapp/internal/handlers.(*ProductHandler).NewProductForm-fm (10 handlers)
[GIN-debug] GET    /cables                   --> go-barcode-webapp/internal/handlers.(*CableHandler).ListCablesWeb-fm (10 handlers)
[GIN-debug] GET    /cables/new               --> go-barcode-webapp/internal/handlers.(*CableHandler).NewCableForm-fm (10 handlers)
[GIN-debug] POST   /cables                   --> go-barcode-webapp/internal/handlers.(*CableHandler).CreateCable-fm (10 handlers)
[GIN-debug] GET    /customers                --> go-barcode-webapp/internal/handlers.(*CustomerHandler).ListCustomers-fm (10 handlers)
[GIN-debug] GET    /customers/new            --> go-barcode-webapp/internal/handlers.(*CustomerHandler).NewCustomerForm-fm (10 handlers)
[GIN-debug] POST   /customers                --> go-barcode-webapp/internal/handlers.(*CustomerHandler).CreateCustomer-fm (10 handlers)
[GIN-debug] GET    /customers/:id            --> go-barcode-webapp/internal/handlers.(*CustomerHandler).GetCustomer-fm (10 handlers)
[GIN-debug] GET    /customers/:id/edit       --> go-barcode-webapp/internal/handlers.(*CustomerHandler).EditCustomerForm-fm (10 handlers)
[GIN-debug] PUT    /customers/:id            --> go-barcode-webapp/internal/handlers.(*CustomerHandler).UpdateCustomer-fm (10 handlers)
[GIN-debug] DELETE /customers/:id            --> go-barcode-webapp/internal/handlers.(*CustomerHandler).DeleteCustomer-fm (10 handlers)
[GIN-debug] GET    /statuses                 --> go-barcode-webapp/internal/handlers.(*StatusHandler).ListStatuses-fm (10 handlers)
[GIN-debug] GET    /cases                    --> go-barcode-webapp/internal/handlers.(*CaseHandler).ListCases-fm (10 handlers)
[GIN-debug] GET    /cases/new                --> go-barcode-webapp/internal/handlers.(*CaseHandler).NewCaseForm-fm (10 handlers)
[GIN-debug] POST   /cases                    --> go-barcode-webapp/internal/handlers.(*CaseHandler).CreateCase-fm (10 handlers)
[GIN-debug] GET    /cases/:id                --> go-barcode-webapp/internal/handlers.(*CaseHandler).GetCase-fm (10 handlers)
[GIN-debug] GET    /cases/:id/edit           --> go-barcode-webapp/internal/handlers.(*CaseHandler).EditCaseForm-fm (10 handlers)
[GIN-debug] PUT    /cases/:id                --> go-barcode-webapp/internal/handlers.(*CaseHandler).UpdateCase-fm (10 handlers)
[GIN-debug] DELETE /cases/:id                --> go-barcode-webapp/internal/handlers.(*CaseHandler).DeleteCase-fm (10 handlers)
[GIN-debug] GET    /cases/:id/devices        --> go-barcode-webapp/internal/handlers.(*CaseHandler).CaseDeviceMapping-fm (10 handlers)
[GIN-debug] POST   /cases/:id/devices        --> go-barcode-webapp/internal/handlers.(*CaseHandler).ScanDeviceToCase-fm (10 handlers)
[GIN-debug] DELETE /cases/:id/devices/:deviceId --> go-barcode-webapp/internal/handlers.(*CaseHandler).RemoveDeviceFromCase-fm (10 handlers)
[GIN-debug] GET    /barcodes/device/:serialNo/qr --> go-barcode-webapp/internal/handlers.(*BarcodeHandler).GenerateDeviceQR-fm (10 handlers)
[GIN-debug] GET    /barcodes/device/:serialNo/barcode --> go-barcode-webapp/internal/handlers.(*BarcodeHandler).GenerateDeviceBarcode-fm (10 handlers)
[GIN-debug] GET    /scan                     --> go-barcode-webapp/internal/handlers.(*ScannerHandler).ScanJobSelection-fm (10 handlers)
[GIN-debug] GET    /scan/select              --> go-barcode-webapp/internal/handlers.(*ScannerHandler).ScanJobSelection-fm (10 handlers)
[GIN-debug] GET    /scan/:jobId              --> go-barcode-webapp/internal/handlers.(*ScannerHandler).ScanJob-fm (10 handlers)
[GIN-debug] POST   /scan/:jobId/assign       --> go-barcode-webapp/internal/handlers.(*ScannerHandler).ScanDevice-fm (10 handlers)
[GIN-debug] DELETE /scan/:jobId/devices/:deviceId --> go-barcode-webapp/internal/handlers.(*ScannerHandler).RemoveDevice-fm (10 handlers)
[GIN-debug] GET    /analytics                --> go-barcode-webapp/internal/handlers.(*AnalyticsHandler).Dashboard-fm (10 handlers)
[GIN-debug] GET    /analytics/revenue        --> go-barcode-webapp/internal/handlers.(*AnalyticsHandler).GetRevenueAPI-fm (10 handlers)
[GIN-debug] GET    /analytics/equipment      --> go-barcode-webapp/internal/handlers.(*AnalyticsHandler).GetEquipmentAPI-fm (10 handlers)
[GIN-debug] GET    /analytics/export         --> go-barcode-webapp/internal/handlers.(*AnalyticsHandler).ExportAnalytics-fm (10 handlers)
[GIN-debug] GET    /search/global            --> go-barcode-webapp/internal/handlers.(*SearchHandler).GlobalSearch-fm (10 handlers)
[GIN-debug] POST   /search/advanced          --> go-barcode-webapp/internal/handlers.(*SearchHandler).AdvancedSearch-fm (10 handlers)
[GIN-debug] GET    /search/suggestions       --> go-barcode-webapp/internal/handlers.(*SearchHandler).SearchSuggestions-fm (10 handlers)
[GIN-debug] GET    /search/saved             --> go-barcode-webapp/internal/handlers.(*SearchHandler).SavedSearches-fm (10 handlers)
[GIN-debug] DELETE /search/saved/:id         --> go-barcode-webapp/internal/handlers.(*SearchHandler).DeleteSavedSearch-fm (10 handlers)
[GIN-debug] POST   /pwa/subscribe            --> go-barcode-webapp/internal/handlers.(*PWAHandler).SubscribePush-fm (10 handlers)
[GIN-debug] POST   /pwa/unsubscribe          --> go-barcode-webapp/internal/handlers.(*PWAHandler).UnsubscribePush-fm (10 handlers)
[GIN-debug] POST   /pwa/sync                 --> go-barcode-webapp/internal/handlers.(*PWAHandler).SyncOfflineData-fm (10 handlers)
[GIN-debug] GET    /pwa/manifest             --> go-barcode-webapp/internal/handlers.(*PWAHandler).GetOfflineManifest-fm (10 handlers)
[GIN-debug] GET    /pwa/install              --> go-barcode-webapp/internal/handlers.(*PWAHandler).InstallPrompt-fm (10 handlers)
[GIN-debug] GET    /pwa/status               --> go-barcode-webapp/internal/handlers.(*PWAHandler).GetConnectionStatus-fm (10 handlers)
[GIN-debug] GET    /workflow/packages        --> go-barcode-webapp/internal/handlers.(*EquipmentPackageHandler).ShowPackagesList-fm (10 handlers)
[GIN-debug] GET    /workflow/packages/new    --> go-barcode-webapp/internal/handlers.(*EquipmentPackageHandler).ShowPackageForm-fm (10 handlers)
[GIN-debug] GET    /workflow/packages/:id    --> go-barcode-webapp/internal/handlers.(*EquipmentPackageHandler).ShowPackageDetail-fm (10 handlers)
[GIN-debug] GET    /workflow/packages/:id/edit --> go-barcode-webapp/internal/handlers.(*EquipmentPackageHandler).ShowPackageForm-fm (10 handlers)
[GIN-debug] POST   /workflow/packages        --> go-barcode-webapp/internal/handlers.(*EquipmentPackageHandler).CreatePackage-fm (10 handlers)
[GIN-debug] PUT    /workflow/packages/:id    --> go-barcode-webapp/internal/handlers.(*EquipmentPackageHandler).UpdatePackage-fm (10 handlers)
[GIN-debug] DELETE /workflow/packages/:id    --> go-barcode-webapp/internal/handlers.(*EquipmentPackageHandler).DeletePackage-fm (10 handlers)
[GIN-debug] GET    /workflow/bulk            --> go-barcode-webapp/internal/handlers.(*WorkflowHandler).BulkOperationsForm-fm (10 handlers)
[GIN-debug] POST   /workflow/bulk/update-status --> go-barcode-webapp/internal/handlers.(*WorkflowHandler).BulkUpdateDeviceStatus-fm (10 handlers)
[GIN-debug] POST   /workflow/bulk/assign-job --> go-barcode-webapp/internal/handlers.(*WorkflowHandler).BulkAssignToJob-fm (10 handlers)
[GIN-debug] POST   /workflow/bulk/generate-qr --> go-barcode-webapp/internal/handlers.(*WorkflowHandler).BulkGenerateQRCodes-fm (10 handlers)
[GIN-debug] GET    /workflow/stats           --> go-barcode-webapp/internal/handlers.(*WorkflowHandler).GetWorkflowStats-fm (10 handlers)
[GIN-debug] GET    /documents                --> go-barcode-webapp/internal/handlers.(*DocumentHandler).ListDocuments-fm (10 handlers)
[GIN-debug] GET    /documents/upload         --> go-barcode-webapp/internal/handlers.(*DocumentHandler).UploadDocumentForm-fm (10 handlers)
[GIN-debug] POST   /documents/upload         --> go-barcode-webapp/internal/handlers.(*DocumentHandler).UploadDocument-fm (10 handlers)
[GIN-debug] GET    /documents/:id            --> go-barcode-webapp/internal/handlers.(*DocumentHandler).GetDocument-fm (10 handlers)
[GIN-debug] GET    /documents/:id/view       --> go-barcode-webapp/internal/handlers.(*DocumentHandler).ViewDocument-fm (10 handlers)
[GIN-debug] GET    /documents/:id/download   --> go-barcode-webapp/internal/handlers.(*DocumentHandler).DownloadDocument-fm (10 handlers)
[GIN-debug] DELETE /documents/:id            --> go-barcode-webapp/internal/handlers.(*DocumentHandler).DeleteDocument-fm (10 handlers)
[GIN-debug] GET    /documents/:id/sign       --> go-barcode-webapp/internal/handlers.(*DocumentHandler).SignatureForm-fm (10 handlers)
[GIN-debug] POST   /documents/:id/sign       --> go-barcode-webapp/internal/handlers.(*DocumentHandler).AddSignature-fm (10 handlers)
[GIN-debug] GET    /documents/signatures/:id/verify --> go-barcode-webapp/internal/handlers.(*DocumentHandler).VerifySignature-fm (10 handlers)
[GIN-debug] GET    /financial                --> go-barcode-webapp/internal/handlers.(*FinancialHandler).FinancialDashboard-fm (10 handlers)
[GIN-debug] GET    /financial/transactions   --> go-barcode-webapp/internal/handlers.(*FinancialHandler).ListTransactions-fm (10 handlers)
[GIN-debug] GET    /financial/transactions/new --> go-barcode-webapp/internal/handlers.(*FinancialHandler).NewTransactionForm-fm (10 handlers)
[GIN-debug] POST   /financial/transactions   --> go-barcode-webapp/internal/handlers.(*FinancialHandler).CreateTransaction-fm (10 handlers)
[GIN-debug] GET    /financial/transactions/:id --> go-barcode-webapp/internal/handlers.(*FinancialHandler).GetTransaction-fm (10 handlers)
[GIN-debug] PUT    /financial/transactions/:id/status --> go-barcode-webapp/internal/handlers.(*FinancialHandler).UpdateTransactionStatus-fm (10 handlers)
[GIN-debug] POST   /financial/jobs/:jobId/invoice --> go-barcode-webapp/internal/handlers.(*FinancialHandler).GenerateInvoice-fm (10 handlers)
[GIN-debug] GET    /financial/reports        --> go-barcode-webapp/internal/handlers.(*FinancialHandler).FinancialReports-fm (10 handlers)
[GIN-debug] GET    /financial/api/revenue-report --> go-barcode-webapp/internal/handlers.(*FinancialHandler).GetRevenueReport-fm (10 handlers)
[GIN-debug] GET    /financial/api/payment-report --> go-barcode-webapp/internal/handlers.(*FinancialHandler).GetPaymentReport-fm (10 handlers)
[GIN-debug] GET    /financial/api/export/transactions --> go-barcode-webapp/internal/handlers.(*FinancialHandler).ExportTransactions-fm (10 handlers)
[GIN-debug] GET    /financial/api/export/revenue --> go-barcode-webapp/internal/handlers.(*FinancialHandler).ExportRevenue-fm (10 handlers)
[GIN-debug] GET    /financial/api/export/tax-report --> go-barcode-webapp/internal/handlers.(*FinancialHandler).ExportTaxReportCSV-fm (10 handlers)
[GIN-debug] GET    /invoices                 --> go-barcode-webapp/internal/handlers.(*InvoiceHandlerNew).ListInvoices-fm (12 handlers)
[GIN-debug] GET    /invoices/new             --> go-barcode-webapp/internal/handlers.(*InvoiceHandlerNew).NewInvoiceForm-fm (12 handlers)
[GIN-debug] POST   /invoices                 --> go-barcode-webapp/internal/handlers.(*InvoiceHandlerNew).CreateInvoice-fm (12 handlers)
[GIN-debug] GET    /invoices/:id             --> go-barcode-webapp/internal/handlers.(*InvoiceHandlerNew).GetInvoice-fm (12 handlers)
[GIN-debug] GET    /invoices/:id/edit        --> go-barcode-webapp/internal/handlers.(*InvoiceHandlerNew).EditInvoiceForm-fm (12 handlers)
[GIN-debug] GET    /invoices/:id/preview     --> go-barcode-webapp/internal/handlers.(*InvoiceHandlerNew).PreviewInvoice-fm (12 handlers)
[GIN-debug] PUT    /invoices/:id             --> go-barcode-webapp/internal/handlers.(*InvoiceHandlerNew).UpdateInvoice-fm (12 handlers)
[GIN-debug] PUT    /invoices/:id/status      --> go-barcode-webapp/internal/handlers.(*InvoiceHandlerNew).UpdateInvoiceStatus-fm (12 handlers)
[GIN-debug] DELETE /invoices/:id             --> go-barcode-webapp/internal/handlers.(*InvoiceHandlerNew).DeleteInvoice-fm (12 handlers)
[GIN-debug] GET    /invoices/:id/pdf         --> go-barcode-webapp/internal/handlers.(*InvoiceHandlerNew).GenerateInvoicePDF-fm (12 handlers)
[GIN-debug] GET    /invoice-templates        --> go-barcode-webapp/internal/handlers.(*InvoiceTemplateHandler).ListTemplates-fm (10 handlers)
[GIN-debug] GET    /invoice-templates/new    --> go-barcode-webapp/internal/handlers.(*InvoiceTemplateHandler).NewTemplateForm-fm (10 handlers)
[GIN-debug] POST   /invoice-templates        --> go-barcode-webapp/internal/handlers.(*InvoiceTemplateHandler).CreateTemplate-fm (10 handlers)
[GIN-debug] GET    /invoice-templates/:id/edit --> go-barcode-webapp/internal/handlers.(*InvoiceTemplateHandler).EditTemplateForm-fm (10 handlers)
[GIN-debug] PUT    /invoice-templates/:id    --> go-barcode-webapp/internal/handlers.(*InvoiceTemplateHandler).UpdateTemplate-fm (10 handlers)
[GIN-debug] DELETE /invoice-templates/:id    --> go-barcode-webapp/internal/handlers.(*InvoiceTemplateHandler).DeleteTemplate-fm (10 handlers)
[GIN-debug] GET    /invoice-templates/:id/preview --> go-barcode-webapp/internal/handlers.(*InvoiceTemplateHandler).PreviewTemplate-fm (10 handlers)
[GIN-debug] POST   /invoice-templates/:id/set-default --> go-barcode-webapp/internal/handlers.(*InvoiceTemplateHandler).SetDefaultTemplate-fm (10 handlers)
[GIN-debug] GET    /settings/company         --> main.setupRoutes.func5 (10 handlers)
[GIN-debug] POST   /settings/company         --> go-barcode-webapp/internal/handlers.(*CompanyHandler).UpdateCompanySettingsForm-fm (10 handlers)
[GIN-debug] GET    /settings/company/api     --> go-barcode-webapp/internal/handlers.(*CompanyHandler).GetCompanySettings-fm (10 handlers)
[GIN-debug] PUT    /settings/company/api     --> go-barcode-webapp/internal/handlers.(*CompanyHandler).UpdateCompanySettings-fm (10 handlers)
[GIN-debug] POST   /settings/company/logo    --> go-barcode-webapp/internal/handlers.(*CompanyHandler).UploadCompanyLogo-fm (10 handlers)
[GIN-debug] DELETE /settings/company/logo    --> go-barcode-webapp/internal/handlers.(*CompanyHandler).DeleteCompanyLogo-fm (10 handlers)
[GIN-debug] GET    /security/roles           --> main.setupRoutes.func6 (10 handlers)
[GIN-debug] GET    /security/audit           --> main.setupRoutes.func7 (10 handlers)
[GIN-debug] GET    /security/api/roles       --> go-barcode-webapp/internal/handlers.(*SecurityHandler).GetRoles-fm (10 handlers)
[GIN-debug] GET    /security/api/roles/:id   --> go-barcode-webapp/internal/handlers.(*SecurityHandler).GetRole-fm (10 handlers)
[GIN-debug] POST   /security/api/roles       --> go-barcode-webapp/internal/handlers.(*SecurityHandler).CreateRole-fm (10 handlers)
[GIN-debug] PUT    /security/api/roles/:id   --> go-barcode-webapp/internal/handlers.(*SecurityHandler).UpdateRole-fm (10 handlers)
[GIN-debug] DELETE /security/api/roles/:id   --> go-barcode-webapp/internal/handlers.(*SecurityHandler).DeleteRole-fm (10 handlers)
[GIN-debug] GET    /security/api/users/:userId/roles --> go-barcode-webapp/internal/handlers.(*SecurityHandler).GetUserRoles-fm (10 handlers)
[GIN-debug] POST   /security/api/users/:userId/roles --> go-barcode-webapp/internal/handlers.(*SecurityHandler).AssignUserRole-fm (10 handlers)
[GIN-debug] DELETE /security/api/users/:userId/roles/:roleId --> go-barcode-webapp/internal/handlers.(*SecurityHandler).RevokeUserRole-fm (10 handlers)
[GIN-debug] GET    /security/api/audit       --> go-barcode-webapp/internal/handlers.(*SecurityHandler).GetAuditLogs-fm (10 handlers)
[GIN-debug] GET    /security/api/audit/:id   --> go-barcode-webapp/internal/handlers.(*SecurityHandler).GetAuditLog-fm (10 handlers)
[GIN-debug] GET    /security/api/audit/export --> go-barcode-webapp/internal/handlers.(*SecurityHandler).ExportAuditLogs-fm (10 handlers)
[GIN-debug] GET    /security/api/permissions --> go-barcode-webapp/internal/handlers.(*SecurityHandler).GetPermissions-fm (10 handlers)
[GIN-debug] GET    /security/api/permissions/definitions --> go-barcode-webapp/internal/handlers.(*SecurityHandler).GetPermissionDefinitionsAPI-fm (10 handlers)
[GIN-debug] GET    /security/api/permissions/check --> go-barcode-webapp/internal/handlers.(*SecurityHandler).CheckPermission-fm (10 handlers)
[GIN-debug] GET    /monitoring               --> main.setupRoutes.func8 (10 handlers)
[GIN-debug] GET    /monitoring/health        --> go-barcode-webapp/internal/handlers.(*MonitoringHandler).GetApplicationHealth-fm (10 handlers)
[GIN-debug] GET    /monitoring/metrics       --> go-barcode-webapp/internal/handlers.(*MonitoringHandler).GetSystemMetrics-fm (10 handlers)
[GIN-debug] GET    /monitoring/metrics/prometheus --> go-barcode-webapp/internal/handlers.(*MonitoringHandler).ExportMetrics-fm (10 handlers)
[GIN-debug] GET    /monitoring/performance   --> go-barcode-webapp/internal/handlers.(*MonitoringHandler).GetPerformanceMetrics-fm (10 handlers)
[GIN-debug] GET    /monitoring/errors        --> go-barcode-webapp/internal/handlers.(*MonitoringHandler).GetErrorDetails-fm (10 handlers)
[GIN-debug] POST   /monitoring/errors/:fingerprint/resolve --> go-barcode-webapp/internal/handlers.(*MonitoringHandler).ResolveError-fm (10 handlers)
[GIN-debug] POST   /monitoring/test-error    --> go-barcode-webapp/internal/handlers.(*MonitoringHandler).TriggerTestError-fm (10 handlers)
[GIN-debug] GET    /monitoring/logs          --> go-barcode-webapp/internal/handlers.(*MonitoringHandler).GetLogStream-fm (10 handlers)
[GIN-debug] GET    /compliance/status        --> main.setupRoutes.(*ComplianceMiddleware).GetComplianceStatus.func15 (10 handlers)
[GIN-debug] POST   /compliance/retention/cleanup --> main.setupRoutes.(*ComplianceMiddleware).RetentionCleanupMiddleware.func16 (10 handlers)
[GIN-debug] POST   /compliance/gdpr/request  --> main.setupRoutes.(*ComplianceMiddleware).GDPRRequestMiddleware.func17 (10 handlers)
[GIN-debug] GET    /mobile/scanner/:jobId    --> main.setupRoutes.func9 (10 handlers)
[GIN-debug] GET    /mobile/scanner/:jobId/enhanced --> main.setupRoutes.func10 (10 handlers)
[GIN-debug] GET    /profile/settings         --> go-barcode-webapp/internal/handlers.(*AuthHandler).ProfileSettingsForm-fm (10 handlers)
[GIN-debug] POST   /profile/settings         --> go-barcode-webapp/internal/handlers.(*AuthHandler).UpdateProfileSettings-fm (10 handlers)
[GIN-debug] GET    /profile/preferences      --> go-barcode-webapp/internal/handlers.(*AuthHandler).GetUserPreferences-fm (10 handlers)
[GIN-debug] GET    /users                    --> go-barcode-webapp/internal/handlers.(*AuthHandler).ListUsers-fm (10 handlers)
[GIN-debug] POST   /users                    --> go-barcode-webapp/internal/handlers.(*AuthHandler).CreateUserWeb-fm (10 handlers)
[GIN-debug] GET    /user-management/new      --> go-barcode-webapp/internal/handlers.(*AuthHandler).NewUserForm-fm (10 handlers)
[GIN-debug] GET    /user-management/:id/edit --> go-barcode-webapp/internal/handlers.(*AuthHandler).EditUserForm-fm (10 handlers)
[GIN-debug] GET    /user-management/:id/view --> go-barcode-webapp/internal/handlers.(*AuthHandler).GetUser-fm (10 handlers)
[GIN-debug] PUT    /user-management/:id      --> go-barcode-webapp/internal/handlers.(*AuthHandler).UpdateUser-fm (10 handlers)
[GIN-debug] DELETE /user-management/:id      --> go-barcode-webapp/internal/handlers.(*AuthHandler).DeleteUser-fm (10 handlers)
[GIN-debug] GET    /users/new                --> main.setupRoutes.func11 (10 handlers)
[GIN-debug] GET    /api/v1/jobs              --> go-barcode-webapp/internal/handlers.(*JobHandler).ListJobsAPI-fm (10 handlers)
[GIN-debug] POST   /api/v1/jobs              --> go-barcode-webapp/internal/handlers.(*JobHandler).CreateJobAPI-fm (10 handlers)
[GIN-debug] GET    /api/v1/jobs/:id          --> go-barcode-webapp/internal/handlers.(*JobHandler).GetJobAPI-fm (10 handlers)
[GIN-debug] PUT    /api/v1/jobs/:id          --> go-barcode-webapp/internal/handlers.(*JobHandler).UpdateJobAPI-fm (10 handlers)
[GIN-debug] DELETE /api/v1/jobs/:id          --> go-barcode-webapp/internal/handlers.(*JobHandler).DeleteJobAPI-fm (10 handlers)
[GIN-debug] POST   /api/v1/jobs/:id/devices/:deviceId --> go-barcode-webapp/internal/handlers.(*JobHandler).AssignDeviceAPI-fm (10 handlers)
[GIN-debug] DELETE /api/v1/jobs/:id/devices/:deviceId --> go-barcode-webapp/internal/handlers.(*JobHandler).RemoveDeviceAPI-fm (10 handlers)
[GIN-debug] DELETE /api/v1/jobs/:id/devices/bulk-remove --> go-barcode-webapp/internal/handlers.(*ScannerHandler).BulkRemoveDevices-fm (10 handlers)
[GIN-debug] POST   /api/v1/jobs/:id/bulk-scan --> go-barcode-webapp/internal/handlers.(*JobHandler).BulkScanDevicesAPI-fm (10 handlers)
[GIN-debug] POST   /api/v1/jobs/:id/assign-device --> go-barcode-webapp/internal/handlers.(*ScannerHandler).ScanDevice-fm (10 handlers)
[GIN-debug] POST   /api/v1/jobs/:id/assign-case --> go-barcode-webapp/internal/handlers.(*ScannerHandler).ScanCase-fm (10 handlers)
[GIN-debug] GET    /api/v1/devices           --> go-barcode-webapp/internal/handlers.(*DeviceHandler).ListDevicesAPI-fm (10 handlers)
[GIN-debug] POST   /api/v1/devices           --> go-barcode-webapp/internal/handlers.(*DeviceHandler).CreateDeviceAPI-fm (10 handlers)
[GIN-debug] GET    /api/v1/devices/:id       --> go-barcode-webapp/internal/handlers.(*DeviceHandler).GetDeviceAPI-fm (10 handlers)
[GIN-debug] PUT    /api/v1/devices/:id       --> go-barcode-webapp/internal/handlers.(*DeviceHandler).UpdateDeviceAPI-fm (10 handlers)
[GIN-debug] DELETE /api/v1/devices/:id       --> go-barcode-webapp/internal/handlers.(*DeviceHandler).DeleteDeviceAPI-fm (10 handlers)
[GIN-debug] GET    /api/v1/devices/available --> go-barcode-webapp/internal/handlers.(*DeviceHandler).GetAvailableDevicesAPI-fm (10 handlers)
[GIN-debug] GET    /api/v1/products          --> go-barcode-webapp/internal/handlers.(*ProductHandler).ListProducts-fm (10 handlers)
[GIN-debug] POST   /api/v1/products          --> go-barcode-webapp/internal/handlers.(*ProductHandler).CreateProductAPI-fm (10 handlers)
[GIN-debug] GET    /api/v1/products/:id      --> go-barcode-webapp/internal/handlers.(*ProductHandler).GetProductAPI-fm (10 handlers)
[GIN-debug] PUT    /api/v1/products/:id      --> go-barcode-webapp/internal/handlers.(*ProductHandler).UpdateProductAPI-fm (10 handlers)
[GIN-debug] DELETE /api/v1/products/:id      --> go-barcode-webapp/internal/handlers.(*ProductHandler).DeleteProductAPI-fm (10 handlers)
[GIN-debug] GET    /api/v1/products/categories --> go-barcode-webapp/internal/handlers.(*ProductHandler).GetCategoriesAPI-fm (10 handlers)
[GIN-debug] GET    /api/v1/cables            --> go-barcode-webapp/internal/handlers.(*CableHandler).ListCablesAPI-fm (10 handlers)
[GIN-debug] POST   /api/v1/cables            --> go-barcode-webapp/internal/handlers.(*CableHandler).CreateCableAPI-fm (10 handlers)
[GIN-debug] GET    /api/v1/cables/:id        --> go-barcode-webapp/internal/handlers.(*CableHandler).GetCableAPI-fm (10 handlers)
[GIN-debug] PUT    /api/v1/cables/:id        --> go-barcode-webapp/internal/handlers.(*CableHandler).UpdateCableAPI-fm (10 handlers)
[GIN-debug] DELETE /api/v1/cables/:id        --> go-barcode-webapp/internal/handlers.(*CableHandler).DeleteCableAPI-fm (10 handlers)
[GIN-debug] GET    /api/v1/cables/types      --> go-barcode-webapp/internal/handlers.(*CableHandler).GetCableTypesAPI-fm (10 handlers)
[GIN-debug] GET    /api/v1/cables/connectors --> go-barcode-webapp/internal/handlers.(*CableHandler).GetCableConnectorsAPI-fm (10 handlers)
[GIN-debug] GET    /api/v1/customers         --> go-barcode-webapp/internal/handlers.(*CustomerHandler).ListCustomersAPI-fm (10 handlers)
[GIN-debug] POST   /api/v1/customers         --> go-barcode-webapp/internal/handlers.(*CustomerHandler).CreateCustomerAPI-fm (10 handlers)
[GIN-debug] GET    /api/v1/customers/:id     --> go-barcode-webapp/internal/handlers.(*CustomerHandler).GetCustomerAPI-fm (10 handlers)
[GIN-debug] PUT    /api/v1/customers/:id     --> go-barcode-webapp/internal/handlers.(*CustomerHandler).UpdateCustomerAPI-fm (10 handlers)
[GIN-debug] DELETE /api/v1/customers/:id     --> go-barcode-webapp/internal/handlers.(*CustomerHandler).DeleteCustomerAPI-fm (10 handlers)
[GIN-debug] GET    /api/v1/cases             --> go-barcode-webapp/internal/handlers.(*CaseHandler).ListCasesAPI-fm (10 handlers)
[GIN-debug] POST   /api/v1/cases             --> go-barcode-webapp/internal/handlers.(*CaseHandler).CreateCaseAPI-fm (10 handlers)
[GIN-debug] GET    /api/v1/cases/:id         --> go-barcode-webapp/internal/handlers.(*CaseHandler).GetCaseAPI-fm (10 handlers)
[GIN-debug] PUT    /api/v1/cases/:id         --> go-barcode-webapp/internal/handlers.(*CaseHandler).UpdateCaseAPI-fm (10 handlers)
[GIN-debug] DELETE /api/v1/cases/:id         --> go-barcode-webapp/internal/handlers.(*CaseHandler).DeleteCaseAPI-fm (10 handlers)
[GIN-debug] GET    /api/v1/cases/:id/devices --> go-barcode-webapp/internal/handlers.(*CaseHandler).GetCaseDevicesAPI-fm (10 handlers)
[GIN-debug] POST   /api/v1/cases/:id/devices --> go-barcode-webapp/internal/handlers.(*CaseHandler).ScanDeviceToCase-fm (10 handlers)
[GIN-debug] DELETE /api/v1/cases/:id/devices/:deviceId --> go-barcode-webapp/internal/handlers.(*CaseHandler).RemoveDeviceFromCase-fm (10 handlers)
[GIN-debug] GET    /api/v1/workflow/packages --> go-barcode-webapp/internal/handlers.(*EquipmentPackageHandler).GetPackages-fm (10 handlers)
[GIN-debug] POST   /api/v1/workflow/packages --> go-barcode-webapp/internal/handlers.(*EquipmentPackageHandler).CreatePackage-fm (10 handlers)
[GIN-debug] GET    /api/v1/workflow/packages/:id --> go-barcode-webapp/internal/handlers.(*EquipmentPackageHandler).GetPackage-fm (10 handlers)
[GIN-debug] PUT    /api/v1/workflow/packages/:id --> go-barcode-webapp/internal/handlers.(*EquipmentPackageHandler).UpdatePackage-fm (10 handlers)
[GIN-debug] DELETE /api/v1/workflow/packages/:id --> go-barcode-webapp/internal/handlers.(*EquipmentPackageHandler).DeletePackage-fm (10 handlers)
[GIN-debug] POST   /api/v1/workflow/packages/:id/clone --> go-barcode-webapp/internal/handlers.(*EquipmentPackageHandler).ClonePackage-fm (10 handlers)
[GIN-debug] GET    /api/v1/workflow/packages/:id/validate --> go-barcode-webapp/internal/handlers.(*EquipmentPackageHandler).ValidatePackage-fm (10 handlers)
[GIN-debug] GET    /api/v1/workflow/packages/:id/stats --> go-barcode-webapp/internal/handlers.(*EquipmentPackageHandler).GetPackageStats-fm (10 handlers)
[GIN-debug] GET    /api/v1/workflow/packages/search --> go-barcode-webapp/internal/handlers.(*EquipmentPackageHandler).SearchPackages-fm (10 handlers)
[GIN-debug] GET    /api/v1/workflow/packages/categories --> go-barcode-webapp/internal/handlers.(*EquipmentPackageHandler).GetPackageCategories-fm (10 handlers)
[GIN-debug] GET    /api/v1/workflow/packages/popular --> go-barcode-webapp/internal/handlers.(*EquipmentPackageHandler).GetPopularPackages-fm (10 handlers)
[GIN-debug] GET    /api/v1/workflow/packages/available-devices --> go-barcode-webapp/internal/handlers.(*EquipmentPackageHandler).GetAvailableDevices-fm (10 handlers)
[GIN-debug] PUT    /api/v1/workflow/packages/bulk --> go-barcode-webapp/internal/handlers.(*EquipmentPackageHandler).BulkUpdatePackages-fm (10 handlers)
[GIN-debug] GET    /api/v1/documents         --> go-barcode-webapp/internal/handlers.(*DocumentHandler).ListDocumentsAPI-fm (10 handlers)
[GIN-debug] GET    /api/v1/documents/stats   --> go-barcode-webapp/internal/handlers.(*DocumentHandler).GetDocumentStats-fm (10 handlers)
[GIN-debug] GET    /api/v1/documents/:id     --> go-barcode-webapp/internal/handlers.(*DocumentHandler).GetDocument-fm (10 handlers)
[GIN-debug] DELETE /api/v1/documents/:id     --> go-barcode-webapp/internal/handlers.(*DocumentHandler).DeleteDocument-fm (10 handlers)
[GIN-debug] GET    /api/v1/financial/transactions --> go-barcode-webapp/internal/handlers.(*FinancialHandler).ListTransactionsAPI-fm (10 handlers)
[GIN-debug] GET    /api/v1/financial/stats   --> go-barcode-webapp/internal/handlers.(*FinancialHandler).GetFinancialStatsAPI-fm (10 handlers)
[GIN-debug] GET    /api/v1/financial/revenue-report --> go-barcode-webapp/internal/handlers.(*FinancialHandler).GetRevenueReport-fm (10 handlers)
[GIN-debug] GET    /api/v1/financial/payment-report --> go-barcode-webapp/internal/handlers.(*FinancialHandler).GetPaymentReport-fm (10 handlers)
[GIN-debug] GET    /api/v1/invoices          --> go-barcode-webapp/internal/handlers.(*InvoiceHandlerNew).GetInvoicesAPI-fm (10 handlers)
[GIN-debug] POST   /api/v1/invoices          --> go-barcode-webapp/internal/handlers.(*InvoiceHandlerNew).CreateInvoice-fm (10 handlers)
[GIN-debug] GET    /api/v1/invoices/:id      --> go-barcode-webapp/internal/handlers.(*InvoiceHandlerNew).GetInvoice-fm (10 handlers)
[GIN-debug] PUT    /api/v1/invoices/:id      --> go-barcode-webapp/internal/handlers.(*InvoiceHandlerNew).UpdateInvoice-fm (10 handlers)
[GIN-debug] PUT    /api/v1/invoices/:id/status --> go-barcode-webapp/internal/handlers.(*InvoiceHandlerNew).UpdateInvoiceStatus-fm (10 handlers)
[GIN-debug] DELETE /api/v1/invoices/:id      --> go-barcode-webapp/internal/handlers.(*InvoiceHandlerNew).DeleteInvoice-fm (10 handlers)
[GIN-debug] GET    /api/v1/invoices/stats    --> go-barcode-webapp/internal/handlers.(*InvoiceHandlerNew).GetInvoiceStatsAPI-fm (10 handlers)
[GIN-debug] GET    /api/v1/invoices/products/:productId --> go-barcode-webapp/internal/handlers.(*InvoiceHandlerNew).GetProductDetails-fm (10 handlers)
[GIN-debug] GET    /api/v1/invoices/products/:productId/devices --> go-barcode-webapp/internal/handlers.(*InvoiceHandlerNew).GetDevicesByProduct-fm (10 handlers)
[GIN-debug] GET    /api/v1/security/audit    --> go-barcode-webapp/internal/handlers.(*SecurityHandler).GetAuditLogs-fm (10 handlers)
[GIN-debug] GET    /api/v1/security/audit/:id --> go-barcode-webapp/internal/handlers.(*SecurityHandler).GetAuditLog-fm (10 handlers)
[GIN-debug] GET    /api/v1/security/audit/export --> go-barcode-webapp/internal/handlers.(*SecurityHandler).ExportAuditLogs-fm (10 handlers)
[GIN-debug] GET    /api/v1/security/auth/users --> go-barcode-webapp/internal/handlers.(*AuthHandler).ListUsersAPI-fm (10 handlers)
[GIN-debug] GET    /api/invoices             --> go-barcode-webapp/internal/handlers.(*InvoiceHandlerNew).GetInvoicesAPI-fm (10 handlers)
[GIN-debug] POST   /api/invoices             --> go-barcode-webapp/internal/handlers.(*InvoiceHandlerNew).CreateInvoice-fm (10 handlers)
[GIN-debug] GET    /api/invoices/:id         --> go-barcode-webapp/internal/handlers.(*InvoiceHandlerNew).GetInvoice-fm (10 handlers)
[GIN-debug] PUT    /api/invoices/:id         --> go-barcode-webapp/internal/handlers.(*InvoiceHandlerNew).UpdateInvoice-fm (10 handlers)
[GIN-debug] PUT    /api/invoices/:id/status  --> go-barcode-webapp/internal/handlers.(*InvoiceHandlerNew).UpdateInvoiceStatus-fm (10 handlers)
[GIN-debug] DELETE /api/invoices/:id         --> go-barcode-webapp/internal/handlers.(*InvoiceHandlerNew).DeleteInvoice-fm (10 handlers)
[GIN-debug] GET    /api/invoices/stats       --> go-barcode-webapp/internal/handlers.(*InvoiceHandlerNew).GetInvoiceStatsAPI-fm (10 handlers)
[GIN-debug] GET    /api/company-settings     --> go-barcode-webapp/internal/handlers.(*CompanyHandler).GetCompanySettings-fm (10 handlers)
[GIN-debug] PUT    /api/company-settings     --> go-barcode-webapp/internal/handlers.(*CompanyHandler).UpdateCompanySettings-fm (10 handlers)
[GIN-debug] POST   /api/company-settings/logo --> go-barcode-webapp/internal/handlers.(*CompanyHandler).UploadCompanyLogo-fm (10 handlers)
[GIN-debug] DELETE /api/company-settings/logo --> go-barcode-webapp/internal/handlers.(*CompanyHandler).DeleteCompanyLogo-fm (10 handlers)
[GIN-debug] GET    /api/settings/smtp        --> go-barcode-webapp/internal/handlers.(*CompanyHandler).GetSMTPConfig-fm (10 handlers)
[GIN-debug] POST   /api/settings/smtp        --> go-barcode-webapp/internal/handlers.(*CompanyHandler).UpdateSMTPConfig-fm (10 handlers)
[GIN-debug] POST   /api/settings/smtp/test   --> go-barcode-webapp/internal/handlers.(*CompanyHandler).TestSMTPConnection-fm (10 handlers)
[GIN-debug] GET    /api/security/roles       --> go-barcode-webapp/internal/handlers.(*SecurityHandler).GetRoles-fm (10 handlers)
[GIN-debug] GET    /api/security/roles/:id   --> go-barcode-webapp/internal/handlers.(*SecurityHandler).GetRole-fm (10 handlers)
[GIN-debug] POST   /api/security/roles       --> go-barcode-webapp/internal/handlers.(*SecurityHandler).CreateRole-fm (10 handlers)
[GIN-debug] PUT    /api/security/roles/:id   --> go-barcode-webapp/internal/handlers.(*SecurityHandler).UpdateRole-fm (10 handlers)
[GIN-debug] DELETE /api/security/roles/:id   --> go-barcode-webapp/internal/handlers.(*SecurityHandler).DeleteRole-fm (10 handlers)
[GIN-debug] GET    /api/security/users/:userId/roles --> go-barcode-webapp/internal/handlers.(*SecurityHandler).GetUserRoles-fm (10 handlers)
[GIN-debug] POST   /api/security/users/:userId/roles --> go-barcode-webapp/internal/handlers.(*SecurityHandler).AssignUserRole-fm (10 handlers)
[GIN-debug] DELETE /api/security/users/:userId/roles/:roleId --> go-barcode-webapp/internal/handlers.(*SecurityHandler).RevokeUserRole-fm (10 handlers)
[GIN-debug] GET    /api/security/audit       --> go-barcode-webapp/internal/handlers.(*SecurityHandler).GetAuditLogs-fm (10 handlers)
[GIN-debug] GET    /api/security/audit/:id   --> go-barcode-webapp/internal/handlers.(*SecurityHandler).GetAuditLog-fm (10 handlers)
[GIN-debug] GET    /api/security/audit/export --> go-barcode-webapp/internal/handlers.(*SecurityHandler).ExportAuditLogs-fm (10 handlers)
[GIN-debug] GET    /api/security/permissions --> go-barcode-webapp/internal/handlers.(*SecurityHandler).GetPermissions-fm (10 handlers)
[GIN-debug] GET    /api/security/permissions/definitions --> go-barcode-webapp/internal/handlers.(*SecurityHandler).GetPermissionDefinitionsAPI-fm (10 handlers)
[GIN-debug] GET    /api/security/permissions/check --> go-barcode-webapp/internal/handlers.(*SecurityHandler).CheckPermission-fm (10 handlers)
[GIN-debug] GET    /error                    --> main.main.func26 (9 handlers)
2025/07/24 13:16:48 Server starting on 0.0.0.0:8080
2025/07/24 13:26:37 Route Debug: GET /api/security/roles
2025/07/24 13:26:37 DEBUG: AuthMiddleware: Request URL: /api/security/roles
2025/07/24 13:26:37 DEBUG: AuthMiddleware: No session cookie found for /api/security/roles, redirecting to /login
{"timestamp":"2025-07-24T11:26:37.874387253Z","level":"INFO","message":"HTTP Request","service":"go-barcode-webapp","version":"1.0.0","environment":"development","request_id":"1753356397839931479","method":"GET","path":"/api/security/roles","status_code":303,"duration":"34.453174ms","ip":"127.0.0.1","user_agent":"curl/7.88.1","fields":{"bytes_in":0,"bytes_out":33}}
2025/07/24 16:08:52 Route Debug: GET /
{"timestamp":"2025-07-24T14:08:52.587705964Z","level":"INFO","message":"HTTP Request","service":"go-barcode-webapp","version":"1.0.0","environment":"development","request_id":"1753366132422972125","method":"GET","path":"/","status_code":307,"duration":"164.730778ms","ip":"10.0.0.9","user_agent":"Mozilla/5.0 (Windows NT 10.0; Win64; x64; rv:141.0) Gecko/20100101 Firefox/141.0","fields":{"bytes_in":0,"bytes_out":42}}
2025/07/24 16:08:52 Route Debug: GET /login
{"timestamp":"2025-07-24T14:08:52.637834645Z","level":"INFO","message":"HTTP Request","service":"go-barcode-webapp","version":"1.0.0","environment":"development","request_id":"1753366132594071384","method":"GET","path":"/login","status_code":200,"duration":"43.75917ms","ip":"10.0.0.9","user_agent":"Mozilla/5.0 (Windows NT 10.0; Win64; x64; rv:141.0) Gecko/20100101 Firefox/141.0","fields":{"bytes_in":0,"bytes_out":9726}}
2025/07/24 16:08:52 Route Debug: GET /static/css/rental-core-design.css
2025/07/24 16:09:06 POST request to /login with Content-Type: 'application/x-www-form-urlencoded'
2025/07/24 16:09:06 Form _method parameter: ''
2025/07/24 16:09:06 Route Debug: POST /login
DEBUG: Creating session for user admin (ID: 5)
DEBUG: Login successful, session created: 17f0772ea96372aee9cce2ca0a57e793c77ab3855ae9c6a88c5d865d4765e75c
2025/07/24 16:09:08 SLOW REQUEST: POST /login took 1.168529135s (status: 303)
{"timestamp":"2025-07-24T14:09:08.13212183Z","level":"INFO","message":"HTTP Request","service":"go-barcode-webapp","version":"1.0.0","environment":"development","request_id":"1753366146963465203","method":"POST","path":"/login","status_code":303,"duration":"1.168653996s","ip":"10.0.0.9","user_agent":"Mozilla/5.0 (Windows NT 10.0; Win64; x64; rv:141.0) Gecko/20100101 Firefox/141.0","fields":{"bytes_in":35,"bytes_out":-1}}
2025/07/24 16:09:08 Route Debug: GET /
{"timestamp":"2025-07-24T14:09:08.178397898Z","level":"INFO","message":"HTTP Request","service":"go-barcode-webapp","version":"1.0.0","environment":"development","request_id":"1753366148144852660","method":"GET","path":"/","status_code":307,"duration":"33.542857ms","ip":"10.0.0.9","user_agent":"Mozilla/5.0 (Windows NT 10.0; Win64; x64; rv:141.0) Gecko/20100101 Firefox/141.0","fields":{"bytes_in":0,"bytes_out":46}}
2025/07/24 16:09:08 Route Debug: GET /dashboard
2025/07/24 16:09:08 DEBUG: AuthMiddleware: Request URL: /dashboard
2025/07/24 16:09:08 DEBUG: AuthMiddleware: Found session cookie: 17f0772ea96372aee9cce2ca0a57e793c77ab3855ae9c6a88c5d865d4765e75c for /dashboard
2025/07/24 16:09:08 DEBUG: AuthMiddleware: Session valid for user: admin (ID: 5) for URL: /dashboard
{"timestamp":"2025-07-24T14:09:08.404020889Z","level":"INFO","message":"HTTP Request","service":"go-barcode-webapp","version":"1.0.0","environment":"development","request_id":"1753366148185852660","method":"GET","path":"/dashboard","status_code":200,"duration":"218.164887ms","ip":"10.0.0.9","user_agent":"Mozilla/5.0 (Windows NT 10.0; Win64; x64; rv:141.0) Gecko/20100101 Firefox/141.0","fields":{"bytes_in":0,"bytes_out":18644}}
2025/07/24 16:09:15 Route Debug: GET /security/roles
2025/07/24 16:09:15 DEBUG: AuthMiddleware: Request URL: /security/roles
2025/07/24 16:09:15 DEBUG: AuthMiddleware: Found session cookie: 17f0772ea96372aee9cce2ca0a57e793c77ab3855ae9c6a88c5d865d4765e75c for /security/roles
2025/07/24 16:09:15 DEBUG: AuthMiddleware: Session valid for user: admin (ID: 5) for URL: /security/roles
{"timestamp":"2025-07-24T14:09:15.583781491Z","level":"INFO","message":"HTTP Request","service":"go-barcode-webapp","version":"1.0.0","environment":"development","request_id":"1753366155466653782","method":"GET","path":"/security/roles","status_code":200,"duration":"117.125198ms","ip":"10.0.0.9","user_agent":"Mozilla/5.0 (Windows NT 10.0; Win64; x64; rv:141.0) Gecko/20100101 Firefox/141.0","fields":{"bytes_in":0,"bytes_out":27631}}
2025/07/24 16:09:15 Route Debug: GET /static/js/security-roles.js
2025/07/24 16:09:15 Route Debug: GET /security/api/permissions/definitions
2025/07/24 16:09:15 DEBUG: AuthMiddleware: Request URL: /security/api/permissions/definitions
2025/07/24 16:09:15 DEBUG: AuthMiddleware: Found session cookie: 17f0772ea96372aee9cce2ca0a57e793c77ab3855ae9c6a88c5d865d4765e75c for /security/api/permissions/definitions
2025/07/24 16:09:15 Route Debug: GET /api/security/roles
2025/07/24 16:09:15 DEBUG: AuthMiddleware: Request URL: /api/security/roles
2025/07/24 16:09:15 DEBUG: AuthMiddleware: Found session cookie: 17f0772ea96372aee9cce2ca0a57e793c77ab3855ae9c6a88c5d865d4765e75c for /api/security/roles
2025/07/24 16:09:15 DEBUG: AuthMiddleware: Session valid for user: admin (ID: 5) for URL: /security/api/permissions/definitions
{"timestamp":"2025-07-24T14:09:15.827804311Z","level":"INFO","message":"HTTP Request","service":"go-barcode-webapp","version":"1.0.0","environment":"development","request_id":"1753366155726515271","method":"GET","path":"/security/api/permissions/definitions","status_code":200,"duration":"101.286488ms","ip":"10.0.0.9","user_agent":"Mozilla/5.0 (Windows NT 10.0; Win64; x64; rv:141.0) Gecko/20100101 Firefox/141.0","fields":{"bytes_in":0,"bytes_out":4565}}
2025/07/24 16:09:15 DEBUG: AuthMiddleware: Session valid for user: admin (ID: 5) for URL: /api/security/roles
{"timestamp":"2025-07-24T14:09:15.995916638Z","level":"INFO","message":"HTTP Request","service":"go-barcode-webapp","version":"1.0.0","environment":"development","request_id":"1753366155727574460","method":"GET","path":"/api/security/roles","status_code":200,"duration":"268.330093ms","ip":"10.0.0.9","user_agent":"Mozilla/5.0 (Windows NT 10.0; Win64; x64; rv:141.0) Gecko/20100101 Firefox/141.0","fields":{"bytes_in":0,"bytes_out":1936}}
2025/07/24 16:09:30 Route Debug: GET /invoices
2025/07/24 16:09:30 DEBUG: AuthMiddleware: Request URL: /invoices
2025/07/24 16:09:30 DEBUG: AuthMiddleware: Found session cookie: 17f0772ea96372aee9cce2ca0a57e793c77ab3855ae9c6a88c5d865d4765e75c for /invoices
2025/07/24 16:09:31 DEBUG: AuthMiddleware: Session valid for user: admin (ID: 5) for URL: /invoices
2025/07/24 16:09:31 ListInvoices: Error fetching invoices: failed to get invoices: Customer: unsupported relations for schema Invoice; Job: unsupported relations for schema Invoice; Template: unsupported relations for schema Invoice
2025/07/24 16:09:31 ERROR REQUEST: GET /invoices returned 500 in 152.390384ms
{"timestamp":"2025-07-24T14:09:31.150729099Z","level":"INFO","message":"HTTP Request","service":"go-barcode-webapp","version":"1.0.0","environment":"development","request_id":"1753366170998219357","method":"GET","path":"/invoices","status_code":500,"duration":"152.506922ms","ip":"10.0.0.9","user_agent":"Mozilla/5.0 (Windows NT 10.0; Win64; x64; rv:141.0) Gecko/20100101 Firefox/141.0","fields":{"bytes_in":0,"bytes_out":47550}}
2025/07/24 16:09:31 Route Debug: GET /api/security/audit
2025/07/24 16:09:31 Route Debug: GET /api/v1/security/auth/users
2025/07/24 16:09:31 DEBUG: AuthMiddleware: Request URL: /api/v1/security/auth/users
2025/07/24 16:09:31 DEBUG: AuthMiddleware: Found session cookie: 17f0772ea96372aee9cce2ca0a57e793c77ab3855ae9c6a88c5d865d4765e75c for /api/v1/security/auth/users
2025/07/24 16:09:31 DEBUG: AuthMiddleware: Request URL: /api/security/audit
2025/07/24 16:09:31 DEBUG: AuthMiddleware: Found session cookie: 17f0772ea96372aee9cce2ca0a57e793c77ab3855ae9c6a88c5d865d4765e75c for /api/security/audit
2025/07/24 16:09:31 Route Debug: GET /api/security/audit
2025/07/24 16:09:31 DEBUG: AuthMiddleware: Request URL: /api/security/audit
2025/07/24 16:09:31 DEBUG: AuthMiddleware: Found session cookie: 17f0772ea96372aee9cce2ca0a57e793c77ab3855ae9c6a88c5d865d4765e75c for /api/security/audit
2025/07/24 16:09:31 DEBUG: AuthMiddleware: Session valid for user: admin (ID: 5) for URL: /api/v1/security/auth/users
2025/07/24 16:09:31 DEBUG: AuthMiddleware: Session valid for user: admin (ID: 5) for URL: /api/security/audit
{"timestamp":"2025-07-24T14:09:31.457501225Z","level":"INFO","message":"HTTP Request","service":"go-barcode-webapp","version":"1.0.0","environment":"development","request_id":"1753366171339236065","method":"GET","path":"/api/v1/security/auth/users","status_code":200,"duration":"118.261809ms","ip":"10.0.0.9","user_agent":"Mozilla/5.0 (Windows NT 10.0; Win64; x64; rv:141.0) Gecko/20100101 Firefox/141.0","fields":{"bytes_in":0,"bytes_out":520}}
{"timestamp":"2025-07-24T14:09:31.491415713Z","level":"INFO","message":"HTTP Request","service":"go-barcode-webapp","version":"1.0.0","environment":"development","request_id":"1753366171339194487","method":"GET","path":"/api/security/audit","status_code":200,"duration":"152.217195ms","ip":"10.0.0.9","user_agent":"Mozilla/5.0 (Windows NT 10.0; Win64; x64; rv:141.0) Gecko/20100101 Firefox/141.0","fields":{"bytes_in":0,"bytes_out":78}}
2025/07/24 16:09:31 DEBUG: AuthMiddleware: Session valid for user: admin (ID: 5) for URL: /api/security/audit
{"timestamp":"2025-07-24T14:09:31.575705171Z","level":"INFO","message":"HTTP Request","service":"go-barcode-webapp","version":"1.0.0","environment":"development","request_id":"1753366171339191377","method":"GET","path":"/api/security/audit","status_code":200,"duration":"236.510003ms","ip":"10.0.0.9","user_agent":"Mozilla/5.0 (Windows NT 10.0; Win64; x64; rv:141.0) Gecko/20100101 Firefox/141.0","fields":{"bytes_in":0,"bytes_out":79}}
2025/07/24 16:09:33 Route Debug: GET /invoices
2025/07/24 16:09:33 DEBUG: AuthMiddleware: Request URL: /invoices
2025/07/24 16:09:33 DEBUG: AuthMiddleware: Found session cookie: 17f0772ea96372aee9cce2ca0a57e793c77ab3855ae9c6a88c5d865d4765e75c for /invoices
2025/07/24 16:09:34 DEBUG: AuthMiddleware: Session valid for user: admin (ID: 5) for URL: /invoices
2025/07/24 16:09:34 ListInvoices: Error fetching invoices: failed to get invoices: Customer: unsupported relations for schema Invoice; Job: unsupported relations for schema Invoice; Template: unsupported relations for schema Invoice
2025/07/24 16:09:34 ERROR REQUEST: GET /invoices returned 500 in 146.518173ms
{"timestamp":"2025-07-24T14:09:34.108196705Z","level":"INFO","message":"HTTP Request","service":"go-barcode-webapp","version":"1.0.0","environment":"development","request_id":"1753366173961589325","method":"GET","path":"/invoices","status_code":500,"duration":"146.605129ms","ip":"10.0.0.9","user_agent":"Mozilla/5.0 (Windows NT 10.0; Win64; x64; rv:141.0) Gecko/20100101 Firefox/141.0","fields":{"bytes_in":0,"bytes_out":47550}}
2025/07/24 16:09:34 Route Debug: GET /api/security/audit
2025/07/24 16:09:34 DEBUG: AuthMiddleware: Request URL: /api/security/audit
2025/07/24 16:09:34 DEBUG: AuthMiddleware: Found session cookie: 17f0772ea96372aee9cce2ca0a57e793c77ab3855ae9c6a88c5d865d4765e75c for /api/security/audit
2025/07/24 16:09:34 Route Debug: GET /api/security/audit
2025/07/24 16:09:34 DEBUG: AuthMiddleware: Request URL: /api/security/audit
2025/07/24 16:09:34 DEBUG: AuthMiddleware: Found session cookie: 17f0772ea96372aee9cce2ca0a57e793c77ab3855ae9c6a88c5d865d4765e75c for /api/security/audit
2025/07/24 16:09:34 Route Debug: GET /api/v1/security/auth/users
2025/07/24 16:09:34 DEBUG: AuthMiddleware: Request URL: /api/v1/security/auth/users
2025/07/24 16:09:34 DEBUG: AuthMiddleware: Found session cookie: 17f0772ea96372aee9cce2ca0a57e793c77ab3855ae9c6a88c5d865d4765e75c for /api/v1/security/auth/users
2025/07/24 16:09:34 DEBUG: AuthMiddleware: Session valid for user: admin (ID: 5) for URL: /api/security/audit
2025/07/24 16:09:34 DEBUG: AuthMiddleware: Session valid for user: admin (ID: 5) for URL: /api/v1/security/auth/users
2025/07/24 16:09:34 DEBUG: AuthMiddleware: Session valid for user: admin (ID: 5) for URL: /api/security/audit
{"timestamp":"2025-07-24T14:09:34.388649093Z","level":"INFO","message":"HTTP Request","service":"go-barcode-webapp","version":"1.0.0","environment":"development","request_id":"1753366174270541355","method":"GET","path":"/api/v1/security/auth/users","status_code":200,"duration":"118.103716ms","ip":"10.0.0.9","user_agent":"Mozilla/5.0 (Windows NT 10.0; Win64; x64; rv:141.0) Gecko/20100101 Firefox/141.0","fields":{"bytes_in":0,"bytes_out":520}}
{"timestamp":"2025-07-24T14:09:34.422627487Z","level":"INFO","message":"HTTP Request","service":"go-barcode-webapp","version":"1.0.0","environment":"development","request_id":"1753366174270505221","method":"GET","path":"/api/security/audit","status_code":200,"duration":"152.119074ms","ip":"10.0.0.9","user_agent":"Mozilla/5.0 (Windows NT 10.0; Win64; x64; rv:141.0) Gecko/20100101 Firefox/141.0","fields":{"bytes_in":0,"bytes_out":78}}
{"timestamp":"2025-07-24T14:09:34.456253758Z","level":"INFO","message":"HTTP Request","service":"go-barcode-webapp","version":"1.0.0","environment":"development","request_id":"1753366174270507842","method":"GET","path":"/api/security/audit","status_code":200,"duration":"185.743244ms","ip":"10.0.0.9","user_agent":"Mozilla/5.0 (Windows NT 10.0; Win64; x64; rv:141.0) Gecko/20100101 Firefox/141.0","fields":{"bytes_in":0,"bytes_out":79}}
2025/07/24 16:09:35 Route Debug: GET /analytics
2025/07/24 16:09:35 DEBUG: AuthMiddleware: Request URL: /analytics
2025/07/24 16:09:35 DEBUG: AuthMiddleware: Found session cookie: 17f0772ea96372aee9cce2ca0a57e793c77ab3855ae9c6a88c5d865d4765e75c for /analytics
2025/07/24 16:09:35 DEBUG: AuthMiddleware: Session valid for user: admin (ID: 5) for URL: /analytics
2025/07/24 16:09:36 SLOW REQUEST: GET /analytics took 628.713141ms (status: 200)
{"timestamp":"2025-07-24T14:09:36.083686657Z","level":"INFO","message":"HTTP Request","service":"go-barcode-webapp","version":"1.0.0","environment":"development","request_id":"1753366175454886701","method":"GET","path":"/analytics","status_code":200,"duration":"628.796705ms","ip":"10.0.0.9","user_agent":"Mozilla/5.0 (Windows NT 10.0; Win64; x64; rv:141.0) Gecko/20100101 Firefox/141.0","fields":{"bytes_in":0,"bytes_out":78109}}
2025/07/24 16:09:39 Route Debug: GET /
{"timestamp":"2025-07-24T14:09:39.267062198Z","level":"INFO","message":"HTTP Request","service":"go-barcode-webapp","version":"1.0.0","environment":"development","request_id":"1753366179232171465","method":"GET","path":"/","status_code":307,"duration":"34.888532ms","ip":"10.0.0.9","user_agent":"Mozilla/5.0 (Windows NT 10.0; Win64; x64; rv:141.0) Gecko/20100101 Firefox/141.0","fields":{"bytes_in":0,"bytes_out":46}}
2025/07/24 16:09:39 Route Debug: GET /dashboard
2025/07/24 16:09:39 DEBUG: AuthMiddleware: Request URL: /dashboard
2025/07/24 16:09:39 DEBUG: AuthMiddleware: Found session cookie: 17f0772ea96372aee9cce2ca0a57e793c77ab3855ae9c6a88c5d865d4765e75c for /dashboard
2025/07/24 16:09:39 DEBUG: AuthMiddleware: Session valid for user: admin (ID: 5) for URL: /dashboard
{"timestamp":"2025-07-24T14:09:39.501182133Z","level":"INFO","message":"HTTP Request","service":"go-barcode-webapp","version":"1.0.0","environment":"development","request_id":"1753366179275644527","method":"GET","path":"/dashboard","status_code":200,"duration":"225.534806ms","ip":"10.0.0.9","user_agent":"Mozilla/5.0 (Windows NT 10.0; Win64; x64; rv:141.0) Gecko/20100101 Firefox/141.0","fields":{"bytes_in":0,"bytes_out":18644}}
2025/07/24 16:18:04 Route Debug: GET /dashboard
2025/07/24 16:18:04 DEBUG: AuthMiddleware: Request URL: /dashboard
2025/07/24 16:18:04 DEBUG: AuthMiddleware: Found session cookie: 17f0772ea96372aee9cce2ca0a57e793c77ab3855ae9c6a88c5d865d4765e75c for /dashboard
2025/07/24 16:18:04 DEBUG: AuthMiddleware: Session valid for user: admin (ID: 5) for URL: /dashboard
{"timestamp":"2025-07-24T14:18:04.713217992Z","level":"INFO","message":"HTTP Request","service":"go-barcode-webapp","version":"1.0.0","environment":"development","request_id":"1753366684499853016","method":"GET","path":"/dashboard","status_code":200,"duration":"213.362295ms","ip":"10.0.0.9","user_agent":"Mozilla/5.0 (Windows NT 10.0; Win64; x64; rv:141.0) Gecko/20100101 Firefox/141.0","fields":{"bytes_in":0,"bytes_out":18644}}
2025/07/24 16:18:05 Route Debug: GET /dashboard
2025/07/24 16:18:05 DEBUG: AuthMiddleware: Request URL: /dashboard
2025/07/24 16:18:05 DEBUG: AuthMiddleware: Found session cookie: 17f0772ea96372aee9cce2ca0a57e793c77ab3855ae9c6a88c5d865d4765e75c for /dashboard
2025/07/24 16:18:05 DEBUG: AuthMiddleware: Session valid for user: admin (ID: 5) for URL: /dashboard
{"timestamp":"2025-07-24T14:18:05.930872Z","level":"INFO","message":"HTTP Request","service":"go-barcode-webapp","version":"1.0.0","environment":"development","request_id":"1753366685712138998","method":"GET","path":"/dashboard","status_code":200,"duration":"218.72931ms","ip":"10.0.0.9","user_agent":"Mozilla/5.0 (Windows NT 10.0; Win64; x64; rv:141.0) Gecko/20100101 Firefox/141.0","fields":{"bytes_in":0,"bytes_out":18644}}
2025/07/24 16:26:35 Route Debug: GET /dashboard
2025/07/24 16:26:35 DEBUG: AuthMiddleware: Request URL: /dashboard
2025/07/24 16:26:35 DEBUG: AuthMiddleware: Found session cookie: 17f0772ea96372aee9cce2ca0a57e793c77ab3855ae9c6a88c5d865d4765e75c for /dashboard
2025/07/24 16:26:36 DEBUG: AuthMiddleware: Session valid for user: admin (ID: 5) for URL: /dashboard
{"timestamp":"2025-07-24T14:26:36.296324505Z","level":"INFO","message":"HTTP Request","service":"go-barcode-webapp","version":"1.0.0","environment":"development","request_id":"1753367195975778615","method":"GET","path":"/dashboard","status_code":200,"duration":"320.541078ms","ip":"10.0.0.9","user_agent":"Mozilla/5.0 (Windows NT 10.0; Win64; x64; rv:141.0) Gecko/20100101 Firefox/141.0","fields":{"bytes_in":0,"bytes_out":18644}}
2025/07/24 16:26:37 Route Debug: GET /dashboard
2025/07/24 16:26:37 DEBUG: AuthMiddleware: Request URL: /dashboard
2025/07/24 16:26:37 DEBUG: AuthMiddleware: Found session cookie: 17f0772ea96372aee9cce2ca0a57e793c77ab3855ae9c6a88c5d865d4765e75c for /dashboard
2025/07/24 16:26:37 DEBUG: AuthMiddleware: Session valid for user: admin (ID: 5) for URL: /dashboard
{"timestamp":"2025-07-24T14:26:37.457305572Z","level":"INFO","message":"HTTP Request","service":"go-barcode-webapp","version":"1.0.0","environment":"development","request_id":"1753367197237103738","method":"GET","path":"/dashboard","status_code":200,"duration":"220.199573ms","ip":"10.0.0.9","user_agent":"Mozilla/5.0 (Windows NT 10.0; Win64; x64; rv:141.0) Gecko/20100101 Firefox/141.0","fields":{"bytes_in":0,"bytes_out":18644}}
2025/07/24 16:26:51 Route Debug: GET /dashboard
2025/07/24 16:26:51 DEBUG: AuthMiddleware: Request URL: /dashboard
2025/07/24 16:26:51 DEBUG: AuthMiddleware: Found session cookie: 17f0772ea96372aee9cce2ca0a57e793c77ab3855ae9c6a88c5d865d4765e75c for /dashboard
2025/07/24 16:26:51 DEBUG: AuthMiddleware: Session valid for user: admin (ID: 5) for URL: /dashboard
{"timestamp":"2025-07-24T14:26:51.559445151Z","level":"INFO","message":"HTTP Request","service":"go-barcode-webapp","version":"1.0.0","environment":"development","request_id":"1753367211343149198","method":"GET","path":"/dashboard","status_code":200,"duration":"216.292082ms","ip":"10.0.0.9","user_agent":"Mozilla/5.0 (Windows NT 10.0; Win64; x64; rv:141.0) Gecko/20100101 Firefox/141.0","fields":{"bytes_in":0,"bytes_out":18644}}
signal: terminated
