2025/07/25 15:48:30 Database connection established successfully
2025/07/25 15:48:30 GoBD compliance table migration disabled
2025/07/25 15:48:30 Database auto-migration disabled - using manual schema management
2025/07/25 15:48:31 Templates already exist (1), skipping default template creation
[GIN-debug] [WARNING] Running in "debug" mode. Switch to "release" mode in production.
 - using env:	export GIN_MODE=release
 - using code:	gin.SetMode(gin.ReleaseMode)

[GIN-debug] Loaded HTML Templates (63): 
	- device_detail.html
	- financial_dashboard.html
	- home.html
	- invoices_list.html
	- customer_detail.html
	- customers.html
	- users_list.html
	- invoice_template_german.html
	- transaction_detail.html
	- transactions_list.html
	- navbar.html
	- search_results.html
	- job_detail.html
	- invoice_settings_form.html
	- invoice_templates_list.html
	- devices_standalone.html
	- financial_reports.html
	- transaction_form.html
	- 
	- js
	- error.html
	- invoice_preview.html
	- invoice_template_designer.html
	- cable_form.html
	- document_upload_form.html
	- equipment_packages_standalone.html
	- device_form.html
	- equipment_package_detail.html
	- user_form.html
	- company_settings.html
	- login.html
	- error_page.html
	- error_standalone.html
	- cables_standalone.html
	- documents_list.html
	- profile_settings.html
	- invoice_detail.html
	- job_form.html
	- invoices_content.html
	- mobile_scanner.html
	- security_audit.html
	- case_device_mapping.html
	- case_form.html
	- monitoring_dashboard.html
	- invoice_template_designer_basic.html
	- jobs.html
	- content
	- products_standalone.html
	- scan_select_job.html
	- security_roles_standalone.html
	- base.html
	- css
	- customer_form.html
	- analytics_dashboard.html
	- bulk_operations.html
	- invoices-content
	- scan_job.html
	- signature_form.html
	- user_detail.html
	- equipment_package_form.html
	- invoice_form.html
	- case_detail.html
	- cases_list.html

[GIN-debug] GET    /static/*filepath         --> github.com/gin-gonic/gin.(*RouterGroup).createStaticHandler.func1 (8 handlers)
[GIN-debug] HEAD   /static/*filepath         --> github.com/gin-gonic/gin.(*RouterGroup).createStaticHandler.func1 (8 handlers)
[GIN-debug] GET    /uploads/*filepath        --> github.com/gin-gonic/gin.(*RouterGroup).createStaticHandler.func1 (8 handlers)
[GIN-debug] HEAD   /uploads/*filepath        --> github.com/gin-gonic/gin.(*RouterGroup).createStaticHandler.func1 (8 handlers)
[GIN-debug] GET    /sw.js                    --> main.main.func24 (9 handlers)
[GIN-debug] GET    /manifest.json            --> main.main.func25 (9 handlers)
[GIN-debug] GET    /                         --> main.setupRoutes.func1 (9 handlers)
[GIN-debug] GET    /login                    --> go-barcode-webapp/internal/handlers.(*AuthHandler).LoginForm-fm (9 handlers)
[GIN-debug] POST   /login                    --> go-barcode-webapp/internal/handlers.(*AuthHandler).Login-fm (9 handlers)
[GIN-debug] GET    /logout                   --> go-barcode-webapp/internal/handlers.(*AuthHandler).Logout-fm (9 handlers)
[GIN-debug] GET    /debug/invoice-test       --> main.setupRoutes.func2 (9 handlers)
[GIN-debug] GET    /debug/customer-selection --> main.setupRoutes.func3 (9 handlers)
[GIN-debug] GET    /debug/routes             --> main.setupRoutes.func4 (9 handlers)
[GIN-debug] GET    /dashboard                --> go-barcode-webapp/internal/handlers.(*HomeHandler).Dashboard-fm (10 handlers)
[GIN-debug] GET    /jobs                     --> go-barcode-webapp/internal/handlers.(*JobHandler).ListJobs-fm (10 handlers)
[GIN-debug] GET    /jobs/new                 --> go-barcode-webapp/internal/handlers.(*JobHandler).NewJobForm-fm (10 handlers)
[GIN-debug] POST   /jobs                     --> go-barcode-webapp/internal/handlers.(*JobHandler).CreateJob-fm (10 handlers)
[GIN-debug] GET    /jobs/:id                 --> go-barcode-webapp/internal/handlers.(*JobHandler).GetJob-fm (10 handlers)
[GIN-debug] GET    /jobs/:id/edit            --> go-barcode-webapp/internal/handlers.(*JobHandler).EditJobForm-fm (10 handlers)
[GIN-debug] PUT    /jobs/:id                 --> go-barcode-webapp/internal/handlers.(*JobHandler).UpdateJob-fm (10 handlers)
[GIN-debug] POST   /jobs/:id/update          --> go-barcode-webapp/internal/handlers.(*JobHandler).UpdateJob-fm (10 handlers)
[GIN-debug] DELETE /jobs/:id                 --> go-barcode-webapp/internal/handlers.(*JobHandler).DeleteJob-fm (10 handlers)
[GIN-debug] GET    /jobs/:id/devices         --> go-barcode-webapp/internal/handlers.(*JobHandler).GetJobDevices-fm (10 handlers)
[GIN-debug] POST   /jobs/:id/devices         --> go-barcode-webapp/internal/handlers.(*JobHandler).AssignDevice-fm (10 handlers)
[GIN-debug] DELETE /jobs/:id/devices/:deviceId --> go-barcode-webapp/internal/handlers.(*JobHandler).RemoveDevice-fm (10 handlers)
[GIN-debug] POST   /jobs/:id/bulk-scan       --> go-barcode-webapp/internal/handlers.(*JobHandler).BulkScanDevices-fm (10 handlers)
[GIN-debug] GET    /devices                  --> go-barcode-webapp/internal/handlers.(*DeviceHandler).ListDevices-fm (10 handlers)
[GIN-debug] GET    /devices/new              --> go-barcode-webapp/internal/handlers.(*DeviceHandler).NewDeviceForm-fm (10 handlers)
[GIN-debug] POST   /devices                  --> go-barcode-webapp/internal/handlers.(*DeviceHandler).CreateDevice-fm (10 handlers)
[GIN-debug] GET    /devices/:id              --> go-barcode-webapp/internal/handlers.(*DeviceHandler).GetDevice-fm (10 handlers)
[GIN-debug] GET    /devices/:id/edit         --> go-barcode-webapp/internal/handlers.(*DeviceHandler).EditDeviceForm-fm (10 handlers)
[GIN-debug] PUT    /devices/:id              --> go-barcode-webapp/internal/handlers.(*DeviceHandler).UpdateDevice-fm (10 handlers)
[GIN-debug] DELETE /devices/:id              --> go-barcode-webapp/internal/handlers.(*DeviceHandler).DeleteDevice-fm (10 handlers)
[GIN-debug] GET    /devices/:id/qr           --> go-barcode-webapp/internal/handlers.(*DeviceHandler).GetDeviceQR-fm (10 handlers)
[GIN-debug] GET    /devices/:id/barcode      --> go-barcode-webapp/internal/handlers.(*DeviceHandler).GetDeviceBarcode-fm (10 handlers)
[GIN-debug] GET    /devices/:id/stats        --> go-barcode-webapp/internal/handlers.(*DeviceHandler).GetDeviceStatsAPI-fm (10 handlers)
[GIN-debug] GET    /devices/available        --> go-barcode-webapp/internal/handlers.(*DeviceHandler).GetAvailableDevices-fm (10 handlers)
[GIN-debug] GET    /products                 --> go-barcode-webapp/internal/handlers.(*ProductHandler).ListProductsWeb-fm (10 handlers)
[GIN-debug] GET    /products/new             --> go-barcode-webapp/internal/handlers.(*ProductHandler).NewProductForm-fm (10 handlers)
[GIN-debug] GET    /cables                   --> go-barcode-webapp/internal/handlers.(*CableHandler).ListCablesWeb-fm (10 handlers)
[GIN-debug] GET    /cables/new               --> go-barcode-webapp/internal/handlers.(*CableHandler).NewCableForm-fm (10 handlers)
[GIN-debug] POST   /cables                   --> go-barcode-webapp/internal/handlers.(*CableHandler).CreateCable-fm (10 handlers)
[GIN-debug] GET    /customers                --> go-barcode-webapp/internal/handlers.(*CustomerHandler).ListCustomers-fm (10 handlers)
[GIN-debug] GET    /customers/new            --> go-barcode-webapp/internal/handlers.(*CustomerHandler).NewCustomerForm-fm (10 handlers)
[GIN-debug] POST   /customers                --> go-barcode-webapp/internal/handlers.(*CustomerHandler).CreateCustomer-fm (10 handlers)
[GIN-debug] GET    /customers/:id            --> go-barcode-webapp/internal/handlers.(*CustomerHandler).GetCustomer-fm (10 handlers)
[GIN-debug] GET    /customers/:id/edit       --> go-barcode-webapp/internal/handlers.(*CustomerHandler).EditCustomerForm-fm (10 handlers)
[GIN-debug] PUT    /customers/:id            --> go-barcode-webapp/internal/handlers.(*CustomerHandler).UpdateCustomer-fm (10 handlers)
[GIN-debug] DELETE /customers/:id            --> go-barcode-webapp/internal/handlers.(*CustomerHandler).DeleteCustomer-fm (10 handlers)
[GIN-debug] GET    /statuses                 --> go-barcode-webapp/internal/handlers.(*StatusHandler).ListStatuses-fm (10 handlers)
[GIN-debug] GET    /cases                    --> go-barcode-webapp/internal/handlers.(*CaseHandler).ListCases-fm (10 handlers)
[GIN-debug] GET    /cases/new                --> go-barcode-webapp/internal/handlers.(*CaseHandler).NewCaseForm-fm (10 handlers)
[GIN-debug] POST   /cases                    --> go-barcode-webapp/internal/handlers.(*CaseHandler).CreateCase-fm (10 handlers)
[GIN-debug] GET    /cases/:id                --> go-barcode-webapp/internal/handlers.(*CaseHandler).GetCase-fm (10 handlers)
[GIN-debug] GET    /cases/:id/edit           --> go-barcode-webapp/internal/handlers.(*CaseHandler).EditCaseForm-fm (10 handlers)
[GIN-debug] PUT    /cases/:id                --> go-barcode-webapp/internal/handlers.(*CaseHandler).UpdateCase-fm (10 handlers)
[GIN-debug] DELETE /cases/:id                --> go-barcode-webapp/internal/handlers.(*CaseHandler).DeleteCase-fm (10 handlers)
[GIN-debug] GET    /cases/:id/devices        --> go-barcode-webapp/internal/handlers.(*CaseHandler).CaseDeviceMapping-fm (10 handlers)
[GIN-debug] POST   /cases/:id/devices        --> go-barcode-webapp/internal/handlers.(*CaseHandler).ScanDeviceToCase-fm (10 handlers)
[GIN-debug] DELETE /cases/:id/devices/:deviceId --> go-barcode-webapp/internal/handlers.(*CaseHandler).RemoveDeviceFromCase-fm (10 handlers)
[GIN-debug] GET    /barcodes/device/:serialNo/qr --> go-barcode-webapp/internal/handlers.(*BarcodeHandler).GenerateDeviceQR-fm (10 handlers)
[GIN-debug] GET    /barcodes/device/:serialNo/barcode --> go-barcode-webapp/internal/handlers.(*BarcodeHandler).GenerateDeviceBarcode-fm (10 handlers)
[GIN-debug] GET    /scan                     --> go-barcode-webapp/internal/handlers.(*ScannerHandler).ScanJobSelection-fm (10 handlers)
[GIN-debug] GET    /scan/select              --> go-barcode-webapp/internal/handlers.(*ScannerHandler).ScanJobSelection-fm (10 handlers)
[GIN-debug] GET    /scan/:jobId              --> go-barcode-webapp/internal/handlers.(*ScannerHandler).ScanJob-fm (10 handlers)
[GIN-debug] POST   /scan/:jobId/assign       --> go-barcode-webapp/internal/handlers.(*ScannerHandler).ScanDevice-fm (10 handlers)
[GIN-debug] DELETE /scan/:jobId/devices/:deviceId --> go-barcode-webapp/internal/handlers.(*ScannerHandler).RemoveDevice-fm (10 handlers)
[GIN-debug] GET    /analytics                --> go-barcode-webapp/internal/handlers.(*AnalyticsHandler).Dashboard-fm (10 handlers)
[GIN-debug] GET    /analytics/revenue        --> go-barcode-webapp/internal/handlers.(*AnalyticsHandler).GetRevenueAPI-fm (10 handlers)
[GIN-debug] GET    /analytics/equipment      --> go-barcode-webapp/internal/handlers.(*AnalyticsHandler).GetEquipmentAPI-fm (10 handlers)
[GIN-debug] GET    /analytics/devices/all    --> go-barcode-webapp/internal/handlers.(*AnalyticsHandler).GetAllDeviceRevenuesAPI-fm (10 handlers)
[GIN-debug] GET    /analytics/export         --> go-barcode-webapp/internal/handlers.(*AnalyticsHandler).ExportAnalytics-fm (10 handlers)
[GIN-debug] GET    /search/global            --> go-barcode-webapp/internal/handlers.(*SearchHandler).GlobalSearch-fm (10 handlers)
[GIN-debug] POST   /search/advanced          --> go-barcode-webapp/internal/handlers.(*SearchHandler).AdvancedSearch-fm (10 handlers)
[GIN-debug] GET    /search/suggestions       --> go-barcode-webapp/internal/handlers.(*SearchHandler).SearchSuggestions-fm (10 handlers)
[GIN-debug] GET    /search/saved             --> go-barcode-webapp/internal/handlers.(*SearchHandler).SavedSearches-fm (10 handlers)
[GIN-debug] DELETE /search/saved/:id         --> go-barcode-webapp/internal/handlers.(*SearchHandler).DeleteSavedSearch-fm (10 handlers)
[GIN-debug] POST   /pwa/subscribe            --> go-barcode-webapp/internal/handlers.(*PWAHandler).SubscribePush-fm (10 handlers)
[GIN-debug] POST   /pwa/unsubscribe          --> go-barcode-webapp/internal/handlers.(*PWAHandler).UnsubscribePush-fm (10 handlers)
[GIN-debug] POST   /pwa/sync                 --> go-barcode-webapp/internal/handlers.(*PWAHandler).SyncOfflineData-fm (10 handlers)
[GIN-debug] GET    /pwa/manifest             --> go-barcode-webapp/internal/handlers.(*PWAHandler).GetOfflineManifest-fm (10 handlers)
[GIN-debug] GET    /pwa/install              --> go-barcode-webapp/internal/handlers.(*PWAHandler).InstallPrompt-fm (10 handlers)
[GIN-debug] GET    /pwa/status               --> go-barcode-webapp/internal/handlers.(*PWAHandler).GetConnectionStatus-fm (10 handlers)
[GIN-debug] GET    /workflow/packages        --> go-barcode-webapp/internal/handlers.(*EquipmentPackageHandler).ShowPackagesList-fm (10 handlers)
[GIN-debug] GET    /workflow/packages/new    --> go-barcode-webapp/internal/handlers.(*EquipmentPackageHandler).ShowPackageForm-fm (10 handlers)
[GIN-debug] GET    /workflow/packages/:id    --> go-barcode-webapp/internal/handlers.(*EquipmentPackageHandler).ShowPackageDetail-fm (10 handlers)
[GIN-debug] GET    /workflow/packages/:id/edit --> go-barcode-webapp/internal/handlers.(*EquipmentPackageHandler).ShowPackageForm-fm (10 handlers)
[GIN-debug] POST   /workflow/packages        --> go-barcode-webapp/internal/handlers.(*EquipmentPackageHandler).CreatePackage-fm (10 handlers)
[GIN-debug] PUT    /workflow/packages/:id    --> go-barcode-webapp/internal/handlers.(*EquipmentPackageHandler).UpdatePackage-fm (10 handlers)
[GIN-debug] DELETE /workflow/packages/:id    --> go-barcode-webapp/internal/handlers.(*EquipmentPackageHandler).DeletePackage-fm (10 handlers)
[GIN-debug] GET    /workflow/bulk            --> go-barcode-webapp/internal/handlers.(*WorkflowHandler).BulkOperationsForm-fm (10 handlers)
[GIN-debug] POST   /workflow/bulk/update-status --> go-barcode-webapp/internal/handlers.(*WorkflowHandler).BulkUpdateDeviceStatus-fm (10 handlers)
[GIN-debug] POST   /workflow/bulk/assign-job --> go-barcode-webapp/internal/handlers.(*WorkflowHandler).BulkAssignToJob-fm (10 handlers)
[GIN-debug] POST   /workflow/bulk/generate-qr --> go-barcode-webapp/internal/handlers.(*WorkflowHandler).BulkGenerateQRCodes-fm (10 handlers)
[GIN-debug] GET    /workflow/stats           --> go-barcode-webapp/internal/handlers.(*WorkflowHandler).GetWorkflowStats-fm (10 handlers)
[GIN-debug] GET    /documents                --> go-barcode-webapp/internal/handlers.(*DocumentHandler).ListDocuments-fm (10 handlers)
[GIN-debug] GET    /documents/upload         --> go-barcode-webapp/internal/handlers.(*DocumentHandler).UploadDocumentForm-fm (10 handlers)
[GIN-debug] POST   /documents/upload         --> go-barcode-webapp/internal/handlers.(*DocumentHandler).UploadDocument-fm (10 handlers)
[GIN-debug] GET    /documents/:id            --> go-barcode-webapp/internal/handlers.(*DocumentHandler).GetDocument-fm (10 handlers)
[GIN-debug] GET    /documents/:id/view       --> go-barcode-webapp/internal/handlers.(*DocumentHandler).ViewDocument-fm (10 handlers)
[GIN-debug] GET    /documents/:id/download   --> go-barcode-webapp/internal/handlers.(*DocumentHandler).DownloadDocument-fm (10 handlers)
[GIN-debug] DELETE /documents/:id            --> go-barcode-webapp/internal/handlers.(*DocumentHandler).DeleteDocument-fm (10 handlers)
[GIN-debug] GET    /documents/:id/sign       --> go-barcode-webapp/internal/handlers.(*DocumentHandler).SignatureForm-fm (10 handlers)
[GIN-debug] POST   /documents/:id/sign       --> go-barcode-webapp/internal/handlers.(*DocumentHandler).AddSignature-fm (10 handlers)
[GIN-debug] GET    /documents/signatures/:id/verify --> go-barcode-webapp/internal/handlers.(*DocumentHandler).VerifySignature-fm (10 handlers)
[GIN-debug] GET    /financial                --> go-barcode-webapp/internal/handlers.(*FinancialHandler).FinancialDashboard-fm (10 handlers)
[GIN-debug] GET    /financial/transactions   --> go-barcode-webapp/internal/handlers.(*FinancialHandler).ListTransactions-fm (10 handlers)
[GIN-debug] GET    /financial/transactions/new --> go-barcode-webapp/internal/handlers.(*FinancialHandler).NewTransactionForm-fm (10 handlers)
[GIN-debug] POST   /financial/transactions   --> go-barcode-webapp/internal/handlers.(*FinancialHandler).CreateTransaction-fm (10 handlers)
[GIN-debug] GET    /financial/transactions/:id --> go-barcode-webapp/internal/handlers.(*FinancialHandler).GetTransaction-fm (10 handlers)
[GIN-debug] PUT    /financial/transactions/:id/status --> go-barcode-webapp/internal/handlers.(*FinancialHandler).UpdateTransactionStatus-fm (10 handlers)
[GIN-debug] POST   /financial/jobs/:jobId/invoice --> go-barcode-webapp/internal/handlers.(*FinancialHandler).GenerateInvoice-fm (10 handlers)
[GIN-debug] GET    /financial/reports        --> go-barcode-webapp/internal/handlers.(*FinancialHandler).FinancialReports-fm (10 handlers)
[GIN-debug] GET    /financial/api/revenue-report --> go-barcode-webapp/internal/handlers.(*FinancialHandler).GetRevenueReport-fm (10 handlers)
[GIN-debug] GET    /financial/api/payment-report --> go-barcode-webapp/internal/handlers.(*FinancialHandler).GetPaymentReport-fm (10 handlers)
[GIN-debug] GET    /financial/api/export/transactions --> go-barcode-webapp/internal/handlers.(*FinancialHandler).ExportTransactions-fm (10 handlers)
[GIN-debug] GET    /financial/api/export/revenue --> go-barcode-webapp/internal/handlers.(*FinancialHandler).ExportRevenue-fm (10 handlers)
[GIN-debug] GET    /financial/api/export/tax-report --> go-barcode-webapp/internal/handlers.(*FinancialHandler).ExportTaxReportCSV-fm (10 handlers)
[GIN-debug] GET    /invoices                 --> go-barcode-webapp/internal/handlers.(*InvoiceHandlerNew).ListInvoices-fm (12 handlers)
[GIN-debug] GET    /invoices/new             --> go-barcode-webapp/internal/handlers.(*InvoiceHandlerNew).NewInvoiceForm-fm (12 handlers)
[GIN-debug] POST   /invoices                 --> go-barcode-webapp/internal/handlers.(*InvoiceHandlerNew).CreateInvoice-fm (12 handlers)
[GIN-debug] GET    /invoices/:id             --> go-barcode-webapp/internal/handlers.(*InvoiceHandlerNew).GetInvoice-fm (12 handlers)
[GIN-debug] GET    /invoices/:id/edit        --> go-barcode-webapp/internal/handlers.(*InvoiceHandlerNew).EditInvoiceForm-fm (12 handlers)
[GIN-debug] GET    /invoices/:id/preview     --> go-barcode-webapp/internal/handlers.(*InvoiceHandlerNew).PreviewInvoice-fm (12 handlers)
[GIN-debug] PUT    /invoices/:id             --> go-barcode-webapp/internal/handlers.(*InvoiceHandlerNew).UpdateInvoice-fm (12 handlers)
[GIN-debug] PUT    /invoices/:id/status      --> go-barcode-webapp/internal/handlers.(*InvoiceHandlerNew).UpdateInvoiceStatus-fm (12 handlers)
[GIN-debug] DELETE /invoices/:id             --> go-barcode-webapp/internal/handlers.(*InvoiceHandlerNew).DeleteInvoice-fm (12 handlers)
[GIN-debug] GET    /invoices/:id/pdf         --> go-barcode-webapp/internal/handlers.(*InvoiceHandlerNew).GenerateInvoicePDF-fm (12 handlers)
[GIN-debug] GET    /invoice-templates        --> go-barcode-webapp/internal/handlers.(*InvoiceTemplateHandler).ListTemplates-fm (10 handlers)
[GIN-debug] GET    /invoice-templates/new    --> go-barcode-webapp/internal/handlers.(*InvoiceTemplateHandler).NewTemplateForm-fm (10 handlers)
[GIN-debug] POST   /invoice-templates        --> go-barcode-webapp/internal/handlers.(*InvoiceTemplateHandler).CreateTemplate-fm (10 handlers)
[GIN-debug] GET    /invoice-templates/:id/edit --> go-barcode-webapp/internal/handlers.(*InvoiceTemplateHandler).EditTemplateForm-fm (10 handlers)
[GIN-debug] PUT    /invoice-templates/:id    --> go-barcode-webapp/internal/handlers.(*InvoiceTemplateHandler).UpdateTemplate-fm (10 handlers)
[GIN-debug] DELETE /invoice-templates/:id    --> go-barcode-webapp/internal/handlers.(*InvoiceTemplateHandler).DeleteTemplate-fm (10 handlers)
[GIN-debug] GET    /invoice-templates/:id/preview --> go-barcode-webapp/internal/handlers.(*InvoiceTemplateHandler).PreviewTemplate-fm (10 handlers)
[GIN-debug] POST   /invoice-templates/:id/set-default --> go-barcode-webapp/internal/handlers.(*InvoiceTemplateHandler).SetDefaultTemplate-fm (10 handlers)
[GIN-debug] GET    /settings/company         --> main.setupRoutes.func5 (10 handlers)
[GIN-debug] POST   /settings/company         --> go-barcode-webapp/internal/handlers.(*CompanyHandler).UpdateCompanySettingsForm-fm (10 handlers)
[GIN-debug] GET    /settings/company/api     --> go-barcode-webapp/internal/handlers.(*CompanyHandler).GetCompanySettings-fm (10 handlers)
[GIN-debug] PUT    /settings/company/api     --> go-barcode-webapp/internal/handlers.(*CompanyHandler).UpdateCompanySettings-fm (10 handlers)
[GIN-debug] POST   /settings/company/logo    --> go-barcode-webapp/internal/handlers.(*CompanyHandler).UploadCompanyLogo-fm (10 handlers)
[GIN-debug] DELETE /settings/company/logo    --> go-barcode-webapp/internal/handlers.(*CompanyHandler).DeleteCompanyLogo-fm (10 handlers)
[GIN-debug] GET    /security/roles           --> main.setupRoutes.func6 (10 handlers)
[GIN-debug] GET    /security/audit           --> main.setupRoutes.func7 (10 handlers)
[GIN-debug] GET    /security/api/roles       --> go-barcode-webapp/internal/handlers.(*SecurityHandler).GetRoles-fm (10 handlers)
[GIN-debug] GET    /security/api/roles/:id   --> go-barcode-webapp/internal/handlers.(*SecurityHandler).GetRole-fm (10 handlers)
[GIN-debug] POST   /security/api/roles       --> go-barcode-webapp/internal/handlers.(*SecurityHandler).CreateRole-fm (10 handlers)
[GIN-debug] PUT    /security/api/roles/:id   --> go-barcode-webapp/internal/handlers.(*SecurityHandler).UpdateRole-fm (10 handlers)
[GIN-debug] DELETE /security/api/roles/:id   --> go-barcode-webapp/internal/handlers.(*SecurityHandler).DeleteRole-fm (10 handlers)
[GIN-debug] GET    /security/api/users/:userId/roles --> go-barcode-webapp/internal/handlers.(*SecurityHandler).GetUserRoles-fm (10 handlers)
[GIN-debug] POST   /security/api/users/:userId/roles --> go-barcode-webapp/internal/handlers.(*SecurityHandler).AssignUserRole-fm (10 handlers)
[GIN-debug] DELETE /security/api/users/:userId/roles/:roleId --> go-barcode-webapp/internal/handlers.(*SecurityHandler).RevokeUserRole-fm (10 handlers)
[GIN-debug] GET    /security/api/audit       --> go-barcode-webapp/internal/handlers.(*SecurityHandler).GetAuditLogs-fm (10 handlers)
[GIN-debug] GET    /security/api/audit/:id   --> go-barcode-webapp/internal/handlers.(*SecurityHandler).GetAuditLog-fm (10 handlers)
[GIN-debug] GET    /security/api/audit/export --> go-barcode-webapp/internal/handlers.(*SecurityHandler).ExportAuditLogs-fm (10 handlers)
[GIN-debug] GET    /security/api/permissions --> go-barcode-webapp/internal/handlers.(*SecurityHandler).GetPermissions-fm (10 handlers)
[GIN-debug] GET    /security/api/permissions/definitions --> go-barcode-webapp/internal/handlers.(*SecurityHandler).GetPermissionDefinitionsAPI-fm (10 handlers)
[GIN-debug] GET    /security/api/permissions/check --> go-barcode-webapp/internal/handlers.(*SecurityHandler).CheckPermission-fm (10 handlers)
[GIN-debug] GET    /monitoring               --> main.setupRoutes.func8 (10 handlers)
[GIN-debug] GET    /monitoring/health        --> go-barcode-webapp/internal/handlers.(*MonitoringHandler).GetApplicationHealth-fm (10 handlers)
[GIN-debug] GET    /monitoring/metrics       --> go-barcode-webapp/internal/handlers.(*MonitoringHandler).GetSystemMetrics-fm (10 handlers)
[GIN-debug] GET    /monitoring/metrics/prometheus --> go-barcode-webapp/internal/handlers.(*MonitoringHandler).ExportMetrics-fm (10 handlers)
[GIN-debug] GET    /monitoring/performance   --> go-barcode-webapp/internal/handlers.(*MonitoringHandler).GetPerformanceMetrics-fm (10 handlers)
[GIN-debug] GET    /monitoring/errors        --> go-barcode-webapp/internal/handlers.(*MonitoringHandler).GetErrorDetails-fm (10 handlers)
[GIN-debug] POST   /monitoring/errors/:fingerprint/resolve --> go-barcode-webapp/internal/handlers.(*MonitoringHandler).ResolveError-fm (10 handlers)
[GIN-debug] POST   /monitoring/test-error    --> go-barcode-webapp/internal/handlers.(*MonitoringHandler).TriggerTestError-fm (10 handlers)
[GIN-debug] GET    /monitoring/logs          --> go-barcode-webapp/internal/handlers.(*MonitoringHandler).GetLogStream-fm (10 handlers)
[GIN-debug] GET    /compliance/status        --> main.setupRoutes.(*ComplianceMiddleware).GetComplianceStatus.func15 (10 handlers)
[GIN-debug] POST   /compliance/retention/cleanup --> main.setupRoutes.(*ComplianceMiddleware).RetentionCleanupMiddleware.func16 (10 handlers)
[GIN-debug] POST   /compliance/gdpr/request  --> main.setupRoutes.(*ComplianceMiddleware).GDPRRequestMiddleware.func17 (10 handlers)
[GIN-debug] GET    /mobile/scanner/:jobId    --> main.setupRoutes.func9 (10 handlers)
[GIN-debug] GET    /mobile/scanner/:jobId/enhanced --> main.setupRoutes.func10 (10 handlers)
[GIN-debug] GET    /profile/settings         --> go-barcode-webapp/internal/handlers.(*AuthHandler).ProfileSettingsForm-fm (10 handlers)
[GIN-debug] POST   /profile/settings         --> go-barcode-webapp/internal/handlers.(*AuthHandler).UpdateProfileSettings-fm (10 handlers)
[GIN-debug] GET    /profile/preferences      --> go-barcode-webapp/internal/handlers.(*AuthHandler).GetUserPreferences-fm (10 handlers)
[GIN-debug] GET    /users                    --> go-barcode-webapp/internal/handlers.(*AuthHandler).ListUsers-fm (10 handlers)
[GIN-debug] POST   /users                    --> go-barcode-webapp/internal/handlers.(*AuthHandler).CreateUserWeb-fm (10 handlers)
[GIN-debug] GET    /user-management/new      --> go-barcode-webapp/internal/handlers.(*AuthHandler).NewUserForm-fm (10 handlers)
[GIN-debug] GET    /user-management/:id/edit --> go-barcode-webapp/internal/handlers.(*AuthHandler).EditUserForm-fm (10 handlers)
[GIN-debug] GET    /user-management/:id/view --> go-barcode-webapp/internal/handlers.(*AuthHandler).GetUser-fm (10 handlers)
[GIN-debug] PUT    /user-management/:id      --> go-barcode-webapp/internal/handlers.(*AuthHandler).UpdateUser-fm (10 handlers)
[GIN-debug] DELETE /user-management/:id      --> go-barcode-webapp/internal/handlers.(*AuthHandler).DeleteUser-fm (10 handlers)
[GIN-debug] GET    /users/new                --> main.setupRoutes.func11 (10 handlers)
[GIN-debug] GET    /api/v1/jobs              --> go-barcode-webapp/internal/handlers.(*JobHandler).ListJobsAPI-fm (10 handlers)
[GIN-debug] POST   /api/v1/jobs              --> go-barcode-webapp/internal/handlers.(*JobHandler).CreateJobAPI-fm (10 handlers)
[GIN-debug] GET    /api/v1/jobs/:id          --> go-barcode-webapp/internal/handlers.(*JobHandler).GetJobAPI-fm (10 handlers)
[GIN-debug] PUT    /api/v1/jobs/:id          --> go-barcode-webapp/internal/handlers.(*JobHandler).UpdateJobAPI-fm (10 handlers)
[GIN-debug] DELETE /api/v1/jobs/:id          --> go-barcode-webapp/internal/handlers.(*JobHandler).DeleteJobAPI-fm (10 handlers)
[GIN-debug] POST   /api/v1/jobs/:id/devices/:deviceId --> go-barcode-webapp/internal/handlers.(*JobHandler).AssignDeviceAPI-fm (10 handlers)
[GIN-debug] DELETE /api/v1/jobs/:id/devices/:deviceId --> go-barcode-webapp/internal/handlers.(*JobHandler).RemoveDeviceAPI-fm (10 handlers)
[GIN-debug] DELETE /api/v1/jobs/:id/devices/bulk-remove --> go-barcode-webapp/internal/handlers.(*ScannerHandler).BulkRemoveDevices-fm (10 handlers)
[GIN-debug] POST   /api/v1/jobs/:id/bulk-scan --> go-barcode-webapp/internal/handlers.(*JobHandler).BulkScanDevicesAPI-fm (10 handlers)
[GIN-debug] POST   /api/v1/jobs/:id/assign-device --> go-barcode-webapp/internal/handlers.(*ScannerHandler).ScanDevice-fm (10 handlers)
[GIN-debug] POST   /api/v1/jobs/:id/assign-case --> go-barcode-webapp/internal/handlers.(*ScannerHandler).ScanCase-fm (10 handlers)
[GIN-debug] GET    /api/v1/devices           --> go-barcode-webapp/internal/handlers.(*DeviceHandler).ListDevicesAPI-fm (10 handlers)
[GIN-debug] POST   /api/v1/devices           --> go-barcode-webapp/internal/handlers.(*DeviceHandler).CreateDeviceAPI-fm (10 handlers)
[GIN-debug] GET    /api/v1/devices/:id       --> go-barcode-webapp/internal/handlers.(*DeviceHandler).GetDeviceAPI-fm (10 handlers)
[GIN-debug] PUT    /api/v1/devices/:id       --> go-barcode-webapp/internal/handlers.(*DeviceHandler).UpdateDeviceAPI-fm (10 handlers)
[GIN-debug] DELETE /api/v1/devices/:id       --> go-barcode-webapp/internal/handlers.(*DeviceHandler).DeleteDeviceAPI-fm (10 handlers)
[GIN-debug] GET    /api/v1/devices/available --> go-barcode-webapp/internal/handlers.(*DeviceHandler).GetAvailableDevicesAPI-fm (10 handlers)
[GIN-debug] GET    /api/v1/products          --> go-barcode-webapp/internal/handlers.(*ProductHandler).ListProducts-fm (10 handlers)
[GIN-debug] POST   /api/v1/products          --> go-barcode-webapp/internal/handlers.(*ProductHandler).CreateProductAPI-fm (10 handlers)
[GIN-debug] GET    /api/v1/products/:id      --> go-barcode-webapp/internal/handlers.(*ProductHandler).GetProductAPI-fm (10 handlers)
[GIN-debug] PUT    /api/v1/products/:id      --> go-barcode-webapp/internal/handlers.(*ProductHandler).UpdateProductAPI-fm (10 handlers)
[GIN-debug] DELETE /api/v1/products/:id      --> go-barcode-webapp/internal/handlers.(*ProductHandler).DeleteProductAPI-fm (10 handlers)
[GIN-debug] GET    /api/v1/products/categories --> go-barcode-webapp/internal/handlers.(*ProductHandler).GetCategoriesAPI-fm (10 handlers)
[GIN-debug] GET    /api/v1/cables            --> go-barcode-webapp/internal/handlers.(*CableHandler).ListCablesAPI-fm (10 handlers)
[GIN-debug] POST   /api/v1/cables            --> go-barcode-webapp/internal/handlers.(*CableHandler).CreateCableAPI-fm (10 handlers)
[GIN-debug] GET    /api/v1/cables/:id        --> go-barcode-webapp/internal/handlers.(*CableHandler).GetCableAPI-fm (10 handlers)
[GIN-debug] PUT    /api/v1/cables/:id        --> go-barcode-webapp/internal/handlers.(*CableHandler).UpdateCableAPI-fm (10 handlers)
[GIN-debug] DELETE /api/v1/cables/:id        --> go-barcode-webapp/internal/handlers.(*CableHandler).DeleteCableAPI-fm (10 handlers)
[GIN-debug] GET    /api/v1/cables/types      --> go-barcode-webapp/internal/handlers.(*CableHandler).GetCableTypesAPI-fm (10 handlers)
[GIN-debug] GET    /api/v1/cables/connectors --> go-barcode-webapp/internal/handlers.(*CableHandler).GetCableConnectorsAPI-fm (10 handlers)
[GIN-debug] GET    /api/v1/customers         --> go-barcode-webapp/internal/handlers.(*CustomerHandler).ListCustomersAPI-fm (10 handlers)
[GIN-debug] POST   /api/v1/customers         --> go-barcode-webapp/internal/handlers.(*CustomerHandler).CreateCustomerAPI-fm (10 handlers)
[GIN-debug] GET    /api/v1/customers/:id     --> go-barcode-webapp/internal/handlers.(*CustomerHandler).GetCustomerAPI-fm (10 handlers)
[GIN-debug] PUT    /api/v1/customers/:id     --> go-barcode-webapp/internal/handlers.(*CustomerHandler).UpdateCustomerAPI-fm (10 handlers)
[GIN-debug] DELETE /api/v1/customers/:id     --> go-barcode-webapp/internal/handlers.(*CustomerHandler).DeleteCustomerAPI-fm (10 handlers)
[GIN-debug] GET    /api/v1/cases             --> go-barcode-webapp/internal/handlers.(*CaseHandler).ListCasesAPI-fm (10 handlers)
[GIN-debug] POST   /api/v1/cases             --> go-barcode-webapp/internal/handlers.(*CaseHandler).CreateCaseAPI-fm (10 handlers)
[GIN-debug] GET    /api/v1/cases/:id         --> go-barcode-webapp/internal/handlers.(*CaseHandler).GetCaseAPI-fm (10 handlers)
[GIN-debug] PUT    /api/v1/cases/:id         --> go-barcode-webapp/internal/handlers.(*CaseHandler).UpdateCaseAPI-fm (10 handlers)
[GIN-debug] DELETE /api/v1/cases/:id         --> go-barcode-webapp/internal/handlers.(*CaseHandler).DeleteCaseAPI-fm (10 handlers)
[GIN-debug] GET    /api/v1/cases/:id/devices --> go-barcode-webapp/internal/handlers.(*CaseHandler).GetCaseDevicesAPI-fm (10 handlers)
[GIN-debug] POST   /api/v1/cases/:id/devices --> go-barcode-webapp/internal/handlers.(*CaseHandler).ScanDeviceToCase-fm (10 handlers)
[GIN-debug] DELETE /api/v1/cases/:id/devices/:deviceId --> go-barcode-webapp/internal/handlers.(*CaseHandler).RemoveDeviceFromCase-fm (10 handlers)
[GIN-debug] GET    /api/v1/workflow/packages --> go-barcode-webapp/internal/handlers.(*EquipmentPackageHandler).GetPackages-fm (10 handlers)
[GIN-debug] POST   /api/v1/workflow/packages --> go-barcode-webapp/internal/handlers.(*EquipmentPackageHandler).CreatePackage-fm (10 handlers)
[GIN-debug] GET    /api/v1/workflow/packages/:id --> go-barcode-webapp/internal/handlers.(*EquipmentPackageHandler).GetPackage-fm (10 handlers)
[GIN-debug] PUT    /api/v1/workflow/packages/:id --> go-barcode-webapp/internal/handlers.(*EquipmentPackageHandler).UpdatePackage-fm (10 handlers)
[GIN-debug] DELETE /api/v1/workflow/packages/:id --> go-barcode-webapp/internal/handlers.(*EquipmentPackageHandler).DeletePackage-fm (10 handlers)
[GIN-debug] POST   /api/v1/workflow/packages/:id/clone --> go-barcode-webapp/internal/handlers.(*EquipmentPackageHandler).ClonePackage-fm (10 handlers)
[GIN-debug] GET    /api/v1/workflow/packages/:id/validate --> go-barcode-webapp/internal/handlers.(*EquipmentPackageHandler).ValidatePackage-fm (10 handlers)
[GIN-debug] GET    /api/v1/workflow/packages/:id/stats --> go-barcode-webapp/internal/handlers.(*EquipmentPackageHandler).GetPackageStats-fm (10 handlers)
[GIN-debug] GET    /api/v1/workflow/packages/search --> go-barcode-webapp/internal/handlers.(*EquipmentPackageHandler).SearchPackages-fm (10 handlers)
[GIN-debug] GET    /api/v1/workflow/packages/categories --> go-barcode-webapp/internal/handlers.(*EquipmentPackageHandler).GetPackageCategories-fm (10 handlers)
[GIN-debug] GET    /api/v1/workflow/packages/popular --> go-barcode-webapp/internal/handlers.(*EquipmentPackageHandler).GetPopularPackages-fm (10 handlers)
[GIN-debug] GET    /api/v1/workflow/packages/available-devices --> go-barcode-webapp/internal/handlers.(*EquipmentPackageHandler).GetAvailableDevices-fm (10 handlers)
[GIN-debug] PUT    /api/v1/workflow/packages/bulk --> go-barcode-webapp/internal/handlers.(*EquipmentPackageHandler).BulkUpdatePackages-fm (10 handlers)
[GIN-debug] GET    /api/v1/documents         --> go-barcode-webapp/internal/handlers.(*DocumentHandler).ListDocumentsAPI-fm (10 handlers)
[GIN-debug] GET    /api/v1/documents/stats   --> go-barcode-webapp/internal/handlers.(*DocumentHandler).GetDocumentStats-fm (10 handlers)
[GIN-debug] GET    /api/v1/documents/:id     --> go-barcode-webapp/internal/handlers.(*DocumentHandler).GetDocument-fm (10 handlers)
[GIN-debug] DELETE /api/v1/documents/:id     --> go-barcode-webapp/internal/handlers.(*DocumentHandler).DeleteDocument-fm (10 handlers)
[GIN-debug] GET    /api/v1/financial/transactions --> go-barcode-webapp/internal/handlers.(*FinancialHandler).ListTransactionsAPI-fm (10 handlers)
[GIN-debug] GET    /api/v1/financial/stats   --> go-barcode-webapp/internal/handlers.(*FinancialHandler).GetFinancialStatsAPI-fm (10 handlers)
[GIN-debug] GET    /api/v1/financial/revenue-report --> go-barcode-webapp/internal/handlers.(*FinancialHandler).GetRevenueReport-fm (10 handlers)
[GIN-debug] GET    /api/v1/financial/payment-report --> go-barcode-webapp/internal/handlers.(*FinancialHandler).GetPaymentReport-fm (10 handlers)
[GIN-debug] GET    /api/v1/invoices          --> go-barcode-webapp/internal/handlers.(*InvoiceHandlerNew).GetInvoicesAPI-fm (10 handlers)
[GIN-debug] POST   /api/v1/invoices          --> go-barcode-webapp/internal/handlers.(*InvoiceHandlerNew).CreateInvoice-fm (10 handlers)
[GIN-debug] GET    /api/v1/invoices/:id      --> go-barcode-webapp/internal/handlers.(*InvoiceHandlerNew).GetInvoice-fm (10 handlers)
[GIN-debug] PUT    /api/v1/invoices/:id      --> go-barcode-webapp/internal/handlers.(*InvoiceHandlerNew).UpdateInvoice-fm (10 handlers)
[GIN-debug] PUT    /api/v1/invoices/:id/status --> go-barcode-webapp/internal/handlers.(*InvoiceHandlerNew).UpdateInvoiceStatus-fm (10 handlers)
[GIN-debug] DELETE /api/v1/invoices/:id      --> go-barcode-webapp/internal/handlers.(*InvoiceHandlerNew).DeleteInvoice-fm (10 handlers)
[GIN-debug] GET    /api/v1/invoices/stats    --> go-barcode-webapp/internal/handlers.(*InvoiceHandlerNew).GetInvoiceStatsAPI-fm (10 handlers)
[GIN-debug] GET    /api/v1/invoices/products/:productId --> go-barcode-webapp/internal/handlers.(*InvoiceHandlerNew).GetProductDetails-fm (10 handlers)
[GIN-debug] GET    /api/v1/invoices/products/:productId/devices --> go-barcode-webapp/internal/handlers.(*InvoiceHandlerNew).GetDevicesByProduct-fm (10 handlers)
[GIN-debug] GET    /api/v1/security/audit    --> go-barcode-webapp/internal/handlers.(*SecurityHandler).GetAuditLogs-fm (10 handlers)
[GIN-debug] GET    /api/v1/security/audit/:id --> go-barcode-webapp/internal/handlers.(*SecurityHandler).GetAuditLog-fm (10 handlers)
[GIN-debug] GET    /api/v1/security/audit/export --> go-barcode-webapp/internal/handlers.(*SecurityHandler).ExportAuditLogs-fm (10 handlers)
[GIN-debug] GET    /api/v1/security/auth/users --> go-barcode-webapp/internal/handlers.(*AuthHandler).ListUsersAPI-fm (10 handlers)
[GIN-debug] GET    /api/invoices             --> go-barcode-webapp/internal/handlers.(*InvoiceHandlerNew).GetInvoicesAPI-fm (10 handlers)
[GIN-debug] POST   /api/invoices             --> go-barcode-webapp/internal/handlers.(*InvoiceHandlerNew).CreateInvoice-fm (10 handlers)
[GIN-debug] GET    /api/invoices/:id         --> go-barcode-webapp/internal/handlers.(*InvoiceHandlerNew).GetInvoice-fm (10 handlers)
[GIN-debug] PUT    /api/invoices/:id         --> go-barcode-webapp/internal/handlers.(*InvoiceHandlerNew).UpdateInvoice-fm (10 handlers)
[GIN-debug] PUT    /api/invoices/:id/status  --> go-barcode-webapp/internal/handlers.(*InvoiceHandlerNew).UpdateInvoiceStatus-fm (10 handlers)
[GIN-debug] DELETE /api/invoices/:id         --> go-barcode-webapp/internal/handlers.(*InvoiceHandlerNew).DeleteInvoice-fm (10 handlers)
[GIN-debug] GET    /api/invoices/stats       --> go-barcode-webapp/internal/handlers.(*InvoiceHandlerNew).GetInvoiceStatsAPI-fm (10 handlers)
[GIN-debug] GET    /api/company-settings     --> go-barcode-webapp/internal/handlers.(*CompanyHandler).GetCompanySettings-fm (10 handlers)
[GIN-debug] PUT    /api/company-settings     --> go-barcode-webapp/internal/handlers.(*CompanyHandler).UpdateCompanySettings-fm (10 handlers)
[GIN-debug] POST   /api/company-settings/logo --> go-barcode-webapp/internal/handlers.(*CompanyHandler).UploadCompanyLogo-fm (10 handlers)
[GIN-debug] DELETE /api/company-settings/logo --> go-barcode-webapp/internal/handlers.(*CompanyHandler).DeleteCompanyLogo-fm (10 handlers)
[GIN-debug] GET    /api/settings/smtp        --> go-barcode-webapp/internal/handlers.(*CompanyHandler).GetSMTPConfig-fm (10 handlers)
[GIN-debug] POST   /api/settings/smtp        --> go-barcode-webapp/internal/handlers.(*CompanyHandler).UpdateSMTPConfig-fm (10 handlers)
[GIN-debug] POST   /api/settings/smtp/test   --> go-barcode-webapp/internal/handlers.(*CompanyHandler).TestSMTPConnection-fm (10 handlers)
[GIN-debug] GET    /api/security/roles       --> go-barcode-webapp/internal/handlers.(*SecurityHandler).GetRoles-fm (10 handlers)
[GIN-debug] GET    /api/security/roles/:id   --> go-barcode-webapp/internal/handlers.(*SecurityHandler).GetRole-fm (10 handlers)
[GIN-debug] POST   /api/security/roles       --> go-barcode-webapp/internal/handlers.(*SecurityHandler).CreateRole-fm (10 handlers)
[GIN-debug] PUT    /api/security/roles/:id   --> go-barcode-webapp/internal/handlers.(*SecurityHandler).UpdateRole-fm (10 handlers)
[GIN-debug] DELETE /api/security/roles/:id   --> go-barcode-webapp/internal/handlers.(*SecurityHandler).DeleteRole-fm (10 handlers)
[GIN-debug] GET    /api/security/users/:userId/roles --> go-barcode-webapp/internal/handlers.(*SecurityHandler).GetUserRoles-fm (10 handlers)
[GIN-debug] POST   /api/security/users/:userId/roles --> go-barcode-webapp/internal/handlers.(*SecurityHandler).AssignUserRole-fm (10 handlers)
[GIN-debug] DELETE /api/security/users/:userId/roles/:roleId --> go-barcode-webapp/internal/handlers.(*SecurityHandler).RevokeUserRole-fm (10 handlers)
[GIN-debug] GET    /api/security/audit       --> go-barcode-webapp/internal/handlers.(*SecurityHandler).GetAuditLogs-fm (10 handlers)
[GIN-debug] GET    /api/security/audit/:id   --> go-barcode-webapp/internal/handlers.(*SecurityHandler).GetAuditLog-fm (10 handlers)
[GIN-debug] GET    /api/security/audit/export --> go-barcode-webapp/internal/handlers.(*SecurityHandler).ExportAuditLogs-fm (10 handlers)
[GIN-debug] GET    /api/security/permissions --> go-barcode-webapp/internal/handlers.(*SecurityHandler).GetPermissions-fm (10 handlers)
[GIN-debug] GET    /api/security/permissions/definitions --> go-barcode-webapp/internal/handlers.(*SecurityHandler).GetPermissionDefinitionsAPI-fm (10 handlers)
[GIN-debug] GET    /api/security/permissions/check --> go-barcode-webapp/internal/handlers.(*SecurityHandler).CheckPermission-fm (10 handlers)
[GIN-debug] GET    /error                    --> main.main.func26 (9 handlers)
2025/07/25 15:48:31 Server starting on 0.0.0.0:8080
2025/07/25 15:48:45 Route Debug: GET /api/v1/customers
2025/07/25 15:48:45 DEBUG: AuthMiddleware: Request URL: /api/v1/customers
2025/07/25 15:48:45 DEBUG: AuthMiddleware: Found session cookie: f05030aa3e1ef1052f3b9d929b07d1d0b5a202fff40d30d0c87fb08ed8f35b3e for /api/v1/customers
2025/07/25 15:48:45 DEBUG: AuthMiddleware: Session valid for user: admin (ID: 5) for URL: /api/v1/customers
{"timestamp":"2025-07-25T13:48:45.371411365Z","level":"INFO","message":"HTTP Request","service":"go-barcode-webapp","version":"1.0.0","environment":"development","request_id":"1753451325081358547","method":"GET","path":"/api/v1/customers","status_code":200,"duration":"290.050476ms","ip":"127.0.0.1","user_agent":"curl/7.88.1","fields":{"bytes_in":0,"bytes_out":13957}}
2025/07/25 15:50:11 Route Debug: GET /customers
2025/07/25 15:50:11 DEBUG: AuthMiddleware: Request URL: /customers
2025/07/25 15:50:11 DEBUG: AuthMiddleware: Found session cookie: f05030aa3e1ef1052f3b9d929b07d1d0b5a202fff40d30d0c87fb08ed8f35b3e for /customers
2025/07/25 15:50:11 DEBUG: AuthMiddleware: Session valid for user: admin (ID: 5) for URL: /customers
{"timestamp":"2025-07-25T13:50:11.726264278Z","level":"INFO","message":"HTTP Request","service":"go-barcode-webapp","version":"1.0.0","environment":"development","request_id":"1753451411372540356","method":"GET","path":"/customers","status_code":200,"duration":"353.720137ms","ip":"10.0.0.11","user_agent":"Mozilla/5.0 (Windows NT 10.0; Win64; x64; rv:141.0) Gecko/20100101 Firefox/141.0","fields":{"bytes_in":0,"bytes_out":176141}}
2025/07/25 15:50:41 POST request to /api/v1/customers with Content-Type: 'application/json'
2025/07/25 15:50:41 Route Debug: POST /api/v1/customers
2025/07/25 15:50:41 DEBUG: AuthMiddleware: Request URL: /api/v1/customers
2025/07/25 15:50:41 DEBUG: AuthMiddleware: Found session cookie: f05030aa3e1ef1052f3b9d929b07d1d0b5a202fff40d30d0c87fb08ed8f35b3e for /api/v1/customers
2025/07/25 15:50:42 DEBUG: AuthMiddleware: Session valid for user: admin (ID: 5) for URL: /api/v1/customers
{"timestamp":"2025-07-25T13:50:42.2486478Z","level":"INFO","message":"HTTP Request","service":"go-barcode-webapp","version":"1.0.0","environment":"development","request_id":"1753451441856982990","method":"POST","path":"/api/v1/customers","status_code":201,"duration":"391.661016ms","ip":"10.0.0.11","user_agent":"Mozilla/5.0 (Windows NT 10.0; Win64; x64; rv:141.0) Gecko/20100101 Firefox/141.0","fields":{"bytes_in":231,"bytes_out":225}}
2025/07/25 15:50:43 Route Debug: GET /customers
2025/07/25 15:50:43 DEBUG: AuthMiddleware: Request URL: /customers
2025/07/25 15:50:43 DEBUG: AuthMiddleware: Found session cookie: f05030aa3e1ef1052f3b9d929b07d1d0b5a202fff40d30d0c87fb08ed8f35b3e for /customers
2025/07/25 15:50:43 DEBUG: AuthMiddleware: Session valid for user: admin (ID: 5) for URL: /customers
{"timestamp":"2025-07-25T13:50:43.594011908Z","level":"INFO","message":"HTTP Request","service":"go-barcode-webapp","version":"1.0.0","environment":"development","request_id":"1753451443288139327","method":"GET","path":"/customers","status_code":200,"duration":"305.869048ms","ip":"10.0.0.11","user_agent":"Mozilla/5.0 (Windows NT 10.0; Win64; x64; rv:141.0) Gecko/20100101 Firefox/141.0","fields":{"bytes_in":0,"bytes_out":178619}}
2025/07/25 15:51:06 Route Debug: GET /jobs
2025/07/25 15:51:06 DEBUG: AuthMiddleware: Request URL: /jobs
2025/07/25 15:51:06 DEBUG: AuthMiddleware: Found session cookie: f05030aa3e1ef1052f3b9d929b07d1d0b5a202fff40d30d0c87fb08ed8f35b3e for /jobs
2025/07/25 15:51:06 DEBUG: AuthMiddleware: Session valid for user: admin (ID: 5) for URL: /jobs
DEBUG Job Handler: All query params: map[]
DEBUG Job Handler: Raw search parameter: ''
DEBUG Job Handler: Final params: SearchTerm='', StartDate=<nil>, EndDate=<nil>
DEBUG: Found 1 jobs with search term ''
DEBUG: First job: {JobID:1002 CustomerID:4 StatusID:1002 Description:0xc0005a6c60 StartDate:2025-05-17 00:00:00 +0200 CEST EndDate:2025-05-18 00:00:00 +0200 CEST Revenue:573.6 FinalRevenue:0xc00042cef0 CustomerName: Tim Arhelger StatusName:paid DeviceCount:24 TotalRevenue:573.6}
{"timestamp":"2025-07-25T13:51:07.025227652Z","level":"INFO","message":"HTTP Request","service":"go-barcode-webapp","version":"1.0.0","environment":"development","request_id":"1753451466748943154","method":"GET","path":"/jobs","status_code":200,"duration":"276.281565ms","ip":"10.0.0.11","user_agent":"Mozilla/5.0 (Windows NT 10.0; Win64; x64; rv:141.0) Gecko/20100101 Firefox/141.0","fields":{"bytes_in":0,"bytes_out":26171}}
2025/07/25 15:51:09 Route Debug: GET /jobs/new
2025/07/25 15:51:09 DEBUG: AuthMiddleware: Request URL: /jobs/new
2025/07/25 15:51:09 DEBUG: AuthMiddleware: Found session cookie: f05030aa3e1ef1052f3b9d929b07d1d0b5a202fff40d30d0c87fb08ed8f35b3e for /jobs/new
2025/07/25 15:51:09 DEBUG: AuthMiddleware: Session valid for user: admin (ID: 5) for URL: /jobs/new
{"timestamp":"2025-07-25T13:51:09.474048218Z","level":"INFO","message":"HTTP Request","service":"go-barcode-webapp","version":"1.0.0","environment":"development","request_id":"1753451469131423643","method":"GET","path":"/jobs/new","status_code":200,"duration":"342.62073ms","ip":"10.0.0.11","user_agent":"Mozilla/5.0 (Windows NT 10.0; Win64; x64; rv:141.0) Gecko/20100101 Firefox/141.0","fields":{"bytes_in":0,"bytes_out":24549}}
2025/07/25 15:52:11 POST request to /jobs with Content-Type: 'application/x-www-form-urlencoded'
2025/07/25 15:52:11 Form _method parameter: ''
2025/07/25 15:52:11 Route Debug: POST /jobs
2025/07/25 15:52:11 DEBUG: AuthMiddleware: Request URL: /jobs
2025/07/25 15:52:11 DEBUG: AuthMiddleware: Found session cookie: f05030aa3e1ef1052f3b9d929b07d1d0b5a202fff40d30d0c87fb08ed8f35b3e for /jobs
2025/07/25 15:52:12 DEBUG: AuthMiddleware: Session valid for user: admin (ID: 5) for URL: /jobs
{"timestamp":"2025-07-25T13:52:12.254223694Z","level":"INFO","message":"HTTP Request","service":"go-barcode-webapp","version":"1.0.0","environment":"development","request_id":"1753451531945793204","method":"POST","path":"/jobs","status_code":302,"duration":"308.428115ms","ip":"10.0.0.11","user_agent":"Mozilla/5.0 (Windows NT 10.0; Win64; x64; rv:141.0) Gecko/20100101 Firefox/141.0","fields":{"bytes_in":146,"bytes_out":-1}}
2025/07/25 15:52:12 Route Debug: GET /jobs
2025/07/25 15:52:12 DEBUG: AuthMiddleware: Request URL: /jobs
2025/07/25 15:52:12 DEBUG: AuthMiddleware: Found session cookie: f05030aa3e1ef1052f3b9d929b07d1d0b5a202fff40d30d0c87fb08ed8f35b3e for /jobs
2025/07/25 15:52:12 DEBUG: AuthMiddleware: Session valid for user: admin (ID: 5) for URL: /jobs
DEBUG Job Handler: All query params: map[]
DEBUG Job Handler: Raw search parameter: ''
DEBUG Job Handler: Final params: SearchTerm='', StartDate=<nil>, EndDate=<nil>
DEBUG: Found 2 jobs with search term ''
DEBUG: First job: {JobID:1006 CustomerID:6 StatusID:1001 Description:0xc000025a80 StartDate:2025-07-05 00:00:00 +0200 CEST EndDate:2025-07-06 00:00:00 +0200 CEST Revenue:0 FinalRevenue:0xc0003944c8 CustomerName:BG Dillenburg   StatusName:open DeviceCount:0 TotalRevenue:0}
{"timestamp":"2025-07-25T13:52:12.565501202Z","level":"INFO","message":"HTTP Request","service":"go-barcode-webapp","version":"1.0.0","environment":"development","request_id":"1753451532273852472","method":"GET","path":"/jobs","status_code":200,"duration":"291.646105ms","ip":"10.0.0.11","user_agent":"Mozilla/5.0 (Windows NT 10.0; Win64; x64; rv:141.0) Gecko/20100101 Firefox/141.0","fields":{"bytes_in":0,"bytes_out":27816}}
2025/07/25 15:52:15 Route Debug: GET /api/v1/jobs/1006
2025/07/25 15:52:15 DEBUG: AuthMiddleware: Request URL: /api/v1/jobs/1006
2025/07/25 15:52:15 DEBUG: AuthMiddleware: Found session cookie: f05030aa3e1ef1052f3b9d929b07d1d0b5a202fff40d30d0c87fb08ed8f35b3e for /api/v1/jobs/1006
2025/07/25 15:52:15 Route Debug: GET /api/v1/customers
2025/07/25 15:52:15 DEBUG: AuthMiddleware: Request URL: /api/v1/customers
2025/07/25 15:52:15 DEBUG: AuthMiddleware: Found session cookie: f05030aa3e1ef1052f3b9d929b07d1d0b5a202fff40d30d0c87fb08ed8f35b3e for /api/v1/customers
2025/07/25 15:52:15 Route Debug: GET /statuses
2025/07/25 15:52:15 DEBUG: AuthMiddleware: Request URL: /statuses
2025/07/25 15:52:15 DEBUG: AuthMiddleware: Found session cookie: f05030aa3e1ef1052f3b9d929b07d1d0b5a202fff40d30d0c87fb08ed8f35b3e for /statuses
2025/07/25 15:52:15 DEBUG: AuthMiddleware: Session valid for user: admin (ID: 5) for URL: /api/v1/jobs/1006
2025/07/25 15:52:15 DEBUG: AuthMiddleware: Session valid for user: admin (ID: 5) for URL: /api/v1/customers
2025/07/25 15:52:15 DEBUG: AuthMiddleware: Session valid for user: admin (ID: 5) for URL: /statuses
ðŸ”§ DEBUG JobRepo.GetByID: Loaded job 1006 with description: ''
{"timestamp":"2025-07-25T13:52:15.520293188Z","level":"INFO","message":"HTTP Request","service":"go-barcode-webapp","version":"1.0.0","environment":"development","request_id":"1753451535110200410","method":"GET","path":"/api/v1/customers","status_code":200,"duration":"410.090404ms","ip":"10.0.0.11","user_agent":"Mozilla/5.0 (Windows NT 10.0; Win64; x64; rv:141.0) Gecko/20100101 Firefox/141.0","fields":{"bytes_in":0,"bytes_out":14183}}
{"timestamp":"2025-07-25T13:52:15.585753354Z","level":"INFO","message":"HTTP Request","service":"go-barcode-webapp","version":"1.0.0","environment":"development","request_id":"1753451535114877209","method":"GET","path":"/statuses","status_code":200,"duration":"470.87344ms","ip":"10.0.0.11","user_agent":"Mozilla/5.0 (Windows NT 10.0; Win64; x64; rv:141.0) Gecko/20100101 Firefox/141.0","fields":{"bytes_in":0,"bytes_out":161}}
2025/07/25 15:52:15 SLOW REQUEST: GET /api/v1/jobs/1006 took 549.86585ms (status: 200)
{"timestamp":"2025-07-25T13:52:15.653933023Z","level":"INFO","message":"HTTP Request","service":"go-barcode-webapp","version":"1.0.0","environment":"development","request_id":"1753451535103961692","method":"GET","path":"/api/v1/jobs/1006","status_code":200,"duration":"549.968155ms","ip":"10.0.0.11","user_agent":"Mozilla/5.0 (Windows NT 10.0; Win64; x64; rv:141.0) Gecko/20100101 Firefox/141.0","fields":{"bytes_in":0,"bytes_out":518}}
2025/07/25 15:52:23 Route Debug: PUT /api/v1/jobs/1006
2025/07/25 15:52:23 DEBUG: AuthMiddleware: Request URL: /api/v1/jobs/1006
2025/07/25 15:52:23 DEBUG: AuthMiddleware: Found session cookie: f05030aa3e1ef1052f3b9d929b07d1d0b5a202fff40d30d0c87fb08ed8f35b3e for /api/v1/jobs/1006
2025/07/25 15:52:23 DEBUG: AuthMiddleware: Session valid for user: admin (ID: 5) for URL: /api/v1/jobs/1006
ðŸ”§ DEBUG JobRepo.GetByID: Loaded job 1006 with description: ''
ðŸ”§ DEBUG JobRepo.Update: Saving job ID 1006 with description: 'Abiball BG Dillenburg'
ðŸ”§ DEBUG JobRepo.Update: Success! Rows affected: 1
ðŸ”§ DEBUG JobRepo.Update: Verification - DB now has description: 'Abiball BG Dillenburg'
2025/07/25 15:52:24 SLOW REQUEST: PUT /api/v1/jobs/1006 took 954.701104ms (status: 200)
{"timestamp":"2025-07-25T13:52:24.264879423Z","level":"INFO","message":"HTTP Request","service":"go-barcode-webapp","version":"1.0.0","environment":"development","request_id":"1753451543310061053","method":"PUT","path":"/api/v1/jobs/1006","status_code":200,"duration":"954.813591ms","ip":"10.0.0.11","user_agent":"Mozilla/5.0 (Windows NT 10.0; Win64; x64; rv:141.0) Gecko/20100101 Firefox/141.0","fields":{"bytes_in":168,"bytes_out":529}}
2025/07/25 15:52:24 Route Debug: GET /jobs
2025/07/25 15:52:24 DEBUG: AuthMiddleware: Request URL: /jobs
2025/07/25 15:52:24 DEBUG: AuthMiddleware: Found session cookie: f05030aa3e1ef1052f3b9d929b07d1d0b5a202fff40d30d0c87fb08ed8f35b3e for /jobs
2025/07/25 15:52:24 DEBUG: AuthMiddleware: Session valid for user: admin (ID: 5) for URL: /jobs
DEBUG Job Handler: All query params: map[]
DEBUG Job Handler: Raw search parameter: ''
DEBUG Job Handler: Final params: SearchTerm='', StartDate=<nil>, EndDate=<nil>
DEBUG: Found 2 jobs with search term ''
DEBUG: First job: {JobID:1006 CustomerID:6 StatusID:1001 Description:0xc0009fc4a0 StartDate:2025-07-05 00:00:00 +0200 CEST EndDate:2025-07-06 00:00:00 +0200 CEST Revenue:0 FinalRevenue:0xc000b78c08 CustomerName:BG Dillenburg   StatusName:open DeviceCount:0 TotalRevenue:0}
{"timestamp":"2025-07-25T13:52:24.535618012Z","level":"INFO","message":"HTTP Request","service":"go-barcode-webapp","version":"1.0.0","environment":"development","request_id":"1753451544300708501","method":"GET","path":"/jobs","status_code":200,"duration":"234.906796ms","ip":"10.0.0.11","user_agent":"Mozilla/5.0 (Windows NT 10.0; Win64; x64; rv:141.0) Gecko/20100101 Firefox/141.0","fields":{"bytes_in":0,"bytes_out":27837}}
2025/07/25 15:52:32 Route Debug: GET /
{"timestamp":"2025-07-25T13:52:33.04880721Z","level":"INFO","message":"HTTP Request","service":"go-barcode-webapp","version":"1.0.0","environment":"development","request_id":"1753451552986639354","method":"GET","path":"/","status_code":307,"duration":"62.163518ms","ip":"10.0.0.11","user_agent":"Mozilla/5.0 (Windows NT 10.0; Win64; x64; rv:141.0) Gecko/20100101 Firefox/141.0","fields":{"bytes_in":0,"bytes_out":46}}
2025/07/25 15:52:33 Route Debug: GET /dashboard
2025/07/25 15:52:33 DEBUG: AuthMiddleware: Request URL: /dashboard
2025/07/25 15:52:33 DEBUG: AuthMiddleware: Found session cookie: f05030aa3e1ef1052f3b9d929b07d1d0b5a202fff40d30d0c87fb08ed8f35b3e for /dashboard
2025/07/25 15:52:33 DEBUG: AuthMiddleware: Session valid for user: admin (ID: 5) for URL: /dashboard
{"timestamp":"2025-07-25T13:52:33.505327585Z","level":"INFO","message":"HTTP Request","service":"go-barcode-webapp","version":"1.0.0","environment":"development","request_id":"1753451553061250280","method":"GET","path":"/dashboard","status_code":200,"duration":"444.072165ms","ip":"10.0.0.11","user_agent":"Mozilla/5.0 (Windows NT 10.0; Win64; x64; rv:141.0) Gecko/20100101 Firefox/141.0","fields":{"bytes_in":0,"bytes_out":18336}}
2025/07/25 15:52:36 Route Debug: GET /scan
2025/07/25 15:52:36 DEBUG: AuthMiddleware: Request URL: /scan
2025/07/25 15:52:36 DEBUG: AuthMiddleware: Found session cookie: f05030aa3e1ef1052f3b9d929b07d1d0b5a202fff40d30d0c87fb08ed8f35b3e for /scan
2025/07/25 15:52:37 DEBUG: AuthMiddleware: Session valid for user: admin (ID: 5) for URL: /scan
ðŸ” DEBUG: CountDevicesAssignedToJobs called with targetDate: 2025-07-25
ðŸ” DEBUG: Total devices assigned to jobs on 2025-07-25: 0
2025/07/25 15:52:37 SafeHTML: Rendering template scan_select_job.html with status 200
2025/07/25 15:52:37 SLOW REQUEST: GET /scan took 964.080732ms (status: 200)
{"timestamp":"2025-07-25T13:52:37.829824188Z","level":"INFO","message":"HTTP Request","service":"go-barcode-webapp","version":"1.0.0","environment":"development","request_id":"1753451556865649817","method":"GET","path":"/scan","status_code":200,"duration":"964.170483ms","ip":"10.0.0.11","user_agent":"Mozilla/5.0 (Windows NT 10.0; Win64; x64; rv:141.0) Gecko/20100101 Firefox/141.0","fields":{"bytes_in":0,"bytes_out":17135}}
2025/07/25 15:52:40 Route Debug: GET /scan/1006
2025/07/25 15:52:40 DEBUG: AuthMiddleware: Request URL: /scan/1006
2025/07/25 15:52:40 DEBUG: AuthMiddleware: Found session cookie: f05030aa3e1ef1052f3b9d929b07d1d0b5a202fff40d30d0c87fb08ed8f35b3e for /scan/1006
2025/07/25 15:52:40 DEBUG: AuthMiddleware: Session valid for user: admin (ID: 5) for URL: /scan/1006
ðŸ”§ DEBUG JobRepo.GetByID: Loaded job 1006 with description: 'Abiball BG Dillenburg'
2025/07/25 15:52:41 CaseRepository.List called
2025/07/25 15:52:41 Executing SQL: 
		SELECT 
			c.caseID, 
			c.name, 
			c.description, 
			c.width, 
			c.height, 
			c.depth, 
			c.weight, 
			c.status,
			COALESCE(COUNT(dc.deviceID), 0) as device_count
		FROM cases c 
		LEFT JOIN devicescases dc ON c.caseID = dc.caseID GROUP BY c.caseID ORDER BY c.caseID
2025/07/25 15:52:41 Found 6 cases
2025/07/25 15:52:41 Case 1001 ('4x ETEC E-150 LED Spot') = 4 devices
2025/07/25 15:52:41 Case 1002 ('6x Akku Uplights') = 6 devices
2025/07/25 15:52:41 Case 1003 ('6x Akku Uplights') = 6 devices
2025/07/25 15:52:41 Case 1004 ('Behringer X32') = 1 devices
2025/07/25 15:52:41 Case 1005 ('Showtec Lampy 40 2U') = 1 devices
2025/07/25 15:52:41 Case 1006 ('8x Cameo Thunderwash 600 RGBW') = 8 devices
2025/07/25 15:52:41 Returning 6 cases
2025/07/25 15:52:41 SLOW REQUEST: GET /scan/1006 took 907.238348ms (status: 200)
{"timestamp":"2025-07-25T13:52:41.186274034Z","level":"INFO","message":"HTTP Request","service":"go-barcode-webapp","version":"1.0.0","environment":"development","request_id":"1753451560278892593","method":"GET","path":"/scan/1006","status_code":200,"duration":"907.377363ms","ip":"10.0.0.11","user_agent":"Mozilla/5.0 (Windows NT 10.0; Win64; x64; rv:141.0) Gecko/20100101 Firefox/141.0","fields":{"bytes_in":0,"bytes_out":80285}}
2025/07/25 15:53:07 Route Debug: GET /api/v1/devices/TOP1001
2025/07/25 15:53:07 DEBUG: AuthMiddleware: Request URL: /api/v1/devices/TOP1001
2025/07/25 15:53:07 DEBUG: AuthMiddleware: Found session cookie: f05030aa3e1ef1052f3b9d929b07d1d0b5a202fff40d30d0c87fb08ed8f35b3e for /api/v1/devices/TOP1001
2025/07/25 15:53:07 DEBUG: AuthMiddleware: Session valid for user: admin (ID: 5) for URL: /api/v1/devices/TOP1001
2025/07/25 15:53:07 SLOW REQUEST: GET /api/v1/devices/TOP1001 took 519.001132ms (status: 200)
{"timestamp":"2025-07-25T13:53:07.704162855Z","level":"INFO","message":"HTTP Request","service":"go-barcode-webapp","version":"1.0.0","environment":"development","request_id":"1753451587185050683","method":"GET","path":"/api/v1/devices/TOP1001","status_code":200,"duration":"519.109277ms","ip":"10.0.0.11","user_agent":"Mozilla/5.0 (Windows NT 10.0; Win64; x64; rv:141.0) Gecko/20100101 Firefox/141.0","fields":{"bytes_in":0,"bytes_out":922}}
2025/07/25 15:53:07 POST request to /api/v1/jobs/1006/assign-device with Content-Type: 'application/json'
2025/07/25 15:53:07 Route Debug: POST /api/v1/jobs/1006/assign-device
2025/07/25 15:53:07 DEBUG: AuthMiddleware: Request URL: /api/v1/jobs/1006/assign-device
2025/07/25 15:53:07 DEBUG: AuthMiddleware: Found session cookie: f05030aa3e1ef1052f3b9d929b07d1d0b5a202fff40d30d0c87fb08ed8f35b3e for /api/v1/jobs/1006/assign-device
2025/07/25 15:53:07 DEBUG: AuthMiddleware: Session valid for user: admin (ID: 5) for URL: /api/v1/jobs/1006/assign-device
ðŸ”§ DEBUG JobRepo.GetByID: Loaded job 1006 with description: 'Abiball BG Dillenburg'
2025/07/25 15:53:09 SLOW REQUEST: POST /api/v1/jobs/1006/assign-device took 1.954355736s (status: 200)
{"timestamp":"2025-07-25T13:53:09.673256393Z","level":"INFO","message":"HTTP Request","service":"go-barcode-webapp","version":"1.0.0","environment":"development","request_id":"1753451587718798735","method":"POST","path":"/api/v1/jobs/1006/assign-device","status_code":200,"duration":"1.954455064s","ip":"10.0.0.11","user_agent":"Mozilla/5.0 (Windows NT 10.0; Win64; x64; rv:141.0) Gecko/20100101 Firefox/141.0","fields":{"bytes_in":50,"bytes_out":980}}
2025/07/25 15:53:20 Route Debug: GET /api/v1/devices/TOP1002
2025/07/25 15:53:20 DEBUG: AuthMiddleware: Request URL: /api/v1/devices/TOP1002
2025/07/25 15:53:20 DEBUG: AuthMiddleware: Found session cookie: f05030aa3e1ef1052f3b9d929b07d1d0b5a202fff40d30d0c87fb08ed8f35b3e for /api/v1/devices/TOP1002
2025/07/25 15:53:20 DEBUG: AuthMiddleware: Session valid for user: admin (ID: 5) for URL: /api/v1/devices/TOP1002
2025/07/25 15:53:21 SLOW REQUEST: GET /api/v1/devices/TOP1002 took 646.411143ms (status: 200)
{"timestamp":"2025-07-25T13:53:21.076456249Z","level":"INFO","message":"HTTP Request","service":"go-barcode-webapp","version":"1.0.0","environment":"development","request_id":"1753451600429958711","method":"GET","path":"/api/v1/devices/TOP1002","status_code":200,"duration":"646.494813ms","ip":"10.0.0.11","user_agent":"Mozilla/5.0 (Windows NT 10.0; Win64; x64; rv:141.0) Gecko/20100101 Firefox/141.0","fields":{"bytes_in":0,"bytes_out":922}}
2025/07/25 15:53:21 POST request to /api/v1/jobs/1006/assign-device with Content-Type: 'application/json'
2025/07/25 15:53:21 Route Debug: POST /api/v1/jobs/1006/assign-device
2025/07/25 15:53:21 DEBUG: AuthMiddleware: Request URL: /api/v1/jobs/1006/assign-device
2025/07/25 15:53:21 DEBUG: AuthMiddleware: Found session cookie: f05030aa3e1ef1052f3b9d929b07d1d0b5a202fff40d30d0c87fb08ed8f35b3e for /api/v1/jobs/1006/assign-device
2025/07/25 15:53:21 DEBUG: AuthMiddleware: Session valid for user: admin (ID: 5) for URL: /api/v1/jobs/1006/assign-device
ðŸ”§ DEBUG JobRepo.GetByID: Loaded job 1006 with description: 'Abiball BG Dillenburg'
2025/07/25 15:53:22 SLOW REQUEST: POST /api/v1/jobs/1006/assign-device took 1.64994562s (status: 200)
{"timestamp":"2025-07-25T13:53:22.740780464Z","level":"INFO","message":"HTTP Request","service":"go-barcode-webapp","version":"1.0.0","environment":"development","request_id":"1753451601090736096","method":"POST","path":"/api/v1/jobs/1006/assign-device","status_code":200,"duration":"1.650039379s","ip":"10.0.0.11","user_agent":"Mozilla/5.0 (Windows NT 10.0; Win64; x64; rv:141.0) Gecko/20100101 Firefox/141.0","fields":{"bytes_in":50,"bytes_out":980}}
2025/07/25 15:53:40 Route Debug: GET /api/v1/devices/SUB1001
2025/07/25 15:53:40 DEBUG: AuthMiddleware: Request URL: /api/v1/devices/SUB1001
2025/07/25 15:53:40 DEBUG: AuthMiddleware: Found session cookie: f05030aa3e1ef1052f3b9d929b07d1d0b5a202fff40d30d0c87fb08ed8f35b3e for /api/v1/devices/SUB1001
2025/07/25 15:53:40 DEBUG: AuthMiddleware: Session valid for user: admin (ID: 5) for URL: /api/v1/devices/SUB1001
2025/07/25 15:53:41 SLOW REQUEST: GET /api/v1/devices/SUB1001 took 894.836595ms (status: 200)
{"timestamp":"2025-07-25T13:53:41.53190967Z","level":"INFO","message":"HTTP Request","service":"go-barcode-webapp","version":"1.0.0","environment":"development","request_id":"1753451620636970900","method":"GET","path":"/api/v1/devices/SUB1001","status_code":200,"duration":"894.934723ms","ip":"10.0.0.11","user_agent":"Mozilla/5.0 (Windows NT 10.0; Win64; x64; rv:141.0) Gecko/20100101 Firefox/141.0","fields":{"bytes_in":0,"bytes_out":939}}
2025/07/25 15:53:41 POST request to /api/v1/jobs/1006/assign-device with Content-Type: 'application/json'
2025/07/25 15:53:41 Route Debug: POST /api/v1/jobs/1006/assign-device
2025/07/25 15:53:41 DEBUG: AuthMiddleware: Request URL: /api/v1/jobs/1006/assign-device
2025/07/25 15:53:41 DEBUG: AuthMiddleware: Found session cookie: f05030aa3e1ef1052f3b9d929b07d1d0b5a202fff40d30d0c87fb08ed8f35b3e for /api/v1/jobs/1006/assign-device
2025/07/25 15:53:41 DEBUG: AuthMiddleware: Session valid for user: admin (ID: 5) for URL: /api/v1/jobs/1006/assign-device
2025/07/25 15:53:42 Route Debug: GET /api/v1/devices/SUB1002
2025/07/25 15:53:42 DEBUG: AuthMiddleware: Request URL: /api/v1/devices/SUB1002
2025/07/25 15:53:42 DEBUG: AuthMiddleware: Found session cookie: f05030aa3e1ef1052f3b9d929b07d1d0b5a202fff40d30d0c87fb08ed8f35b3e for /api/v1/devices/SUB1002
2025/07/25 15:53:42 DEBUG: AuthMiddleware: Session valid for user: admin (ID: 5) for URL: /api/v1/devices/SUB1002
ðŸ”§ DEBUG JobRepo.GetByID: Loaded job 1006 with description: 'Abiball BG Dillenburg'
2025/07/25 15:53:43 SLOW REQUEST: GET /api/v1/devices/SUB1002 took 816.106797ms (status: 200)
{"timestamp":"2025-07-25T13:53:43.393071089Z","level":"INFO","message":"HTTP Request","service":"go-barcode-webapp","version":"1.0.0","environment":"development","request_id":"1753451622576867598","method":"GET","path":"/api/v1/devices/SUB1002","status_code":200,"duration":"816.200175ms","ip":"10.0.0.11","user_agent":"Mozilla/5.0 (Windows NT 10.0; Win64; x64; rv:141.0) Gecko/20100101 Firefox/141.0","fields":{"bytes_in":0,"bytes_out":939}}
2025/07/25 15:53:43 POST request to /api/v1/jobs/1006/assign-device with Content-Type: 'application/json'
2025/07/25 15:53:43 Route Debug: POST /api/v1/jobs/1006/assign-device
2025/07/25 15:53:43 DEBUG: AuthMiddleware: Request URL: /api/v1/jobs/1006/assign-device
2025/07/25 15:53:43 DEBUG: AuthMiddleware: Found session cookie: f05030aa3e1ef1052f3b9d929b07d1d0b5a202fff40d30d0c87fb08ed8f35b3e for /api/v1/jobs/1006/assign-device
2025/07/25 15:53:43 DEBUG: AuthMiddleware: Session valid for user: admin (ID: 5) for URL: /api/v1/jobs/1006/assign-device
2025/07/25 15:53:44 SLOW REQUEST: POST /api/v1/jobs/1006/assign-device took 2.553787264s (status: 200)
{"timestamp":"2025-07-25T13:53:44.103912423Z","level":"INFO","message":"HTTP Request","service":"go-barcode-webapp","version":"1.0.0","environment":"development","request_id":"1753451621550030619","method":"POST","path":"/api/v1/jobs/1006/assign-device","status_code":200,"duration":"2.55387899s","ip":"10.0.0.11","user_agent":"Mozilla/5.0 (Windows NT 10.0; Win64; x64; rv:141.0) Gecko/20100101 Firefox/141.0","fields":{"bytes_in":50,"bytes_out":997}}
2025/07/25 15:53:44 Route Debug: GET /api/v1/devices/SUB1003
2025/07/25 15:53:44 DEBUG: AuthMiddleware: Request URL: /api/v1/devices/SUB1003
2025/07/25 15:53:44 DEBUG: AuthMiddleware: Found session cookie: f05030aa3e1ef1052f3b9d929b07d1d0b5a202fff40d30d0c87fb08ed8f35b3e for /api/v1/devices/SUB1003
2025/07/25 15:53:44 DEBUG: AuthMiddleware: Session valid for user: admin (ID: 5) for URL: /api/v1/devices/SUB1003
ðŸ”§ DEBUG JobRepo.GetByID: Loaded job 1006 with description: 'Abiball BG Dillenburg'
2025/07/25 15:53:45 SLOW REQUEST: GET /api/v1/devices/SUB1003 took 840.27026ms (status: 200)
{"timestamp":"2025-07-25T13:53:45.124166451Z","level":"INFO","message":"HTTP Request","service":"go-barcode-webapp","version":"1.0.0","environment":"development","request_id":"1753451624283507761","method":"GET","path":"/api/v1/devices/SUB1003","status_code":200,"duration":"840.654113ms","ip":"10.0.0.11","user_agent":"Mozilla/5.0 (Windows NT 10.0; Win64; x64; rv:141.0) Gecko/20100101 Firefox/141.0","fields":{"bytes_in":0,"bytes_out":939}}
2025/07/25 15:53:45 POST request to /api/v1/jobs/1006/assign-device with Content-Type: 'application/json'
2025/07/25 15:53:45 Route Debug: POST /api/v1/jobs/1006/assign-device
2025/07/25 15:53:45 DEBUG: AuthMiddleware: Request URL: /api/v1/jobs/1006/assign-device
2025/07/25 15:53:45 DEBUG: AuthMiddleware: Found session cookie: f05030aa3e1ef1052f3b9d929b07d1d0b5a202fff40d30d0c87fb08ed8f35b3e for /api/v1/jobs/1006/assign-device
2025/07/25 15:53:45 DEBUG: AuthMiddleware: Session valid for user: admin (ID: 5) for URL: /api/v1/jobs/1006/assign-device
2025/07/25 15:53:45 SLOW REQUEST: POST /api/v1/jobs/1006/assign-device took 2.178841998s (status: 200)
{"timestamp":"2025-07-25T13:53:45.585512487Z","level":"INFO","message":"HTTP Request","service":"go-barcode-webapp","version":"1.0.0","environment":"development","request_id":"1753451623406570458","method":"POST","path":"/api/v1/jobs/1006/assign-device","status_code":200,"duration":"2.178938743s","ip":"10.0.0.11","user_agent":"Mozilla/5.0 (Windows NT 10.0; Win64; x64; rv:141.0) Gecko/20100101 Firefox/141.0","fields":{"bytes_in":50,"bytes_out":997}}
2025/07/25 15:53:46 Route Debug: GET /api/v1/devices/SUB1004
2025/07/25 15:53:46 DEBUG: AuthMiddleware: Request URL: /api/v1/devices/SUB1004
2025/07/25 15:53:46 DEBUG: AuthMiddleware: Found session cookie: f05030aa3e1ef1052f3b9d929b07d1d0b5a202fff40d30d0c87fb08ed8f35b3e for /api/v1/devices/SUB1004
2025/07/25 15:53:46 DEBUG: AuthMiddleware: Session valid for user: admin (ID: 5) for URL: /api/v1/devices/SUB1004
ðŸ”§ DEBUG JobRepo.GetByID: Loaded job 1006 with description: 'Abiball BG Dillenburg'
2025/07/25 15:53:46 SLOW REQUEST: GET /api/v1/devices/SUB1004 took 828.177547ms (status: 200)
{"timestamp":"2025-07-25T13:53:46.842272166Z","level":"INFO","message":"HTTP Request","service":"go-barcode-webapp","version":"1.0.0","environment":"development","request_id":"1753451626013988057","method":"GET","path":"/api/v1/devices/SUB1004","status_code":200,"duration":"828.279932ms","ip":"10.0.0.11","user_agent":"Mozilla/5.0 (Windows NT 10.0; Win64; x64; rv:141.0) Gecko/20100101 Firefox/141.0","fields":{"bytes_in":0,"bytes_out":939}}
2025/07/25 15:53:46 POST request to /api/v1/jobs/1006/assign-device with Content-Type: 'application/json'
2025/07/25 15:53:46 Route Debug: POST /api/v1/jobs/1006/assign-device
2025/07/25 15:53:46 DEBUG: AuthMiddleware: Request URL: /api/v1/jobs/1006/assign-device
2025/07/25 15:53:46 DEBUG: AuthMiddleware: Found session cookie: f05030aa3e1ef1052f3b9d929b07d1d0b5a202fff40d30d0c87fb08ed8f35b3e for /api/v1/jobs/1006/assign-device
2025/07/25 15:53:47 DEBUG: AuthMiddleware: Session valid for user: admin (ID: 5) for URL: /api/v1/jobs/1006/assign-device
2025/07/25 15:53:47 SLOW REQUEST: POST /api/v1/jobs/1006/assign-device took 2.430185363s (status: 200)
{"timestamp":"2025-07-25T13:53:47.567688261Z","level":"INFO","message":"HTTP Request","service":"go-barcode-webapp","version":"1.0.0","environment":"development","request_id":"1753451625137410110","method":"POST","path":"/api/v1/jobs/1006/assign-device","status_code":200,"duration":"2.430275937s","ip":"10.0.0.11","user_agent":"Mozilla/5.0 (Windows NT 10.0; Win64; x64; rv:141.0) Gecko/20100101 Firefox/141.0","fields":{"bytes_in":50,"bytes_out":997}}
ðŸ”§ DEBUG JobRepo.GetByID: Loaded job 1006 with description: 'Abiball BG Dillenburg'
2025/07/25 15:53:50 SLOW REQUEST: POST /api/v1/jobs/1006/assign-device took 3.273387641s (status: 200)
{"timestamp":"2025-07-25T13:53:50.129060252Z","level":"INFO","message":"HTTP Request","service":"go-barcode-webapp","version":"1.0.0","environment":"development","request_id":"1753451626855577405","method":"POST","path":"/api/v1/jobs/1006/assign-device","status_code":200,"duration":"3.273479438s","ip":"10.0.0.11","user_agent":"Mozilla/5.0 (Windows NT 10.0; Win64; x64; rv:141.0) Gecko/20100101 Firefox/141.0","fields":{"bytes_in":50,"bytes_out":997}}
2025/07/25 15:53:53 Route Debug: GET /api/v1/devices/TOP2001
2025/07/25 15:53:53 DEBUG: AuthMiddleware: Request URL: /api/v1/devices/TOP2001
2025/07/25 15:53:53 DEBUG: AuthMiddleware: Found session cookie: f05030aa3e1ef1052f3b9d929b07d1d0b5a202fff40d30d0c87fb08ed8f35b3e for /api/v1/devices/TOP2001
2025/07/25 15:53:53 DEBUG: AuthMiddleware: Session valid for user: admin (ID: 5) for URL: /api/v1/devices/TOP2001
2025/07/25 15:53:54 SLOW REQUEST: GET /api/v1/devices/TOP2001 took 775.549658ms (status: 200)
{"timestamp":"2025-07-25T13:53:54.176757671Z","level":"INFO","message":"HTTP Request","service":"go-barcode-webapp","version":"1.0.0","environment":"development","request_id":"1753451633401063544","method":"GET","path":"/api/v1/devices/TOP2001","status_code":200,"duration":"775.689492ms","ip":"10.0.0.11","user_agent":"Mozilla/5.0 (Windows NT 10.0; Win64; x64; rv:141.0) Gecko/20100101 Firefox/141.0","fields":{"bytes_in":0,"bytes_out":945}}
2025/07/25 15:53:54 POST request to /api/v1/jobs/1006/assign-device with Content-Type: 'application/json'
2025/07/25 15:53:54 Route Debug: POST /api/v1/jobs/1006/assign-device
2025/07/25 15:53:54 DEBUG: AuthMiddleware: Request URL: /api/v1/jobs/1006/assign-device
2025/07/25 15:53:54 DEBUG: AuthMiddleware: Found session cookie: f05030aa3e1ef1052f3b9d929b07d1d0b5a202fff40d30d0c87fb08ed8f35b3e for /api/v1/jobs/1006/assign-device
2025/07/25 15:53:54 DEBUG: AuthMiddleware: Session valid for user: admin (ID: 5) for URL: /api/v1/jobs/1006/assign-device
2025/07/25 15:53:55 Route Debug: GET /api/v1/devices/TOP2002
2025/07/25 15:53:55 DEBUG: AuthMiddleware: Request URL: /api/v1/devices/TOP2002
2025/07/25 15:53:55 DEBUG: AuthMiddleware: Found session cookie: f05030aa3e1ef1052f3b9d929b07d1d0b5a202fff40d30d0c87fb08ed8f35b3e for /api/v1/devices/TOP2002
2025/07/25 15:53:55 DEBUG: AuthMiddleware: Session valid for user: admin (ID: 5) for URL: /api/v1/devices/TOP2002
2025/07/25 15:53:56 SLOW REQUEST: GET /api/v1/devices/TOP2002 took 838.688475ms (status: 200)
{"timestamp":"2025-07-25T13:53:56.0545253Z","level":"INFO","message":"HTTP Request","service":"go-barcode-webapp","version":"1.0.0","environment":"development","request_id":"1753451635215741366","method":"GET","path":"/api/v1/devices/TOP2002","status_code":200,"duration":"838.780466ms","ip":"10.0.0.11","user_agent":"Mozilla/5.0 (Windows NT 10.0; Win64; x64; rv:141.0) Gecko/20100101 Firefox/141.0","fields":{"bytes_in":0,"bytes_out":945}}
2025/07/25 15:53:56 POST request to /api/v1/jobs/1006/assign-device with Content-Type: 'application/json'
2025/07/25 15:53:56 Route Debug: POST /api/v1/jobs/1006/assign-device
2025/07/25 15:53:56 DEBUG: AuthMiddleware: Request URL: /api/v1/jobs/1006/assign-device
2025/07/25 15:53:56 DEBUG: AuthMiddleware: Found session cookie: f05030aa3e1ef1052f3b9d929b07d1d0b5a202fff40d30d0c87fb08ed8f35b3e for /api/v1/jobs/1006/assign-device
ðŸ”§ DEBUG JobRepo.GetByID: Loaded job 1006 with description: 'Abiball BG Dillenburg'
2025/07/25 15:53:56 DEBUG: AuthMiddleware: Session valid for user: admin (ID: 5) for URL: /api/v1/jobs/1006/assign-device
2025/07/25 15:53:57 SLOW REQUEST: POST /api/v1/jobs/1006/assign-device took 3.338934485s (status: 200)
{"timestamp":"2025-07-25T13:53:57.531955645Z","level":"INFO","message":"HTTP Request","service":"go-barcode-webapp","version":"1.0.0","environment":"development","request_id":"1753451634192913173","method":"POST","path":"/api/v1/jobs/1006/assign-device","status_code":200,"duration":"3.339038642s","ip":"10.0.0.11","user_agent":"Mozilla/5.0 (Windows NT 10.0; Win64; x64; rv:141.0) Gecko/20100101 Firefox/141.0","fields":{"bytes_in":50,"bytes_out":1003}}
ðŸ”§ DEBUG JobRepo.GetByID: Loaded job 1006 with description: 'Abiball BG Dillenburg'
2025/07/25 15:53:59 SLOW REQUEST: POST /api/v1/jobs/1006/assign-device took 3.319370373s (status: 200)
{"timestamp":"2025-07-25T13:53:59.414002002Z","level":"INFO","message":"HTTP Request","service":"go-barcode-webapp","version":"1.0.0","environment":"development","request_id":"1753451636094541479","method":"POST","path":"/api/v1/jobs/1006/assign-device","status_code":200,"duration":"3.319457154s","ip":"10.0.0.11","user_agent":"Mozilla/5.0 (Windows NT 10.0; Win64; x64; rv:141.0) Gecko/20100101 Firefox/141.0","fields":{"bytes_in":50,"bytes_out":1003}}
2025/07/25 15:54:10 Route Debug: GET /devices
2025/07/25 15:54:10 DEBUG: AuthMiddleware: Request URL: /devices
2025/07/25 15:54:10 DEBUG: AuthMiddleware: Found session cookie: f05030aa3e1ef1052f3b9d929b07d1d0b5a202fff40d30d0c87fb08ed8f35b3e for /devices
2025/07/25 15:54:10 DEBUG: AuthMiddleware: Session valid for user: admin (ID: 5) for URL: /devices
2025/07/25 15:54:10 ðŸš€ DeviceHandler.ListDevices() started
2025/07/25 15:54:10 ðŸ› DEBUG: Device view requested: viewType='list', URL: /devices?view=list&search=GLX
2025/07/25 15:54:11 â±ï¸  Database query took: 585.941373ms
2025/07/25 15:54:11 ðŸ“‹ LIST VIEW: Rendering list view template
2025/07/25 15:54:11 SafeHTML: Rendering template devices_standalone.html with status 200
2025/07/25 15:54:11 â±ï¸  Template rendering took: 12.756404ms
2025/07/25 15:54:11 ðŸ DeviceHandler.ListDevices() completed in 652.078478ms
2025/07/25 15:54:11 SLOW REQUEST: GET /devices took 906.811031ms (status: 200)
{"timestamp":"2025-07-25T13:54:11.303528303Z","level":"INFO","message":"HTTP Request","service":"go-barcode-webapp","version":"1.0.0","environment":"development","request_id":"1753451650396603382","method":"GET","path":"/devices","status_code":200,"duration":"906.922347ms","ip":"10.0.0.11","user_agent":"Mozilla/5.0 (Windows NT 10.0; Win64; x64; rv:141.0) Gecko/20100101 Firefox/141.0","fields":{"bytes_in":0,"bytes_out":26882}}
2025/07/25 15:54:20 Route Debug: GET /api/v1/devices/MIC5001
2025/07/25 15:54:20 DEBUG: AuthMiddleware: Request URL: /api/v1/devices/MIC5001
2025/07/25 15:54:20 DEBUG: AuthMiddleware: Found session cookie: f05030aa3e1ef1052f3b9d929b07d1d0b5a202fff40d30d0c87fb08ed8f35b3e for /api/v1/devices/MIC5001
2025/07/25 15:54:20 DEBUG: AuthMiddleware: Session valid for user: admin (ID: 5) for URL: /api/v1/devices/MIC5001
2025/07/25 15:54:20 SLOW REQUEST: GET /api/v1/devices/MIC5001 took 824.436153ms (status: 200)
{"timestamp":"2025-07-25T13:54:20.874850598Z","level":"INFO","message":"HTTP Request","service":"go-barcode-webapp","version":"1.0.0","environment":"development","request_id":"1753451660050247973","method":"GET","path":"/api/v1/devices/MIC5001","status_code":200,"duration":"824.592306ms","ip":"10.0.0.11","user_agent":"Mozilla/5.0 (Windows NT 10.0; Win64; x64; rv:141.0) Gecko/20100101 Firefox/141.0","fields":{"bytes_in":0,"bytes_out":762}}
2025/07/25 15:54:21 POST request to /api/v1/jobs/1006/assign-device with Content-Type: 'application/json'
2025/07/25 15:54:21 Route Debug: POST /api/v1/jobs/1006/assign-device
2025/07/25 15:54:21 DEBUG: AuthMiddleware: Request URL: /api/v1/jobs/1006/assign-device
2025/07/25 15:54:21 DEBUG: AuthMiddleware: Found session cookie: f05030aa3e1ef1052f3b9d929b07d1d0b5a202fff40d30d0c87fb08ed8f35b3e for /api/v1/jobs/1006/assign-device
2025/07/25 15:54:21 DEBUG: AuthMiddleware: Session valid for user: admin (ID: 5) for URL: /api/v1/jobs/1006/assign-device
2025/07/25 15:54:22 Route Debug: GET /api/v1/devices/MIC5002
2025/07/25 15:54:22 DEBUG: AuthMiddleware: Request URL: /api/v1/devices/MIC5002
2025/07/25 15:54:22 DEBUG: AuthMiddleware: Found session cookie: f05030aa3e1ef1052f3b9d929b07d1d0b5a202fff40d30d0c87fb08ed8f35b3e for /api/v1/devices/MIC5002
ðŸ”§ DEBUG JobRepo.GetByID: Loaded job 1006 with description: 'Abiball BG Dillenburg'
2025/07/25 15:54:22 DEBUG: AuthMiddleware: Session valid for user: admin (ID: 5) for URL: /api/v1/devices/MIC5002
{"timestamp":"2025-07-25T13:54:23.017012844Z","level":"INFO","message":"HTTP Request","service":"go-barcode-webapp","version":"1.0.0","environment":"development","request_id":"1753451662605282482","method":"GET","path":"/api/v1/devices/MIC5002","status_code":404,"duration":"411.727907ms","ip":"10.0.0.11","user_agent":"Mozilla/5.0 (Windows NT 10.0; Win64; x64; rv:141.0) Gecko/20100101 Firefox/141.0","fields":{"bytes_in":0,"bytes_out":28}}
2025/07/25 15:54:24 SLOW REQUEST: POST /api/v1/jobs/1006/assign-device took 3.388459155s (status: 200)
{"timestamp":"2025-07-25T13:54:24.421797691Z","level":"INFO","message":"HTTP Request","service":"go-barcode-webapp","version":"1.0.0","environment":"development","request_id":"1753451661033253070","method":"POST","path":"/api/v1/jobs/1006/assign-device","status_code":200,"duration":"3.388542077s","ip":"10.0.0.11","user_agent":"Mozilla/5.0 (Windows NT 10.0; Win64; x64; rv:141.0) Gecko/20100101 Firefox/141.0","fields":{"bytes_in":50,"bytes_out":820}}
DEBUG: Cleaned up 2 expired sessions
DEBUG: Cleaned up 1 expired sessions
2025/07/25 19:48:41 Route Debug: GET /devices
2025/07/25 19:48:41 DEBUG: AuthMiddleware: Request URL: /devices
2025/07/25 19:48:41 DEBUG: AuthMiddleware: No session cookie found for /devices, redirecting to /login
{"timestamp":"2025-07-25T17:48:41.704587198Z","level":"INFO","message":"HTTP Request","service":"go-barcode-webapp","version":"1.0.0","environment":"development","request_id":"1753465721670030402","method":"GET","path":"/devices","status_code":303,"duration":"34.552508ms","ip":"10.0.0.11","user_agent":"Mozilla/5.0 (Windows NT 10.0; Win64; x64; rv:141.0) Gecko/20100101 Firefox/141.0","fields":{"bytes_in":0,"bytes_out":33}}
2025/07/25 19:48:41 Route Debug: GET /login
{"timestamp":"2025-07-25T17:48:41.773747212Z","level":"INFO","message":"HTTP Request","service":"go-barcode-webapp","version":"1.0.0","environment":"development","request_id":"1753465721727143977","method":"GET","path":"/login","status_code":200,"duration":"46.59997ms","ip":"10.0.0.11","user_agent":"Mozilla/5.0 (Windows NT 10.0; Win64; x64; rv:141.0) Gecko/20100101 Firefox/141.0","fields":{"bytes_in":0,"bytes_out":9726}}
2025/07/25 19:48:41 Route Debug: GET /static/css/rental-core-design.css
2025/07/25 19:48:45 POST request to /login with Content-Type: 'application/x-www-form-urlencoded'
2025/07/25 19:48:45 Form _method parameter: ''
2025/07/25 19:48:45 Route Debug: POST /login
DEBUG: Creating session for user admin (ID: 5)
DEBUG: Login successful, session created: d2afaeece8feff98dca34a6a67ccd00d1974e171e5a3b08964bd72364da71a9d
2025/07/25 19:48:46 SLOW REQUEST: POST /login took 1.177801288s (status: 303)
{"timestamp":"2025-07-25T17:48:46.400530945Z","level":"INFO","message":"HTTP Request","service":"go-barcode-webapp","version":"1.0.0","environment":"development","request_id":"1753465725222611725","method":"POST","path":"/login","status_code":303,"duration":"1.177916824s","ip":"10.0.0.11","user_agent":"Mozilla/5.0 (Windows NT 10.0; Win64; x64; rv:141.0) Gecko/20100101 Firefox/141.0","fields":{"bytes_in":35,"bytes_out":-1}}
2025/07/25 19:48:46 Route Debug: GET /
{"timestamp":"2025-07-25T17:48:46.456631941Z","level":"INFO","message":"HTTP Request","service":"go-barcode-webapp","version":"1.0.0","environment":"development","request_id":"1753465726422126509","method":"GET","path":"/","status_code":307,"duration":"34.503506ms","ip":"10.0.0.11","user_agent":"Mozilla/5.0 (Windows NT 10.0; Win64; x64; rv:141.0) Gecko/20100101 Firefox/141.0","fields":{"bytes_in":0,"bytes_out":46}}
2025/07/25 19:48:46 Route Debug: GET /dashboard
2025/07/25 19:48:46 DEBUG: AuthMiddleware: Request URL: /dashboard
2025/07/25 19:48:46 DEBUG: AuthMiddleware: Found session cookie: d2afaeece8feff98dca34a6a67ccd00d1974e171e5a3b08964bd72364da71a9d for /dashboard
2025/07/25 19:48:46 DEBUG: AuthMiddleware: Session valid for user: admin (ID: 5) for URL: /dashboard
{"timestamp":"2025-07-25T17:48:46.705141946Z","level":"INFO","message":"HTTP Request","service":"go-barcode-webapp","version":"1.0.0","environment":"development","request_id":"1753465726474168664","method":"GET","path":"/dashboard","status_code":200,"duration":"230.969903ms","ip":"10.0.0.11","user_agent":"Mozilla/5.0 (Windows NT 10.0; Win64; x64; rv:141.0) Gecko/20100101 Firefox/141.0","fields":{"bytes_in":0,"bytes_out":18336}}
2025/07/25 19:48:46 Route Debug: GET /static/js/rental-core-design.js
2025/07/25 19:48:48 Route Debug: GET /devices
2025/07/25 19:48:48 DEBUG: AuthMiddleware: Request URL: /devices
2025/07/25 19:48:48 DEBUG: AuthMiddleware: Found session cookie: d2afaeece8feff98dca34a6a67ccd00d1974e171e5a3b08964bd72364da71a9d for /devices
2025/07/25 19:48:48 DEBUG: AuthMiddleware: Session valid for user: admin (ID: 5) for URL: /devices
2025/07/25 19:48:48 ðŸš€ DeviceHandler.ListDevices() started
2025/07/25 19:48:48 ðŸ› DEBUG: Device view requested: viewType='list', URL: /devices
2025/07/25 19:48:48 â±ï¸  Database query took: 189.066819ms
2025/07/25 19:48:48 ðŸ’¾ Cached 20 devices
2025/07/25 19:48:48 ðŸ“‹ LIST VIEW: Rendering list view template
2025/07/25 19:48:48 SafeHTML: Rendering template devices_standalone.html with status 200
2025/07/25 19:48:48 â±ï¸  Template rendering took: 15.666786ms
2025/07/25 19:48:48 ðŸ DeviceHandler.ListDevices() completed in 221.507866ms
{"timestamp":"2025-07-25T17:48:48.660060293Z","level":"INFO","message":"HTTP Request","service":"go-barcode-webapp","version":"1.0.0","environment":"development","request_id":"1753465728334966678","method":"GET","path":"/devices","status_code":200,"duration":"325.090516ms","ip":"10.0.0.11","user_agent":"Mozilla/5.0 (Windows NT 10.0; Win64; x64; rv:141.0) Gecko/20100101 Firefox/141.0","fields":{"bytes_in":0,"bytes_out":56385}}
2025/07/25 19:48:57 Route Debug: GET /devices
2025/07/25 19:48:57 DEBUG: AuthMiddleware: Request URL: /devices
2025/07/25 19:48:57 DEBUG: AuthMiddleware: Found session cookie: d2afaeece8feff98dca34a6a67ccd00d1974e171e5a3b08964bd72364da71a9d for /devices
2025/07/25 19:48:57 DEBUG: AuthMiddleware: Session valid for user: admin (ID: 5) for URL: /devices
2025/07/25 19:48:57 ðŸš€ DeviceHandler.ListDevices() started
2025/07/25 19:48:57 ðŸ› DEBUG: Device view requested: viewType='list', URL: /devices
2025/07/25 19:48:57 âš¡ Using cached devices (20 items)
2025/07/25 19:48:57 ðŸ“‹ LIST VIEW: Rendering list view template
2025/07/25 19:48:57 SafeHTML: Rendering template devices_standalone.html with status 200
2025/07/25 19:48:57 â±ï¸  Template rendering took: 10.250827ms
2025/07/25 19:48:57 ðŸ DeviceHandler.ListDevices() completed in 27.15708ms
{"timestamp":"2025-07-25T17:48:57.991798183Z","level":"INFO","message":"HTTP Request","service":"go-barcode-webapp","version":"1.0.0","environment":"development","request_id":"1753465737862581341","method":"GET","path":"/devices","status_code":200,"duration":"129.214707ms","ip":"10.0.0.11","user_agent":"Mozilla/5.0 (Windows NT 10.0; Win64; x64; rv:141.0) Gecko/20100101 Firefox/141.0","fields":{"bytes_in":0,"bytes_out":56385}}
