2025/07/24 09:25:51 Database connection established successfully
2025/07/24 09:25:51 GoBD compliance table migration disabled
2025/07/24 09:25:51 Database auto-migration disabled - using manual schema management
2025/07/24 09:25:52 Templates already exist (1), skipping default template creation
[GIN-debug] [WARNING] Running in "debug" mode. Switch to "release" mode in production.
 - using env:	export GIN_MODE=release
 - using code:	gin.SetMode(gin.ReleaseMode)

[GIN-debug] Loaded HTML Templates (63): 
	- equipment_package_detail.html
	- transaction_detail.html
	- user_form.html
	- device_detail.html
	- search_results.html
	- cables_standalone.html
	- equipment_packages_standalone.html
	- financial_dashboard.html
	- documents_list.html
	- navbar.html
	- security_roles_standalone.html
	- error_page.html
	- cable_form.html
	- case_detail.html
	- css
	- case_form.html
	- login.html
	- monitoring_dashboard.html
	- content
	- base.html
	- js
	- bulk_operations.html
	- company_settings.html
	- customers.html
	- invoice_template_designer.html
	- job_form.html
	- 
	- home.html
	- invoice_detail.html
	- invoice_form.html
	- users_list.html
	- device_form.html
	- case_device_mapping.html
	- customer_form.html
	- invoices_content.html
	- invoices_list.html
	- jobs.html
	- analytics_dashboard.html
	- invoice_templates_list.html
	- scan_select_job.html
	- transactions_list.html
	- invoice_settings_form.html
	- invoice_template_german.html
	- products_standalone.html
	- transaction_form.html
	- invoice_template_designer_basic.html
	- error_standalone.html
	- signature_form.html
	- document_upload_form.html
	- user_detail.html
	- mobile_scanner.html
	- devices_standalone.html
	- error.html
	- financial_reports.html
	- invoice_preview.html
	- scan_job.html
	- customer_detail.html
	- security_audit.html
	- equipment_package_form.html
	- invoices-content
	- job_detail.html
	- profile_settings.html
	- cases_list.html

[GIN-debug] GET    /static/*filepath         --> github.com/gin-gonic/gin.(*RouterGroup).createStaticHandler.func1 (8 handlers)
[GIN-debug] HEAD   /static/*filepath         --> github.com/gin-gonic/gin.(*RouterGroup).createStaticHandler.func1 (8 handlers)
[GIN-debug] GET    /uploads/*filepath        --> github.com/gin-gonic/gin.(*RouterGroup).createStaticHandler.func1 (8 handlers)
[GIN-debug] HEAD   /uploads/*filepath        --> github.com/gin-gonic/gin.(*RouterGroup).createStaticHandler.func1 (8 handlers)
[GIN-debug] GET    /sw.js                    --> main.main.func24 (9 handlers)
[GIN-debug] GET    /manifest.json            --> main.main.func25 (9 handlers)
[GIN-debug] GET    /                         --> main.setupRoutes.func1 (9 handlers)
[GIN-debug] GET    /login                    --> go-barcode-webapp/internal/handlers.(*AuthHandler).LoginForm-fm (9 handlers)
[GIN-debug] POST   /login                    --> go-barcode-webapp/internal/handlers.(*AuthHandler).Login-fm (9 handlers)
[GIN-debug] GET    /logout                   --> go-barcode-webapp/internal/handlers.(*AuthHandler).Logout-fm (9 handlers)
[GIN-debug] GET    /debug/invoice-test       --> main.setupRoutes.func2 (9 handlers)
[GIN-debug] GET    /debug/customer-selection --> main.setupRoutes.func3 (9 handlers)
[GIN-debug] GET    /debug/routes             --> main.setupRoutes.func4 (9 handlers)
[GIN-debug] GET    /dashboard                --> go-barcode-webapp/internal/handlers.(*HomeHandler).Dashboard-fm (10 handlers)
[GIN-debug] GET    /jobs                     --> go-barcode-webapp/internal/handlers.(*JobHandler).ListJobs-fm (10 handlers)
[GIN-debug] GET    /jobs/new                 --> go-barcode-webapp/internal/handlers.(*JobHandler).NewJobForm-fm (10 handlers)
[GIN-debug] POST   /jobs                     --> go-barcode-webapp/internal/handlers.(*JobHandler).CreateJob-fm (10 handlers)
[GIN-debug] GET    /jobs/:id                 --> go-barcode-webapp/internal/handlers.(*JobHandler).GetJob-fm (10 handlers)
[GIN-debug] GET    /jobs/:id/edit            --> go-barcode-webapp/internal/handlers.(*JobHandler).EditJobForm-fm (10 handlers)
[GIN-debug] PUT    /jobs/:id                 --> go-barcode-webapp/internal/handlers.(*JobHandler).UpdateJob-fm (10 handlers)
[GIN-debug] POST   /jobs/:id/update          --> go-barcode-webapp/internal/handlers.(*JobHandler).UpdateJob-fm (10 handlers)
[GIN-debug] DELETE /jobs/:id                 --> go-barcode-webapp/internal/handlers.(*JobHandler).DeleteJob-fm (10 handlers)
[GIN-debug] GET    /jobs/:id/devices         --> go-barcode-webapp/internal/handlers.(*JobHandler).GetJobDevices-fm (10 handlers)
[GIN-debug] POST   /jobs/:id/devices         --> go-barcode-webapp/internal/handlers.(*JobHandler).AssignDevice-fm (10 handlers)
[GIN-debug] DELETE /jobs/:id/devices/:deviceId --> go-barcode-webapp/internal/handlers.(*JobHandler).RemoveDevice-fm (10 handlers)
[GIN-debug] POST   /jobs/:id/bulk-scan       --> go-barcode-webapp/internal/handlers.(*JobHandler).BulkScanDevices-fm (10 handlers)
[GIN-debug] GET    /devices                  --> go-barcode-webapp/internal/handlers.(*DeviceHandler).ListDevices-fm (10 handlers)
[GIN-debug] GET    /devices/new              --> go-barcode-webapp/internal/handlers.(*DeviceHandler).NewDeviceForm-fm (10 handlers)
[GIN-debug] POST   /devices                  --> go-barcode-webapp/internal/handlers.(*DeviceHandler).CreateDevice-fm (10 handlers)
[GIN-debug] GET    /devices/:id              --> go-barcode-webapp/internal/handlers.(*DeviceHandler).GetDevice-fm (10 handlers)
[GIN-debug] GET    /devices/:id/edit         --> go-barcode-webapp/internal/handlers.(*DeviceHandler).EditDeviceForm-fm (10 handlers)
[GIN-debug] PUT    /devices/:id              --> go-barcode-webapp/internal/handlers.(*DeviceHandler).UpdateDevice-fm (10 handlers)
[GIN-debug] DELETE /devices/:id              --> go-barcode-webapp/internal/handlers.(*DeviceHandler).DeleteDevice-fm (10 handlers)
[GIN-debug] GET    /devices/:id/qr           --> go-barcode-webapp/internal/handlers.(*DeviceHandler).GetDeviceQR-fm (10 handlers)
[GIN-debug] GET    /devices/:id/barcode      --> go-barcode-webapp/internal/handlers.(*DeviceHandler).GetDeviceBarcode-fm (10 handlers)
[GIN-debug] GET    /devices/:id/stats        --> go-barcode-webapp/internal/handlers.(*DeviceHandler).GetDeviceStatsAPI-fm (10 handlers)
[GIN-debug] GET    /devices/available        --> go-barcode-webapp/internal/handlers.(*DeviceHandler).GetAvailableDevices-fm (10 handlers)
[GIN-debug] GET    /products                 --> go-barcode-webapp/internal/handlers.(*ProductHandler).ListProductsWeb-fm (10 handlers)
[GIN-debug] GET    /products/new             --> go-barcode-webapp/internal/handlers.(*ProductHandler).NewProductForm-fm (10 handlers)
[GIN-debug] GET    /cables                   --> go-barcode-webapp/internal/handlers.(*CableHandler).ListCablesWeb-fm (10 handlers)
[GIN-debug] GET    /cables/new               --> go-barcode-webapp/internal/handlers.(*CableHandler).NewCableForm-fm (10 handlers)
[GIN-debug] POST   /cables                   --> go-barcode-webapp/internal/handlers.(*CableHandler).CreateCable-fm (10 handlers)
[GIN-debug] GET    /customers                --> go-barcode-webapp/internal/handlers.(*CustomerHandler).ListCustomers-fm (10 handlers)
[GIN-debug] GET    /customers/new            --> go-barcode-webapp/internal/handlers.(*CustomerHandler).NewCustomerForm-fm (10 handlers)
[GIN-debug] POST   /customers                --> go-barcode-webapp/internal/handlers.(*CustomerHandler).CreateCustomer-fm (10 handlers)
[GIN-debug] GET    /customers/:id            --> go-barcode-webapp/internal/handlers.(*CustomerHandler).GetCustomer-fm (10 handlers)
[GIN-debug] GET    /customers/:id/edit       --> go-barcode-webapp/internal/handlers.(*CustomerHandler).EditCustomerForm-fm (10 handlers)
[GIN-debug] PUT    /customers/:id            --> go-barcode-webapp/internal/handlers.(*CustomerHandler).UpdateCustomer-fm (10 handlers)
[GIN-debug] DELETE /customers/:id            --> go-barcode-webapp/internal/handlers.(*CustomerHandler).DeleteCustomer-fm (10 handlers)
[GIN-debug] GET    /statuses                 --> go-barcode-webapp/internal/handlers.(*StatusHandler).ListStatuses-fm (10 handlers)
[GIN-debug] GET    /cases                    --> go-barcode-webapp/internal/handlers.(*CaseHandler).ListCases-fm (10 handlers)
[GIN-debug] GET    /cases/new                --> go-barcode-webapp/internal/handlers.(*CaseHandler).NewCaseForm-fm (10 handlers)
[GIN-debug] POST   /cases                    --> go-barcode-webapp/internal/handlers.(*CaseHandler).CreateCase-fm (10 handlers)
[GIN-debug] GET    /cases/:id                --> go-barcode-webapp/internal/handlers.(*CaseHandler).GetCase-fm (10 handlers)
[GIN-debug] GET    /cases/:id/edit           --> go-barcode-webapp/internal/handlers.(*CaseHandler).EditCaseForm-fm (10 handlers)
[GIN-debug] PUT    /cases/:id                --> go-barcode-webapp/internal/handlers.(*CaseHandler).UpdateCase-fm (10 handlers)
[GIN-debug] DELETE /cases/:id                --> go-barcode-webapp/internal/handlers.(*CaseHandler).DeleteCase-fm (10 handlers)
[GIN-debug] GET    /cases/:id/devices        --> go-barcode-webapp/internal/handlers.(*CaseHandler).CaseDeviceMapping-fm (10 handlers)
[GIN-debug] POST   /cases/:id/devices        --> go-barcode-webapp/internal/handlers.(*CaseHandler).ScanDeviceToCase-fm (10 handlers)
[GIN-debug] DELETE /cases/:id/devices/:deviceId --> go-barcode-webapp/internal/handlers.(*CaseHandler).RemoveDeviceFromCase-fm (10 handlers)
[GIN-debug] GET    /barcodes/device/:serialNo/qr --> go-barcode-webapp/internal/handlers.(*BarcodeHandler).GenerateDeviceQR-fm (10 handlers)
[GIN-debug] GET    /barcodes/device/:serialNo/barcode --> go-barcode-webapp/internal/handlers.(*BarcodeHandler).GenerateDeviceBarcode-fm (10 handlers)
[GIN-debug] GET    /scan                     --> go-barcode-webapp/internal/handlers.(*ScannerHandler).ScanJobSelection-fm (10 handlers)
[GIN-debug] GET    /scan/select              --> go-barcode-webapp/internal/handlers.(*ScannerHandler).ScanJobSelection-fm (10 handlers)
[GIN-debug] GET    /scan/:jobId              --> go-barcode-webapp/internal/handlers.(*ScannerHandler).ScanJob-fm (10 handlers)
[GIN-debug] POST   /scan/:jobId/assign       --> go-barcode-webapp/internal/handlers.(*ScannerHandler).ScanDevice-fm (10 handlers)
[GIN-debug] DELETE /scan/:jobId/devices/:deviceId --> go-barcode-webapp/internal/handlers.(*ScannerHandler).RemoveDevice-fm (10 handlers)
[GIN-debug] GET    /analytics                --> go-barcode-webapp/internal/handlers.(*AnalyticsHandler).Dashboard-fm (10 handlers)
[GIN-debug] GET    /analytics/revenue        --> go-barcode-webapp/internal/handlers.(*AnalyticsHandler).GetRevenueAPI-fm (10 handlers)
[GIN-debug] GET    /analytics/equipment      --> go-barcode-webapp/internal/handlers.(*AnalyticsHandler).GetEquipmentAPI-fm (10 handlers)
[GIN-debug] GET    /analytics/export         --> go-barcode-webapp/internal/handlers.(*AnalyticsHandler).ExportAnalytics-fm (10 handlers)
[GIN-debug] GET    /search/global            --> go-barcode-webapp/internal/handlers.(*SearchHandler).GlobalSearch-fm (10 handlers)
[GIN-debug] POST   /search/advanced          --> go-barcode-webapp/internal/handlers.(*SearchHandler).AdvancedSearch-fm (10 handlers)
[GIN-debug] GET    /search/suggestions       --> go-barcode-webapp/internal/handlers.(*SearchHandler).SearchSuggestions-fm (10 handlers)
[GIN-debug] GET    /search/saved             --> go-barcode-webapp/internal/handlers.(*SearchHandler).SavedSearches-fm (10 handlers)
[GIN-debug] DELETE /search/saved/:id         --> go-barcode-webapp/internal/handlers.(*SearchHandler).DeleteSavedSearch-fm (10 handlers)
[GIN-debug] POST   /pwa/subscribe            --> go-barcode-webapp/internal/handlers.(*PWAHandler).SubscribePush-fm (10 handlers)
[GIN-debug] POST   /pwa/unsubscribe          --> go-barcode-webapp/internal/handlers.(*PWAHandler).UnsubscribePush-fm (10 handlers)
[GIN-debug] POST   /pwa/sync                 --> go-barcode-webapp/internal/handlers.(*PWAHandler).SyncOfflineData-fm (10 handlers)
[GIN-debug] GET    /pwa/manifest             --> go-barcode-webapp/internal/handlers.(*PWAHandler).GetOfflineManifest-fm (10 handlers)
[GIN-debug] GET    /pwa/install              --> go-barcode-webapp/internal/handlers.(*PWAHandler).InstallPrompt-fm (10 handlers)
[GIN-debug] GET    /pwa/status               --> go-barcode-webapp/internal/handlers.(*PWAHandler).GetConnectionStatus-fm (10 handlers)
[GIN-debug] GET    /workflow/packages        --> go-barcode-webapp/internal/handlers.(*EquipmentPackageHandler).ShowPackagesList-fm (10 handlers)
[GIN-debug] GET    /workflow/packages/new    --> go-barcode-webapp/internal/handlers.(*EquipmentPackageHandler).ShowPackageForm-fm (10 handlers)
[GIN-debug] GET    /workflow/packages/:id    --> go-barcode-webapp/internal/handlers.(*EquipmentPackageHandler).ShowPackageDetail-fm (10 handlers)
[GIN-debug] GET    /workflow/packages/:id/edit --> go-barcode-webapp/internal/handlers.(*EquipmentPackageHandler).ShowPackageForm-fm (10 handlers)
[GIN-debug] POST   /workflow/packages        --> go-barcode-webapp/internal/handlers.(*EquipmentPackageHandler).CreatePackage-fm (10 handlers)
[GIN-debug] PUT    /workflow/packages/:id    --> go-barcode-webapp/internal/handlers.(*EquipmentPackageHandler).UpdatePackage-fm (10 handlers)
[GIN-debug] DELETE /workflow/packages/:id    --> go-barcode-webapp/internal/handlers.(*EquipmentPackageHandler).DeletePackage-fm (10 handlers)
[GIN-debug] GET    /workflow/bulk            --> go-barcode-webapp/internal/handlers.(*WorkflowHandler).BulkOperationsForm-fm (10 handlers)
[GIN-debug] POST   /workflow/bulk/update-status --> go-barcode-webapp/internal/handlers.(*WorkflowHandler).BulkUpdateDeviceStatus-fm (10 handlers)
[GIN-debug] POST   /workflow/bulk/assign-job --> go-barcode-webapp/internal/handlers.(*WorkflowHandler).BulkAssignToJob-fm (10 handlers)
[GIN-debug] POST   /workflow/bulk/generate-qr --> go-barcode-webapp/internal/handlers.(*WorkflowHandler).BulkGenerateQRCodes-fm (10 handlers)
[GIN-debug] GET    /workflow/stats           --> go-barcode-webapp/internal/handlers.(*WorkflowHandler).GetWorkflowStats-fm (10 handlers)
[GIN-debug] GET    /documents                --> go-barcode-webapp/internal/handlers.(*DocumentHandler).ListDocuments-fm (10 handlers)
[GIN-debug] GET    /documents/upload         --> go-barcode-webapp/internal/handlers.(*DocumentHandler).UploadDocumentForm-fm (10 handlers)
[GIN-debug] POST   /documents/upload         --> go-barcode-webapp/internal/handlers.(*DocumentHandler).UploadDocument-fm (10 handlers)
[GIN-debug] GET    /documents/:id            --> go-barcode-webapp/internal/handlers.(*DocumentHandler).GetDocument-fm (10 handlers)
[GIN-debug] GET    /documents/:id/view       --> go-barcode-webapp/internal/handlers.(*DocumentHandler).ViewDocument-fm (10 handlers)
[GIN-debug] GET    /documents/:id/download   --> go-barcode-webapp/internal/handlers.(*DocumentHandler).DownloadDocument-fm (10 handlers)
[GIN-debug] DELETE /documents/:id            --> go-barcode-webapp/internal/handlers.(*DocumentHandler).DeleteDocument-fm (10 handlers)
[GIN-debug] GET    /documents/:id/sign       --> go-barcode-webapp/internal/handlers.(*DocumentHandler).SignatureForm-fm (10 handlers)
[GIN-debug] POST   /documents/:id/sign       --> go-barcode-webapp/internal/handlers.(*DocumentHandler).AddSignature-fm (10 handlers)
[GIN-debug] GET    /documents/signatures/:id/verify --> go-barcode-webapp/internal/handlers.(*DocumentHandler).VerifySignature-fm (10 handlers)
[GIN-debug] GET    /financial                --> go-barcode-webapp/internal/handlers.(*FinancialHandler).FinancialDashboard-fm (10 handlers)
[GIN-debug] GET    /financial/transactions   --> go-barcode-webapp/internal/handlers.(*FinancialHandler).ListTransactions-fm (10 handlers)
[GIN-debug] GET    /financial/transactions/new --> go-barcode-webapp/internal/handlers.(*FinancialHandler).NewTransactionForm-fm (10 handlers)
[GIN-debug] POST   /financial/transactions   --> go-barcode-webapp/internal/handlers.(*FinancialHandler).CreateTransaction-fm (10 handlers)
[GIN-debug] GET    /financial/transactions/:id --> go-barcode-webapp/internal/handlers.(*FinancialHandler).GetTransaction-fm (10 handlers)
[GIN-debug] PUT    /financial/transactions/:id/status --> go-barcode-webapp/internal/handlers.(*FinancialHandler).UpdateTransactionStatus-fm (10 handlers)
[GIN-debug] POST   /financial/jobs/:jobId/invoice --> go-barcode-webapp/internal/handlers.(*FinancialHandler).GenerateInvoice-fm (10 handlers)
[GIN-debug] GET    /financial/reports        --> go-barcode-webapp/internal/handlers.(*FinancialHandler).FinancialReports-fm (10 handlers)
[GIN-debug] GET    /financial/api/revenue-report --> go-barcode-webapp/internal/handlers.(*FinancialHandler).GetRevenueReport-fm (10 handlers)
[GIN-debug] GET    /financial/api/payment-report --> go-barcode-webapp/internal/handlers.(*FinancialHandler).GetPaymentReport-fm (10 handlers)
[GIN-debug] GET    /financial/api/export/transactions --> go-barcode-webapp/internal/handlers.(*FinancialHandler).ExportTransactions-fm (10 handlers)
[GIN-debug] GET    /financial/api/export/revenue --> go-barcode-webapp/internal/handlers.(*FinancialHandler).ExportRevenue-fm (10 handlers)
[GIN-debug] GET    /financial/api/export/tax-report --> go-barcode-webapp/internal/handlers.(*FinancialHandler).ExportTaxReportCSV-fm (10 handlers)
[GIN-debug] GET    /invoices                 --> go-barcode-webapp/internal/handlers.(*InvoiceHandlerNew).ListInvoices-fm (12 handlers)
[GIN-debug] GET    /invoices/new             --> go-barcode-webapp/internal/handlers.(*InvoiceHandlerNew).NewInvoiceForm-fm (12 handlers)
[GIN-debug] POST   /invoices                 --> go-barcode-webapp/internal/handlers.(*InvoiceHandlerNew).CreateInvoice-fm (12 handlers)
[GIN-debug] GET    /invoices/:id             --> go-barcode-webapp/internal/handlers.(*InvoiceHandlerNew).GetInvoice-fm (12 handlers)
[GIN-debug] GET    /invoices/:id/edit        --> go-barcode-webapp/internal/handlers.(*InvoiceHandlerNew).EditInvoiceForm-fm (12 handlers)
[GIN-debug] GET    /invoices/:id/preview     --> go-barcode-webapp/internal/handlers.(*InvoiceHandlerNew).PreviewInvoice-fm (12 handlers)
[GIN-debug] PUT    /invoices/:id             --> go-barcode-webapp/internal/handlers.(*InvoiceHandlerNew).UpdateInvoice-fm (12 handlers)
[GIN-debug] PUT    /invoices/:id/status      --> go-barcode-webapp/internal/handlers.(*InvoiceHandlerNew).UpdateInvoiceStatus-fm (12 handlers)
[GIN-debug] DELETE /invoices/:id             --> go-barcode-webapp/internal/handlers.(*InvoiceHandlerNew).DeleteInvoice-fm (12 handlers)
[GIN-debug] GET    /invoices/:id/pdf         --> go-barcode-webapp/internal/handlers.(*InvoiceHandlerNew).GenerateInvoicePDF-fm (12 handlers)
[GIN-debug] GET    /invoice-templates        --> go-barcode-webapp/internal/handlers.(*InvoiceTemplateHandler).ListTemplates-fm (10 handlers)
[GIN-debug] GET    /invoice-templates/new    --> go-barcode-webapp/internal/handlers.(*InvoiceTemplateHandler).NewTemplateForm-fm (10 handlers)
[GIN-debug] POST   /invoice-templates        --> go-barcode-webapp/internal/handlers.(*InvoiceTemplateHandler).CreateTemplate-fm (10 handlers)
[GIN-debug] GET    /invoice-templates/:id/edit --> go-barcode-webapp/internal/handlers.(*InvoiceTemplateHandler).EditTemplateForm-fm (10 handlers)
[GIN-debug] PUT    /invoice-templates/:id    --> go-barcode-webapp/internal/handlers.(*InvoiceTemplateHandler).UpdateTemplate-fm (10 handlers)
[GIN-debug] DELETE /invoice-templates/:id    --> go-barcode-webapp/internal/handlers.(*InvoiceTemplateHandler).DeleteTemplate-fm (10 handlers)
[GIN-debug] GET    /invoice-templates/:id/preview --> go-barcode-webapp/internal/handlers.(*InvoiceTemplateHandler).PreviewTemplate-fm (10 handlers)
[GIN-debug] POST   /invoice-templates/:id/set-default --> go-barcode-webapp/internal/handlers.(*InvoiceTemplateHandler).SetDefaultTemplate-fm (10 handlers)
[GIN-debug] GET    /settings/company         --> main.setupRoutes.func5 (10 handlers)
[GIN-debug] POST   /settings/company         --> go-barcode-webapp/internal/handlers.(*CompanyHandler).UpdateCompanySettingsForm-fm (10 handlers)
[GIN-debug] GET    /settings/company/api     --> go-barcode-webapp/internal/handlers.(*CompanyHandler).GetCompanySettings-fm (10 handlers)
[GIN-debug] PUT    /settings/company/api     --> go-barcode-webapp/internal/handlers.(*CompanyHandler).UpdateCompanySettings-fm (10 handlers)
[GIN-debug] POST   /settings/company/logo    --> go-barcode-webapp/internal/handlers.(*CompanyHandler).UploadCompanyLogo-fm (10 handlers)
[GIN-debug] DELETE /settings/company/logo    --> go-barcode-webapp/internal/handlers.(*CompanyHandler).DeleteCompanyLogo-fm (10 handlers)
[GIN-debug] GET    /security/roles           --> main.setupRoutes.func6 (10 handlers)
[GIN-debug] GET    /security/audit           --> main.setupRoutes.func7 (10 handlers)
[GIN-debug] GET    /security/api/roles       --> go-barcode-webapp/internal/handlers.(*SecurityHandler).GetRoles-fm (10 handlers)
[GIN-debug] GET    /security/api/roles/:id   --> go-barcode-webapp/internal/handlers.(*SecurityHandler).GetRole-fm (10 handlers)
[GIN-debug] POST   /security/api/roles       --> go-barcode-webapp/internal/handlers.(*SecurityHandler).CreateRole-fm (10 handlers)
[GIN-debug] PUT    /security/api/roles/:id   --> go-barcode-webapp/internal/handlers.(*SecurityHandler).UpdateRole-fm (10 handlers)
[GIN-debug] DELETE /security/api/roles/:id   --> go-barcode-webapp/internal/handlers.(*SecurityHandler).DeleteRole-fm (10 handlers)
[GIN-debug] GET    /security/api/users/:userId/roles --> go-barcode-webapp/internal/handlers.(*SecurityHandler).GetUserRoles-fm (10 handlers)
[GIN-debug] POST   /security/api/users/:userId/roles --> go-barcode-webapp/internal/handlers.(*SecurityHandler).AssignUserRole-fm (10 handlers)
[GIN-debug] DELETE /security/api/users/:userId/roles/:roleId --> go-barcode-webapp/internal/handlers.(*SecurityHandler).RevokeUserRole-fm (10 handlers)
[GIN-debug] GET    /security/api/audit       --> go-barcode-webapp/internal/handlers.(*SecurityHandler).GetAuditLogs-fm (10 handlers)
[GIN-debug] GET    /security/api/audit/:id   --> go-barcode-webapp/internal/handlers.(*SecurityHandler).GetAuditLog-fm (10 handlers)
[GIN-debug] GET    /security/api/audit/export --> go-barcode-webapp/internal/handlers.(*SecurityHandler).ExportAuditLogs-fm (10 handlers)
[GIN-debug] GET    /security/api/permissions --> go-barcode-webapp/internal/handlers.(*SecurityHandler).GetPermissions-fm (10 handlers)
[GIN-debug] GET    /security/api/permissions/definitions --> go-barcode-webapp/internal/handlers.(*SecurityHandler).GetPermissionDefinitionsAPI-fm (10 handlers)
[GIN-debug] GET    /security/api/permissions/check --> go-barcode-webapp/internal/handlers.(*SecurityHandler).CheckPermission-fm (10 handlers)
[GIN-debug] GET    /monitoring               --> main.setupRoutes.func8 (10 handlers)
[GIN-debug] GET    /monitoring/health        --> go-barcode-webapp/internal/handlers.(*MonitoringHandler).GetApplicationHealth-fm (10 handlers)
[GIN-debug] GET    /monitoring/metrics       --> go-barcode-webapp/internal/handlers.(*MonitoringHandler).GetSystemMetrics-fm (10 handlers)
[GIN-debug] GET    /monitoring/metrics/prometheus --> go-barcode-webapp/internal/handlers.(*MonitoringHandler).ExportMetrics-fm (10 handlers)
[GIN-debug] GET    /monitoring/performance   --> go-barcode-webapp/internal/handlers.(*MonitoringHandler).GetPerformanceMetrics-fm (10 handlers)
[GIN-debug] GET    /monitoring/errors        --> go-barcode-webapp/internal/handlers.(*MonitoringHandler).GetErrorDetails-fm (10 handlers)
[GIN-debug] POST   /monitoring/errors/:fingerprint/resolve --> go-barcode-webapp/internal/handlers.(*MonitoringHandler).ResolveError-fm (10 handlers)
[GIN-debug] POST   /monitoring/test-error    --> go-barcode-webapp/internal/handlers.(*MonitoringHandler).TriggerTestError-fm (10 handlers)
[GIN-debug] GET    /monitoring/logs          --> go-barcode-webapp/internal/handlers.(*MonitoringHandler).GetLogStream-fm (10 handlers)
[GIN-debug] GET    /compliance/status        --> main.setupRoutes.(*ComplianceMiddleware).GetComplianceStatus.func15 (10 handlers)
[GIN-debug] POST   /compliance/retention/cleanup --> main.setupRoutes.(*ComplianceMiddleware).RetentionCleanupMiddleware.func16 (10 handlers)
[GIN-debug] POST   /compliance/gdpr/request  --> main.setupRoutes.(*ComplianceMiddleware).GDPRRequestMiddleware.func17 (10 handlers)
[GIN-debug] GET    /mobile/scanner/:jobId    --> main.setupRoutes.func9 (10 handlers)
[GIN-debug] GET    /mobile/scanner/:jobId/enhanced --> main.setupRoutes.func10 (10 handlers)
[GIN-debug] GET    /profile/settings         --> go-barcode-webapp/internal/handlers.(*AuthHandler).ProfileSettingsForm-fm (10 handlers)
[GIN-debug] POST   /profile/settings         --> go-barcode-webapp/internal/handlers.(*AuthHandler).UpdateProfileSettings-fm (10 handlers)
[GIN-debug] GET    /profile/preferences      --> go-barcode-webapp/internal/handlers.(*AuthHandler).GetUserPreferences-fm (10 handlers)
[GIN-debug] GET    /users                    --> go-barcode-webapp/internal/handlers.(*AuthHandler).ListUsers-fm (10 handlers)
[GIN-debug] POST   /users                    --> go-barcode-webapp/internal/handlers.(*AuthHandler).CreateUserWeb-fm (10 handlers)
[GIN-debug] GET    /user-management/new      --> go-barcode-webapp/internal/handlers.(*AuthHandler).NewUserForm-fm (10 handlers)
[GIN-debug] GET    /user-management/:id/edit --> go-barcode-webapp/internal/handlers.(*AuthHandler).EditUserForm-fm (10 handlers)
[GIN-debug] GET    /user-management/:id/view --> go-barcode-webapp/internal/handlers.(*AuthHandler).GetUser-fm (10 handlers)
[GIN-debug] PUT    /user-management/:id      --> go-barcode-webapp/internal/handlers.(*AuthHandler).UpdateUser-fm (10 handlers)
[GIN-debug] DELETE /user-management/:id      --> go-barcode-webapp/internal/handlers.(*AuthHandler).DeleteUser-fm (10 handlers)
[GIN-debug] GET    /users/new                --> main.setupRoutes.func11 (10 handlers)
[GIN-debug] GET    /api/v1/jobs              --> go-barcode-webapp/internal/handlers.(*JobHandler).ListJobsAPI-fm (10 handlers)
[GIN-debug] POST   /api/v1/jobs              --> go-barcode-webapp/internal/handlers.(*JobHandler).CreateJobAPI-fm (10 handlers)
[GIN-debug] GET    /api/v1/jobs/:id          --> go-barcode-webapp/internal/handlers.(*JobHandler).GetJobAPI-fm (10 handlers)
[GIN-debug] PUT    /api/v1/jobs/:id          --> go-barcode-webapp/internal/handlers.(*JobHandler).UpdateJobAPI-fm (10 handlers)
[GIN-debug] DELETE /api/v1/jobs/:id          --> go-barcode-webapp/internal/handlers.(*JobHandler).DeleteJobAPI-fm (10 handlers)
[GIN-debug] POST   /api/v1/jobs/:id/devices/:deviceId --> go-barcode-webapp/internal/handlers.(*JobHandler).AssignDeviceAPI-fm (10 handlers)
[GIN-debug] DELETE /api/v1/jobs/:id/devices/:deviceId --> go-barcode-webapp/internal/handlers.(*JobHandler).RemoveDeviceAPI-fm (10 handlers)
[GIN-debug] DELETE /api/v1/jobs/:id/devices/bulk-remove --> go-barcode-webapp/internal/handlers.(*ScannerHandler).BulkRemoveDevices-fm (10 handlers)
[GIN-debug] POST   /api/v1/jobs/:id/bulk-scan --> go-barcode-webapp/internal/handlers.(*JobHandler).BulkScanDevicesAPI-fm (10 handlers)
[GIN-debug] POST   /api/v1/jobs/:id/assign-device --> go-barcode-webapp/internal/handlers.(*ScannerHandler).ScanDevice-fm (10 handlers)
[GIN-debug] POST   /api/v1/jobs/:id/assign-case --> go-barcode-webapp/internal/handlers.(*ScannerHandler).ScanCase-fm (10 handlers)
[GIN-debug] GET    /api/v1/devices           --> go-barcode-webapp/internal/handlers.(*DeviceHandler).ListDevicesAPI-fm (10 handlers)
[GIN-debug] POST   /api/v1/devices           --> go-barcode-webapp/internal/handlers.(*DeviceHandler).CreateDeviceAPI-fm (10 handlers)
[GIN-debug] GET    /api/v1/devices/:id       --> go-barcode-webapp/internal/handlers.(*DeviceHandler).GetDeviceAPI-fm (10 handlers)
[GIN-debug] PUT    /api/v1/devices/:id       --> go-barcode-webapp/internal/handlers.(*DeviceHandler).UpdateDeviceAPI-fm (10 handlers)
[GIN-debug] DELETE /api/v1/devices/:id       --> go-barcode-webapp/internal/handlers.(*DeviceHandler).DeleteDeviceAPI-fm (10 handlers)
[GIN-debug] GET    /api/v1/devices/available --> go-barcode-webapp/internal/handlers.(*DeviceHandler).GetAvailableDevicesAPI-fm (10 handlers)
[GIN-debug] GET    /api/v1/products          --> go-barcode-webapp/internal/handlers.(*ProductHandler).ListProducts-fm (10 handlers)
[GIN-debug] POST   /api/v1/products          --> go-barcode-webapp/internal/handlers.(*ProductHandler).CreateProductAPI-fm (10 handlers)
[GIN-debug] GET    /api/v1/products/:id      --> go-barcode-webapp/internal/handlers.(*ProductHandler).GetProductAPI-fm (10 handlers)
[GIN-debug] PUT    /api/v1/products/:id      --> go-barcode-webapp/internal/handlers.(*ProductHandler).UpdateProductAPI-fm (10 handlers)
[GIN-debug] DELETE /api/v1/products/:id      --> go-barcode-webapp/internal/handlers.(*ProductHandler).DeleteProductAPI-fm (10 handlers)
[GIN-debug] GET    /api/v1/products/categories --> go-barcode-webapp/internal/handlers.(*ProductHandler).GetCategoriesAPI-fm (10 handlers)
[GIN-debug] GET    /api/v1/cables            --> go-barcode-webapp/internal/handlers.(*CableHandler).ListCablesAPI-fm (10 handlers)
[GIN-debug] POST   /api/v1/cables            --> go-barcode-webapp/internal/handlers.(*CableHandler).CreateCableAPI-fm (10 handlers)
[GIN-debug] GET    /api/v1/cables/:id        --> go-barcode-webapp/internal/handlers.(*CableHandler).GetCableAPI-fm (10 handlers)
[GIN-debug] PUT    /api/v1/cables/:id        --> go-barcode-webapp/internal/handlers.(*CableHandler).UpdateCableAPI-fm (10 handlers)
[GIN-debug] DELETE /api/v1/cables/:id        --> go-barcode-webapp/internal/handlers.(*CableHandler).DeleteCableAPI-fm (10 handlers)
[GIN-debug] GET    /api/v1/cables/types      --> go-barcode-webapp/internal/handlers.(*CableHandler).GetCableTypesAPI-fm (10 handlers)
[GIN-debug] GET    /api/v1/cables/connectors --> go-barcode-webapp/internal/handlers.(*CableHandler).GetCableConnectorsAPI-fm (10 handlers)
[GIN-debug] GET    /api/v1/customers         --> go-barcode-webapp/internal/handlers.(*CustomerHandler).ListCustomersAPI-fm (10 handlers)
[GIN-debug] POST   /api/v1/customers         --> go-barcode-webapp/internal/handlers.(*CustomerHandler).CreateCustomerAPI-fm (10 handlers)
[GIN-debug] GET    /api/v1/customers/:id     --> go-barcode-webapp/internal/handlers.(*CustomerHandler).GetCustomerAPI-fm (10 handlers)
[GIN-debug] PUT    /api/v1/customers/:id     --> go-barcode-webapp/internal/handlers.(*CustomerHandler).UpdateCustomerAPI-fm (10 handlers)
[GIN-debug] DELETE /api/v1/customers/:id     --> go-barcode-webapp/internal/handlers.(*CustomerHandler).DeleteCustomerAPI-fm (10 handlers)
[GIN-debug] GET    /api/v1/cases             --> go-barcode-webapp/internal/handlers.(*CaseHandler).ListCasesAPI-fm (10 handlers)
[GIN-debug] POST   /api/v1/cases             --> go-barcode-webapp/internal/handlers.(*CaseHandler).CreateCaseAPI-fm (10 handlers)
[GIN-debug] GET    /api/v1/cases/:id         --> go-barcode-webapp/internal/handlers.(*CaseHandler).GetCaseAPI-fm (10 handlers)
[GIN-debug] PUT    /api/v1/cases/:id         --> go-barcode-webapp/internal/handlers.(*CaseHandler).UpdateCaseAPI-fm (10 handlers)
[GIN-debug] DELETE /api/v1/cases/:id         --> go-barcode-webapp/internal/handlers.(*CaseHandler).DeleteCaseAPI-fm (10 handlers)
[GIN-debug] GET    /api/v1/cases/:id/devices --> go-barcode-webapp/internal/handlers.(*CaseHandler).GetCaseDevicesAPI-fm (10 handlers)
[GIN-debug] POST   /api/v1/cases/:id/devices --> go-barcode-webapp/internal/handlers.(*CaseHandler).ScanDeviceToCase-fm (10 handlers)
[GIN-debug] DELETE /api/v1/cases/:id/devices/:deviceId --> go-barcode-webapp/internal/handlers.(*CaseHandler).RemoveDeviceFromCase-fm (10 handlers)
[GIN-debug] GET    /api/v1/workflow/packages --> go-barcode-webapp/internal/handlers.(*EquipmentPackageHandler).GetPackages-fm (10 handlers)
[GIN-debug] POST   /api/v1/workflow/packages --> go-barcode-webapp/internal/handlers.(*EquipmentPackageHandler).CreatePackage-fm (10 handlers)
[GIN-debug] GET    /api/v1/workflow/packages/:id --> go-barcode-webapp/internal/handlers.(*EquipmentPackageHandler).GetPackage-fm (10 handlers)
[GIN-debug] PUT    /api/v1/workflow/packages/:id --> go-barcode-webapp/internal/handlers.(*EquipmentPackageHandler).UpdatePackage-fm (10 handlers)
[GIN-debug] DELETE /api/v1/workflow/packages/:id --> go-barcode-webapp/internal/handlers.(*EquipmentPackageHandler).DeletePackage-fm (10 handlers)
[GIN-debug] POST   /api/v1/workflow/packages/:id/clone --> go-barcode-webapp/internal/handlers.(*EquipmentPackageHandler).ClonePackage-fm (10 handlers)
[GIN-debug] GET    /api/v1/workflow/packages/:id/validate --> go-barcode-webapp/internal/handlers.(*EquipmentPackageHandler).ValidatePackage-fm (10 handlers)
[GIN-debug] GET    /api/v1/workflow/packages/:id/stats --> go-barcode-webapp/internal/handlers.(*EquipmentPackageHandler).GetPackageStats-fm (10 handlers)
[GIN-debug] GET    /api/v1/workflow/packages/search --> go-barcode-webapp/internal/handlers.(*EquipmentPackageHandler).SearchPackages-fm (10 handlers)
[GIN-debug] GET    /api/v1/workflow/packages/categories --> go-barcode-webapp/internal/handlers.(*EquipmentPackageHandler).GetPackageCategories-fm (10 handlers)
[GIN-debug] GET    /api/v1/workflow/packages/popular --> go-barcode-webapp/internal/handlers.(*EquipmentPackageHandler).GetPopularPackages-fm (10 handlers)
[GIN-debug] GET    /api/v1/workflow/packages/available-devices --> go-barcode-webapp/internal/handlers.(*EquipmentPackageHandler).GetAvailableDevices-fm (10 handlers)
[GIN-debug] PUT    /api/v1/workflow/packages/bulk --> go-barcode-webapp/internal/handlers.(*EquipmentPackageHandler).BulkUpdatePackages-fm (10 handlers)
[GIN-debug] GET    /api/v1/documents         --> go-barcode-webapp/internal/handlers.(*DocumentHandler).ListDocumentsAPI-fm (10 handlers)
[GIN-debug] GET    /api/v1/documents/stats   --> go-barcode-webapp/internal/handlers.(*DocumentHandler).GetDocumentStats-fm (10 handlers)
[GIN-debug] GET    /api/v1/documents/:id     --> go-barcode-webapp/internal/handlers.(*DocumentHandler).GetDocument-fm (10 handlers)
[GIN-debug] DELETE /api/v1/documents/:id     --> go-barcode-webapp/internal/handlers.(*DocumentHandler).DeleteDocument-fm (10 handlers)
[GIN-debug] GET    /api/v1/financial/transactions --> go-barcode-webapp/internal/handlers.(*FinancialHandler).ListTransactionsAPI-fm (10 handlers)
[GIN-debug] GET    /api/v1/financial/stats   --> go-barcode-webapp/internal/handlers.(*FinancialHandler).GetFinancialStatsAPI-fm (10 handlers)
[GIN-debug] GET    /api/v1/financial/revenue-report --> go-barcode-webapp/internal/handlers.(*FinancialHandler).GetRevenueReport-fm (10 handlers)
[GIN-debug] GET    /api/v1/financial/payment-report --> go-barcode-webapp/internal/handlers.(*FinancialHandler).GetPaymentReport-fm (10 handlers)
[GIN-debug] GET    /api/v1/invoices          --> go-barcode-webapp/internal/handlers.(*InvoiceHandlerNew).GetInvoicesAPI-fm (10 handlers)
[GIN-debug] POST   /api/v1/invoices          --> go-barcode-webapp/internal/handlers.(*InvoiceHandlerNew).CreateInvoice-fm (10 handlers)
[GIN-debug] GET    /api/v1/invoices/:id      --> go-barcode-webapp/internal/handlers.(*InvoiceHandlerNew).GetInvoice-fm (10 handlers)
[GIN-debug] PUT    /api/v1/invoices/:id      --> go-barcode-webapp/internal/handlers.(*InvoiceHandlerNew).UpdateInvoice-fm (10 handlers)
[GIN-debug] PUT    /api/v1/invoices/:id/status --> go-barcode-webapp/internal/handlers.(*InvoiceHandlerNew).UpdateInvoiceStatus-fm (10 handlers)
[GIN-debug] DELETE /api/v1/invoices/:id      --> go-barcode-webapp/internal/handlers.(*InvoiceHandlerNew).DeleteInvoice-fm (10 handlers)
[GIN-debug] GET    /api/v1/invoices/stats    --> go-barcode-webapp/internal/handlers.(*InvoiceHandlerNew).GetInvoiceStatsAPI-fm (10 handlers)
[GIN-debug] GET    /api/v1/invoices/products/:productId --> go-barcode-webapp/internal/handlers.(*InvoiceHandlerNew).GetProductDetails-fm (10 handlers)
[GIN-debug] GET    /api/v1/invoices/products/:productId/devices --> go-barcode-webapp/internal/handlers.(*InvoiceHandlerNew).GetDevicesByProduct-fm (10 handlers)
[GIN-debug] GET    /api/v1/security/audit    --> go-barcode-webapp/internal/handlers.(*SecurityHandler).GetAuditLogs-fm (10 handlers)
[GIN-debug] GET    /api/v1/security/audit/:id --> go-barcode-webapp/internal/handlers.(*SecurityHandler).GetAuditLog-fm (10 handlers)
[GIN-debug] GET    /api/v1/security/audit/export --> go-barcode-webapp/internal/handlers.(*SecurityHandler).ExportAuditLogs-fm (10 handlers)
[GIN-debug] GET    /api/v1/security/auth/users --> go-barcode-webapp/internal/handlers.(*AuthHandler).ListUsersAPI-fm (10 handlers)
[GIN-debug] GET    /api/invoices             --> go-barcode-webapp/internal/handlers.(*InvoiceHandlerNew).GetInvoicesAPI-fm (10 handlers)
[GIN-debug] POST   /api/invoices             --> go-barcode-webapp/internal/handlers.(*InvoiceHandlerNew).CreateInvoice-fm (10 handlers)
[GIN-debug] GET    /api/invoices/:id         --> go-barcode-webapp/internal/handlers.(*InvoiceHandlerNew).GetInvoice-fm (10 handlers)
[GIN-debug] PUT    /api/invoices/:id         --> go-barcode-webapp/internal/handlers.(*InvoiceHandlerNew).UpdateInvoice-fm (10 handlers)
[GIN-debug] PUT    /api/invoices/:id/status  --> go-barcode-webapp/internal/handlers.(*InvoiceHandlerNew).UpdateInvoiceStatus-fm (10 handlers)
[GIN-debug] DELETE /api/invoices/:id         --> go-barcode-webapp/internal/handlers.(*InvoiceHandlerNew).DeleteInvoice-fm (10 handlers)
[GIN-debug] GET    /api/invoices/stats       --> go-barcode-webapp/internal/handlers.(*InvoiceHandlerNew).GetInvoiceStatsAPI-fm (10 handlers)
[GIN-debug] GET    /api/company-settings     --> go-barcode-webapp/internal/handlers.(*CompanyHandler).GetCompanySettings-fm (10 handlers)
[GIN-debug] PUT    /api/company-settings     --> go-barcode-webapp/internal/handlers.(*CompanyHandler).UpdateCompanySettings-fm (10 handlers)
[GIN-debug] POST   /api/company-settings/logo --> go-barcode-webapp/internal/handlers.(*CompanyHandler).UploadCompanyLogo-fm (10 handlers)
[GIN-debug] DELETE /api/company-settings/logo --> go-barcode-webapp/internal/handlers.(*CompanyHandler).DeleteCompanyLogo-fm (10 handlers)
[GIN-debug] GET    /api/settings/smtp        --> go-barcode-webapp/internal/handlers.(*CompanyHandler).GetSMTPConfig-fm (10 handlers)
[GIN-debug] POST   /api/settings/smtp        --> go-barcode-webapp/internal/handlers.(*CompanyHandler).UpdateSMTPConfig-fm (10 handlers)
[GIN-debug] POST   /api/settings/smtp/test   --> go-barcode-webapp/internal/handlers.(*CompanyHandler).TestSMTPConnection-fm (10 handlers)
[GIN-debug] GET    /api/security/roles       --> go-barcode-webapp/internal/handlers.(*SecurityHandler).GetRoles-fm (10 handlers)
[GIN-debug] GET    /api/security/roles/:id   --> go-barcode-webapp/internal/handlers.(*SecurityHandler).GetRole-fm (10 handlers)
[GIN-debug] POST   /api/security/roles       --> go-barcode-webapp/internal/handlers.(*SecurityHandler).CreateRole-fm (10 handlers)
[GIN-debug] PUT    /api/security/roles/:id   --> go-barcode-webapp/internal/handlers.(*SecurityHandler).UpdateRole-fm (10 handlers)
[GIN-debug] DELETE /api/security/roles/:id   --> go-barcode-webapp/internal/handlers.(*SecurityHandler).DeleteRole-fm (10 handlers)
[GIN-debug] GET    /api/security/users/:userId/roles --> go-barcode-webapp/internal/handlers.(*SecurityHandler).GetUserRoles-fm (10 handlers)
[GIN-debug] POST   /api/security/users/:userId/roles --> go-barcode-webapp/internal/handlers.(*SecurityHandler).AssignUserRole-fm (10 handlers)
[GIN-debug] DELETE /api/security/users/:userId/roles/:roleId --> go-barcode-webapp/internal/handlers.(*SecurityHandler).RevokeUserRole-fm (10 handlers)
[GIN-debug] GET    /api/security/audit       --> go-barcode-webapp/internal/handlers.(*SecurityHandler).GetAuditLogs-fm (10 handlers)
[GIN-debug] GET    /api/security/audit/:id   --> go-barcode-webapp/internal/handlers.(*SecurityHandler).GetAuditLog-fm (10 handlers)
[GIN-debug] GET    /api/security/audit/export --> go-barcode-webapp/internal/handlers.(*SecurityHandler).ExportAuditLogs-fm (10 handlers)
[GIN-debug] GET    /api/security/permissions --> go-barcode-webapp/internal/handlers.(*SecurityHandler).GetPermissions-fm (10 handlers)
[GIN-debug] GET    /api/security/permissions/definitions --> go-barcode-webapp/internal/handlers.(*SecurityHandler).GetPermissionDefinitionsAPI-fm (10 handlers)
[GIN-debug] GET    /api/security/permissions/check --> go-barcode-webapp/internal/handlers.(*SecurityHandler).CheckPermission-fm (10 handlers)
[GIN-debug] GET    /error                    --> main.main.func26 (9 handlers)
2025/07/24 09:25:52 Server starting on 0.0.0.0:8080
2025/07/24 09:28:12 Route Debug: GET /scan/1005
2025/07/24 09:28:12 DEBUG: AuthMiddleware: Request URL: /scan/1005
2025/07/24 09:28:12 DEBUG: AuthMiddleware: Found session cookie: 21e32e80cfcab243662897657441db9e5c674c7bcbde58f1040032926189a7e9 for /scan/1005
2025/07/24 09:28:12 DEBUG: AuthMiddleware: Session valid for user: admin (ID: 5) for URL: /scan/1005
🔧 DEBUG JobRepo.GetByID: Loaded job 1005 with description: 'Test Job'
2025/07/24 09:28:13 🔥🔥🔥 CASE LIST CALLED!
2025/07/24 09:28:13 🔥🔥🔥 SQL: 
		SELECT 
			c.caseID, 
			c.name, 
			c.description, 
			c.width, 
			c.height, 
			c.depth, 
			c.weight, 
			c.status,
			COALESCE(COUNT(dc.deviceID), 0) as device_count
		FROM cases c 
		LEFT JOIN devicescases dc ON c.caseID = dc.caseID GROUP BY c.caseID ORDER BY c.caseID
2025/07/24 09:28:13 🔥🔥🔥 FOUND 6 CASES
2025/07/24 09:28:13 🔥🔥🔥 CASE 0 ('4x ETEC E-150 LED Spot') = 4 DEVICES
2025/07/24 09:28:13 🔥🔥🔥 CASE 0 ('6x Akku Uplights') = 6 DEVICES
2025/07/24 09:28:13 🔥🔥🔥 CASE 0 ('6x Akku Uplights') = 6 DEVICES
2025/07/24 09:28:13 🔥🔥🔥 CASE 0 ('Behringer X32') = 1 DEVICES
2025/07/24 09:28:13 🔥🔥🔥 CASE 0 ('Showtec Lampy 40 2U') = 1 DEVICES
2025/07/24 09:28:13 🔥🔥🔥 CASE 0 ('8x Cameo Thunderwash 600 RGBW') = 8 DEVICES
2025/07/24 09:28:13 🔥🔥🔥 RETURNING 6 CASES
{"timestamp":"2025-07-24T07:28:13.314557895Z","level":"INFO","message":"HTTP Request","service":"go-barcode-webapp","version":"1.0.0","environment":"development","request_id":"1753342092917268675","method":"GET","path":"/scan/1005","status_code":200,"duration":"397.286715ms","ip":"10.0.0.11","user_agent":"Mozilla/5.0 (Windows NT 10.0; Win64; x64; rv:141.0) Gecko/20100101 Firefox/141.0","fields":{"bytes_in":0,"bytes_out":70918}}
2025/07/24 09:28:13 Route Debug: GET /static/css/rental-core-design.css
2025/07/24 09:28:13 Route Debug: GET /static/js/rental-core-design.js
2025/07/24 09:28:15 Route Debug: GET /
{"timestamp":"2025-07-24T07:28:15.142918718Z","level":"INFO","message":"HTTP Request","service":"go-barcode-webapp","version":"1.0.0","environment":"development","request_id":"1753342095105162524","method":"GET","path":"/","status_code":307,"duration":"37.752968ms","ip":"10.0.0.11","user_agent":"Mozilla/5.0 (Windows NT 10.0; Win64; x64; rv:141.0) Gecko/20100101 Firefox/141.0","fields":{"bytes_in":0,"bytes_out":46}}
2025/07/24 09:28:15 Route Debug: GET /dashboard
2025/07/24 09:28:15 DEBUG: AuthMiddleware: Request URL: /dashboard
2025/07/24 09:28:15 DEBUG: AuthMiddleware: Found session cookie: 21e32e80cfcab243662897657441db9e5c674c7bcbde58f1040032926189a7e9 for /dashboard
2025/07/24 09:28:15 DEBUG: AuthMiddleware: Session valid for user: admin (ID: 5) for URL: /dashboard
{"timestamp":"2025-07-24T07:28:15.399360534Z","level":"INFO","message":"HTTP Request","service":"go-barcode-webapp","version":"1.0.0","environment":"development","request_id":"1753342095151820909","method":"GET","path":"/dashboard","status_code":200,"duration":"247.535698ms","ip":"10.0.0.11","user_agent":"Mozilla/5.0 (Windows NT 10.0; Win64; x64; rv:141.0) Gecko/20100101 Firefox/141.0","fields":{"bytes_in":0,"bytes_out":18644}}
2025/07/24 09:28:17 Route Debug: GET /scan
2025/07/24 09:28:17 DEBUG: AuthMiddleware: Request URL: /scan
2025/07/24 09:28:17 DEBUG: AuthMiddleware: Found session cookie: 21e32e80cfcab243662897657441db9e5c674c7bcbde58f1040032926189a7e9 for /scan
2025/07/24 09:28:17 DEBUG: AuthMiddleware: Session valid for user: admin (ID: 5) for URL: /scan
🔍 DEBUG: CountDevicesAssignedToJobs called with targetDate: 2025-07-24
🔍 DEBUG: Total devices assigned to jobs on 2025-07-24: 0
2025/07/24 09:28:17 SafeHTML: Rendering template scan_select_job.html with status 200
{"timestamp":"2025-07-24T07:28:17.435051551Z","level":"INFO","message":"HTTP Request","service":"go-barcode-webapp","version":"1.0.0","environment":"development","request_id":"1753342097119030620","method":"GET","path":"/scan","status_code":200,"duration":"316.017695ms","ip":"10.0.0.11","user_agent":"Mozilla/5.0 (Windows NT 10.0; Win64; x64; rv:141.0) Gecko/20100101 Firefox/141.0","fields":{"bytes_in":0,"bytes_out":17196}}
2025/07/24 09:30:20 Route Debug: GET /scan
2025/07/24 09:30:20 DEBUG: AuthMiddleware: Request URL: /scan
2025/07/24 09:30:20 DEBUG: AuthMiddleware: Found session cookie: 21e32e80cfcab243662897657441db9e5c674c7bcbde58f1040032926189a7e9 for /scan
2025/07/24 09:30:20 DEBUG: AuthMiddleware: Session valid for user: admin (ID: 5) for URL: /scan
🔍 DEBUG: CountDevicesAssignedToJobs called with targetDate: 2025-07-24
🔍 DEBUG: Total devices assigned to jobs on 2025-07-24: 0
2025/07/24 09:30:20 SafeHTML: Rendering template scan_select_job.html with status 200
{"timestamp":"2025-07-24T07:30:21.041463464Z","level":"INFO","message":"HTTP Request","service":"go-barcode-webapp","version":"1.0.0","environment":"development","request_id":"1753342220724768789","method":"GET","path":"/scan","status_code":200,"duration":"316.69187ms","ip":"10.0.0.11","user_agent":"Mozilla/5.0 (Windows NT 10.0; Win64; x64; rv:141.0) Gecko/20100101 Firefox/141.0","fields":{"bytes_in":0,"bytes_out":17318}}
2025/07/24 09:30:58 Route Debug: GET /scan
2025/07/24 09:30:58 DEBUG: AuthMiddleware: Request URL: /scan
2025/07/24 09:30:58 DEBUG: AuthMiddleware: Found session cookie: 21e32e80cfcab243662897657441db9e5c674c7bcbde58f1040032926189a7e9 for /scan
2025/07/24 09:30:58 DEBUG: AuthMiddleware: Session valid for user: admin (ID: 5) for URL: /scan
🔍 DEBUG: CountDevicesAssignedToJobs called with targetDate: 2025-07-24
🔍 DEBUG: Total devices assigned to jobs on 2025-07-24: 0
2025/07/24 09:30:58 SafeHTML: Rendering template scan_select_job.html with status 200
{"timestamp":"2025-07-24T07:30:58.546965982Z","level":"INFO","message":"HTTP Request","service":"go-barcode-webapp","version":"1.0.0","environment":"development","request_id":"1753342258225826119","method":"GET","path":"/scan","status_code":200,"duration":"321.136296ms","ip":"10.0.0.11","user_agent":"Mozilla/5.0 (Windows NT 10.0; Win64; x64; rv:141.0) Gecko/20100101 Firefox/141.0","fields":{"bytes_in":0,"bytes_out":17376}}
2025/07/24 09:30:58 Route Debug: GET /static/css/rental-core-design.css
2025/07/24 09:30:58 Route Debug: GET /static/js/rental-core-design.js
2025/07/24 09:32:22 Route Debug: GET /scan
2025/07/24 09:32:22 DEBUG: AuthMiddleware: Request URL: /scan
2025/07/24 09:32:22 DEBUG: AuthMiddleware: Found session cookie: 21e32e80cfcab243662897657441db9e5c674c7bcbde58f1040032926189a7e9 for /scan
2025/07/24 09:32:22 DEBUG: AuthMiddleware: Session valid for user: admin (ID: 5) for URL: /scan
🔍 DEBUG: CountDevicesAssignedToJobs called with targetDate: 2025-07-24
🔍 DEBUG: Total devices assigned to jobs on 2025-07-24: 0
2025/07/24 09:32:22 SafeHTML: Rendering template scan_select_job.html with status 200
{"timestamp":"2025-07-24T07:32:22.800980665Z","level":"INFO","message":"HTTP Request","service":"go-barcode-webapp","version":"1.0.0","environment":"development","request_id":"1753342342482291966","method":"GET","path":"/scan","status_code":200,"duration":"318.685844ms","ip":"10.0.0.11","user_agent":"Mozilla/5.0 (Windows NT 10.0; Win64; x64; rv:141.0) Gecko/20100101 Firefox/141.0","fields":{"bytes_in":0,"bytes_out":18817}}
2025/07/24 09:32:22 Route Debug: GET /static/css/rental-core-design.css
2025/07/24 09:32:22 Route Debug: GET /static/js/rental-core-design.js
2025/07/24 09:32:23 Route Debug: GET /static/images/icon-180.png
2025/07/24 09:32:23 NotFoundHandler: 404 for path: /static/images/icon-180.png
2025/07/24 09:32:23 renderErrorPage: Rendering error page - Status: 404, Message: Page not found
2025/07/24 09:32:23 Route Debug: GET /favicon.ico
2025/07/24 09:32:23 NotFoundHandler: 404 for path: /favicon.ico
2025/07/24 09:32:23 renderErrorPage: Rendering error page - Status: 404, Message: Page not found
{"timestamp":"2025-07-24T07:32:23.096130263Z","level":"INFO","message":"HTTP Request","service":"go-barcode-webapp","version":"1.0.0","environment":"development","request_id":"1753342343019669163","method":"GET","path":"/favicon.ico","status_code":404,"duration":"76.458405ms","ip":"10.0.0.11","user_agent":"Mozilla/5.0 (Windows NT 10.0; Win64; x64; rv:141.0) Gecko/20100101 Firefox/141.0","fields":{"bytes_in":0,"bytes_out":4404}}
2025/07/24 09:32:35 Route Debug: GET /profile/settings
2025/07/24 09:32:35 DEBUG: AuthMiddleware: Request URL: /profile/settings
2025/07/24 09:32:35 DEBUG: AuthMiddleware: Found session cookie: 21e32e80cfcab243662897657441db9e5c674c7bcbde58f1040032926189a7e9 for /profile/settings
2025/07/24 09:32:35 DEBUG: AuthMiddleware: Session valid for user: admin (ID: 5) for URL: /profile/settings
2025/07/24 09:32:35 DEBUG: ProfileSettingsForm: Handler invoked for URL: /profile/settings, Method: GET
2025/07/24 09:32:35 DEBUG: ProfileSettingsForm: Rendering profile_settings.html for user admin
{"timestamp":"2025-07-24T07:32:35.244017833Z","level":"INFO","message":"HTTP Request","service":"go-barcode-webapp","version":"1.0.0","environment":"development","request_id":"1753342355080133571","method":"GET","path":"/profile/settings","status_code":200,"duration":"163.881577ms","ip":"10.0.0.11","user_agent":"Mozilla/5.0 (Windows NT 10.0; Win64; x64; rv:141.0) Gecko/20100101 Firefox/141.0","fields":{"bytes_in":0,"bytes_out":47567}}
2025/07/24 09:32:35 Route Debug: GET /api/security/audit
2025/07/24 09:32:35 DEBUG: AuthMiddleware: Request URL: /api/security/audit
2025/07/24 09:32:35 DEBUG: AuthMiddleware: Found session cookie: 21e32e80cfcab243662897657441db9e5c674c7bcbde58f1040032926189a7e9 for /api/security/audit
2025/07/24 09:32:35 Route Debug: GET /api/v1/security/auth/users
2025/07/24 09:32:35 DEBUG: AuthMiddleware: Request URL: /api/v1/security/auth/users
2025/07/24 09:32:35 DEBUG: AuthMiddleware: Found session cookie: 21e32e80cfcab243662897657441db9e5c674c7bcbde58f1040032926189a7e9 for /api/v1/security/auth/users
2025/07/24 09:32:35 Route Debug: GET /api/security/audit
2025/07/24 09:32:35 DEBUG: AuthMiddleware: Request URL: /api/security/audit
2025/07/24 09:32:35 DEBUG: AuthMiddleware: Found session cookie: 21e32e80cfcab243662897657441db9e5c674c7bcbde58f1040032926189a7e9 for /api/security/audit
2025/07/24 09:32:35 DEBUG: AuthMiddleware: Session valid for user: admin (ID: 5) for URL: /api/security/audit
{"timestamp":"2025-07-24T07:32:35.460544089Z","level":"INFO","message":"HTTP Request","service":"go-barcode-webapp","version":"1.0.0","environment":"development","request_id":"1753342355324759445","method":"GET","path":"/api/security/audit","status_code":200,"duration":"135.781167ms","ip":"10.0.0.11","user_agent":"Mozilla/5.0 (Windows NT 10.0; Win64; x64; rv:141.0) Gecko/20100101 Firefox/141.0","fields":{"bytes_in":0,"bytes_out":78}}
2025/07/24 09:32:35 DEBUG: AuthMiddleware: Session valid for user: admin (ID: 5) for URL: /api/v1/security/auth/users
2025/07/24 09:32:35 DEBUG: AuthMiddleware: Session valid for user: admin (ID: 5) for URL: /api/security/audit
{"timestamp":"2025-07-24T07:32:35.566809988Z","level":"INFO","message":"HTTP Request","service":"go-barcode-webapp","version":"1.0.0","environment":"development","request_id":"1753342355327893000","method":"GET","path":"/api/v1/security/auth/users","status_code":200,"duration":"238.914203ms","ip":"10.0.0.11","user_agent":"Mozilla/5.0 (Windows NT 10.0; Win64; x64; rv:141.0) Gecko/20100101 Firefox/141.0","fields":{"bytes_in":0,"bytes_out":520}}
{"timestamp":"2025-07-24T07:32:35.599754936Z","level":"INFO","message":"HTTP Request","service":"go-barcode-webapp","version":"1.0.0","environment":"development","request_id":"1753342355331096457","method":"GET","path":"/api/security/audit","status_code":200,"duration":"268.652698ms","ip":"10.0.0.11","user_agent":"Mozilla/5.0 (Windows NT 10.0; Win64; x64; rv:141.0) Gecko/20100101 Firefox/141.0","fields":{"bytes_in":0,"bytes_out":79}}
2025/07/24 09:32:39 Route Debug: GET /settings/company
2025/07/24 09:32:39 DEBUG: AuthMiddleware: Request URL: /settings/company
2025/07/24 09:32:39 DEBUG: AuthMiddleware: Found session cookie: 21e32e80cfcab243662897657441db9e5c674c7bcbde58f1040032926189a7e9 for /settings/company
2025/07/24 09:32:39 DEBUG: AuthMiddleware: Session valid for user: admin (ID: 5) for URL: /settings/company
2025/07/24 09:32:39 🏢 COMPANY SETTINGS ROUTE CALLED - URL: /settings/company, Method: GET
2025/07/24 09:32:39 DEBUG: CompanySettingsForm handler called successfully - rendering company_settings.html
{"timestamp":"2025-07-24T07:32:39.864204545Z","level":"INFO","message":"HTTP Request","service":"go-barcode-webapp","version":"1.0.0","environment":"development","request_id":"1753342359732136621","method":"GET","path":"/settings/company","status_code":200,"duration":"132.063165ms","ip":"10.0.0.11","user_agent":"Mozilla/5.0 (Windows NT 10.0; Win64; x64; rv:141.0) Gecko/20100101 Firefox/141.0","fields":{"bytes_in":0,"bytes_out":20233}}
2025/07/24 09:32:39 Route Debug: GET /api/settings/smtp
2025/07/24 09:32:39 DEBUG: AuthMiddleware: Request URL: /api/settings/smtp
2025/07/24 09:32:39 DEBUG: AuthMiddleware: Found session cookie: 21e32e80cfcab243662897657441db9e5c674c7bcbde58f1040032926189a7e9 for /api/settings/smtp
2025/07/24 09:32:40 DEBUG: AuthMiddleware: Session valid for user: admin (ID: 5) for URL: /api/settings/smtp
{"timestamp":"2025-07-24T07:32:40.058603679Z","level":"INFO","message":"HTTP Request","service":"go-barcode-webapp","version":"1.0.0","environment":"development","request_id":"1753342359938426109","method":"GET","path":"/api/settings/smtp","status_code":200,"duration":"120.172741ms","ip":"10.0.0.11","user_agent":"Mozilla/5.0 (Windows NT 10.0; Win64; x64; rv:141.0) Gecko/20100101 Firefox/141.0","fields":{"bytes_in":0,"bytes_out":221}}
2025/07/24 09:35:37 Route Debug: GET /settings/company
2025/07/24 09:35:37 DEBUG: AuthMiddleware: Request URL: /settings/company
2025/07/24 09:35:37 DEBUG: AuthMiddleware: Found session cookie: 21e32e80cfcab243662897657441db9e5c674c7bcbde58f1040032926189a7e9 for /settings/company
2025/07/24 09:35:37 DEBUG: AuthMiddleware: Session valid for user: admin (ID: 5) for URL: /settings/company
2025/07/24 09:35:37 🏢 COMPANY SETTINGS ROUTE CALLED - URL: /settings/company, Method: GET
2025/07/24 09:35:37 DEBUG: CompanySettingsForm handler called successfully - rendering company_settings.html
{"timestamp":"2025-07-24T07:35:37.189151552Z","level":"INFO","message":"HTTP Request","service":"go-barcode-webapp","version":"1.0.0","environment":"development","request_id":"1753342537060710583","method":"GET","path":"/settings/company","status_code":200,"duration":"128.437963ms","ip":"10.0.0.11","user_agent":"Mozilla/5.0 (Windows NT 10.0; Win64; x64; rv:141.0) Gecko/20100101 Firefox/141.0","fields":{"bytes_in":0,"bytes_out":20115}}
2025/07/24 09:35:37 Route Debug: GET /static/css/rental-core-design.css
2025/07/24 09:35:37 Route Debug: GET /static/js/rental-core-design.js
2025/07/24 09:35:37 Route Debug: GET /api/settings/smtp
2025/07/24 09:35:37 DEBUG: AuthMiddleware: Request URL: /api/settings/smtp
2025/07/24 09:35:37 DEBUG: AuthMiddleware: Found session cookie: 21e32e80cfcab243662897657441db9e5c674c7bcbde58f1040032926189a7e9 for /api/settings/smtp
2025/07/24 09:35:37 DEBUG: AuthMiddleware: Session valid for user: admin (ID: 5) for URL: /api/settings/smtp
{"timestamp":"2025-07-24T07:35:37.438733467Z","level":"INFO","message":"HTTP Request","service":"go-barcode-webapp","version":"1.0.0","environment":"development","request_id":"1753342537319920700","method":"GET","path":"/api/settings/smtp","status_code":200,"duration":"118.809301ms","ip":"10.0.0.11","user_agent":"Mozilla/5.0 (Windows NT 10.0; Win64; x64; rv:141.0) Gecko/20100101 Firefox/141.0","fields":{"bytes_in":0,"bytes_out":221}}
2025/07/24 09:36:21 Route Debug: GET /settings/company
2025/07/24 09:36:21 DEBUG: AuthMiddleware: Request URL: /settings/company
2025/07/24 09:36:21 DEBUG: AuthMiddleware: Found session cookie: 21e32e80cfcab243662897657441db9e5c674c7bcbde58f1040032926189a7e9 for /settings/company
2025/07/24 09:36:21 DEBUG: AuthMiddleware: Session valid for user: admin (ID: 5) for URL: /settings/company
2025/07/24 09:36:21 🏢 COMPANY SETTINGS ROUTE CALLED - URL: /settings/company, Method: GET
2025/07/24 09:36:21 DEBUG: CompanySettingsForm handler called successfully - rendering company_settings.html
{"timestamp":"2025-07-24T07:36:21.827262401Z","level":"INFO","message":"HTTP Request","service":"go-barcode-webapp","version":"1.0.0","environment":"development","request_id":"1753342581695961032","method":"GET","path":"/settings/company","status_code":200,"duration":"131.29661ms","ip":"10.0.0.11","user_agent":"Mozilla/5.0 (Windows NT 10.0; Win64; x64; rv:141.0) Gecko/20100101 Firefox/141.0","fields":{"bytes_in":0,"bytes_out":20317}}
2025/07/24 09:36:22 Route Debug: GET /api/settings/smtp
2025/07/24 09:36:22 DEBUG: AuthMiddleware: Request URL: /api/settings/smtp
2025/07/24 09:36:22 DEBUG: AuthMiddleware: Found session cookie: 21e32e80cfcab243662897657441db9e5c674c7bcbde58f1040032926189a7e9 for /api/settings/smtp
2025/07/24 09:36:22 DEBUG: AuthMiddleware: Session valid for user: admin (ID: 5) for URL: /api/settings/smtp
{"timestamp":"2025-07-24T07:36:22.145010661Z","level":"INFO","message":"HTTP Request","service":"go-barcode-webapp","version":"1.0.0","environment":"development","request_id":"1753342582025431532","method":"GET","path":"/api/settings/smtp","status_code":200,"duration":"119.576103ms","ip":"10.0.0.11","user_agent":"Mozilla/5.0 (Windows NT 10.0; Win64; x64; rv:141.0) Gecko/20100101 Firefox/141.0","fields":{"bytes_in":0,"bytes_out":221}}
2025/07/24 09:36:28 Route Debug: GET /security/roles
2025/07/24 09:36:28 DEBUG: AuthMiddleware: Request URL: /security/roles
2025/07/24 09:36:28 DEBUG: AuthMiddleware: Found session cookie: 21e32e80cfcab243662897657441db9e5c674c7bcbde58f1040032926189a7e9 for /security/roles
2025/07/24 09:36:29 DEBUG: AuthMiddleware: Session valid for user: admin (ID: 5) for URL: /security/roles
{"timestamp":"2025-07-24T07:36:29.071724116Z","level":"INFO","message":"HTTP Request","service":"go-barcode-webapp","version":"1.0.0","environment":"development","request_id":"1753342588962191185","method":"GET","path":"/security/roles","status_code":200,"duration":"109.529885ms","ip":"10.0.0.11","user_agent":"Mozilla/5.0 (Windows NT 10.0; Win64; x64; rv:141.0) Gecko/20100101 Firefox/141.0","fields":{"bytes_in":0,"bytes_out":27631}}
2025/07/24 09:36:29 Route Debug: GET /static/js/security-roles.js
2025/07/24 09:36:29 Route Debug: GET /security/api/permissions/definitions
2025/07/24 09:36:29 DEBUG: AuthMiddleware: Request URL: /security/api/permissions/definitions
2025/07/24 09:36:29 DEBUG: AuthMiddleware: Found session cookie: 21e32e80cfcab243662897657441db9e5c674c7bcbde58f1040032926189a7e9 for /security/api/permissions/definitions
2025/07/24 09:36:29 Route Debug: GET /api/security/roles
2025/07/24 09:36:29 DEBUG: AuthMiddleware: Request URL: /api/security/roles
2025/07/24 09:36:29 DEBUG: AuthMiddleware: Found session cookie: 21e32e80cfcab243662897657441db9e5c674c7bcbde58f1040032926189a7e9 for /api/security/roles
2025/07/24 09:36:29 DEBUG: AuthMiddleware: Session valid for user: admin (ID: 5) for URL: /security/api/permissions/definitions
2025/07/24 09:36:29 DEBUG: AuthMiddleware: Session valid for user: admin (ID: 5) for URL: /api/security/roles
{"timestamp":"2025-07-24T07:36:29.411232292Z","level":"INFO","message":"HTTP Request","service":"go-barcode-webapp","version":"1.0.0","environment":"development","request_id":"1753342589309957944","method":"GET","path":"/security/api/permissions/definitions","status_code":200,"duration":"101.271483ms","ip":"10.0.0.11","user_agent":"Mozilla/5.0 (Windows NT 10.0; Win64; x64; rv:141.0) Gecko/20100101 Firefox/141.0","fields":{"bytes_in":0,"bytes_out":4565}}
{"timestamp":"2025-07-24T07:36:29.444941762Z","level":"INFO","message":"HTTP Request","service":"go-barcode-webapp","version":"1.0.0","environment":"development","request_id":"1753342589310043005","method":"GET","path":"/api/security/roles","status_code":200,"duration":"134.894499ms","ip":"10.0.0.11","user_agent":"Mozilla/5.0 (Windows NT 10.0; Win64; x64; rv:141.0) Gecko/20100101 Firefox/141.0","fields":{"bytes_in":0,"bytes_out":1809}}
2025/07/24 09:36:35 Route Debug: GET /api/v1/security/auth/users
2025/07/24 09:36:35 DEBUG: AuthMiddleware: Request URL: /api/v1/security/auth/users
2025/07/24 09:36:35 DEBUG: AuthMiddleware: Found session cookie: 21e32e80cfcab243662897657441db9e5c674c7bcbde58f1040032926189a7e9 for /api/v1/security/auth/users
2025/07/24 09:36:35 DEBUG: AuthMiddleware: Session valid for user: admin (ID: 5) for URL: /api/v1/security/auth/users
{"timestamp":"2025-07-24T07:36:35.565208119Z","level":"INFO","message":"HTTP Request","service":"go-barcode-webapp","version":"1.0.0","environment":"development","request_id":"1753342595412450939","method":"GET","path":"/api/v1/security/auth/users","status_code":200,"duration":"152.753654ms","ip":"10.0.0.11","user_agent":"Mozilla/5.0 (Windows NT 10.0; Win64; x64; rv:141.0) Gecko/20100101 Firefox/141.0","fields":{"bytes_in":0,"bytes_out":520}}
2025/07/24 09:36:35 Route Debug: GET /security/api/users/20/roles
2025/07/24 09:36:35 Route Debug: GET /api/v1/security/auth/users
2025/07/24 09:36:35 DEBUG: AuthMiddleware: Request URL: /api/v1/security/auth/users
2025/07/24 09:36:35 DEBUG: AuthMiddleware: Found session cookie: 21e32e80cfcab243662897657441db9e5c674c7bcbde58f1040032926189a7e9 for /api/v1/security/auth/users
2025/07/24 09:36:35 DEBUG: AuthMiddleware: Request URL: /security/api/users/20/roles
2025/07/24 09:36:35 DEBUG: AuthMiddleware: Found session cookie: 21e32e80cfcab243662897657441db9e5c674c7bcbde58f1040032926189a7e9 for /security/api/users/20/roles
2025/07/24 09:36:35 DEBUG: AuthMiddleware: Session valid for user: admin (ID: 5) for URL: /api/v1/security/auth/users
2025/07/24 09:36:35 DEBUG: AuthMiddleware: Session valid for user: admin (ID: 5) for URL: /security/api/users/20/roles
{"timestamp":"2025-07-24T07:36:35.779917297Z","level":"INFO","message":"HTTP Request","service":"go-barcode-webapp","version":"1.0.0","environment":"development","request_id":"1753342595660882982","method":"GET","path":"/api/v1/security/auth/users","status_code":200,"duration":"119.030067ms","ip":"10.0.0.11","user_agent":"Mozilla/5.0 (Windows NT 10.0; Win64; x64; rv:141.0) Gecko/20100101 Firefox/141.0","fields":{"bytes_in":0,"bytes_out":520}}
{"timestamp":"2025-07-24T07:36:35.813489619Z","level":"INFO","message":"HTTP Request","service":"go-barcode-webapp","version":"1.0.0","environment":"development","request_id":"1753342595660851884","method":"GET","path":"/security/api/users/20/roles","status_code":200,"duration":"152.633468ms","ip":"10.0.0.11","user_agent":"Mozilla/5.0 (Windows NT 10.0; Win64; x64; rv:141.0) Gecko/20100101 Firefox/141.0","fields":{"bytes_in":0,"bytes_out":16}}
2025/07/24 09:36:35 Route Debug: GET /security/api/users/5/roles
2025/07/24 09:36:35 DEBUG: AuthMiddleware: Request URL: /security/api/users/5/roles
2025/07/24 09:36:35 DEBUG: AuthMiddleware: Found session cookie: 21e32e80cfcab243662897657441db9e5c674c7bcbde58f1040032926189a7e9 for /security/api/users/5/roles
2025/07/24 09:36:35 DEBUG: AuthMiddleware: Session valid for user: admin (ID: 5) for URL: /security/api/users/5/roles
{"timestamp":"2025-07-24T07:36:36.055818751Z","level":"INFO","message":"HTTP Request","service":"go-barcode-webapp","version":"1.0.0","environment":"development","request_id":"1753342595885391392","method":"GET","path":"/security/api/users/5/roles","status_code":200,"duration":"170.422729ms","ip":"10.0.0.11","user_agent":"Mozilla/5.0 (Windows NT 10.0; Win64; x64; rv:141.0) Gecko/20100101 Firefox/141.0","fields":{"bytes_in":0,"bytes_out":376}}
DEBUG: Cleaned up 1 expired sessions
DEBUG: Cleaned up 1 expired sessions
2025/07/24 13:16:13 Route Debug: GET /api/security/roles
2025/07/24 13:16:13 DEBUG: AuthMiddleware: Request URL: /api/security/roles
2025/07/24 13:16:13 DEBUG: AuthMiddleware: No session cookie found for /api/security/roles, redirecting to /login
{"timestamp":"2025-07-24T11:16:13.793260707Z","level":"INFO","message":"HTTP Request","service":"go-barcode-webapp","version":"1.0.0","environment":"development","request_id":"1753355773630341479","method":"GET","path":"/api/security/roles","status_code":303,"duration":"162.916607ms","ip":"127.0.0.1","user_agent":"curl/7.88.1","fields":{"bytes_in":0,"bytes_out":33}}
2025/07/24 16:26:47 Running in production mode
2025/07/24 16:26:47 Database connection established successfully
2025/07/24 16:26:47 GoBD compliance table migration disabled
2025/07/24 16:26:47 Database auto-migration disabled - using manual schema management
2025/07/24 16:26:47 Templates already exist (1), skipping default template creation
2025/07/24 16:26:47 Server starting on 0.0.0.0:8080
2025/07/24 16:26:47 listen tcp 0.0.0.0:8080: bind: address already in use
